ARM GAS  /var/folders/0d/93p3r6493yg7p0rvl_4r983m0000gn/T//cceTDdDp.s 			page 1


   1              		.cpu cortex-m4
   2              		.eabi_attribute 27, 1
   3              		.eabi_attribute 28, 1
   4              		.eabi_attribute 20, 1
   5              		.eabi_attribute 21, 1
   6              		.eabi_attribute 23, 3
   7              		.eabi_attribute 24, 1
   8              		.eabi_attribute 25, 1
   9              		.eabi_attribute 26, 1
  10              		.eabi_attribute 30, 1
  11              		.eabi_attribute 34, 1
  12              		.eabi_attribute 18, 4
  13              		.file	"inet_chksum.c"
  14              		.text
  15              	.Ltext0:
  16              		.cfi_sections	.debug_frame
  17              		.section	.text.lwip_standard_chksum,"ax",%progbits
  18              		.align	1
  19              		.global	lwip_standard_chksum
  20              		.syntax unified
  21              		.thumb
  22              		.thumb_func
  23              		.fpu fpv4-sp-d16
  25              	lwip_standard_chksum:
  26              	.LFB142:
  27              		.file 1 "Middlewares/Third_Party/LwIP/src/core/inet_chksum.c"
   1:Middlewares/Third_Party/LwIP/src/core/inet_chksum.c **** /**
   2:Middlewares/Third_Party/LwIP/src/core/inet_chksum.c ****  * @file
   3:Middlewares/Third_Party/LwIP/src/core/inet_chksum.c ****  * Incluse internet checksum functions.\n
   4:Middlewares/Third_Party/LwIP/src/core/inet_chksum.c ****  *
   5:Middlewares/Third_Party/LwIP/src/core/inet_chksum.c ****  * These are some reference implementations of the checksum algorithm, with the
   6:Middlewares/Third_Party/LwIP/src/core/inet_chksum.c ****  * aim of being simple, correct and fully portable. Checksumming is the
   7:Middlewares/Third_Party/LwIP/src/core/inet_chksum.c ****  * first thing you would want to optimize for your platform. If you create
   8:Middlewares/Third_Party/LwIP/src/core/inet_chksum.c ****  * your own version, link it in and in your cc.h put:
   9:Middlewares/Third_Party/LwIP/src/core/inet_chksum.c ****  *
  10:Middlewares/Third_Party/LwIP/src/core/inet_chksum.c ****  * \#define LWIP_CHKSUM your_checksum_routine
  11:Middlewares/Third_Party/LwIP/src/core/inet_chksum.c ****  * 
  12:Middlewares/Third_Party/LwIP/src/core/inet_chksum.c ****  * Or you can select from the implementations below by defining
  13:Middlewares/Third_Party/LwIP/src/core/inet_chksum.c ****  * LWIP_CHKSUM_ALGORITHM to 1, 2 or 3.
  14:Middlewares/Third_Party/LwIP/src/core/inet_chksum.c ****  */
  15:Middlewares/Third_Party/LwIP/src/core/inet_chksum.c **** 
  16:Middlewares/Third_Party/LwIP/src/core/inet_chksum.c **** /*
  17:Middlewares/Third_Party/LwIP/src/core/inet_chksum.c ****  * Copyright (c) 2001-2004 Swedish Institute of Computer Science.
  18:Middlewares/Third_Party/LwIP/src/core/inet_chksum.c ****  * All rights reserved.
  19:Middlewares/Third_Party/LwIP/src/core/inet_chksum.c ****  *
  20:Middlewares/Third_Party/LwIP/src/core/inet_chksum.c ****  * Redistribution and use in source and binary forms, with or without modification,
  21:Middlewares/Third_Party/LwIP/src/core/inet_chksum.c ****  * are permitted provided that the following conditions are met:
  22:Middlewares/Third_Party/LwIP/src/core/inet_chksum.c ****  *
  23:Middlewares/Third_Party/LwIP/src/core/inet_chksum.c ****  * 1. Redistributions of source code must retain the above copyright notice,
  24:Middlewares/Third_Party/LwIP/src/core/inet_chksum.c ****  *    this list of conditions and the following disclaimer.
  25:Middlewares/Third_Party/LwIP/src/core/inet_chksum.c ****  * 2. Redistributions in binary form must reproduce the above copyright notice,
  26:Middlewares/Third_Party/LwIP/src/core/inet_chksum.c ****  *    this list of conditions and the following disclaimer in the documentation
  27:Middlewares/Third_Party/LwIP/src/core/inet_chksum.c ****  *    and/or other materials provided with the distribution.
  28:Middlewares/Third_Party/LwIP/src/core/inet_chksum.c ****  * 3. The name of the author may not be used to endorse or promote products
  29:Middlewares/Third_Party/LwIP/src/core/inet_chksum.c ****  *    derived from this software without specific prior written permission.
  30:Middlewares/Third_Party/LwIP/src/core/inet_chksum.c ****  *
  31:Middlewares/Third_Party/LwIP/src/core/inet_chksum.c ****  * THIS SOFTWARE IS PROVIDED BY THE AUTHOR ``AS IS'' AND ANY EXPRESS OR IMPLIED
ARM GAS  /var/folders/0d/93p3r6493yg7p0rvl_4r983m0000gn/T//cceTDdDp.s 			page 2


  32:Middlewares/Third_Party/LwIP/src/core/inet_chksum.c ****  * WARRANTIES, INCLUDING, BUT NOT LIMITED TO, THE IMPLIED WARRANTIES OF
  33:Middlewares/Third_Party/LwIP/src/core/inet_chksum.c ****  * MERCHANTABILITY AND FITNESS FOR A PARTICULAR PURPOSE ARE DISCLAIMED. IN NO EVENT
  34:Middlewares/Third_Party/LwIP/src/core/inet_chksum.c ****  * SHALL THE AUTHOR BE LIABLE FOR ANY DIRECT, INDIRECT, INCIDENTAL, SPECIAL,
  35:Middlewares/Third_Party/LwIP/src/core/inet_chksum.c ****  * EXEMPLARY, OR CONSEQUENTIAL DAMAGES (INCLUDING, BUT NOT LIMITED TO, PROCUREMENT
  36:Middlewares/Third_Party/LwIP/src/core/inet_chksum.c ****  * OF SUBSTITUTE GOODS OR SERVICES; LOSS OF USE, DATA, OR PROFITS; OR BUSINESS
  37:Middlewares/Third_Party/LwIP/src/core/inet_chksum.c ****  * INTERRUPTION) HOWEVER CAUSED AND ON ANY THEORY OF LIABILITY, WHETHER IN
  38:Middlewares/Third_Party/LwIP/src/core/inet_chksum.c ****  * CONTRACT, STRICT LIABILITY, OR TORT (INCLUDING NEGLIGENCE OR OTHERWISE) ARISING
  39:Middlewares/Third_Party/LwIP/src/core/inet_chksum.c ****  * IN ANY WAY OUT OF THE USE OF THIS SOFTWARE, EVEN IF ADVISED OF THE POSSIBILITY
  40:Middlewares/Third_Party/LwIP/src/core/inet_chksum.c ****  * OF SUCH DAMAGE.
  41:Middlewares/Third_Party/LwIP/src/core/inet_chksum.c ****  *
  42:Middlewares/Third_Party/LwIP/src/core/inet_chksum.c ****  * This file is part of the lwIP TCP/IP stack.
  43:Middlewares/Third_Party/LwIP/src/core/inet_chksum.c ****  *
  44:Middlewares/Third_Party/LwIP/src/core/inet_chksum.c ****  * Author: Adam Dunkels <adam@sics.se>
  45:Middlewares/Third_Party/LwIP/src/core/inet_chksum.c ****  *
  46:Middlewares/Third_Party/LwIP/src/core/inet_chksum.c ****  */
  47:Middlewares/Third_Party/LwIP/src/core/inet_chksum.c **** 
  48:Middlewares/Third_Party/LwIP/src/core/inet_chksum.c **** #include "lwip/opt.h"
  49:Middlewares/Third_Party/LwIP/src/core/inet_chksum.c **** 
  50:Middlewares/Third_Party/LwIP/src/core/inet_chksum.c **** #include "lwip/inet_chksum.h"
  51:Middlewares/Third_Party/LwIP/src/core/inet_chksum.c **** #include "lwip/def.h"
  52:Middlewares/Third_Party/LwIP/src/core/inet_chksum.c **** #include "lwip/ip_addr.h"
  53:Middlewares/Third_Party/LwIP/src/core/inet_chksum.c **** 
  54:Middlewares/Third_Party/LwIP/src/core/inet_chksum.c **** #include <string.h>
  55:Middlewares/Third_Party/LwIP/src/core/inet_chksum.c **** 
  56:Middlewares/Third_Party/LwIP/src/core/inet_chksum.c **** #ifndef LWIP_CHKSUM
  57:Middlewares/Third_Party/LwIP/src/core/inet_chksum.c **** # define LWIP_CHKSUM lwip_standard_chksum
  58:Middlewares/Third_Party/LwIP/src/core/inet_chksum.c **** # ifndef LWIP_CHKSUM_ALGORITHM
  59:Middlewares/Third_Party/LwIP/src/core/inet_chksum.c **** #  define LWIP_CHKSUM_ALGORITHM 2
  60:Middlewares/Third_Party/LwIP/src/core/inet_chksum.c **** # endif
  61:Middlewares/Third_Party/LwIP/src/core/inet_chksum.c **** u16_t lwip_standard_chksum(const void *dataptr, int len);
  62:Middlewares/Third_Party/LwIP/src/core/inet_chksum.c **** #endif
  63:Middlewares/Third_Party/LwIP/src/core/inet_chksum.c **** /* If none set: */
  64:Middlewares/Third_Party/LwIP/src/core/inet_chksum.c **** #ifndef LWIP_CHKSUM_ALGORITHM
  65:Middlewares/Third_Party/LwIP/src/core/inet_chksum.c **** # define LWIP_CHKSUM_ALGORITHM 0
  66:Middlewares/Third_Party/LwIP/src/core/inet_chksum.c **** #endif
  67:Middlewares/Third_Party/LwIP/src/core/inet_chksum.c **** 
  68:Middlewares/Third_Party/LwIP/src/core/inet_chksum.c **** #if (LWIP_CHKSUM_ALGORITHM == 1) /* Version #1 */
  69:Middlewares/Third_Party/LwIP/src/core/inet_chksum.c **** /**
  70:Middlewares/Third_Party/LwIP/src/core/inet_chksum.c ****  * lwip checksum
  71:Middlewares/Third_Party/LwIP/src/core/inet_chksum.c ****  *
  72:Middlewares/Third_Party/LwIP/src/core/inet_chksum.c ****  * @param dataptr points to start of data to be summed at any boundary
  73:Middlewares/Third_Party/LwIP/src/core/inet_chksum.c ****  * @param len length of data to be summed
  74:Middlewares/Third_Party/LwIP/src/core/inet_chksum.c ****  * @return host order (!) lwip checksum (non-inverted Internet sum)
  75:Middlewares/Third_Party/LwIP/src/core/inet_chksum.c ****  *
  76:Middlewares/Third_Party/LwIP/src/core/inet_chksum.c ****  * @note accumulator size limits summable length to 64k
  77:Middlewares/Third_Party/LwIP/src/core/inet_chksum.c ****  * @note host endianess is irrelevant (p3 RFC1071)
  78:Middlewares/Third_Party/LwIP/src/core/inet_chksum.c ****  */
  79:Middlewares/Third_Party/LwIP/src/core/inet_chksum.c **** u16_t
  80:Middlewares/Third_Party/LwIP/src/core/inet_chksum.c **** lwip_standard_chksum(const void *dataptr, int len)
  81:Middlewares/Third_Party/LwIP/src/core/inet_chksum.c **** {
  82:Middlewares/Third_Party/LwIP/src/core/inet_chksum.c ****   u32_t acc;
  83:Middlewares/Third_Party/LwIP/src/core/inet_chksum.c ****   u16_t src;
  84:Middlewares/Third_Party/LwIP/src/core/inet_chksum.c ****   const u8_t *octetptr;
  85:Middlewares/Third_Party/LwIP/src/core/inet_chksum.c **** 
  86:Middlewares/Third_Party/LwIP/src/core/inet_chksum.c ****   acc = 0;
  87:Middlewares/Third_Party/LwIP/src/core/inet_chksum.c ****   /* dataptr may be at odd or even addresses */
  88:Middlewares/Third_Party/LwIP/src/core/inet_chksum.c ****   octetptr = (const u8_t*)dataptr;
ARM GAS  /var/folders/0d/93p3r6493yg7p0rvl_4r983m0000gn/T//cceTDdDp.s 			page 3


  89:Middlewares/Third_Party/LwIP/src/core/inet_chksum.c ****   while (len > 1) {
  90:Middlewares/Third_Party/LwIP/src/core/inet_chksum.c ****     /* declare first octet as most significant
  91:Middlewares/Third_Party/LwIP/src/core/inet_chksum.c ****        thus assume network order, ignoring host order */
  92:Middlewares/Third_Party/LwIP/src/core/inet_chksum.c ****     src = (*octetptr) << 8;
  93:Middlewares/Third_Party/LwIP/src/core/inet_chksum.c ****     octetptr++;
  94:Middlewares/Third_Party/LwIP/src/core/inet_chksum.c ****     /* declare second octet as least significant */
  95:Middlewares/Third_Party/LwIP/src/core/inet_chksum.c ****     src |= (*octetptr);
  96:Middlewares/Third_Party/LwIP/src/core/inet_chksum.c ****     octetptr++;
  97:Middlewares/Third_Party/LwIP/src/core/inet_chksum.c ****     acc += src;
  98:Middlewares/Third_Party/LwIP/src/core/inet_chksum.c ****     len -= 2;
  99:Middlewares/Third_Party/LwIP/src/core/inet_chksum.c ****   }
 100:Middlewares/Third_Party/LwIP/src/core/inet_chksum.c ****   if (len > 0) {
 101:Middlewares/Third_Party/LwIP/src/core/inet_chksum.c ****     /* accumulate remaining octet */
 102:Middlewares/Third_Party/LwIP/src/core/inet_chksum.c ****     src = (*octetptr) << 8;
 103:Middlewares/Third_Party/LwIP/src/core/inet_chksum.c ****     acc += src;
 104:Middlewares/Third_Party/LwIP/src/core/inet_chksum.c ****   }
 105:Middlewares/Third_Party/LwIP/src/core/inet_chksum.c ****   /* add deferred carry bits */
 106:Middlewares/Third_Party/LwIP/src/core/inet_chksum.c ****   acc = (acc >> 16) + (acc & 0x0000ffffUL);
 107:Middlewares/Third_Party/LwIP/src/core/inet_chksum.c ****   if ((acc & 0xffff0000UL) != 0) {
 108:Middlewares/Third_Party/LwIP/src/core/inet_chksum.c ****     acc = (acc >> 16) + (acc & 0x0000ffffUL);
 109:Middlewares/Third_Party/LwIP/src/core/inet_chksum.c ****   }
 110:Middlewares/Third_Party/LwIP/src/core/inet_chksum.c ****   /* This maybe a little confusing: reorder sum using lwip_htons()
 111:Middlewares/Third_Party/LwIP/src/core/inet_chksum.c ****      instead of lwip_ntohs() since it has a little less call overhead.
 112:Middlewares/Third_Party/LwIP/src/core/inet_chksum.c ****      The caller must invert bits for Internet sum ! */
 113:Middlewares/Third_Party/LwIP/src/core/inet_chksum.c ****   return lwip_htons((u16_t)acc);
 114:Middlewares/Third_Party/LwIP/src/core/inet_chksum.c **** }
 115:Middlewares/Third_Party/LwIP/src/core/inet_chksum.c **** #endif
 116:Middlewares/Third_Party/LwIP/src/core/inet_chksum.c **** 
 117:Middlewares/Third_Party/LwIP/src/core/inet_chksum.c **** #if (LWIP_CHKSUM_ALGORITHM == 2) /* Alternative version #2 */
 118:Middlewares/Third_Party/LwIP/src/core/inet_chksum.c **** /*
 119:Middlewares/Third_Party/LwIP/src/core/inet_chksum.c ****  * Curt McDowell
 120:Middlewares/Third_Party/LwIP/src/core/inet_chksum.c ****  * Broadcom Corp.
 121:Middlewares/Third_Party/LwIP/src/core/inet_chksum.c ****  * csm@broadcom.com
 122:Middlewares/Third_Party/LwIP/src/core/inet_chksum.c ****  *
 123:Middlewares/Third_Party/LwIP/src/core/inet_chksum.c ****  * IP checksum two bytes at a time with support for
 124:Middlewares/Third_Party/LwIP/src/core/inet_chksum.c ****  * unaligned buffer.
 125:Middlewares/Third_Party/LwIP/src/core/inet_chksum.c ****  * Works for len up to and including 0x20000.
 126:Middlewares/Third_Party/LwIP/src/core/inet_chksum.c ****  * by Curt McDowell, Broadcom Corp. 12/08/2005
 127:Middlewares/Third_Party/LwIP/src/core/inet_chksum.c ****  *
 128:Middlewares/Third_Party/LwIP/src/core/inet_chksum.c ****  * @param dataptr points to start of data to be summed at any boundary
 129:Middlewares/Third_Party/LwIP/src/core/inet_chksum.c ****  * @param len length of data to be summed
 130:Middlewares/Third_Party/LwIP/src/core/inet_chksum.c ****  * @return host order (!) lwip checksum (non-inverted Internet sum)
 131:Middlewares/Third_Party/LwIP/src/core/inet_chksum.c ****  */
 132:Middlewares/Third_Party/LwIP/src/core/inet_chksum.c **** u16_t
 133:Middlewares/Third_Party/LwIP/src/core/inet_chksum.c **** lwip_standard_chksum(const void *dataptr, int len)
 134:Middlewares/Third_Party/LwIP/src/core/inet_chksum.c **** {
  28              		.loc 1 134 0
  29              		.cfi_startproc
  30              		@ args = 0, pretend = 0, frame = 8
  31              		@ frame_needed = 0, uses_anonymous_args = 0
  32              		@ link register save eliminated.
  33              	.LVL0:
  34 0000 10B4     		push	{r4}
  35              	.LCFI0:
  36              		.cfi_def_cfa_offset 4
  37              		.cfi_offset 4, -4
  38 0002 83B0     		sub	sp, sp, #12
ARM GAS  /var/folders/0d/93p3r6493yg7p0rvl_4r983m0000gn/T//cceTDdDp.s 			page 4


  39              	.LCFI1:
  40              		.cfi_def_cfa_offset 16
  41              	.LVL1:
 135:Middlewares/Third_Party/LwIP/src/core/inet_chksum.c ****   const u8_t *pb = (const u8_t *)dataptr;
 136:Middlewares/Third_Party/LwIP/src/core/inet_chksum.c ****   const u16_t *ps;
 137:Middlewares/Third_Party/LwIP/src/core/inet_chksum.c ****   u16_t t = 0;
  42              		.loc 1 137 0
  43 0004 0023     		movs	r3, #0
  44 0006 ADF80630 		strh	r3, [sp, #6]	@ movhi
  45              	.LVL2:
 138:Middlewares/Third_Party/LwIP/src/core/inet_chksum.c ****   u32_t sum = 0;
 139:Middlewares/Third_Party/LwIP/src/core/inet_chksum.c ****   int odd = ((mem_ptr_t)pb & 1);
 140:Middlewares/Third_Party/LwIP/src/core/inet_chksum.c **** 
 141:Middlewares/Third_Party/LwIP/src/core/inet_chksum.c ****   /* Get aligned to u16_t */
 142:Middlewares/Third_Party/LwIP/src/core/inet_chksum.c ****   if (odd && len > 0) {
  46              		.loc 1 142 0
  47 000a 10F00104 		ands	r4, r0, #1
  48              	.LVL3:
  49 000e 06D0     		beq	.L2
  50              		.loc 1 142 0 is_stmt 0 discriminator 1
  51 0010 9942     		cmp	r1, r3
  52 0012 04DD     		ble	.L2
  53              	.LVL4:
 143:Middlewares/Third_Party/LwIP/src/core/inet_chksum.c ****     ((u8_t *)&t)[1] = *pb++;
  54              		.loc 1 143 0 is_stmt 1
  55 0014 0378     		ldrb	r3, [r0]	@ zero_extendqisi2
  56 0016 8DF80730 		strb	r3, [sp, #7]
 144:Middlewares/Third_Party/LwIP/src/core/inet_chksum.c ****     len--;
  57              		.loc 1 144 0
  58 001a 0139     		subs	r1, r1, #1
  59              	.LVL5:
 143:Middlewares/Third_Party/LwIP/src/core/inet_chksum.c ****     ((u8_t *)&t)[1] = *pb++;
  60              		.loc 1 143 0
  61 001c 0130     		adds	r0, r0, #1
  62              	.LVL6:
  63              	.L2:
 138:Middlewares/Third_Party/LwIP/src/core/inet_chksum.c ****   u32_t sum = 0;
  64              		.loc 1 138 0
  65 001e 0023     		movs	r3, #0
 145:Middlewares/Third_Party/LwIP/src/core/inet_chksum.c ****   }
 146:Middlewares/Third_Party/LwIP/src/core/inet_chksum.c **** 
 147:Middlewares/Third_Party/LwIP/src/core/inet_chksum.c ****   /* Add the bulk of the data */
 148:Middlewares/Third_Party/LwIP/src/core/inet_chksum.c ****   ps = (const u16_t *)(const void *)pb;
 149:Middlewares/Third_Party/LwIP/src/core/inet_chksum.c ****   while (len > 1) {
  66              		.loc 1 149 0
  67 0020 03E0     		b	.L3
  68              	.LVL7:
  69              	.L4:
 150:Middlewares/Third_Party/LwIP/src/core/inet_chksum.c ****     sum += *ps++;
  70              		.loc 1 150 0
  71 0022 0288     		ldrh	r2, [r0]
  72 0024 1344     		add	r3, r3, r2
  73              	.LVL8:
 151:Middlewares/Third_Party/LwIP/src/core/inet_chksum.c ****     len -= 2;
  74              		.loc 1 151 0
  75 0026 0239     		subs	r1, r1, #2
  76              	.LVL9:
ARM GAS  /var/folders/0d/93p3r6493yg7p0rvl_4r983m0000gn/T//cceTDdDp.s 			page 5


 150:Middlewares/Third_Party/LwIP/src/core/inet_chksum.c ****     sum += *ps++;
  77              		.loc 1 150 0
  78 0028 0230     		adds	r0, r0, #2
  79              	.LVL10:
  80              	.L3:
 149:Middlewares/Third_Party/LwIP/src/core/inet_chksum.c ****     sum += *ps++;
  81              		.loc 1 149 0
  82 002a 0129     		cmp	r1, #1
  83 002c F9DC     		bgt	.L4
 152:Middlewares/Third_Party/LwIP/src/core/inet_chksum.c ****   }
 153:Middlewares/Third_Party/LwIP/src/core/inet_chksum.c **** 
 154:Middlewares/Third_Party/LwIP/src/core/inet_chksum.c ****   /* Consume left-over byte, if any */
 155:Middlewares/Third_Party/LwIP/src/core/inet_chksum.c ****   if (len > 0) {
  84              		.loc 1 155 0
  85 002e 0029     		cmp	r1, #0
  86 0030 02DD     		ble	.L5
 156:Middlewares/Third_Party/LwIP/src/core/inet_chksum.c ****     ((u8_t *)&t)[0] = *(const u8_t *)ps;
  87              		.loc 1 156 0
  88 0032 0278     		ldrb	r2, [r0]	@ zero_extendqisi2
  89 0034 8DF80620 		strb	r2, [sp, #6]
  90              	.L5:
 157:Middlewares/Third_Party/LwIP/src/core/inet_chksum.c ****   }
 158:Middlewares/Third_Party/LwIP/src/core/inet_chksum.c **** 
 159:Middlewares/Third_Party/LwIP/src/core/inet_chksum.c ****   /* Add end bytes */
 160:Middlewares/Third_Party/LwIP/src/core/inet_chksum.c ****   sum += t;
  91              		.loc 1 160 0
  92 0038 BDF80600 		ldrh	r0, [sp, #6]
  93              	.LVL11:
  94 003c 0344     		add	r3, r3, r0
  95              	.LVL12:
 161:Middlewares/Third_Party/LwIP/src/core/inet_chksum.c **** 
 162:Middlewares/Third_Party/LwIP/src/core/inet_chksum.c ****   /* Fold 32-bit sum to 16 bits
 163:Middlewares/Third_Party/LwIP/src/core/inet_chksum.c ****      calling this twice is probably faster than if statements... */
 164:Middlewares/Third_Party/LwIP/src/core/inet_chksum.c ****   sum = FOLD_U32T(sum);
  96              		.loc 1 164 0
  97 003e 98B2     		uxth	r0, r3
  98 0040 00EB1343 		add	r3, r0, r3, lsr #16
  99              	.LVL13:
 165:Middlewares/Third_Party/LwIP/src/core/inet_chksum.c ****   sum = FOLD_U32T(sum);
 100              		.loc 1 165 0
 101 0044 98B2     		uxth	r0, r3
 102 0046 00EB1340 		add	r0, r0, r3, lsr #16
 103              	.LVL14:
 166:Middlewares/Third_Party/LwIP/src/core/inet_chksum.c **** 
 167:Middlewares/Third_Party/LwIP/src/core/inet_chksum.c ****   /* Swap if alignment was odd */
 168:Middlewares/Third_Party/LwIP/src/core/inet_chksum.c ****   if (odd) {
 104              		.loc 1 168 0
 105 004a 24B1     		cbz	r4, .L6
 169:Middlewares/Third_Party/LwIP/src/core/inet_chksum.c ****     sum = SWAP_BYTES_IN_WORD(sum);
 106              		.loc 1 169 0
 107 004c 0302     		lsls	r3, r0, #8
 108 004e 9BB2     		uxth	r3, r3
 109 0050 C0F30720 		ubfx	r0, r0, #8, #8
 110              	.LVL15:
 111 0054 1843     		orrs	r0, r0, r3
 112              	.LVL16:
 113              	.L6:
ARM GAS  /var/folders/0d/93p3r6493yg7p0rvl_4r983m0000gn/T//cceTDdDp.s 			page 6


 170:Middlewares/Third_Party/LwIP/src/core/inet_chksum.c ****   }
 171:Middlewares/Third_Party/LwIP/src/core/inet_chksum.c **** 
 172:Middlewares/Third_Party/LwIP/src/core/inet_chksum.c ****   return (u16_t)sum;
 173:Middlewares/Third_Party/LwIP/src/core/inet_chksum.c **** }
 114              		.loc 1 173 0
 115 0056 80B2     		uxth	r0, r0
 116              	.LVL17:
 117 0058 03B0     		add	sp, sp, #12
 118              	.LCFI2:
 119              		.cfi_def_cfa_offset 4
 120              		@ sp needed
 121 005a 5DF8044B 		ldr	r4, [sp], #4
 122              	.LCFI3:
 123              		.cfi_restore 4
 124              		.cfi_def_cfa_offset 0
 125              	.LVL18:
 126 005e 7047     		bx	lr
 127              		.cfi_endproc
 128              	.LFE142:
 130              		.section	.text.inet_cksum_pseudo_base,"ax",%progbits
 131              		.align	1
 132              		.syntax unified
 133              		.thumb
 134              		.thumb_func
 135              		.fpu fpv4-sp-d16
 137              	inet_cksum_pseudo_base:
 138              	.LFB143:
 174:Middlewares/Third_Party/LwIP/src/core/inet_chksum.c **** #endif
 175:Middlewares/Third_Party/LwIP/src/core/inet_chksum.c **** 
 176:Middlewares/Third_Party/LwIP/src/core/inet_chksum.c **** #if (LWIP_CHKSUM_ALGORITHM == 3) /* Alternative version #3 */
 177:Middlewares/Third_Party/LwIP/src/core/inet_chksum.c **** /**
 178:Middlewares/Third_Party/LwIP/src/core/inet_chksum.c ****  * An optimized checksum routine. Basically, it uses loop-unrolling on
 179:Middlewares/Third_Party/LwIP/src/core/inet_chksum.c ****  * the checksum loop, treating the head and tail bytes specially, whereas
 180:Middlewares/Third_Party/LwIP/src/core/inet_chksum.c ****  * the inner loop acts on 8 bytes at a time.
 181:Middlewares/Third_Party/LwIP/src/core/inet_chksum.c ****  *
 182:Middlewares/Third_Party/LwIP/src/core/inet_chksum.c ****  * @arg start of buffer to be checksummed. May be an odd byte address.
 183:Middlewares/Third_Party/LwIP/src/core/inet_chksum.c ****  * @len number of bytes in the buffer to be checksummed.
 184:Middlewares/Third_Party/LwIP/src/core/inet_chksum.c ****  * @return host order (!) lwip checksum (non-inverted Internet sum)
 185:Middlewares/Third_Party/LwIP/src/core/inet_chksum.c ****  *
 186:Middlewares/Third_Party/LwIP/src/core/inet_chksum.c ****  * by Curt McDowell, Broadcom Corp. December 8th, 2005
 187:Middlewares/Third_Party/LwIP/src/core/inet_chksum.c ****  */
 188:Middlewares/Third_Party/LwIP/src/core/inet_chksum.c **** u16_t
 189:Middlewares/Third_Party/LwIP/src/core/inet_chksum.c **** lwip_standard_chksum(const void *dataptr, int len)
 190:Middlewares/Third_Party/LwIP/src/core/inet_chksum.c **** {
 191:Middlewares/Third_Party/LwIP/src/core/inet_chksum.c ****   const u8_t *pb = (const u8_t *)dataptr;
 192:Middlewares/Third_Party/LwIP/src/core/inet_chksum.c ****   const u16_t *ps;
 193:Middlewares/Third_Party/LwIP/src/core/inet_chksum.c ****   u16_t t = 0;
 194:Middlewares/Third_Party/LwIP/src/core/inet_chksum.c ****   const u32_t *pl;
 195:Middlewares/Third_Party/LwIP/src/core/inet_chksum.c ****   u32_t sum = 0, tmp;
 196:Middlewares/Third_Party/LwIP/src/core/inet_chksum.c ****   /* starts at odd byte address? */
 197:Middlewares/Third_Party/LwIP/src/core/inet_chksum.c ****   int odd = ((mem_ptr_t)pb & 1);
 198:Middlewares/Third_Party/LwIP/src/core/inet_chksum.c **** 
 199:Middlewares/Third_Party/LwIP/src/core/inet_chksum.c ****   if (odd && len > 0) {
 200:Middlewares/Third_Party/LwIP/src/core/inet_chksum.c ****     ((u8_t *)&t)[1] = *pb++;
 201:Middlewares/Third_Party/LwIP/src/core/inet_chksum.c ****     len--;
 202:Middlewares/Third_Party/LwIP/src/core/inet_chksum.c ****   }
 203:Middlewares/Third_Party/LwIP/src/core/inet_chksum.c **** 
ARM GAS  /var/folders/0d/93p3r6493yg7p0rvl_4r983m0000gn/T//cceTDdDp.s 			page 7


 204:Middlewares/Third_Party/LwIP/src/core/inet_chksum.c ****   ps = (const u16_t *)(const void*)pb;
 205:Middlewares/Third_Party/LwIP/src/core/inet_chksum.c **** 
 206:Middlewares/Third_Party/LwIP/src/core/inet_chksum.c ****   if (((mem_ptr_t)ps & 3) && len > 1) {
 207:Middlewares/Third_Party/LwIP/src/core/inet_chksum.c ****     sum += *ps++;
 208:Middlewares/Third_Party/LwIP/src/core/inet_chksum.c ****     len -= 2;
 209:Middlewares/Third_Party/LwIP/src/core/inet_chksum.c ****   }
 210:Middlewares/Third_Party/LwIP/src/core/inet_chksum.c **** 
 211:Middlewares/Third_Party/LwIP/src/core/inet_chksum.c ****   pl = (const u32_t *)(const void*)ps;
 212:Middlewares/Third_Party/LwIP/src/core/inet_chksum.c **** 
 213:Middlewares/Third_Party/LwIP/src/core/inet_chksum.c ****   while (len > 7)  {
 214:Middlewares/Third_Party/LwIP/src/core/inet_chksum.c ****     tmp = sum + *pl++;          /* ping */
 215:Middlewares/Third_Party/LwIP/src/core/inet_chksum.c ****     if (tmp < sum) {
 216:Middlewares/Third_Party/LwIP/src/core/inet_chksum.c ****       tmp++;                    /* add back carry */
 217:Middlewares/Third_Party/LwIP/src/core/inet_chksum.c ****     }
 218:Middlewares/Third_Party/LwIP/src/core/inet_chksum.c **** 
 219:Middlewares/Third_Party/LwIP/src/core/inet_chksum.c ****     sum = tmp + *pl++;          /* pong */
 220:Middlewares/Third_Party/LwIP/src/core/inet_chksum.c ****     if (sum < tmp) {
 221:Middlewares/Third_Party/LwIP/src/core/inet_chksum.c ****       sum++;                    /* add back carry */
 222:Middlewares/Third_Party/LwIP/src/core/inet_chksum.c ****     }
 223:Middlewares/Third_Party/LwIP/src/core/inet_chksum.c **** 
 224:Middlewares/Third_Party/LwIP/src/core/inet_chksum.c ****     len -= 8;
 225:Middlewares/Third_Party/LwIP/src/core/inet_chksum.c ****   }
 226:Middlewares/Third_Party/LwIP/src/core/inet_chksum.c **** 
 227:Middlewares/Third_Party/LwIP/src/core/inet_chksum.c ****   /* make room in upper bits */
 228:Middlewares/Third_Party/LwIP/src/core/inet_chksum.c ****   sum = FOLD_U32T(sum);
 229:Middlewares/Third_Party/LwIP/src/core/inet_chksum.c **** 
 230:Middlewares/Third_Party/LwIP/src/core/inet_chksum.c ****   ps = (const u16_t *)pl;
 231:Middlewares/Third_Party/LwIP/src/core/inet_chksum.c **** 
 232:Middlewares/Third_Party/LwIP/src/core/inet_chksum.c ****   /* 16-bit aligned word remaining? */
 233:Middlewares/Third_Party/LwIP/src/core/inet_chksum.c ****   while (len > 1) {
 234:Middlewares/Third_Party/LwIP/src/core/inet_chksum.c ****     sum += *ps++;
 235:Middlewares/Third_Party/LwIP/src/core/inet_chksum.c ****     len -= 2;
 236:Middlewares/Third_Party/LwIP/src/core/inet_chksum.c ****   }
 237:Middlewares/Third_Party/LwIP/src/core/inet_chksum.c **** 
 238:Middlewares/Third_Party/LwIP/src/core/inet_chksum.c ****   /* dangling tail byte remaining? */
 239:Middlewares/Third_Party/LwIP/src/core/inet_chksum.c ****   if (len > 0) {                /* include odd byte */
 240:Middlewares/Third_Party/LwIP/src/core/inet_chksum.c ****     ((u8_t *)&t)[0] = *(const u8_t *)ps;
 241:Middlewares/Third_Party/LwIP/src/core/inet_chksum.c ****   }
 242:Middlewares/Third_Party/LwIP/src/core/inet_chksum.c **** 
 243:Middlewares/Third_Party/LwIP/src/core/inet_chksum.c ****   sum += t;                     /* add end bytes */
 244:Middlewares/Third_Party/LwIP/src/core/inet_chksum.c **** 
 245:Middlewares/Third_Party/LwIP/src/core/inet_chksum.c ****   /* Fold 32-bit sum to 16 bits
 246:Middlewares/Third_Party/LwIP/src/core/inet_chksum.c ****      calling this twice is probably faster than if statements... */
 247:Middlewares/Third_Party/LwIP/src/core/inet_chksum.c ****   sum = FOLD_U32T(sum);
 248:Middlewares/Third_Party/LwIP/src/core/inet_chksum.c ****   sum = FOLD_U32T(sum);
 249:Middlewares/Third_Party/LwIP/src/core/inet_chksum.c **** 
 250:Middlewares/Third_Party/LwIP/src/core/inet_chksum.c ****   if (odd) {
 251:Middlewares/Third_Party/LwIP/src/core/inet_chksum.c ****     sum = SWAP_BYTES_IN_WORD(sum);
 252:Middlewares/Third_Party/LwIP/src/core/inet_chksum.c ****   }
 253:Middlewares/Third_Party/LwIP/src/core/inet_chksum.c **** 
 254:Middlewares/Third_Party/LwIP/src/core/inet_chksum.c ****   return (u16_t)sum;
 255:Middlewares/Third_Party/LwIP/src/core/inet_chksum.c **** }
 256:Middlewares/Third_Party/LwIP/src/core/inet_chksum.c **** #endif
 257:Middlewares/Third_Party/LwIP/src/core/inet_chksum.c **** 
 258:Middlewares/Third_Party/LwIP/src/core/inet_chksum.c **** /** Parts of the pseudo checksum which are common to IPv4 and IPv6 */
 259:Middlewares/Third_Party/LwIP/src/core/inet_chksum.c **** static u16_t
 260:Middlewares/Third_Party/LwIP/src/core/inet_chksum.c **** inet_cksum_pseudo_base(struct pbuf *p, u8_t proto, u16_t proto_len, u32_t acc)
ARM GAS  /var/folders/0d/93p3r6493yg7p0rvl_4r983m0000gn/T//cceTDdDp.s 			page 8


 261:Middlewares/Third_Party/LwIP/src/core/inet_chksum.c **** {
 139              		.loc 1 261 0
 140              		.cfi_startproc
 141              		@ args = 0, pretend = 0, frame = 0
 142              		@ frame_needed = 0, uses_anonymous_args = 0
 143              	.LVL19:
 144 0000 2DE9F041 		push	{r4, r5, r6, r7, r8, lr}
 145              	.LCFI4:
 146              		.cfi_def_cfa_offset 24
 147              		.cfi_offset 4, -24
 148              		.cfi_offset 5, -20
 149              		.cfi_offset 6, -16
 150              		.cfi_offset 7, -12
 151              		.cfi_offset 8, -8
 152              		.cfi_offset 14, -4
 153 0004 0546     		mov	r5, r0
 154 0006 8846     		mov	r8, r1
 155 0008 1746     		mov	r7, r2
 156 000a 1C46     		mov	r4, r3
 157              	.LVL20:
 262:Middlewares/Third_Party/LwIP/src/core/inet_chksum.c ****   struct pbuf *q;
 263:Middlewares/Third_Party/LwIP/src/core/inet_chksum.c ****   u8_t swapped = 0;
 158              		.loc 1 263 0
 159 000c 0026     		movs	r6, #0
 264:Middlewares/Third_Party/LwIP/src/core/inet_chksum.c **** 
 265:Middlewares/Third_Party/LwIP/src/core/inet_chksum.c ****   /* iterate through all pbuf in chain */
 266:Middlewares/Third_Party/LwIP/src/core/inet_chksum.c ****   for (q = p; q != NULL; q = q->next) {
 160              		.loc 1 266 0
 161 000e 00E0     		b	.L9
 162              	.LVL21:
 163              	.L10:
 164              		.loc 1 266 0 is_stmt 0 discriminator 2
 165 0010 2D68     		ldr	r5, [r5]
 166              	.LVL22:
 167              	.L9:
 168              		.loc 1 266 0 discriminator 1
 169 0012 A5B1     		cbz	r5, .L14
 267:Middlewares/Third_Party/LwIP/src/core/inet_chksum.c ****     LWIP_DEBUGF(INET_DEBUG, ("inet_chksum_pseudo(): checksumming pbuf %p (has next %p) \n",
 268:Middlewares/Third_Party/LwIP/src/core/inet_chksum.c ****       (void *)q, (void *)q->next));
 269:Middlewares/Third_Party/LwIP/src/core/inet_chksum.c ****     acc += LWIP_CHKSUM(q->payload, q->len);
 170              		.loc 1 269 0 is_stmt 1
 171 0014 6989     		ldrh	r1, [r5, #10]
 172 0016 6868     		ldr	r0, [r5, #4]
 173 0018 FFF7FEFF 		bl	lwip_standard_chksum
 174              	.LVL23:
 175 001c 0444     		add	r4, r4, r0
 176              	.LVL24:
 270:Middlewares/Third_Party/LwIP/src/core/inet_chksum.c ****     /*LWIP_DEBUGF(INET_DEBUG, ("inet_chksum_pseudo(): unwrapped lwip_chksum()=%"X32_F" \n", acc));*
 271:Middlewares/Third_Party/LwIP/src/core/inet_chksum.c ****     /* just executing this next line is probably faster that the if statement needed
 272:Middlewares/Third_Party/LwIP/src/core/inet_chksum.c ****        to check whether we really need to execute it, and does no harm */
 273:Middlewares/Third_Party/LwIP/src/core/inet_chksum.c ****     acc = FOLD_U32T(acc);
 177              		.loc 1 273 0
 178 001e A0B2     		uxth	r0, r4
 179 0020 00EB1444 		add	r4, r0, r4, lsr #16
 180              	.LVL25:
 274:Middlewares/Third_Party/LwIP/src/core/inet_chksum.c ****     if (q->len % 2 != 0) {
 181              		.loc 1 274 0
ARM GAS  /var/folders/0d/93p3r6493yg7p0rvl_4r983m0000gn/T//cceTDdDp.s 			page 9


 182 0024 6B89     		ldrh	r3, [r5, #10]
 183 0026 13F0010F 		tst	r3, #1
 184 002a F1D0     		beq	.L10
 275:Middlewares/Third_Party/LwIP/src/core/inet_chksum.c ****       swapped = 1 - swapped;
 185              		.loc 1 275 0
 186 002c C6F10106 		rsb	r6, r6, #1
 187              	.LVL26:
 188 0030 F6B2     		uxtb	r6, r6
 189              	.LVL27:
 276:Middlewares/Third_Party/LwIP/src/core/inet_chksum.c ****       acc = SWAP_BYTES_IN_WORD(acc);
 190              		.loc 1 276 0
 191 0032 2302     		lsls	r3, r4, #8
 192 0034 9BB2     		uxth	r3, r3
 193 0036 C4F30724 		ubfx	r4, r4, #8, #8
 194              	.LVL28:
 195 003a 1C43     		orrs	r4, r4, r3
 196              	.LVL29:
 197 003c E8E7     		b	.L10
 198              	.L14:
 277:Middlewares/Third_Party/LwIP/src/core/inet_chksum.c ****     }
 278:Middlewares/Third_Party/LwIP/src/core/inet_chksum.c ****     /*LWIP_DEBUGF(INET_DEBUG, ("inet_chksum_pseudo(): wrapped lwip_chksum()=%"X32_F" \n", acc));*/
 279:Middlewares/Third_Party/LwIP/src/core/inet_chksum.c ****   }
 280:Middlewares/Third_Party/LwIP/src/core/inet_chksum.c **** 
 281:Middlewares/Third_Party/LwIP/src/core/inet_chksum.c ****   if (swapped) {
 199              		.loc 1 281 0
 200 003e 26B1     		cbz	r6, .L12
 282:Middlewares/Third_Party/LwIP/src/core/inet_chksum.c ****     acc = SWAP_BYTES_IN_WORD(acc);
 201              		.loc 1 282 0
 202 0040 2302     		lsls	r3, r4, #8
 203 0042 9BB2     		uxth	r3, r3
 204 0044 C4F30724 		ubfx	r4, r4, #8, #8
 205              	.LVL30:
 206 0048 1C43     		orrs	r4, r4, r3
 207              	.LVL31:
 208              	.L12:
 283:Middlewares/Third_Party/LwIP/src/core/inet_chksum.c ****   }
 284:Middlewares/Third_Party/LwIP/src/core/inet_chksum.c **** 
 285:Middlewares/Third_Party/LwIP/src/core/inet_chksum.c ****   acc += (u32_t)lwip_htons((u16_t)proto);
 209              		.loc 1 285 0
 210 004a 4046     		mov	r0, r8
 211 004c FFF7FEFF 		bl	lwip_htons
 212              	.LVL32:
 213 0050 0444     		add	r4, r4, r0
 214              	.LVL33:
 286:Middlewares/Third_Party/LwIP/src/core/inet_chksum.c ****   acc += (u32_t)lwip_htons(proto_len);
 215              		.loc 1 286 0
 216 0052 3846     		mov	r0, r7
 217 0054 FFF7FEFF 		bl	lwip_htons
 218              	.LVL34:
 219 0058 2044     		add	r0, r0, r4
 220              	.LVL35:
 287:Middlewares/Third_Party/LwIP/src/core/inet_chksum.c **** 
 288:Middlewares/Third_Party/LwIP/src/core/inet_chksum.c ****   /* Fold 32-bit sum to 16 bits
 289:Middlewares/Third_Party/LwIP/src/core/inet_chksum.c ****      calling this twice is probably faster than if statements... */
 290:Middlewares/Third_Party/LwIP/src/core/inet_chksum.c ****   acc = FOLD_U32T(acc);
 221              		.loc 1 290 0
 222 005a 84B2     		uxth	r4, r0
ARM GAS  /var/folders/0d/93p3r6493yg7p0rvl_4r983m0000gn/T//cceTDdDp.s 			page 10


 223 005c 04EB1044 		add	r4, r4, r0, lsr #16
 224              	.LVL36:
 291:Middlewares/Third_Party/LwIP/src/core/inet_chksum.c ****   acc = FOLD_U32T(acc);
 225              		.loc 1 291 0
 226 0060 A0B2     		uxth	r0, r4
 227 0062 00EB1440 		add	r0, r0, r4, lsr #16
 228              	.LVL37:
 292:Middlewares/Third_Party/LwIP/src/core/inet_chksum.c ****   LWIP_DEBUGF(INET_DEBUG, ("inet_chksum_pseudo(): pbuf chain lwip_chksum()=%"X32_F"\n", acc));
 293:Middlewares/Third_Party/LwIP/src/core/inet_chksum.c ****   return (u16_t)~(acc & 0xffffUL);
 229              		.loc 1 293 0
 230 0066 C043     		mvns	r0, r0
 231              	.LVL38:
 294:Middlewares/Third_Party/LwIP/src/core/inet_chksum.c **** }
 232              		.loc 1 294 0
 233 0068 80B2     		uxth	r0, r0
 234              	.LVL39:
 235 006a BDE8F081 		pop	{r4, r5, r6, r7, r8, pc}
 236              		.cfi_endproc
 237              	.LFE143:
 239              		.section	.text.inet_cksum_pseudo_partial_base,"ax",%progbits
 240              		.align	1
 241              		.syntax unified
 242              		.thumb
 243              		.thumb_func
 244              		.fpu fpv4-sp-d16
 246              	inet_cksum_pseudo_partial_base:
 247              	.LFB146:
 295:Middlewares/Third_Party/LwIP/src/core/inet_chksum.c **** 
 296:Middlewares/Third_Party/LwIP/src/core/inet_chksum.c **** #if LWIP_IPV4
 297:Middlewares/Third_Party/LwIP/src/core/inet_chksum.c **** /* inet_chksum_pseudo:
 298:Middlewares/Third_Party/LwIP/src/core/inet_chksum.c ****  *
 299:Middlewares/Third_Party/LwIP/src/core/inet_chksum.c ****  * Calculates the IPv4 pseudo Internet checksum used by TCP and UDP for a pbuf chain.
 300:Middlewares/Third_Party/LwIP/src/core/inet_chksum.c ****  * IP addresses are expected to be in network byte order.
 301:Middlewares/Third_Party/LwIP/src/core/inet_chksum.c ****  *
 302:Middlewares/Third_Party/LwIP/src/core/inet_chksum.c ****  * @param p chain of pbufs over that a checksum should be calculated (ip data part)
 303:Middlewares/Third_Party/LwIP/src/core/inet_chksum.c ****  * @param src source ip address (used for checksum of pseudo header)
 304:Middlewares/Third_Party/LwIP/src/core/inet_chksum.c ****  * @param dst destination ip address (used for checksum of pseudo header)
 305:Middlewares/Third_Party/LwIP/src/core/inet_chksum.c ****  * @param proto ip protocol (used for checksum of pseudo header)
 306:Middlewares/Third_Party/LwIP/src/core/inet_chksum.c ****  * @param proto_len length of the ip data part (used for checksum of pseudo header)
 307:Middlewares/Third_Party/LwIP/src/core/inet_chksum.c ****  * @return checksum (as u16_t) to be saved directly in the protocol header
 308:Middlewares/Third_Party/LwIP/src/core/inet_chksum.c ****  */
 309:Middlewares/Third_Party/LwIP/src/core/inet_chksum.c **** u16_t
 310:Middlewares/Third_Party/LwIP/src/core/inet_chksum.c **** inet_chksum_pseudo(struct pbuf *p, u8_t proto, u16_t proto_len,
 311:Middlewares/Third_Party/LwIP/src/core/inet_chksum.c ****        const ip4_addr_t *src, const ip4_addr_t *dest)
 312:Middlewares/Third_Party/LwIP/src/core/inet_chksum.c **** {
 313:Middlewares/Third_Party/LwIP/src/core/inet_chksum.c ****   u32_t acc;
 314:Middlewares/Third_Party/LwIP/src/core/inet_chksum.c ****   u32_t addr;
 315:Middlewares/Third_Party/LwIP/src/core/inet_chksum.c **** 
 316:Middlewares/Third_Party/LwIP/src/core/inet_chksum.c ****   addr = ip4_addr_get_u32(src);
 317:Middlewares/Third_Party/LwIP/src/core/inet_chksum.c ****   acc = (addr & 0xffffUL);
 318:Middlewares/Third_Party/LwIP/src/core/inet_chksum.c ****   acc += ((addr >> 16) & 0xffffUL);
 319:Middlewares/Third_Party/LwIP/src/core/inet_chksum.c ****   addr = ip4_addr_get_u32(dest);
 320:Middlewares/Third_Party/LwIP/src/core/inet_chksum.c ****   acc += (addr & 0xffffUL);
 321:Middlewares/Third_Party/LwIP/src/core/inet_chksum.c ****   acc += ((addr >> 16) & 0xffffUL);
 322:Middlewares/Third_Party/LwIP/src/core/inet_chksum.c ****   /* fold down to 16 bits */
 323:Middlewares/Third_Party/LwIP/src/core/inet_chksum.c ****   acc = FOLD_U32T(acc);
 324:Middlewares/Third_Party/LwIP/src/core/inet_chksum.c ****   acc = FOLD_U32T(acc);
ARM GAS  /var/folders/0d/93p3r6493yg7p0rvl_4r983m0000gn/T//cceTDdDp.s 			page 11


 325:Middlewares/Third_Party/LwIP/src/core/inet_chksum.c **** 
 326:Middlewares/Third_Party/LwIP/src/core/inet_chksum.c ****   return inet_cksum_pseudo_base(p, proto, proto_len, acc);
 327:Middlewares/Third_Party/LwIP/src/core/inet_chksum.c **** }
 328:Middlewares/Third_Party/LwIP/src/core/inet_chksum.c **** #endif /* LWIP_IPV4 */
 329:Middlewares/Third_Party/LwIP/src/core/inet_chksum.c **** 
 330:Middlewares/Third_Party/LwIP/src/core/inet_chksum.c **** #if LWIP_IPV6
 331:Middlewares/Third_Party/LwIP/src/core/inet_chksum.c **** /**
 332:Middlewares/Third_Party/LwIP/src/core/inet_chksum.c ****  * Calculates the checksum with IPv6 pseudo header used by TCP and UDP for a pbuf chain.
 333:Middlewares/Third_Party/LwIP/src/core/inet_chksum.c ****  * IPv6 addresses are expected to be in network byte order.
 334:Middlewares/Third_Party/LwIP/src/core/inet_chksum.c ****  *
 335:Middlewares/Third_Party/LwIP/src/core/inet_chksum.c ****  * @param p chain of pbufs over that a checksum should be calculated (ip data part)
 336:Middlewares/Third_Party/LwIP/src/core/inet_chksum.c ****  * @param proto ipv6 protocol/next header (used for checksum of pseudo header)
 337:Middlewares/Third_Party/LwIP/src/core/inet_chksum.c ****  * @param proto_len length of the ipv6 payload (used for checksum of pseudo header)
 338:Middlewares/Third_Party/LwIP/src/core/inet_chksum.c ****  * @param src source ipv6 address (used for checksum of pseudo header)
 339:Middlewares/Third_Party/LwIP/src/core/inet_chksum.c ****  * @param dest destination ipv6 address (used for checksum of pseudo header)
 340:Middlewares/Third_Party/LwIP/src/core/inet_chksum.c ****  * @return checksum (as u16_t) to be saved directly in the protocol header
 341:Middlewares/Third_Party/LwIP/src/core/inet_chksum.c ****  */
 342:Middlewares/Third_Party/LwIP/src/core/inet_chksum.c **** u16_t
 343:Middlewares/Third_Party/LwIP/src/core/inet_chksum.c **** ip6_chksum_pseudo(struct pbuf *p, u8_t proto, u16_t proto_len,
 344:Middlewares/Third_Party/LwIP/src/core/inet_chksum.c ****        const ip6_addr_t *src, const ip6_addr_t *dest)
 345:Middlewares/Third_Party/LwIP/src/core/inet_chksum.c **** {
 346:Middlewares/Third_Party/LwIP/src/core/inet_chksum.c ****   u32_t acc = 0;
 347:Middlewares/Third_Party/LwIP/src/core/inet_chksum.c ****   u32_t addr;
 348:Middlewares/Third_Party/LwIP/src/core/inet_chksum.c ****   u8_t addr_part;
 349:Middlewares/Third_Party/LwIP/src/core/inet_chksum.c **** 
 350:Middlewares/Third_Party/LwIP/src/core/inet_chksum.c ****   for (addr_part = 0; addr_part < 4; addr_part++) {
 351:Middlewares/Third_Party/LwIP/src/core/inet_chksum.c ****     addr = src->addr[addr_part];
 352:Middlewares/Third_Party/LwIP/src/core/inet_chksum.c ****     acc += (addr & 0xffffUL);
 353:Middlewares/Third_Party/LwIP/src/core/inet_chksum.c ****     acc += ((addr >> 16) & 0xffffUL);
 354:Middlewares/Third_Party/LwIP/src/core/inet_chksum.c ****     addr = dest->addr[addr_part];
 355:Middlewares/Third_Party/LwIP/src/core/inet_chksum.c ****     acc += (addr & 0xffffUL);
 356:Middlewares/Third_Party/LwIP/src/core/inet_chksum.c ****     acc += ((addr >> 16) & 0xffffUL);
 357:Middlewares/Third_Party/LwIP/src/core/inet_chksum.c ****   }
 358:Middlewares/Third_Party/LwIP/src/core/inet_chksum.c ****   /* fold down to 16 bits */
 359:Middlewares/Third_Party/LwIP/src/core/inet_chksum.c ****   acc = FOLD_U32T(acc);
 360:Middlewares/Third_Party/LwIP/src/core/inet_chksum.c ****   acc = FOLD_U32T(acc);
 361:Middlewares/Third_Party/LwIP/src/core/inet_chksum.c **** 
 362:Middlewares/Third_Party/LwIP/src/core/inet_chksum.c ****   return inet_cksum_pseudo_base(p, proto, proto_len, acc);
 363:Middlewares/Third_Party/LwIP/src/core/inet_chksum.c **** }
 364:Middlewares/Third_Party/LwIP/src/core/inet_chksum.c **** #endif /* LWIP_IPV6 */
 365:Middlewares/Third_Party/LwIP/src/core/inet_chksum.c **** 
 366:Middlewares/Third_Party/LwIP/src/core/inet_chksum.c **** /* ip_chksum_pseudo:
 367:Middlewares/Third_Party/LwIP/src/core/inet_chksum.c ****  *
 368:Middlewares/Third_Party/LwIP/src/core/inet_chksum.c ****  * Calculates the IPv4 or IPv6 pseudo Internet checksum used by TCP and UDP for a pbuf chain.
 369:Middlewares/Third_Party/LwIP/src/core/inet_chksum.c ****  * IP addresses are expected to be in network byte order.
 370:Middlewares/Third_Party/LwIP/src/core/inet_chksum.c ****  *
 371:Middlewares/Third_Party/LwIP/src/core/inet_chksum.c ****  * @param p chain of pbufs over that a checksum should be calculated (ip data part)
 372:Middlewares/Third_Party/LwIP/src/core/inet_chksum.c ****  * @param src source ip address (used for checksum of pseudo header)
 373:Middlewares/Third_Party/LwIP/src/core/inet_chksum.c ****  * @param dst destination ip address (used for checksum of pseudo header)
 374:Middlewares/Third_Party/LwIP/src/core/inet_chksum.c ****  * @param proto ip protocol (used for checksum of pseudo header)
 375:Middlewares/Third_Party/LwIP/src/core/inet_chksum.c ****  * @param proto_len length of the ip data part (used for checksum of pseudo header)
 376:Middlewares/Third_Party/LwIP/src/core/inet_chksum.c ****  * @return checksum (as u16_t) to be saved directly in the protocol header
 377:Middlewares/Third_Party/LwIP/src/core/inet_chksum.c ****  */
 378:Middlewares/Third_Party/LwIP/src/core/inet_chksum.c **** u16_t
 379:Middlewares/Third_Party/LwIP/src/core/inet_chksum.c **** ip_chksum_pseudo(struct pbuf *p, u8_t proto, u16_t proto_len,
 380:Middlewares/Third_Party/LwIP/src/core/inet_chksum.c ****        const ip_addr_t *src, const ip_addr_t *dest)
 381:Middlewares/Third_Party/LwIP/src/core/inet_chksum.c **** {
ARM GAS  /var/folders/0d/93p3r6493yg7p0rvl_4r983m0000gn/T//cceTDdDp.s 			page 12


 382:Middlewares/Third_Party/LwIP/src/core/inet_chksum.c **** #if LWIP_IPV6
 383:Middlewares/Third_Party/LwIP/src/core/inet_chksum.c ****   if (IP_IS_V6(dest)) {
 384:Middlewares/Third_Party/LwIP/src/core/inet_chksum.c ****     return ip6_chksum_pseudo(p, proto, proto_len, ip_2_ip6(src), ip_2_ip6(dest));
 385:Middlewares/Third_Party/LwIP/src/core/inet_chksum.c ****   }
 386:Middlewares/Third_Party/LwIP/src/core/inet_chksum.c **** #endif /* LWIP_IPV6 */
 387:Middlewares/Third_Party/LwIP/src/core/inet_chksum.c **** #if LWIP_IPV4 && LWIP_IPV6
 388:Middlewares/Third_Party/LwIP/src/core/inet_chksum.c ****   else
 389:Middlewares/Third_Party/LwIP/src/core/inet_chksum.c **** #endif /* LWIP_IPV4 && LWIP_IPV6 */
 390:Middlewares/Third_Party/LwIP/src/core/inet_chksum.c **** #if LWIP_IPV4
 391:Middlewares/Third_Party/LwIP/src/core/inet_chksum.c ****   {
 392:Middlewares/Third_Party/LwIP/src/core/inet_chksum.c ****     return inet_chksum_pseudo(p, proto, proto_len, ip_2_ip4(src), ip_2_ip4(dest));
 393:Middlewares/Third_Party/LwIP/src/core/inet_chksum.c ****   }
 394:Middlewares/Third_Party/LwIP/src/core/inet_chksum.c **** #endif /* LWIP_IPV4 */
 395:Middlewares/Third_Party/LwIP/src/core/inet_chksum.c **** }
 396:Middlewares/Third_Party/LwIP/src/core/inet_chksum.c **** 
 397:Middlewares/Third_Party/LwIP/src/core/inet_chksum.c **** /** Parts of the pseudo checksum which are common to IPv4 and IPv6 */
 398:Middlewares/Third_Party/LwIP/src/core/inet_chksum.c **** static u16_t
 399:Middlewares/Third_Party/LwIP/src/core/inet_chksum.c **** inet_cksum_pseudo_partial_base(struct pbuf *p, u8_t proto, u16_t proto_len,
 400:Middlewares/Third_Party/LwIP/src/core/inet_chksum.c ****        u16_t chksum_len, u32_t acc)
 401:Middlewares/Third_Party/LwIP/src/core/inet_chksum.c **** {
 248              		.loc 1 401 0
 249              		.cfi_startproc
 250              		@ args = 4, pretend = 0, frame = 0
 251              		@ frame_needed = 0, uses_anonymous_args = 0
 252              	.LVL40:
 253 0000 2DE9F047 		push	{r4, r5, r6, r7, r8, r9, r10, lr}
 254              	.LCFI5:
 255              		.cfi_def_cfa_offset 32
 256              		.cfi_offset 4, -32
 257              		.cfi_offset 5, -28
 258              		.cfi_offset 6, -24
 259              		.cfi_offset 7, -20
 260              		.cfi_offset 8, -16
 261              		.cfi_offset 9, -12
 262              		.cfi_offset 10, -8
 263              		.cfi_offset 14, -4
 264 0004 0646     		mov	r6, r0
 265 0006 8A46     		mov	r10, r1
 266 0008 9146     		mov	r9, r2
 267 000a 1F46     		mov	r7, r3
 268 000c 089C     		ldr	r4, [sp, #32]
 269              	.LVL41:
 402:Middlewares/Third_Party/LwIP/src/core/inet_chksum.c ****   struct pbuf *q;
 403:Middlewares/Third_Party/LwIP/src/core/inet_chksum.c ****   u8_t swapped = 0;
 270              		.loc 1 403 0
 271 000e 4FF00008 		mov	r8, #0
 404:Middlewares/Third_Party/LwIP/src/core/inet_chksum.c ****   u16_t chklen;
 405:Middlewares/Third_Party/LwIP/src/core/inet_chksum.c **** 
 406:Middlewares/Third_Party/LwIP/src/core/inet_chksum.c ****   /* iterate through all pbuf in chain */
 407:Middlewares/Third_Party/LwIP/src/core/inet_chksum.c ****   for (q = p; (q != NULL) && (chksum_len > 0); q = q->next) {
 272              		.loc 1 407 0
 273 0012 08E0     		b	.L16
 274              	.LVL42:
 275              	.L25:
 408:Middlewares/Third_Party/LwIP/src/core/inet_chksum.c ****     LWIP_DEBUGF(INET_DEBUG, ("inet_chksum_pseudo(): checksumming pbuf %p (has next %p) \n",
 409:Middlewares/Third_Party/LwIP/src/core/inet_chksum.c ****       (void *)q, (void *)q->next));
 410:Middlewares/Third_Party/LwIP/src/core/inet_chksum.c ****     chklen = q->len;
ARM GAS  /var/folders/0d/93p3r6493yg7p0rvl_4r983m0000gn/T//cceTDdDp.s 			page 13


 411:Middlewares/Third_Party/LwIP/src/core/inet_chksum.c ****     if (chklen > chksum_len) {
 412:Middlewares/Third_Party/LwIP/src/core/inet_chksum.c ****       chklen = chksum_len;
 413:Middlewares/Third_Party/LwIP/src/core/inet_chksum.c ****     }
 414:Middlewares/Third_Party/LwIP/src/core/inet_chksum.c ****     acc += LWIP_CHKSUM(q->payload, chklen);
 415:Middlewares/Third_Party/LwIP/src/core/inet_chksum.c ****     chksum_len -= chklen;
 416:Middlewares/Third_Party/LwIP/src/core/inet_chksum.c ****     LWIP_ASSERT("delete me", chksum_len < 0x7fff);
 276              		.loc 1 416 0 discriminator 1
 277 0014 224B     		ldr	r3, .L26
 278 0016 4FF4D072 		mov	r2, #416
 279 001a 2249     		ldr	r1, .L26+4
 280 001c 2248     		ldr	r0, .L26+8
 281 001e FFF7FEFF 		bl	printf
 282              	.LVL43:
 283 0022 11E0     		b	.L18
 284              	.L19:
 407:Middlewares/Third_Party/LwIP/src/core/inet_chksum.c ****     LWIP_DEBUGF(INET_DEBUG, ("inet_chksum_pseudo(): checksumming pbuf %p (has next %p) \n",
 285              		.loc 1 407 0 discriminator 2
 286 0024 3668     		ldr	r6, [r6]
 287              	.LVL44:
 288              	.L16:
 407:Middlewares/Third_Party/LwIP/src/core/inet_chksum.c ****     LWIP_DEBUGF(INET_DEBUG, ("inet_chksum_pseudo(): checksumming pbuf %p (has next %p) \n",
 289              		.loc 1 407 0 is_stmt 0 discriminator 1
 290 0026 06B3     		cbz	r6, .L20
 407:Middlewares/Third_Party/LwIP/src/core/inet_chksum.c ****     LWIP_DEBUGF(INET_DEBUG, ("inet_chksum_pseudo(): checksumming pbuf %p (has next %p) \n",
 291              		.loc 1 407 0 discriminator 3
 292 0028 FFB1     		cbz	r7, .L20
 410:Middlewares/Third_Party/LwIP/src/core/inet_chksum.c ****     if (chklen > chksum_len) {
 293              		.loc 1 410 0 is_stmt 1
 294 002a 7589     		ldrh	r5, [r6, #10]
 295              	.LVL45:
 411:Middlewares/Third_Party/LwIP/src/core/inet_chksum.c ****       chklen = chksum_len;
 296              		.loc 1 411 0
 297 002c AF42     		cmp	r7, r5
 298 002e 00D2     		bcs	.L17
 412:Middlewares/Third_Party/LwIP/src/core/inet_chksum.c ****     }
 299              		.loc 1 412 0
 300 0030 3D46     		mov	r5, r7
 301              	.LVL46:
 302              	.L17:
 414:Middlewares/Third_Party/LwIP/src/core/inet_chksum.c ****     chksum_len -= chklen;
 303              		.loc 1 414 0
 304 0032 2946     		mov	r1, r5
 305 0034 7068     		ldr	r0, [r6, #4]
 306 0036 FFF7FEFF 		bl	lwip_standard_chksum
 307              	.LVL47:
 308 003a 0444     		add	r4, r4, r0
 309              	.LVL48:
 415:Middlewares/Third_Party/LwIP/src/core/inet_chksum.c ****     LWIP_ASSERT("delete me", chksum_len < 0x7fff);
 310              		.loc 1 415 0
 311 003c 7D1B     		subs	r5, r7, r5
 312              	.LVL49:
 313 003e AFB2     		uxth	r7, r5
 314              	.LVL50:
 315              		.loc 1 416 0
 316 0040 47F6FE73 		movw	r3, #32766
 317 0044 9F42     		cmp	r7, r3
 318 0046 E5D8     		bhi	.L25
ARM GAS  /var/folders/0d/93p3r6493yg7p0rvl_4r983m0000gn/T//cceTDdDp.s 			page 14


 319              	.L18:
 417:Middlewares/Third_Party/LwIP/src/core/inet_chksum.c ****     /*LWIP_DEBUGF(INET_DEBUG, ("inet_chksum_pseudo(): unwrapped lwip_chksum()=%"X32_F" \n", acc));*
 418:Middlewares/Third_Party/LwIP/src/core/inet_chksum.c ****     /* fold the upper bit down */
 419:Middlewares/Third_Party/LwIP/src/core/inet_chksum.c ****     acc = FOLD_U32T(acc);
 320              		.loc 1 419 0
 321 0048 A0B2     		uxth	r0, r4
 322 004a 00EB1444 		add	r4, r0, r4, lsr #16
 323              	.LVL51:
 420:Middlewares/Third_Party/LwIP/src/core/inet_chksum.c ****     if (q->len % 2 != 0) {
 324              		.loc 1 420 0
 325 004e 7389     		ldrh	r3, [r6, #10]
 326 0050 13F0010F 		tst	r3, #1
 327 0054 E6D0     		beq	.L19
 421:Middlewares/Third_Party/LwIP/src/core/inet_chksum.c ****       swapped = 1 - swapped;
 328              		.loc 1 421 0
 329 0056 C8F10108 		rsb	r8, r8, #1
 330              	.LVL52:
 331 005a 5FFA88F8 		uxtb	r8, r8
 332              	.LVL53:
 422:Middlewares/Third_Party/LwIP/src/core/inet_chksum.c ****       acc = SWAP_BYTES_IN_WORD(acc);
 333              		.loc 1 422 0
 334 005e 2302     		lsls	r3, r4, #8
 335 0060 9BB2     		uxth	r3, r3
 336 0062 C4F30724 		ubfx	r4, r4, #8, #8
 337              	.LVL54:
 338 0066 1C43     		orrs	r4, r4, r3
 339              	.LVL55:
 340 0068 DCE7     		b	.L19
 341              	.L20:
 423:Middlewares/Third_Party/LwIP/src/core/inet_chksum.c ****     }
 424:Middlewares/Third_Party/LwIP/src/core/inet_chksum.c ****     /*LWIP_DEBUGF(INET_DEBUG, ("inet_chksum_pseudo(): wrapped lwip_chksum()=%"X32_F" \n", acc));*/
 425:Middlewares/Third_Party/LwIP/src/core/inet_chksum.c ****   }
 426:Middlewares/Third_Party/LwIP/src/core/inet_chksum.c **** 
 427:Middlewares/Third_Party/LwIP/src/core/inet_chksum.c ****   if (swapped) {
 342              		.loc 1 427 0
 343 006a B8F1000F 		cmp	r8, #0
 344 006e 04D0     		beq	.L22
 428:Middlewares/Third_Party/LwIP/src/core/inet_chksum.c ****     acc = SWAP_BYTES_IN_WORD(acc);
 345              		.loc 1 428 0
 346 0070 2302     		lsls	r3, r4, #8
 347 0072 9BB2     		uxth	r3, r3
 348 0074 C4F30724 		ubfx	r4, r4, #8, #8
 349              	.LVL56:
 350 0078 1C43     		orrs	r4, r4, r3
 351              	.LVL57:
 352              	.L22:
 429:Middlewares/Third_Party/LwIP/src/core/inet_chksum.c ****   }
 430:Middlewares/Third_Party/LwIP/src/core/inet_chksum.c **** 
 431:Middlewares/Third_Party/LwIP/src/core/inet_chksum.c ****   acc += (u32_t)lwip_htons((u16_t)proto);
 353              		.loc 1 431 0
 354 007a 5046     		mov	r0, r10
 355 007c FFF7FEFF 		bl	lwip_htons
 356              	.LVL58:
 357 0080 0444     		add	r4, r4, r0
 358              	.LVL59:
 432:Middlewares/Third_Party/LwIP/src/core/inet_chksum.c ****   acc += (u32_t)lwip_htons(proto_len);
 359              		.loc 1 432 0
ARM GAS  /var/folders/0d/93p3r6493yg7p0rvl_4r983m0000gn/T//cceTDdDp.s 			page 15


 360 0082 4846     		mov	r0, r9
 361 0084 FFF7FEFF 		bl	lwip_htons
 362              	.LVL60:
 363 0088 2044     		add	r0, r0, r4
 364              	.LVL61:
 433:Middlewares/Third_Party/LwIP/src/core/inet_chksum.c **** 
 434:Middlewares/Third_Party/LwIP/src/core/inet_chksum.c ****   /* Fold 32-bit sum to 16 bits
 435:Middlewares/Third_Party/LwIP/src/core/inet_chksum.c ****      calling this twice is probably faster than if statements... */
 436:Middlewares/Third_Party/LwIP/src/core/inet_chksum.c ****   acc = FOLD_U32T(acc);
 365              		.loc 1 436 0
 366 008a 84B2     		uxth	r4, r0
 367 008c 04EB1044 		add	r4, r4, r0, lsr #16
 368              	.LVL62:
 437:Middlewares/Third_Party/LwIP/src/core/inet_chksum.c ****   acc = FOLD_U32T(acc);
 369              		.loc 1 437 0
 370 0090 A0B2     		uxth	r0, r4
 371 0092 00EB1440 		add	r0, r0, r4, lsr #16
 372              	.LVL63:
 438:Middlewares/Third_Party/LwIP/src/core/inet_chksum.c ****   LWIP_DEBUGF(INET_DEBUG, ("inet_chksum_pseudo(): pbuf chain lwip_chksum()=%"X32_F"\n", acc));
 439:Middlewares/Third_Party/LwIP/src/core/inet_chksum.c ****   return (u16_t)~(acc & 0xffffUL);
 373              		.loc 1 439 0
 374 0096 C043     		mvns	r0, r0
 375              	.LVL64:
 440:Middlewares/Third_Party/LwIP/src/core/inet_chksum.c **** }
 376              		.loc 1 440 0
 377 0098 80B2     		uxth	r0, r0
 378              	.LVL65:
 379 009a BDE8F087 		pop	{r4, r5, r6, r7, r8, r9, r10, pc}
 380              	.LVL66:
 381              	.L27:
 382 009e 00BF     		.align	2
 383              	.L26:
 384 00a0 00000000 		.word	.LC0
 385 00a4 34000000 		.word	.LC1
 386 00a8 40000000 		.word	.LC2
 387              		.cfi_endproc
 388              	.LFE146:
 390              		.section	.text.inet_chksum_pseudo,"ax",%progbits
 391              		.align	1
 392              		.global	inet_chksum_pseudo
 393              		.syntax unified
 394              		.thumb
 395              		.thumb_func
 396              		.fpu fpv4-sp-d16
 398              	inet_chksum_pseudo:
 399              	.LFB144:
 312:Middlewares/Third_Party/LwIP/src/core/inet_chksum.c ****   u32_t acc;
 400              		.loc 1 312 0
 401              		.cfi_startproc
 402              		@ args = 4, pretend = 0, frame = 0
 403              		@ frame_needed = 0, uses_anonymous_args = 0
 404              	.LVL67:
 405 0000 10B5     		push	{r4, lr}
 406              	.LCFI6:
 407              		.cfi_def_cfa_offset 8
 408              		.cfi_offset 4, -8
 409              		.cfi_offset 14, -4
ARM GAS  /var/folders/0d/93p3r6493yg7p0rvl_4r983m0000gn/T//cceTDdDp.s 			page 16


 316:Middlewares/Third_Party/LwIP/src/core/inet_chksum.c ****   acc = (addr & 0xffffUL);
 410              		.loc 1 316 0
 411 0002 1B68     		ldr	r3, [r3]
 412              	.LVL68:
 318:Middlewares/Third_Party/LwIP/src/core/inet_chksum.c ****   addr = ip4_addr_get_u32(dest);
 413              		.loc 1 318 0
 414 0004 1C0C     		lsrs	r4, r3, #16
 415 0006 14FA83F3 		uxtah	r3, r4, r3
 416              	.LVL69:
 319:Middlewares/Third_Party/LwIP/src/core/inet_chksum.c ****   acc += (addr & 0xffffUL);
 417              		.loc 1 319 0
 418 000a 029C     		ldr	r4, [sp, #8]
 419 000c 2468     		ldr	r4, [r4]
 420              	.LVL70:
 320:Middlewares/Third_Party/LwIP/src/core/inet_chksum.c ****   acc += ((addr >> 16) & 0xffffUL);
 421              		.loc 1 320 0
 422 000e 13FA84F3 		uxtah	r3, r3, r4
 423              	.LVL71:
 321:Middlewares/Third_Party/LwIP/src/core/inet_chksum.c ****   /* fold down to 16 bits */
 424              		.loc 1 321 0
 425 0012 03EB1443 		add	r3, r3, r4, lsr #16
 426              	.LVL72:
 323:Middlewares/Third_Party/LwIP/src/core/inet_chksum.c ****   acc = FOLD_U32T(acc);
 427              		.loc 1 323 0
 428 0016 9CB2     		uxth	r4, r3
 429              	.LVL73:
 430 0018 04EB1343 		add	r3, r4, r3, lsr #16
 431              	.LVL74:
 324:Middlewares/Third_Party/LwIP/src/core/inet_chksum.c **** 
 432              		.loc 1 324 0
 433 001c 9CB2     		uxth	r4, r3
 434              	.LVL75:
 326:Middlewares/Third_Party/LwIP/src/core/inet_chksum.c **** }
 435              		.loc 1 326 0
 436 001e 04EB1343 		add	r3, r4, r3, lsr #16
 437              	.LVL76:
 438 0022 FFF7FEFF 		bl	inet_cksum_pseudo_base
 439              	.LVL77:
 327:Middlewares/Third_Party/LwIP/src/core/inet_chksum.c **** #endif /* LWIP_IPV4 */
 440              		.loc 1 327 0
 441 0026 10BD     		pop	{r4, pc}
 442              		.cfi_endproc
 443              	.LFE144:
 445              		.section	.text.ip_chksum_pseudo,"ax",%progbits
 446              		.align	1
 447              		.global	ip_chksum_pseudo
 448              		.syntax unified
 449              		.thumb
 450              		.thumb_func
 451              		.fpu fpv4-sp-d16
 453              	ip_chksum_pseudo:
 454              	.LFB145:
 381:Middlewares/Third_Party/LwIP/src/core/inet_chksum.c **** #if LWIP_IPV6
 455              		.loc 1 381 0
 456              		.cfi_startproc
 457              		@ args = 4, pretend = 0, frame = 0
 458              		@ frame_needed = 0, uses_anonymous_args = 0
ARM GAS  /var/folders/0d/93p3r6493yg7p0rvl_4r983m0000gn/T//cceTDdDp.s 			page 17


 459              	.LVL78:
 460 0000 10B5     		push	{r4, lr}
 461              	.LCFI7:
 462              		.cfi_def_cfa_offset 8
 463              		.cfi_offset 4, -8
 464              		.cfi_offset 14, -4
 465 0002 82B0     		sub	sp, sp, #8
 466              	.LCFI8:
 467              		.cfi_def_cfa_offset 16
 392:Middlewares/Third_Party/LwIP/src/core/inet_chksum.c ****   }
 468              		.loc 1 392 0
 469 0004 049C     		ldr	r4, [sp, #16]
 470 0006 0094     		str	r4, [sp]
 471 0008 FFF7FEFF 		bl	inet_chksum_pseudo
 472              	.LVL79:
 395:Middlewares/Third_Party/LwIP/src/core/inet_chksum.c **** 
 473              		.loc 1 395 0
 474 000c 02B0     		add	sp, sp, #8
 475              	.LCFI9:
 476              		.cfi_def_cfa_offset 8
 477              		@ sp needed
 478 000e 10BD     		pop	{r4, pc}
 479              		.cfi_endproc
 480              	.LFE145:
 482              		.section	.text.inet_chksum_pseudo_partial,"ax",%progbits
 483              		.align	1
 484              		.global	inet_chksum_pseudo_partial
 485              		.syntax unified
 486              		.thumb
 487              		.thumb_func
 488              		.fpu fpv4-sp-d16
 490              	inet_chksum_pseudo_partial:
 491              	.LFB147:
 441:Middlewares/Third_Party/LwIP/src/core/inet_chksum.c **** 
 442:Middlewares/Third_Party/LwIP/src/core/inet_chksum.c **** #if LWIP_IPV4
 443:Middlewares/Third_Party/LwIP/src/core/inet_chksum.c **** /* inet_chksum_pseudo_partial:
 444:Middlewares/Third_Party/LwIP/src/core/inet_chksum.c ****  *
 445:Middlewares/Third_Party/LwIP/src/core/inet_chksum.c ****  * Calculates the IPv4 pseudo Internet checksum used by TCP and UDP for a pbuf chain.
 446:Middlewares/Third_Party/LwIP/src/core/inet_chksum.c ****  * IP addresses are expected to be in network byte order.
 447:Middlewares/Third_Party/LwIP/src/core/inet_chksum.c ****  *
 448:Middlewares/Third_Party/LwIP/src/core/inet_chksum.c ****  * @param p chain of pbufs over that a checksum should be calculated (ip data part)
 449:Middlewares/Third_Party/LwIP/src/core/inet_chksum.c ****  * @param src source ip address (used for checksum of pseudo header)
 450:Middlewares/Third_Party/LwIP/src/core/inet_chksum.c ****  * @param dst destination ip address (used for checksum of pseudo header)
 451:Middlewares/Third_Party/LwIP/src/core/inet_chksum.c ****  * @param proto ip protocol (used for checksum of pseudo header)
 452:Middlewares/Third_Party/LwIP/src/core/inet_chksum.c ****  * @param proto_len length of the ip data part (used for checksum of pseudo header)
 453:Middlewares/Third_Party/LwIP/src/core/inet_chksum.c ****  * @return checksum (as u16_t) to be saved directly in the protocol header
 454:Middlewares/Third_Party/LwIP/src/core/inet_chksum.c ****  */
 455:Middlewares/Third_Party/LwIP/src/core/inet_chksum.c **** u16_t
 456:Middlewares/Third_Party/LwIP/src/core/inet_chksum.c **** inet_chksum_pseudo_partial(struct pbuf *p, u8_t proto, u16_t proto_len,
 457:Middlewares/Third_Party/LwIP/src/core/inet_chksum.c ****        u16_t chksum_len, const ip4_addr_t *src, const ip4_addr_t *dest)
 458:Middlewares/Third_Party/LwIP/src/core/inet_chksum.c **** {
 492              		.loc 1 458 0
 493              		.cfi_startproc
 494              		@ args = 8, pretend = 0, frame = 0
 495              		@ frame_needed = 0, uses_anonymous_args = 0
 496              	.LVL80:
 497 0000 30B5     		push	{r4, r5, lr}
ARM GAS  /var/folders/0d/93p3r6493yg7p0rvl_4r983m0000gn/T//cceTDdDp.s 			page 18


 498              	.LCFI10:
 499              		.cfi_def_cfa_offset 12
 500              		.cfi_offset 4, -12
 501              		.cfi_offset 5, -8
 502              		.cfi_offset 14, -4
 503 0002 83B0     		sub	sp, sp, #12
 504              	.LCFI11:
 505              		.cfi_def_cfa_offset 24
 459:Middlewares/Third_Party/LwIP/src/core/inet_chksum.c ****   u32_t acc;
 460:Middlewares/Third_Party/LwIP/src/core/inet_chksum.c ****   u32_t addr;
 461:Middlewares/Third_Party/LwIP/src/core/inet_chksum.c **** 
 462:Middlewares/Third_Party/LwIP/src/core/inet_chksum.c ****   addr = ip4_addr_get_u32(src);
 506              		.loc 1 462 0
 507 0004 069C     		ldr	r4, [sp, #24]
 508 0006 2468     		ldr	r4, [r4]
 509              	.LVL81:
 463:Middlewares/Third_Party/LwIP/src/core/inet_chksum.c ****   acc = (addr & 0xffffUL);
 464:Middlewares/Third_Party/LwIP/src/core/inet_chksum.c ****   acc += ((addr >> 16) & 0xffffUL);
 510              		.loc 1 464 0
 511 0008 250C     		lsrs	r5, r4, #16
 512 000a 15FA84F4 		uxtah	r4, r5, r4
 513              	.LVL82:
 465:Middlewares/Third_Party/LwIP/src/core/inet_chksum.c ****   addr = ip4_addr_get_u32(dest);
 514              		.loc 1 465 0
 515 000e 079D     		ldr	r5, [sp, #28]
 516 0010 2D68     		ldr	r5, [r5]
 517              	.LVL83:
 466:Middlewares/Third_Party/LwIP/src/core/inet_chksum.c ****   acc += (addr & 0xffffUL);
 518              		.loc 1 466 0
 519 0012 14FA85F4 		uxtah	r4, r4, r5
 520              	.LVL84:
 467:Middlewares/Third_Party/LwIP/src/core/inet_chksum.c ****   acc += ((addr >> 16) & 0xffffUL);
 521              		.loc 1 467 0
 522 0016 04EB1544 		add	r4, r4, r5, lsr #16
 523              	.LVL85:
 468:Middlewares/Third_Party/LwIP/src/core/inet_chksum.c ****   /* fold down to 16 bits */
 469:Middlewares/Third_Party/LwIP/src/core/inet_chksum.c ****   acc = FOLD_U32T(acc);
 524              		.loc 1 469 0
 525 001a A5B2     		uxth	r5, r4
 526              	.LVL86:
 527 001c 05EB1444 		add	r4, r5, r4, lsr #16
 528              	.LVL87:
 470:Middlewares/Third_Party/LwIP/src/core/inet_chksum.c ****   acc = FOLD_U32T(acc);
 529              		.loc 1 470 0
 530 0020 A5B2     		uxth	r5, r4
 531 0022 05EB1444 		add	r4, r5, r4, lsr #16
 532              	.LVL88:
 471:Middlewares/Third_Party/LwIP/src/core/inet_chksum.c **** 
 472:Middlewares/Third_Party/LwIP/src/core/inet_chksum.c ****   return inet_cksum_pseudo_partial_base(p, proto, proto_len, chksum_len, acc);
 533              		.loc 1 472 0
 534 0026 0094     		str	r4, [sp]
 535              	.LVL89:
 536 0028 FFF7FEFF 		bl	inet_cksum_pseudo_partial_base
 537              	.LVL90:
 473:Middlewares/Third_Party/LwIP/src/core/inet_chksum.c **** }
 538              		.loc 1 473 0
 539 002c 03B0     		add	sp, sp, #12
ARM GAS  /var/folders/0d/93p3r6493yg7p0rvl_4r983m0000gn/T//cceTDdDp.s 			page 19


 540              	.LCFI12:
 541              		.cfi_def_cfa_offset 12
 542              		@ sp needed
 543 002e 30BD     		pop	{r4, r5, pc}
 544              		.cfi_endproc
 545              	.LFE147:
 547              		.section	.text.ip_chksum_pseudo_partial,"ax",%progbits
 548              		.align	1
 549              		.global	ip_chksum_pseudo_partial
 550              		.syntax unified
 551              		.thumb
 552              		.thumb_func
 553              		.fpu fpv4-sp-d16
 555              	ip_chksum_pseudo_partial:
 556              	.LFB148:
 474:Middlewares/Third_Party/LwIP/src/core/inet_chksum.c **** #endif /* LWIP_IPV4 */
 475:Middlewares/Third_Party/LwIP/src/core/inet_chksum.c **** 
 476:Middlewares/Third_Party/LwIP/src/core/inet_chksum.c **** #if LWIP_IPV6
 477:Middlewares/Third_Party/LwIP/src/core/inet_chksum.c **** /**
 478:Middlewares/Third_Party/LwIP/src/core/inet_chksum.c ****  * Calculates the checksum with IPv6 pseudo header used by TCP and UDP for a pbuf chain.
 479:Middlewares/Third_Party/LwIP/src/core/inet_chksum.c ****  * IPv6 addresses are expected to be in network byte order. Will only compute for a
 480:Middlewares/Third_Party/LwIP/src/core/inet_chksum.c ****  * portion of the payload.
 481:Middlewares/Third_Party/LwIP/src/core/inet_chksum.c ****  *
 482:Middlewares/Third_Party/LwIP/src/core/inet_chksum.c ****  * @param p chain of pbufs over that a checksum should be calculated (ip data part)
 483:Middlewares/Third_Party/LwIP/src/core/inet_chksum.c ****  * @param proto ipv6 protocol/next header (used for checksum of pseudo header)
 484:Middlewares/Third_Party/LwIP/src/core/inet_chksum.c ****  * @param proto_len length of the ipv6 payload (used for checksum of pseudo header)
 485:Middlewares/Third_Party/LwIP/src/core/inet_chksum.c ****  * @param chksum_len number of payload bytes used to compute chksum
 486:Middlewares/Third_Party/LwIP/src/core/inet_chksum.c ****  * @param src source ipv6 address (used for checksum of pseudo header)
 487:Middlewares/Third_Party/LwIP/src/core/inet_chksum.c ****  * @param dest destination ipv6 address (used for checksum of pseudo header)
 488:Middlewares/Third_Party/LwIP/src/core/inet_chksum.c ****  * @return checksum (as u16_t) to be saved directly in the protocol header
 489:Middlewares/Third_Party/LwIP/src/core/inet_chksum.c ****  */
 490:Middlewares/Third_Party/LwIP/src/core/inet_chksum.c **** u16_t
 491:Middlewares/Third_Party/LwIP/src/core/inet_chksum.c **** ip6_chksum_pseudo_partial(struct pbuf *p, u8_t proto, u16_t proto_len,
 492:Middlewares/Third_Party/LwIP/src/core/inet_chksum.c ****        u16_t chksum_len, const ip6_addr_t *src, const ip6_addr_t *dest)
 493:Middlewares/Third_Party/LwIP/src/core/inet_chksum.c **** {
 494:Middlewares/Third_Party/LwIP/src/core/inet_chksum.c ****   u32_t acc = 0;
 495:Middlewares/Third_Party/LwIP/src/core/inet_chksum.c ****   u32_t addr;
 496:Middlewares/Third_Party/LwIP/src/core/inet_chksum.c ****   u8_t addr_part;
 497:Middlewares/Third_Party/LwIP/src/core/inet_chksum.c **** 
 498:Middlewares/Third_Party/LwIP/src/core/inet_chksum.c ****   for (addr_part = 0; addr_part < 4; addr_part++) {
 499:Middlewares/Third_Party/LwIP/src/core/inet_chksum.c ****     addr = src->addr[addr_part];
 500:Middlewares/Third_Party/LwIP/src/core/inet_chksum.c ****     acc += (addr & 0xffffUL);
 501:Middlewares/Third_Party/LwIP/src/core/inet_chksum.c ****     acc += ((addr >> 16) & 0xffffUL);
 502:Middlewares/Third_Party/LwIP/src/core/inet_chksum.c ****     addr = dest->addr[addr_part];
 503:Middlewares/Third_Party/LwIP/src/core/inet_chksum.c ****     acc += (addr & 0xffffUL);
 504:Middlewares/Third_Party/LwIP/src/core/inet_chksum.c ****     acc += ((addr >> 16) & 0xffffUL);
 505:Middlewares/Third_Party/LwIP/src/core/inet_chksum.c ****   }
 506:Middlewares/Third_Party/LwIP/src/core/inet_chksum.c ****   /* fold down to 16 bits */
 507:Middlewares/Third_Party/LwIP/src/core/inet_chksum.c ****   acc = FOLD_U32T(acc);
 508:Middlewares/Third_Party/LwIP/src/core/inet_chksum.c ****   acc = FOLD_U32T(acc);
 509:Middlewares/Third_Party/LwIP/src/core/inet_chksum.c **** 
 510:Middlewares/Third_Party/LwIP/src/core/inet_chksum.c ****   return inet_cksum_pseudo_partial_base(p, proto, proto_len, chksum_len, acc);
 511:Middlewares/Third_Party/LwIP/src/core/inet_chksum.c **** }
 512:Middlewares/Third_Party/LwIP/src/core/inet_chksum.c **** #endif /* LWIP_IPV6 */
 513:Middlewares/Third_Party/LwIP/src/core/inet_chksum.c **** 
 514:Middlewares/Third_Party/LwIP/src/core/inet_chksum.c **** /* ip_chksum_pseudo_partial:
 515:Middlewares/Third_Party/LwIP/src/core/inet_chksum.c ****  *
ARM GAS  /var/folders/0d/93p3r6493yg7p0rvl_4r983m0000gn/T//cceTDdDp.s 			page 20


 516:Middlewares/Third_Party/LwIP/src/core/inet_chksum.c ****  * Calculates the IPv4 or IPv6 pseudo Internet checksum used by TCP and UDP for a pbuf chain.
 517:Middlewares/Third_Party/LwIP/src/core/inet_chksum.c ****  *
 518:Middlewares/Third_Party/LwIP/src/core/inet_chksum.c ****  * @param p chain of pbufs over that a checksum should be calculated (ip data part)
 519:Middlewares/Third_Party/LwIP/src/core/inet_chksum.c ****  * @param src source ip address (used for checksum of pseudo header)
 520:Middlewares/Third_Party/LwIP/src/core/inet_chksum.c ****  * @param dst destination ip address (used for checksum of pseudo header)
 521:Middlewares/Third_Party/LwIP/src/core/inet_chksum.c ****  * @param proto ip protocol (used for checksum of pseudo header)
 522:Middlewares/Third_Party/LwIP/src/core/inet_chksum.c ****  * @param proto_len length of the ip data part (used for checksum of pseudo header)
 523:Middlewares/Third_Party/LwIP/src/core/inet_chksum.c ****  * @return checksum (as u16_t) to be saved directly in the protocol header
 524:Middlewares/Third_Party/LwIP/src/core/inet_chksum.c ****  */
 525:Middlewares/Third_Party/LwIP/src/core/inet_chksum.c **** u16_t
 526:Middlewares/Third_Party/LwIP/src/core/inet_chksum.c **** ip_chksum_pseudo_partial(struct pbuf *p, u8_t proto, u16_t proto_len,
 527:Middlewares/Third_Party/LwIP/src/core/inet_chksum.c ****        u16_t chksum_len, const ip_addr_t *src, const ip_addr_t *dest)
 528:Middlewares/Third_Party/LwIP/src/core/inet_chksum.c **** {
 557              		.loc 1 528 0
 558              		.cfi_startproc
 559              		@ args = 8, pretend = 0, frame = 0
 560              		@ frame_needed = 0, uses_anonymous_args = 0
 561              	.LVL91:
 562 0000 10B5     		push	{r4, lr}
 563              	.LCFI13:
 564              		.cfi_def_cfa_offset 8
 565              		.cfi_offset 4, -8
 566              		.cfi_offset 14, -4
 567 0002 82B0     		sub	sp, sp, #8
 568              	.LCFI14:
 569              		.cfi_def_cfa_offset 16
 529:Middlewares/Third_Party/LwIP/src/core/inet_chksum.c **** #if LWIP_IPV6
 530:Middlewares/Third_Party/LwIP/src/core/inet_chksum.c ****   if (IP_IS_V6(dest)) {
 531:Middlewares/Third_Party/LwIP/src/core/inet_chksum.c ****     return ip6_chksum_pseudo_partial(p, proto, proto_len, chksum_len, ip_2_ip6(src), ip_2_ip6(dest)
 532:Middlewares/Third_Party/LwIP/src/core/inet_chksum.c ****   }
 533:Middlewares/Third_Party/LwIP/src/core/inet_chksum.c **** #endif /* LWIP_IPV6 */
 534:Middlewares/Third_Party/LwIP/src/core/inet_chksum.c **** #if LWIP_IPV4 && LWIP_IPV6
 535:Middlewares/Third_Party/LwIP/src/core/inet_chksum.c ****   else
 536:Middlewares/Third_Party/LwIP/src/core/inet_chksum.c **** #endif /* LWIP_IPV4 && LWIP_IPV6 */
 537:Middlewares/Third_Party/LwIP/src/core/inet_chksum.c **** #if LWIP_IPV4
 538:Middlewares/Third_Party/LwIP/src/core/inet_chksum.c ****   {
 539:Middlewares/Third_Party/LwIP/src/core/inet_chksum.c ****     return inet_chksum_pseudo_partial(p, proto, proto_len, chksum_len, ip_2_ip4(src), ip_2_ip4(dest
 570              		.loc 1 539 0
 571 0004 059C     		ldr	r4, [sp, #20]
 572 0006 0194     		str	r4, [sp, #4]
 573 0008 049C     		ldr	r4, [sp, #16]
 574 000a 0094     		str	r4, [sp]
 575 000c FFF7FEFF 		bl	inet_chksum_pseudo_partial
 576              	.LVL92:
 540:Middlewares/Third_Party/LwIP/src/core/inet_chksum.c ****   }
 541:Middlewares/Third_Party/LwIP/src/core/inet_chksum.c **** #endif /* LWIP_IPV4 */
 542:Middlewares/Third_Party/LwIP/src/core/inet_chksum.c **** }
 577              		.loc 1 542 0
 578 0010 02B0     		add	sp, sp, #8
 579              	.LCFI15:
 580              		.cfi_def_cfa_offset 8
 581              		@ sp needed
 582 0012 10BD     		pop	{r4, pc}
 583              		.cfi_endproc
 584              	.LFE148:
 586              		.section	.text.inet_chksum,"ax",%progbits
 587              		.align	1
ARM GAS  /var/folders/0d/93p3r6493yg7p0rvl_4r983m0000gn/T//cceTDdDp.s 			page 21


 588              		.global	inet_chksum
 589              		.syntax unified
 590              		.thumb
 591              		.thumb_func
 592              		.fpu fpv4-sp-d16
 594              	inet_chksum:
 595              	.LFB149:
 543:Middlewares/Third_Party/LwIP/src/core/inet_chksum.c **** 
 544:Middlewares/Third_Party/LwIP/src/core/inet_chksum.c **** /* inet_chksum:
 545:Middlewares/Third_Party/LwIP/src/core/inet_chksum.c ****  *
 546:Middlewares/Third_Party/LwIP/src/core/inet_chksum.c ****  * Calculates the Internet checksum over a portion of memory. Used primarily for IP
 547:Middlewares/Third_Party/LwIP/src/core/inet_chksum.c ****  * and ICMP.
 548:Middlewares/Third_Party/LwIP/src/core/inet_chksum.c ****  *
 549:Middlewares/Third_Party/LwIP/src/core/inet_chksum.c ****  * @param dataptr start of the buffer to calculate the checksum (no alignment needed)
 550:Middlewares/Third_Party/LwIP/src/core/inet_chksum.c ****  * @param len length of the buffer to calculate the checksum
 551:Middlewares/Third_Party/LwIP/src/core/inet_chksum.c ****  * @return checksum (as u16_t) to be saved directly in the protocol header
 552:Middlewares/Third_Party/LwIP/src/core/inet_chksum.c ****  */
 553:Middlewares/Third_Party/LwIP/src/core/inet_chksum.c **** 
 554:Middlewares/Third_Party/LwIP/src/core/inet_chksum.c **** u16_t
 555:Middlewares/Third_Party/LwIP/src/core/inet_chksum.c **** inet_chksum(const void *dataptr, u16_t len)
 556:Middlewares/Third_Party/LwIP/src/core/inet_chksum.c **** {
 596              		.loc 1 556 0
 597              		.cfi_startproc
 598              		@ args = 0, pretend = 0, frame = 0
 599              		@ frame_needed = 0, uses_anonymous_args = 0
 600              	.LVL93:
 601 0000 08B5     		push	{r3, lr}
 602              	.LCFI16:
 603              		.cfi_def_cfa_offset 8
 604              		.cfi_offset 3, -8
 605              		.cfi_offset 14, -4
 557:Middlewares/Third_Party/LwIP/src/core/inet_chksum.c ****   return (u16_t)~(unsigned int)LWIP_CHKSUM(dataptr, len);
 606              		.loc 1 557 0
 607 0002 FFF7FEFF 		bl	lwip_standard_chksum
 608              	.LVL94:
 609 0006 C043     		mvns	r0, r0
 558:Middlewares/Third_Party/LwIP/src/core/inet_chksum.c **** }
 610              		.loc 1 558 0
 611 0008 80B2     		uxth	r0, r0
 612 000a 08BD     		pop	{r3, pc}
 613              		.cfi_endproc
 614              	.LFE149:
 616              		.section	.text.inet_chksum_pbuf,"ax",%progbits
 617              		.align	1
 618              		.global	inet_chksum_pbuf
 619              		.syntax unified
 620              		.thumb
 621              		.thumb_func
 622              		.fpu fpv4-sp-d16
 624              	inet_chksum_pbuf:
 625              	.LFB150:
 559:Middlewares/Third_Party/LwIP/src/core/inet_chksum.c **** 
 560:Middlewares/Third_Party/LwIP/src/core/inet_chksum.c **** /**
 561:Middlewares/Third_Party/LwIP/src/core/inet_chksum.c ****  * Calculate a checksum over a chain of pbufs (without pseudo-header, much like
 562:Middlewares/Third_Party/LwIP/src/core/inet_chksum.c ****  * inet_chksum only pbufs are used).
 563:Middlewares/Third_Party/LwIP/src/core/inet_chksum.c ****  *
 564:Middlewares/Third_Party/LwIP/src/core/inet_chksum.c ****  * @param p pbuf chain over that the checksum should be calculated
ARM GAS  /var/folders/0d/93p3r6493yg7p0rvl_4r983m0000gn/T//cceTDdDp.s 			page 22


 565:Middlewares/Third_Party/LwIP/src/core/inet_chksum.c ****  * @return checksum (as u16_t) to be saved directly in the protocol header
 566:Middlewares/Third_Party/LwIP/src/core/inet_chksum.c ****  */
 567:Middlewares/Third_Party/LwIP/src/core/inet_chksum.c **** u16_t
 568:Middlewares/Third_Party/LwIP/src/core/inet_chksum.c **** inet_chksum_pbuf(struct pbuf *p)
 569:Middlewares/Third_Party/LwIP/src/core/inet_chksum.c **** {
 626              		.loc 1 569 0
 627              		.cfi_startproc
 628              		@ args = 0, pretend = 0, frame = 0
 629              		@ frame_needed = 0, uses_anonymous_args = 0
 630              	.LVL95:
 631 0000 70B5     		push	{r4, r5, r6, lr}
 632              	.LCFI17:
 633              		.cfi_def_cfa_offset 16
 634              		.cfi_offset 4, -16
 635              		.cfi_offset 5, -12
 636              		.cfi_offset 6, -8
 637              		.cfi_offset 14, -4
 638 0002 0546     		mov	r5, r0
 639              	.LVL96:
 570:Middlewares/Third_Party/LwIP/src/core/inet_chksum.c ****   u32_t acc;
 571:Middlewares/Third_Party/LwIP/src/core/inet_chksum.c ****   struct pbuf *q;
 572:Middlewares/Third_Party/LwIP/src/core/inet_chksum.c ****   u8_t swapped;
 573:Middlewares/Third_Party/LwIP/src/core/inet_chksum.c **** 
 574:Middlewares/Third_Party/LwIP/src/core/inet_chksum.c ****   acc = 0;
 575:Middlewares/Third_Party/LwIP/src/core/inet_chksum.c ****   swapped = 0;
 640              		.loc 1 575 0
 641 0004 0026     		movs	r6, #0
 574:Middlewares/Third_Party/LwIP/src/core/inet_chksum.c ****   swapped = 0;
 642              		.loc 1 574 0
 643 0006 3446     		mov	r4, r6
 576:Middlewares/Third_Party/LwIP/src/core/inet_chksum.c ****   for (q = p; q != NULL; q = q->next) {
 644              		.loc 1 576 0
 645 0008 00E0     		b	.L39
 646              	.LVL97:
 647              	.L40:
 648              		.loc 1 576 0 is_stmt 0 discriminator 2
 649 000a 2D68     		ldr	r5, [r5]
 650              	.LVL98:
 651              	.L39:
 652              		.loc 1 576 0 discriminator 1
 653 000c A5B1     		cbz	r5, .L44
 577:Middlewares/Third_Party/LwIP/src/core/inet_chksum.c ****     acc += LWIP_CHKSUM(q->payload, q->len);
 654              		.loc 1 577 0 is_stmt 1
 655 000e 6989     		ldrh	r1, [r5, #10]
 656 0010 6868     		ldr	r0, [r5, #4]
 657 0012 FFF7FEFF 		bl	lwip_standard_chksum
 658              	.LVL99:
 659 0016 2044     		add	r0, r0, r4
 660              	.LVL100:
 578:Middlewares/Third_Party/LwIP/src/core/inet_chksum.c ****     acc = FOLD_U32T(acc);
 661              		.loc 1 578 0
 662 0018 84B2     		uxth	r4, r0
 663 001a 04EB1044 		add	r4, r4, r0, lsr #16
 664              	.LVL101:
 579:Middlewares/Third_Party/LwIP/src/core/inet_chksum.c ****     if (q->len % 2 != 0) {
 665              		.loc 1 579 0
 666 001e 6B89     		ldrh	r3, [r5, #10]
ARM GAS  /var/folders/0d/93p3r6493yg7p0rvl_4r983m0000gn/T//cceTDdDp.s 			page 23


 667 0020 13F0010F 		tst	r3, #1
 668 0024 F1D0     		beq	.L40
 580:Middlewares/Third_Party/LwIP/src/core/inet_chksum.c ****       swapped = 1 - swapped;
 669              		.loc 1 580 0
 670 0026 C6F10106 		rsb	r6, r6, #1
 671              	.LVL102:
 672 002a F6B2     		uxtb	r6, r6
 673              	.LVL103:
 581:Middlewares/Third_Party/LwIP/src/core/inet_chksum.c ****       acc = SWAP_BYTES_IN_WORD(acc);
 674              		.loc 1 581 0
 675 002c 2302     		lsls	r3, r4, #8
 676 002e 9BB2     		uxth	r3, r3
 677 0030 C4F30724 		ubfx	r4, r4, #8, #8
 678              	.LVL104:
 679 0034 1C43     		orrs	r4, r4, r3
 680              	.LVL105:
 681 0036 E8E7     		b	.L40
 682              	.L44:
 582:Middlewares/Third_Party/LwIP/src/core/inet_chksum.c ****     }
 583:Middlewares/Third_Party/LwIP/src/core/inet_chksum.c ****   }
 584:Middlewares/Third_Party/LwIP/src/core/inet_chksum.c **** 
 585:Middlewares/Third_Party/LwIP/src/core/inet_chksum.c ****   if (swapped) {
 683              		.loc 1 585 0
 684 0038 26B1     		cbz	r6, .L42
 586:Middlewares/Third_Party/LwIP/src/core/inet_chksum.c ****     acc = SWAP_BYTES_IN_WORD(acc);
 685              		.loc 1 586 0
 686 003a 2302     		lsls	r3, r4, #8
 687 003c 9BB2     		uxth	r3, r3
 688 003e C4F30724 		ubfx	r4, r4, #8, #8
 689              	.LVL106:
 690 0042 1C43     		orrs	r4, r4, r3
 691              	.LVL107:
 692              	.L42:
 587:Middlewares/Third_Party/LwIP/src/core/inet_chksum.c ****   }
 588:Middlewares/Third_Party/LwIP/src/core/inet_chksum.c ****   return (u16_t)~(acc & 0xffffUL);
 693              		.loc 1 588 0
 694 0044 E043     		mvns	r0, r4
 589:Middlewares/Third_Party/LwIP/src/core/inet_chksum.c **** }
 695              		.loc 1 589 0
 696 0046 80B2     		uxth	r0, r0
 697 0048 70BD     		pop	{r4, r5, r6, pc}
 698              		.cfi_endproc
 699              	.LFE150:
 701              		.section	.rodata.inet_cksum_pseudo_partial_base.str1.4,"aMS",%progbits,1
 702              		.align	2
 703              	.LC0:
 704 0000 4D696464 		.ascii	"Middlewares/Third_Party/LwIP/src/core/inet_chksum.c"
 704      6C657761 
 704      7265732F 
 704      54686972 
 704      645F5061 
 705 0033 00       		.ascii	"\000"
 706              	.LC1:
 707 0034 64656C65 		.ascii	"delete me\000"
 707      7465206D 
 707      6500
 708 003e 0000     		.space	2
ARM GAS  /var/folders/0d/93p3r6493yg7p0rvl_4r983m0000gn/T//cceTDdDp.s 			page 24


 709              	.LC2:
 710 0040 41737365 		.ascii	"Assertion \"%s\" failed at line %d in %s\012\000"
 710      7274696F 
 710      6E202225 
 710      73222066 
 710      61696C65 
 711              		.text
 712              	.Letext0:
 713              		.file 2 "/usr/local/gcc_arm/gcc-arm-none-eabi-7-2017-q4-major/arm-none-eabi/include/machine/_defau
 714              		.file 3 "/usr/local/gcc_arm/gcc-arm-none-eabi-7-2017-q4-major/arm-none-eabi/include/sys/_stdint.h"
 715              		.file 4 "Drivers/CMSIS/Include/core_cm4.h"
 716              		.file 5 "Drivers/CMSIS/Device/ST/STM32F4xx/Include/system_stm32f4xx.h"
 717              		.file 6 "/usr/local/gcc_arm/gcc-arm-none-eabi-7-2017-q4-major/arm-none-eabi/include/sys/lock.h"
 718              		.file 7 "/usr/local/gcc_arm/gcc-arm-none-eabi-7-2017-q4-major/arm-none-eabi/include/sys/_types.h"
 719              		.file 8 "/usr/local/gcc_arm/gcc-arm-none-eabi-7-2017-q4-major/lib/gcc/arm-none-eabi/7.2.1/include/
 720              		.file 9 "/usr/local/gcc_arm/gcc-arm-none-eabi-7-2017-q4-major/arm-none-eabi/include/sys/reent.h"
 721              		.file 10 "/usr/local/gcc_arm/gcc-arm-none-eabi-7-2017-q4-major/arm-none-eabi/include/stdlib.h"
 722              		.file 11 "/usr/local/gcc_arm/gcc-arm-none-eabi-7-2017-q4-major/arm-none-eabi/include/time.h"
 723              		.file 12 "Middlewares/Third_Party/LwIP/src/include/lwip/arch.h"
 724              		.file 13 "Middlewares/Third_Party/LwIP/src/include/lwip/pbuf.h"
 725              		.file 14 "Middlewares/Third_Party/LwIP/src/include/lwip/ip4_addr.h"
 726              		.file 15 "Middlewares/Third_Party/LwIP/src/include/lwip/ip_addr.h"
 727              		.file 16 "/usr/local/gcc_arm/gcc-arm-none-eabi-7-2017-q4-major/arm-none-eabi/include/stdio.h"
 728              		.file 17 "Middlewares/Third_Party/LwIP/src/include/lwip/def.h"
ARM GAS  /var/folders/0d/93p3r6493yg7p0rvl_4r983m0000gn/T//cceTDdDp.s 			page 25


DEFINED SYMBOLS
                            *ABS*:0000000000000000 inet_chksum.c
/var/folders/0d/93p3r6493yg7p0rvl_4r983m0000gn/T//cceTDdDp.s:18     .text.lwip_standard_chksum:0000000000000000 $t
/var/folders/0d/93p3r6493yg7p0rvl_4r983m0000gn/T//cceTDdDp.s:25     .text.lwip_standard_chksum:0000000000000000 lwip_standard_chksum
/var/folders/0d/93p3r6493yg7p0rvl_4r983m0000gn/T//cceTDdDp.s:131    .text.inet_cksum_pseudo_base:0000000000000000 $t
/var/folders/0d/93p3r6493yg7p0rvl_4r983m0000gn/T//cceTDdDp.s:137    .text.inet_cksum_pseudo_base:0000000000000000 inet_cksum_pseudo_base
/var/folders/0d/93p3r6493yg7p0rvl_4r983m0000gn/T//cceTDdDp.s:240    .text.inet_cksum_pseudo_partial_base:0000000000000000 $t
/var/folders/0d/93p3r6493yg7p0rvl_4r983m0000gn/T//cceTDdDp.s:246    .text.inet_cksum_pseudo_partial_base:0000000000000000 inet_cksum_pseudo_partial_base
/var/folders/0d/93p3r6493yg7p0rvl_4r983m0000gn/T//cceTDdDp.s:384    .text.inet_cksum_pseudo_partial_base:00000000000000a0 $d
/var/folders/0d/93p3r6493yg7p0rvl_4r983m0000gn/T//cceTDdDp.s:391    .text.inet_chksum_pseudo:0000000000000000 $t
/var/folders/0d/93p3r6493yg7p0rvl_4r983m0000gn/T//cceTDdDp.s:398    .text.inet_chksum_pseudo:0000000000000000 inet_chksum_pseudo
/var/folders/0d/93p3r6493yg7p0rvl_4r983m0000gn/T//cceTDdDp.s:446    .text.ip_chksum_pseudo:0000000000000000 $t
/var/folders/0d/93p3r6493yg7p0rvl_4r983m0000gn/T//cceTDdDp.s:453    .text.ip_chksum_pseudo:0000000000000000 ip_chksum_pseudo
/var/folders/0d/93p3r6493yg7p0rvl_4r983m0000gn/T//cceTDdDp.s:483    .text.inet_chksum_pseudo_partial:0000000000000000 $t
/var/folders/0d/93p3r6493yg7p0rvl_4r983m0000gn/T//cceTDdDp.s:490    .text.inet_chksum_pseudo_partial:0000000000000000 inet_chksum_pseudo_partial
/var/folders/0d/93p3r6493yg7p0rvl_4r983m0000gn/T//cceTDdDp.s:548    .text.ip_chksum_pseudo_partial:0000000000000000 $t
/var/folders/0d/93p3r6493yg7p0rvl_4r983m0000gn/T//cceTDdDp.s:555    .text.ip_chksum_pseudo_partial:0000000000000000 ip_chksum_pseudo_partial
/var/folders/0d/93p3r6493yg7p0rvl_4r983m0000gn/T//cceTDdDp.s:587    .text.inet_chksum:0000000000000000 $t
/var/folders/0d/93p3r6493yg7p0rvl_4r983m0000gn/T//cceTDdDp.s:594    .text.inet_chksum:0000000000000000 inet_chksum
/var/folders/0d/93p3r6493yg7p0rvl_4r983m0000gn/T//cceTDdDp.s:617    .text.inet_chksum_pbuf:0000000000000000 $t
/var/folders/0d/93p3r6493yg7p0rvl_4r983m0000gn/T//cceTDdDp.s:624    .text.inet_chksum_pbuf:0000000000000000 inet_chksum_pbuf
/var/folders/0d/93p3r6493yg7p0rvl_4r983m0000gn/T//cceTDdDp.s:702    .rodata.inet_cksum_pseudo_partial_base.str1.4:0000000000000000 $d

UNDEFINED SYMBOLS
lwip_htons
printf
