ARM GAS  /var/folders/0d/93p3r6493yg7p0rvl_4r983m0000gn/T//ccHhlG5t.s 			page 1


   1              		.cpu cortex-m4
   2              		.eabi_attribute 27, 1
   3              		.eabi_attribute 28, 1
   4              		.eabi_attribute 20, 1
   5              		.eabi_attribute 21, 1
   6              		.eabi_attribute 23, 3
   7              		.eabi_attribute 24, 1
   8              		.eabi_attribute 25, 1
   9              		.eabi_attribute 26, 1
  10              		.eabi_attribute 30, 1
  11              		.eabi_attribute 34, 1
  12              		.eabi_attribute 18, 4
  13              		.file	"ip4_addr.c"
  14              		.text
  15              	.Ltext0:
  16              		.cfi_sections	.debug_frame
  17              		.section	.text.ip4_addr_isbroadcast_u32,"ax",%progbits
  18              		.align	1
  19              		.global	ip4_addr_isbroadcast_u32
  20              		.syntax unified
  21              		.thumb
  22              		.thumb_func
  23              		.fpu fpv4-sp-d16
  25              	ip4_addr_isbroadcast_u32:
  26              	.LFB142:
  27              		.file 1 "Middlewares/Third_Party/LwIP/src/core/ipv4/ip4_addr.c"
   1:Middlewares/Third_Party/LwIP/src/core/ipv4/ip4_addr.c **** /**
   2:Middlewares/Third_Party/LwIP/src/core/ipv4/ip4_addr.c ****  * @file
   3:Middlewares/Third_Party/LwIP/src/core/ipv4/ip4_addr.c ****  * This is the IPv4 address tools implementation.
   4:Middlewares/Third_Party/LwIP/src/core/ipv4/ip4_addr.c ****  *
   5:Middlewares/Third_Party/LwIP/src/core/ipv4/ip4_addr.c ****  */
   6:Middlewares/Third_Party/LwIP/src/core/ipv4/ip4_addr.c **** 
   7:Middlewares/Third_Party/LwIP/src/core/ipv4/ip4_addr.c **** /*
   8:Middlewares/Third_Party/LwIP/src/core/ipv4/ip4_addr.c ****  * Copyright (c) 2001-2004 Swedish Institute of Computer Science.
   9:Middlewares/Third_Party/LwIP/src/core/ipv4/ip4_addr.c ****  * All rights reserved.
  10:Middlewares/Third_Party/LwIP/src/core/ipv4/ip4_addr.c ****  *
  11:Middlewares/Third_Party/LwIP/src/core/ipv4/ip4_addr.c ****  * Redistribution and use in source and binary forms, with or without modification,
  12:Middlewares/Third_Party/LwIP/src/core/ipv4/ip4_addr.c ****  * are permitted provided that the following conditions are met:
  13:Middlewares/Third_Party/LwIP/src/core/ipv4/ip4_addr.c ****  *
  14:Middlewares/Third_Party/LwIP/src/core/ipv4/ip4_addr.c ****  * 1. Redistributions of source code must retain the above copyright notice,
  15:Middlewares/Third_Party/LwIP/src/core/ipv4/ip4_addr.c ****  *    this list of conditions and the following disclaimer.
  16:Middlewares/Third_Party/LwIP/src/core/ipv4/ip4_addr.c ****  * 2. Redistributions in binary form must reproduce the above copyright notice,
  17:Middlewares/Third_Party/LwIP/src/core/ipv4/ip4_addr.c ****  *    this list of conditions and the following disclaimer in the documentation
  18:Middlewares/Third_Party/LwIP/src/core/ipv4/ip4_addr.c ****  *    and/or other materials provided with the distribution.
  19:Middlewares/Third_Party/LwIP/src/core/ipv4/ip4_addr.c ****  * 3. The name of the author may not be used to endorse or promote products
  20:Middlewares/Third_Party/LwIP/src/core/ipv4/ip4_addr.c ****  *    derived from this software without specific prior written permission.
  21:Middlewares/Third_Party/LwIP/src/core/ipv4/ip4_addr.c ****  *
  22:Middlewares/Third_Party/LwIP/src/core/ipv4/ip4_addr.c ****  * THIS SOFTWARE IS PROVIDED BY THE AUTHOR ``AS IS'' AND ANY EXPRESS OR IMPLIED
  23:Middlewares/Third_Party/LwIP/src/core/ipv4/ip4_addr.c ****  * WARRANTIES, INCLUDING, BUT NOT LIMITED TO, THE IMPLIED WARRANTIES OF
  24:Middlewares/Third_Party/LwIP/src/core/ipv4/ip4_addr.c ****  * MERCHANTABILITY AND FITNESS FOR A PARTICULAR PURPOSE ARE DISCLAIMED. IN NO EVENT
  25:Middlewares/Third_Party/LwIP/src/core/ipv4/ip4_addr.c ****  * SHALL THE AUTHOR BE LIABLE FOR ANY DIRECT, INDIRECT, INCIDENTAL, SPECIAL,
  26:Middlewares/Third_Party/LwIP/src/core/ipv4/ip4_addr.c ****  * EXEMPLARY, OR CONSEQUENTIAL DAMAGES (INCLUDING, BUT NOT LIMITED TO, PROCUREMENT
  27:Middlewares/Third_Party/LwIP/src/core/ipv4/ip4_addr.c ****  * OF SUBSTITUTE GOODS OR SERVICES; LOSS OF USE, DATA, OR PROFITS; OR BUSINESS
  28:Middlewares/Third_Party/LwIP/src/core/ipv4/ip4_addr.c ****  * INTERRUPTION) HOWEVER CAUSED AND ON ANY THEORY OF LIABILITY, WHETHER IN
  29:Middlewares/Third_Party/LwIP/src/core/ipv4/ip4_addr.c ****  * CONTRACT, STRICT LIABILITY, OR TORT (INCLUDING NEGLIGENCE OR OTHERWISE) ARISING
  30:Middlewares/Third_Party/LwIP/src/core/ipv4/ip4_addr.c ****  * IN ANY WAY OUT OF THE USE OF THIS SOFTWARE, EVEN IF ADVISED OF THE POSSIBILITY
  31:Middlewares/Third_Party/LwIP/src/core/ipv4/ip4_addr.c ****  * OF SUCH DAMAGE.
ARM GAS  /var/folders/0d/93p3r6493yg7p0rvl_4r983m0000gn/T//ccHhlG5t.s 			page 2


  32:Middlewares/Third_Party/LwIP/src/core/ipv4/ip4_addr.c ****  *
  33:Middlewares/Third_Party/LwIP/src/core/ipv4/ip4_addr.c ****  * This file is part of the lwIP TCP/IP stack.
  34:Middlewares/Third_Party/LwIP/src/core/ipv4/ip4_addr.c ****  *
  35:Middlewares/Third_Party/LwIP/src/core/ipv4/ip4_addr.c ****  * Author: Adam Dunkels <adam@sics.se>
  36:Middlewares/Third_Party/LwIP/src/core/ipv4/ip4_addr.c ****  *
  37:Middlewares/Third_Party/LwIP/src/core/ipv4/ip4_addr.c ****  */
  38:Middlewares/Third_Party/LwIP/src/core/ipv4/ip4_addr.c **** 
  39:Middlewares/Third_Party/LwIP/src/core/ipv4/ip4_addr.c **** #include "lwip/opt.h"
  40:Middlewares/Third_Party/LwIP/src/core/ipv4/ip4_addr.c **** 
  41:Middlewares/Third_Party/LwIP/src/core/ipv4/ip4_addr.c **** #if LWIP_IPV4
  42:Middlewares/Third_Party/LwIP/src/core/ipv4/ip4_addr.c **** 
  43:Middlewares/Third_Party/LwIP/src/core/ipv4/ip4_addr.c **** #include "lwip/ip_addr.h"
  44:Middlewares/Third_Party/LwIP/src/core/ipv4/ip4_addr.c **** #include "lwip/netif.h"
  45:Middlewares/Third_Party/LwIP/src/core/ipv4/ip4_addr.c **** 
  46:Middlewares/Third_Party/LwIP/src/core/ipv4/ip4_addr.c **** /* used by IP4_ADDR_ANY and IP_ADDR_BROADCAST in ip_addr.h */
  47:Middlewares/Third_Party/LwIP/src/core/ipv4/ip4_addr.c **** const ip_addr_t ip_addr_any = IPADDR4_INIT(IPADDR_ANY);
  48:Middlewares/Third_Party/LwIP/src/core/ipv4/ip4_addr.c **** const ip_addr_t ip_addr_broadcast = IPADDR4_INIT(IPADDR_BROADCAST);
  49:Middlewares/Third_Party/LwIP/src/core/ipv4/ip4_addr.c **** 
  50:Middlewares/Third_Party/LwIP/src/core/ipv4/ip4_addr.c **** /**
  51:Middlewares/Third_Party/LwIP/src/core/ipv4/ip4_addr.c ****  * Determine if an address is a broadcast address on a network interface
  52:Middlewares/Third_Party/LwIP/src/core/ipv4/ip4_addr.c ****  *
  53:Middlewares/Third_Party/LwIP/src/core/ipv4/ip4_addr.c ****  * @param addr address to be checked
  54:Middlewares/Third_Party/LwIP/src/core/ipv4/ip4_addr.c ****  * @param netif the network interface against which the address is checked
  55:Middlewares/Third_Party/LwIP/src/core/ipv4/ip4_addr.c ****  * @return returns non-zero if the address is a broadcast address
  56:Middlewares/Third_Party/LwIP/src/core/ipv4/ip4_addr.c ****  */
  57:Middlewares/Third_Party/LwIP/src/core/ipv4/ip4_addr.c **** u8_t
  58:Middlewares/Third_Party/LwIP/src/core/ipv4/ip4_addr.c **** ip4_addr_isbroadcast_u32(u32_t addr, const struct netif *netif)
  59:Middlewares/Third_Party/LwIP/src/core/ipv4/ip4_addr.c **** {
  28              		.loc 1 59 0
  29              		.cfi_startproc
  30              		@ args = 0, pretend = 0, frame = 0
  31              		@ frame_needed = 0, uses_anonymous_args = 0
  32              		@ link register save eliminated.
  33              	.LVL0:
  60:Middlewares/Third_Party/LwIP/src/core/ipv4/ip4_addr.c ****   ip4_addr_t ipaddr;
  61:Middlewares/Third_Party/LwIP/src/core/ipv4/ip4_addr.c ****   ip4_addr_set_u32(&ipaddr, addr);
  62:Middlewares/Third_Party/LwIP/src/core/ipv4/ip4_addr.c **** 
  63:Middlewares/Third_Party/LwIP/src/core/ipv4/ip4_addr.c ****   /* all ones (broadcast) or all zeroes (old skool broadcast) */
  64:Middlewares/Third_Party/LwIP/src/core/ipv4/ip4_addr.c ****   if ((~addr == IPADDR_ANY) ||
  34              		.loc 1 64 0
  35 0000 431E     		subs	r3, r0, #1
  36 0002 13F1030F 		cmn	r3, #3
  37 0006 11D8     		bhi	.L3
  65:Middlewares/Third_Party/LwIP/src/core/ipv4/ip4_addr.c ****       (addr == IPADDR_ANY)) {
  66:Middlewares/Third_Party/LwIP/src/core/ipv4/ip4_addr.c ****     return 1;
  67:Middlewares/Third_Party/LwIP/src/core/ipv4/ip4_addr.c ****   /* no broadcast support on this network interface? */
  68:Middlewares/Third_Party/LwIP/src/core/ipv4/ip4_addr.c ****   } else if ((netif->flags & NETIF_FLAG_BROADCAST) == 0) {
  38              		.loc 1 68 0
  39 0008 91F82F30 		ldrb	r3, [r1, #47]	@ zero_extendqisi2
  40 000c 13F0020F 		tst	r3, #2
  41 0010 0ED0     		beq	.L4
  69:Middlewares/Third_Party/LwIP/src/core/ipv4/ip4_addr.c ****     /* the given address cannot be a broadcast address
  70:Middlewares/Third_Party/LwIP/src/core/ipv4/ip4_addr.c ****      * nor can we check against any broadcast addresses */
  71:Middlewares/Third_Party/LwIP/src/core/ipv4/ip4_addr.c ****     return 0;
  72:Middlewares/Third_Party/LwIP/src/core/ipv4/ip4_addr.c ****   /* address matches network interface address exactly? => no broadcast */
  73:Middlewares/Third_Party/LwIP/src/core/ipv4/ip4_addr.c ****   } else if (addr == ip4_addr_get_u32(netif_ip4_addr(netif))) {
  42              		.loc 1 73 0
ARM GAS  /var/folders/0d/93p3r6493yg7p0rvl_4r983m0000gn/T//ccHhlG5t.s 			page 3


  43 0012 4B68     		ldr	r3, [r1, #4]
  44 0014 8342     		cmp	r3, r0
  45 0016 0DD0     		beq	.L5
  74:Middlewares/Third_Party/LwIP/src/core/ipv4/ip4_addr.c ****     return 0;
  75:Middlewares/Third_Party/LwIP/src/core/ipv4/ip4_addr.c ****   /*  on the same (sub) network... */
  76:Middlewares/Third_Party/LwIP/src/core/ipv4/ip4_addr.c ****   } else if (ip4_addr_netcmp(&ipaddr, netif_ip4_addr(netif), netif_ip4_netmask(netif))
  46              		.loc 1 76 0
  47 0018 8A68     		ldr	r2, [r1, #8]
  48 001a 4340     		eors	r3, r3, r0
  49 001c 1342     		tst	r3, r2
  50 001e 0BD1     		bne	.L6
  77:Middlewares/Third_Party/LwIP/src/core/ipv4/ip4_addr.c ****          /* ...and host identifier bits are all ones? =>... */
  78:Middlewares/Third_Party/LwIP/src/core/ipv4/ip4_addr.c ****           && ((addr & ~ip4_addr_get_u32(netif_ip4_netmask(netif))) ==
  51              		.loc 1 78 0
  52 0020 D243     		mvns	r2, r2
  53 0022 32EA0003 		bics	r3, r2, r0
  54 0026 09D0     		beq	.L7
  79:Middlewares/Third_Party/LwIP/src/core/ipv4/ip4_addr.c ****            (IPADDR_BROADCAST & ~ip4_addr_get_u32(netif_ip4_netmask(netif))))) {
  80:Middlewares/Third_Party/LwIP/src/core/ipv4/ip4_addr.c ****     /* => network broadcast address */
  81:Middlewares/Third_Party/LwIP/src/core/ipv4/ip4_addr.c ****     return 1;
  82:Middlewares/Third_Party/LwIP/src/core/ipv4/ip4_addr.c ****   } else {
  83:Middlewares/Third_Party/LwIP/src/core/ipv4/ip4_addr.c ****     return 0;
  55              		.loc 1 83 0
  56 0028 0020     		movs	r0, #0
  57              	.LVL1:
  58 002a 7047     		bx	lr
  59              	.LVL2:
  60              	.L3:
  66:Middlewares/Third_Party/LwIP/src/core/ipv4/ip4_addr.c ****   /* no broadcast support on this network interface? */
  61              		.loc 1 66 0
  62 002c 0120     		movs	r0, #1
  63              	.LVL3:
  64 002e 7047     		bx	lr
  65              	.LVL4:
  66              	.L4:
  71:Middlewares/Third_Party/LwIP/src/core/ipv4/ip4_addr.c ****   /* address matches network interface address exactly? => no broadcast */
  67              		.loc 1 71 0
  68 0030 0020     		movs	r0, #0
  69              	.LVL5:
  70 0032 7047     		bx	lr
  71              	.LVL6:
  72              	.L5:
  74:Middlewares/Third_Party/LwIP/src/core/ipv4/ip4_addr.c ****   /*  on the same (sub) network... */
  73              		.loc 1 74 0
  74 0034 0020     		movs	r0, #0
  75              	.LVL7:
  76 0036 7047     		bx	lr
  77              	.LVL8:
  78              	.L6:
  79              		.loc 1 83 0
  80 0038 0020     		movs	r0, #0
  81              	.LVL9:
  82 003a 7047     		bx	lr
  83              	.LVL10:
  84              	.L7:
  81:Middlewares/Third_Party/LwIP/src/core/ipv4/ip4_addr.c ****   } else {
  85              		.loc 1 81 0
ARM GAS  /var/folders/0d/93p3r6493yg7p0rvl_4r983m0000gn/T//ccHhlG5t.s 			page 4


  86 003c 0120     		movs	r0, #1
  87              	.LVL11:
  84:Middlewares/Third_Party/LwIP/src/core/ipv4/ip4_addr.c ****   }
  85:Middlewares/Third_Party/LwIP/src/core/ipv4/ip4_addr.c **** }
  88              		.loc 1 85 0
  89 003e 7047     		bx	lr
  90              		.cfi_endproc
  91              	.LFE142:
  93              		.section	.text.ip4_addr_netmask_valid,"ax",%progbits
  94              		.align	1
  95              		.global	ip4_addr_netmask_valid
  96              		.syntax unified
  97              		.thumb
  98              		.thumb_func
  99              		.fpu fpv4-sp-d16
 101              	ip4_addr_netmask_valid:
 102              	.LFB143:
  86:Middlewares/Third_Party/LwIP/src/core/ipv4/ip4_addr.c **** 
  87:Middlewares/Third_Party/LwIP/src/core/ipv4/ip4_addr.c **** /** Checks if a netmask is valid (starting with ones, then only zeros)
  88:Middlewares/Third_Party/LwIP/src/core/ipv4/ip4_addr.c ****  *
  89:Middlewares/Third_Party/LwIP/src/core/ipv4/ip4_addr.c ****  * @param netmask the IPv4 netmask to check (in network byte order!)
  90:Middlewares/Third_Party/LwIP/src/core/ipv4/ip4_addr.c ****  * @return 1 if the netmask is valid, 0 if it is not
  91:Middlewares/Third_Party/LwIP/src/core/ipv4/ip4_addr.c ****  */
  92:Middlewares/Third_Party/LwIP/src/core/ipv4/ip4_addr.c **** u8_t
  93:Middlewares/Third_Party/LwIP/src/core/ipv4/ip4_addr.c **** ip4_addr_netmask_valid(u32_t netmask)
  94:Middlewares/Third_Party/LwIP/src/core/ipv4/ip4_addr.c **** {
 103              		.loc 1 94 0
 104              		.cfi_startproc
 105              		@ args = 0, pretend = 0, frame = 0
 106              		@ frame_needed = 0, uses_anonymous_args = 0
 107              	.LVL12:
 108 0000 08B5     		push	{r3, lr}
 109              	.LCFI0:
 110              		.cfi_def_cfa_offset 8
 111              		.cfi_offset 3, -8
 112              		.cfi_offset 14, -4
  95:Middlewares/Third_Party/LwIP/src/core/ipv4/ip4_addr.c ****   u32_t mask;
  96:Middlewares/Third_Party/LwIP/src/core/ipv4/ip4_addr.c ****   u32_t nm_hostorder = lwip_htonl(netmask);
 113              		.loc 1 96 0
 114 0002 FFF7FEFF 		bl	lwip_htonl
 115              	.LVL13:
  97:Middlewares/Third_Party/LwIP/src/core/ipv4/ip4_addr.c **** 
  98:Middlewares/Third_Party/LwIP/src/core/ipv4/ip4_addr.c ****   /* first, check for the first zero */
  99:Middlewares/Third_Party/LwIP/src/core/ipv4/ip4_addr.c ****   for (mask = 1UL << 31 ; mask != 0; mask >>= 1) {
 116              		.loc 1 99 0
 117 0006 4FF00043 		mov	r3, #-2147483648
 118              	.LVL14:
 119              	.L9:
 120              		.loc 1 99 0 is_stmt 0 discriminator 1
 121 000a 1BB1     		cbz	r3, .L13
 100:Middlewares/Third_Party/LwIP/src/core/ipv4/ip4_addr.c ****     if ((nm_hostorder & mask) == 0) {
 122              		.loc 1 100 0 is_stmt 1
 123 000c 0342     		tst	r3, r0
 124 000e 01D0     		beq	.L13
  99:Middlewares/Third_Party/LwIP/src/core/ipv4/ip4_addr.c ****     if ((nm_hostorder & mask) == 0) {
 125              		.loc 1 99 0 discriminator 2
 126 0010 5B08     		lsrs	r3, r3, #1
ARM GAS  /var/folders/0d/93p3r6493yg7p0rvl_4r983m0000gn/T//ccHhlG5t.s 			page 5


 127              	.LVL15:
 128 0012 FAE7     		b	.L9
 129              	.L13:
 101:Middlewares/Third_Party/LwIP/src/core/ipv4/ip4_addr.c ****       break;
 102:Middlewares/Third_Party/LwIP/src/core/ipv4/ip4_addr.c ****     }
 103:Middlewares/Third_Party/LwIP/src/core/ipv4/ip4_addr.c ****   }
 104:Middlewares/Third_Party/LwIP/src/core/ipv4/ip4_addr.c ****   /* then check that there is no one */
 105:Middlewares/Third_Party/LwIP/src/core/ipv4/ip4_addr.c ****   for (; mask != 0; mask >>= 1) {
 130              		.loc 1 105 0 discriminator 1
 131 0014 1BB1     		cbz	r3, .L17
 106:Middlewares/Third_Party/LwIP/src/core/ipv4/ip4_addr.c ****     if ((nm_hostorder & mask) != 0) {
 132              		.loc 1 106 0
 133 0016 0342     		tst	r3, r0
 134 0018 03D1     		bne	.L15
 105:Middlewares/Third_Party/LwIP/src/core/ipv4/ip4_addr.c ****     if ((nm_hostorder & mask) != 0) {
 135              		.loc 1 105 0
 136 001a 5B08     		lsrs	r3, r3, #1
 137              	.LVL16:
 138 001c FAE7     		b	.L13
 139              	.L17:
 107:Middlewares/Third_Party/LwIP/src/core/ipv4/ip4_addr.c ****       /* there is a one after the first zero -> invalid */
 108:Middlewares/Third_Party/LwIP/src/core/ipv4/ip4_addr.c ****       return 0;
 109:Middlewares/Third_Party/LwIP/src/core/ipv4/ip4_addr.c ****     }
 110:Middlewares/Third_Party/LwIP/src/core/ipv4/ip4_addr.c ****   }
 111:Middlewares/Third_Party/LwIP/src/core/ipv4/ip4_addr.c ****   /* no one after the first zero -> valid */
 112:Middlewares/Third_Party/LwIP/src/core/ipv4/ip4_addr.c ****   return 1;
 140              		.loc 1 112 0
 141 001e 0120     		movs	r0, #1
 142              	.LVL17:
 143              	.L12:
 113:Middlewares/Third_Party/LwIP/src/core/ipv4/ip4_addr.c **** }
 144              		.loc 1 113 0
 145 0020 08BD     		pop	{r3, pc}
 146              	.LVL18:
 147              	.L15:
 108:Middlewares/Third_Party/LwIP/src/core/ipv4/ip4_addr.c ****     }
 148              		.loc 1 108 0
 149 0022 0020     		movs	r0, #0
 150              	.LVL19:
 151 0024 FCE7     		b	.L12
 152              		.cfi_endproc
 153              	.LFE143:
 155              		.section	.text.ip4addr_aton,"ax",%progbits
 156              		.align	1
 157              		.global	ip4addr_aton
 158              		.syntax unified
 159              		.thumb
 160              		.thumb_func
 161              		.fpu fpv4-sp-d16
 163              	ip4addr_aton:
 164              	.LFB145:
 114:Middlewares/Third_Party/LwIP/src/core/ipv4/ip4_addr.c **** 
 115:Middlewares/Third_Party/LwIP/src/core/ipv4/ip4_addr.c **** /* Here for now until needed in other places in lwIP */
 116:Middlewares/Third_Party/LwIP/src/core/ipv4/ip4_addr.c **** #ifndef isprint
 117:Middlewares/Third_Party/LwIP/src/core/ipv4/ip4_addr.c **** #define in_range(c, lo, up)  ((u8_t)c >= lo && (u8_t)c <= up)
 118:Middlewares/Third_Party/LwIP/src/core/ipv4/ip4_addr.c **** #define isprint(c)           in_range(c, 0x20, 0x7f)
 119:Middlewares/Third_Party/LwIP/src/core/ipv4/ip4_addr.c **** #define isdigit(c)           in_range(c, '0', '9')
ARM GAS  /var/folders/0d/93p3r6493yg7p0rvl_4r983m0000gn/T//ccHhlG5t.s 			page 6


 120:Middlewares/Third_Party/LwIP/src/core/ipv4/ip4_addr.c **** #define isxdigit(c)          (isdigit(c) || in_range(c, 'a', 'f') || in_range(c, 'A', 'F'))
 121:Middlewares/Third_Party/LwIP/src/core/ipv4/ip4_addr.c **** #define islower(c)           in_range(c, 'a', 'z')
 122:Middlewares/Third_Party/LwIP/src/core/ipv4/ip4_addr.c **** #define isspace(c)           (c == ' ' || c == '\f' || c == '\n' || c == '\r' || c == '\t' || c == 
 123:Middlewares/Third_Party/LwIP/src/core/ipv4/ip4_addr.c **** #endif
 124:Middlewares/Third_Party/LwIP/src/core/ipv4/ip4_addr.c **** 
 125:Middlewares/Third_Party/LwIP/src/core/ipv4/ip4_addr.c **** /**
 126:Middlewares/Third_Party/LwIP/src/core/ipv4/ip4_addr.c ****  * Ascii internet address interpretation routine.
 127:Middlewares/Third_Party/LwIP/src/core/ipv4/ip4_addr.c ****  * The value returned is in network order.
 128:Middlewares/Third_Party/LwIP/src/core/ipv4/ip4_addr.c ****  *
 129:Middlewares/Third_Party/LwIP/src/core/ipv4/ip4_addr.c ****  * @param cp IP address in ascii representation (e.g. "127.0.0.1")
 130:Middlewares/Third_Party/LwIP/src/core/ipv4/ip4_addr.c ****  * @return ip address in network order
 131:Middlewares/Third_Party/LwIP/src/core/ipv4/ip4_addr.c ****  */
 132:Middlewares/Third_Party/LwIP/src/core/ipv4/ip4_addr.c **** u32_t
 133:Middlewares/Third_Party/LwIP/src/core/ipv4/ip4_addr.c **** ipaddr_addr(const char *cp)
 134:Middlewares/Third_Party/LwIP/src/core/ipv4/ip4_addr.c **** {
 135:Middlewares/Third_Party/LwIP/src/core/ipv4/ip4_addr.c ****   ip4_addr_t val;
 136:Middlewares/Third_Party/LwIP/src/core/ipv4/ip4_addr.c **** 
 137:Middlewares/Third_Party/LwIP/src/core/ipv4/ip4_addr.c ****   if (ip4addr_aton(cp, &val)) {
 138:Middlewares/Third_Party/LwIP/src/core/ipv4/ip4_addr.c ****     return ip4_addr_get_u32(&val);
 139:Middlewares/Third_Party/LwIP/src/core/ipv4/ip4_addr.c ****   }
 140:Middlewares/Third_Party/LwIP/src/core/ipv4/ip4_addr.c ****   return (IPADDR_NONE);
 141:Middlewares/Third_Party/LwIP/src/core/ipv4/ip4_addr.c **** }
 142:Middlewares/Third_Party/LwIP/src/core/ipv4/ip4_addr.c **** 
 143:Middlewares/Third_Party/LwIP/src/core/ipv4/ip4_addr.c **** /**
 144:Middlewares/Third_Party/LwIP/src/core/ipv4/ip4_addr.c ****  * Check whether "cp" is a valid ascii representation
 145:Middlewares/Third_Party/LwIP/src/core/ipv4/ip4_addr.c ****  * of an Internet address and convert to a binary address.
 146:Middlewares/Third_Party/LwIP/src/core/ipv4/ip4_addr.c ****  * Returns 1 if the address is valid, 0 if not.
 147:Middlewares/Third_Party/LwIP/src/core/ipv4/ip4_addr.c ****  * This replaces inet_addr, the return value from which
 148:Middlewares/Third_Party/LwIP/src/core/ipv4/ip4_addr.c ****  * cannot distinguish between failure and a local broadcast address.
 149:Middlewares/Third_Party/LwIP/src/core/ipv4/ip4_addr.c ****  *
 150:Middlewares/Third_Party/LwIP/src/core/ipv4/ip4_addr.c ****  * @param cp IP address in ascii representation (e.g. "127.0.0.1")
 151:Middlewares/Third_Party/LwIP/src/core/ipv4/ip4_addr.c ****  * @param addr pointer to which to save the ip address in network order
 152:Middlewares/Third_Party/LwIP/src/core/ipv4/ip4_addr.c ****  * @return 1 if cp could be converted to addr, 0 on failure
 153:Middlewares/Third_Party/LwIP/src/core/ipv4/ip4_addr.c ****  */
 154:Middlewares/Third_Party/LwIP/src/core/ipv4/ip4_addr.c **** int
 155:Middlewares/Third_Party/LwIP/src/core/ipv4/ip4_addr.c **** ip4addr_aton(const char *cp, ip4_addr_t *addr)
 156:Middlewares/Third_Party/LwIP/src/core/ipv4/ip4_addr.c **** {
 165              		.loc 1 156 0
 166              		.cfi_startproc
 167              		@ args = 0, pretend = 0, frame = 16
 168              		@ frame_needed = 0, uses_anonymous_args = 0
 169              	.LVL20:
 170 0000 70B5     		push	{r4, r5, r6, lr}
 171              	.LCFI1:
 172              		.cfi_def_cfa_offset 16
 173              		.cfi_offset 4, -16
 174              		.cfi_offset 5, -12
 175              		.cfi_offset 6, -8
 176              		.cfi_offset 14, -4
 177 0002 84B0     		sub	sp, sp, #16
 178              	.LCFI2:
 179              		.cfi_def_cfa_offset 32
 180 0004 0C46     		mov	r4, r1
 181              	.LVL21:
 157:Middlewares/Third_Party/LwIP/src/core/ipv4/ip4_addr.c ****   u32_t val;
 158:Middlewares/Third_Party/LwIP/src/core/ipv4/ip4_addr.c ****   u8_t base;
 159:Middlewares/Third_Party/LwIP/src/core/ipv4/ip4_addr.c ****   char c;
ARM GAS  /var/folders/0d/93p3r6493yg7p0rvl_4r983m0000gn/T//ccHhlG5t.s 			page 7


 160:Middlewares/Third_Party/LwIP/src/core/ipv4/ip4_addr.c ****   u32_t parts[4];
 161:Middlewares/Third_Party/LwIP/src/core/ipv4/ip4_addr.c ****   u32_t *pp = parts;
 162:Middlewares/Third_Party/LwIP/src/core/ipv4/ip4_addr.c **** 
 163:Middlewares/Third_Party/LwIP/src/core/ipv4/ip4_addr.c ****   c = *cp;
 182              		.loc 1 163 0
 183 0006 0378     		ldrb	r3, [r0]	@ zero_extendqisi2
 184              	.LVL22:
 161:Middlewares/Third_Party/LwIP/src/core/ipv4/ip4_addr.c **** 
 185              		.loc 1 161 0
 186 0008 6E46     		mov	r6, sp
 187 000a 3BE0     		b	.L29
 188              	.LVL23:
 189              	.L54:
 164:Middlewares/Third_Party/LwIP/src/core/ipv4/ip4_addr.c ****   for (;;) {
 165:Middlewares/Third_Party/LwIP/src/core/ipv4/ip4_addr.c ****     /*
 166:Middlewares/Third_Party/LwIP/src/core/ipv4/ip4_addr.c ****      * Collect number up to ``.''.
 167:Middlewares/Third_Party/LwIP/src/core/ipv4/ip4_addr.c ****      * Values are specified as for C:
 168:Middlewares/Third_Party/LwIP/src/core/ipv4/ip4_addr.c ****      * 0x=hex, 0=octal, 1-9=decimal.
 169:Middlewares/Third_Party/LwIP/src/core/ipv4/ip4_addr.c ****      */
 170:Middlewares/Third_Party/LwIP/src/core/ipv4/ip4_addr.c ****     if (!isdigit(c)) {
 171:Middlewares/Third_Party/LwIP/src/core/ipv4/ip4_addr.c ****       return 0;
 172:Middlewares/Third_Party/LwIP/src/core/ipv4/ip4_addr.c ****     }
 173:Middlewares/Third_Party/LwIP/src/core/ipv4/ip4_addr.c ****     val = 0;
 174:Middlewares/Third_Party/LwIP/src/core/ipv4/ip4_addr.c ****     base = 10;
 175:Middlewares/Third_Party/LwIP/src/core/ipv4/ip4_addr.c ****     if (c == '0') {
 176:Middlewares/Third_Party/LwIP/src/core/ipv4/ip4_addr.c ****       c = *++cp;
 190              		.loc 1 176 0
 191 000c 421C     		adds	r2, r0, #1
 192              	.LVL24:
 193 000e 4378     		ldrb	r3, [r0, #1]	@ zero_extendqisi2
 194              	.LVL25:
 177:Middlewares/Third_Party/LwIP/src/core/ipv4/ip4_addr.c ****       if (c == 'x' || c == 'X') {
 195              		.loc 1 177 0
 196 0010 782B     		cmp	r3, #120
 197 0012 04D0     		beq	.L21
 198              		.loc 1 177 0 is_stmt 0 discriminator 1
 199 0014 582B     		cmp	r3, #88
 200 0016 02D0     		beq	.L21
 176:Middlewares/Third_Party/LwIP/src/core/ipv4/ip4_addr.c ****       if (c == 'x' || c == 'X') {
 201              		.loc 1 176 0 is_stmt 1
 202 0018 1046     		mov	r0, r2
 178:Middlewares/Third_Party/LwIP/src/core/ipv4/ip4_addr.c ****         base = 16;
 179:Middlewares/Third_Party/LwIP/src/core/ipv4/ip4_addr.c ****         c = *++cp;
 180:Middlewares/Third_Party/LwIP/src/core/ipv4/ip4_addr.c ****       } else {
 181:Middlewares/Third_Party/LwIP/src/core/ipv4/ip4_addr.c ****         base = 8;
 203              		.loc 1 181 0
 204 001a 0821     		movs	r1, #8
 205 001c 3AE0     		b	.L20
 206              	.L21:
 207              	.LVL26:
 179:Middlewares/Third_Party/LwIP/src/core/ipv4/ip4_addr.c ****       } else {
 208              		.loc 1 179 0
 209 001e 8378     		ldrb	r3, [r0, #2]	@ zero_extendqisi2
 210              	.LVL27:
 211 0020 0230     		adds	r0, r0, #2
 212              	.LVL28:
 178:Middlewares/Third_Party/LwIP/src/core/ipv4/ip4_addr.c ****         base = 16;
ARM GAS  /var/folders/0d/93p3r6493yg7p0rvl_4r983m0000gn/T//ccHhlG5t.s 			page 8


 213              		.loc 1 178 0
 214 0022 1021     		movs	r1, #16
 179:Middlewares/Third_Party/LwIP/src/core/ipv4/ip4_addr.c ****       } else {
 215              		.loc 1 179 0
 216 0024 36E0     		b	.L20
 217              	.LVL29:
 218              	.L23:
 182:Middlewares/Third_Party/LwIP/src/core/ipv4/ip4_addr.c ****       }
 183:Middlewares/Third_Party/LwIP/src/core/ipv4/ip4_addr.c ****     }
 184:Middlewares/Third_Party/LwIP/src/core/ipv4/ip4_addr.c ****     for (;;) {
 185:Middlewares/Third_Party/LwIP/src/core/ipv4/ip4_addr.c ****       if (isdigit(c)) {
 186:Middlewares/Third_Party/LwIP/src/core/ipv4/ip4_addr.c ****         val = (val * base) + (u32_t)(c - '0');
 187:Middlewares/Third_Party/LwIP/src/core/ipv4/ip4_addr.c ****         c = *++cp;
 188:Middlewares/Third_Party/LwIP/src/core/ipv4/ip4_addr.c ****       } else if (base == 16 && isxdigit(c)) {
 219              		.loc 1 188 0
 220 0026 1029     		cmp	r1, #16
 221 0028 23D1     		bne	.L25
 222              		.loc 1 188 0 is_stmt 0 discriminator 2
 223 002a A3F16102 		sub	r2, r3, #97
 224 002e D2B2     		uxtb	r2, r2
 225 0030 052A     		cmp	r2, #5
 226 0032 04D9     		bls	.L26
 227              		.loc 1 188 0 discriminator 3
 228 0034 A3F14102 		sub	r2, r3, #65
 229 0038 D2B2     		uxtb	r2, r2
 230 003a 052A     		cmp	r2, #5
 231 003c 19D8     		bhi	.L25
 232              	.L26:
 189:Middlewares/Third_Party/LwIP/src/core/ipv4/ip4_addr.c ****         val = (val << 4) | (u32_t)(c + 10 - (islower(c) ? 'a' : 'A'));
 233              		.loc 1 189 0 is_stmt 1
 234 003e 2D01     		lsls	r5, r5, #4
 235              	.LVL30:
 236 0040 03F10A02 		add	r2, r3, #10
 237 0044 613B     		subs	r3, r3, #97
 238              	.LVL31:
 239 0046 DBB2     		uxtb	r3, r3
 240 0048 192B     		cmp	r3, #25
 241 004a 10D8     		bhi	.L40
 242 004c 6123     		movs	r3, #97
 243              	.L27:
 244              		.loc 1 189 0 is_stmt 0 discriminator 4
 245 004e D21A     		subs	r2, r2, r3
 246 0050 1543     		orrs	r5, r5, r2
 247              	.LVL32:
 190:Middlewares/Third_Party/LwIP/src/core/ipv4/ip4_addr.c ****         c = *++cp;
 248              		.loc 1 190 0 is_stmt 1 discriminator 4
 249 0052 10F8013F 		ldrb	r3, [r0, #1]!	@ zero_extendqisi2
 250              	.LVL33:
 251              	.L22:
 185:Middlewares/Third_Party/LwIP/src/core/ipv4/ip4_addr.c ****         val = (val * base) + (u32_t)(c - '0');
 252              		.loc 1 185 0
 253 0056 A3F13002 		sub	r2, r3, #48
 254 005a D2B2     		uxtb	r2, r2
 255 005c 092A     		cmp	r2, #9
 256 005e E2D8     		bhi	.L23
 186:Middlewares/Third_Party/LwIP/src/core/ipv4/ip4_addr.c ****         c = *++cp;
 257              		.loc 1 186 0
ARM GAS  /var/folders/0d/93p3r6493yg7p0rvl_4r983m0000gn/T//ccHhlG5t.s 			page 9


 258 0060 05FB0132 		mla	r2, r5, r1, r3
 259 0064 A2F13005 		sub	r5, r2, #48
 260              	.LVL34:
 187:Middlewares/Third_Party/LwIP/src/core/ipv4/ip4_addr.c ****       } else if (base == 16 && isxdigit(c)) {
 261              		.loc 1 187 0
 262 0068 10F8013F 		ldrb	r3, [r0, #1]!	@ zero_extendqisi2
 263              	.LVL35:
 264 006c F3E7     		b	.L22
 265              	.LVL36:
 266              	.L40:
 189:Middlewares/Third_Party/LwIP/src/core/ipv4/ip4_addr.c ****         c = *++cp;
 267              		.loc 1 189 0
 268 006e 4123     		movs	r3, #65
 269 0070 EDE7     		b	.L27
 270              	.LVL37:
 271              	.L25:
 191:Middlewares/Third_Party/LwIP/src/core/ipv4/ip4_addr.c ****       } else {
 192:Middlewares/Third_Party/LwIP/src/core/ipv4/ip4_addr.c ****         break;
 193:Middlewares/Third_Party/LwIP/src/core/ipv4/ip4_addr.c ****       }
 194:Middlewares/Third_Party/LwIP/src/core/ipv4/ip4_addr.c ****     }
 195:Middlewares/Third_Party/LwIP/src/core/ipv4/ip4_addr.c ****     if (c == '.') {
 272              		.loc 1 195 0
 273 0072 2E2B     		cmp	r3, #46
 274 0074 10D1     		bne	.L28
 196:Middlewares/Third_Party/LwIP/src/core/ipv4/ip4_addr.c ****       /*
 197:Middlewares/Third_Party/LwIP/src/core/ipv4/ip4_addr.c ****        * Internet format:
 198:Middlewares/Third_Party/LwIP/src/core/ipv4/ip4_addr.c ****        *  a.b.c.d
 199:Middlewares/Third_Party/LwIP/src/core/ipv4/ip4_addr.c ****        *  a.b.c   (with c treated as 16 bits)
 200:Middlewares/Third_Party/LwIP/src/core/ipv4/ip4_addr.c ****        *  a.b (with b treated as 24 bits)
 201:Middlewares/Third_Party/LwIP/src/core/ipv4/ip4_addr.c ****        */
 202:Middlewares/Third_Party/LwIP/src/core/ipv4/ip4_addr.c ****       if (pp >= parts + 3) {
 275              		.loc 1 202 0
 276 0076 03AB     		add	r3, sp, #12
 277              	.LVL38:
 278 0078 9E42     		cmp	r6, r3
 279 007a 5ED2     		bcs	.L41
 280              	.LVL39:
 203:Middlewares/Third_Party/LwIP/src/core/ipv4/ip4_addr.c ****         return 0;
 204:Middlewares/Third_Party/LwIP/src/core/ipv4/ip4_addr.c ****       }
 205:Middlewares/Third_Party/LwIP/src/core/ipv4/ip4_addr.c ****       *pp++ = val;
 281              		.loc 1 205 0
 282 007c 3560     		str	r5, [r6]
 283              	.LVL40:
 206:Middlewares/Third_Party/LwIP/src/core/ipv4/ip4_addr.c ****       c = *++cp;
 284              		.loc 1 206 0
 285 007e 4378     		ldrb	r3, [r0, #1]	@ zero_extendqisi2
 286              	.LVL41:
 205:Middlewares/Third_Party/LwIP/src/core/ipv4/ip4_addr.c ****       c = *++cp;
 287              		.loc 1 205 0
 288 0080 0436     		adds	r6, r6, #4
 289              	.LVL42:
 290              		.loc 1 206 0
 291 0082 0130     		adds	r0, r0, #1
 292              	.LVL43:
 293              	.L29:
 170:Middlewares/Third_Party/LwIP/src/core/ipv4/ip4_addr.c ****       return 0;
 294              		.loc 1 170 0
ARM GAS  /var/folders/0d/93p3r6493yg7p0rvl_4r983m0000gn/T//ccHhlG5t.s 			page 10


 295 0084 A3F13002 		sub	r2, r3, #48
 296 0088 D2B2     		uxtb	r2, r2
 297 008a 092A     		cmp	r2, #9
 298 008c 53D8     		bhi	.L37
 299              	.LVL44:
 175:Middlewares/Third_Party/LwIP/src/core/ipv4/ip4_addr.c ****       c = *++cp;
 300              		.loc 1 175 0
 301 008e 302B     		cmp	r3, #48
 302 0090 BCD0     		beq	.L54
 174:Middlewares/Third_Party/LwIP/src/core/ipv4/ip4_addr.c ****     if (c == '0') {
 303              		.loc 1 174 0
 304 0092 0A21     		movs	r1, #10
 305              	.LVL45:
 306              	.L20:
 181:Middlewares/Third_Party/LwIP/src/core/ipv4/ip4_addr.c ****       }
 307              		.loc 1 181 0
 308 0094 0025     		movs	r5, #0
 309 0096 DEE7     		b	.L22
 310              	.LVL46:
 311              	.L28:
 207:Middlewares/Third_Party/LwIP/src/core/ipv4/ip4_addr.c ****     } else {
 208:Middlewares/Third_Party/LwIP/src/core/ipv4/ip4_addr.c ****       break;
 209:Middlewares/Third_Party/LwIP/src/core/ipv4/ip4_addr.c ****     }
 210:Middlewares/Third_Party/LwIP/src/core/ipv4/ip4_addr.c ****   }
 211:Middlewares/Third_Party/LwIP/src/core/ipv4/ip4_addr.c ****   /*
 212:Middlewares/Third_Party/LwIP/src/core/ipv4/ip4_addr.c ****    * Check for trailing characters.
 213:Middlewares/Third_Party/LwIP/src/core/ipv4/ip4_addr.c ****    */
 214:Middlewares/Third_Party/LwIP/src/core/ipv4/ip4_addr.c ****   if (c != '\0' && !isspace(c)) {
 312              		.loc 1 214 0
 313 0098 5BB1     		cbz	r3, .L30
 314              		.loc 1 214 0 is_stmt 0 discriminator 1
 315 009a 202B     		cmp	r3, #32
 316 009c 09D0     		beq	.L30
 317              		.loc 1 214 0 discriminator 2
 318 009e 0C2B     		cmp	r3, #12
 319 00a0 07D0     		beq	.L30
 320              		.loc 1 214 0 discriminator 3
 321 00a2 0A2B     		cmp	r3, #10
 322 00a4 05D0     		beq	.L30
 323              		.loc 1 214 0 discriminator 4
 324 00a6 0D2B     		cmp	r3, #13
 325 00a8 03D0     		beq	.L30
 326              		.loc 1 214 0 discriminator 5
 327 00aa 092B     		cmp	r3, #9
 328 00ac 01D0     		beq	.L30
 329              		.loc 1 214 0 discriminator 6
 330 00ae 0B2B     		cmp	r3, #11
 331 00b0 46D1     		bne	.L42
 332              	.L30:
 215:Middlewares/Third_Party/LwIP/src/core/ipv4/ip4_addr.c ****     return 0;
 216:Middlewares/Third_Party/LwIP/src/core/ipv4/ip4_addr.c ****   }
 217:Middlewares/Third_Party/LwIP/src/core/ipv4/ip4_addr.c ****   /*
 218:Middlewares/Third_Party/LwIP/src/core/ipv4/ip4_addr.c ****    * Concoct the address according to
 219:Middlewares/Third_Party/LwIP/src/core/ipv4/ip4_addr.c ****    * the number of parts specified.
 220:Middlewares/Third_Party/LwIP/src/core/ipv4/ip4_addr.c ****    */
 221:Middlewares/Third_Party/LwIP/src/core/ipv4/ip4_addr.c ****   switch (pp - parts + 1) {
 333              		.loc 1 221 0 is_stmt 1
ARM GAS  /var/folders/0d/93p3r6493yg7p0rvl_4r983m0000gn/T//ccHhlG5t.s 			page 11


 334 00b2 6846     		mov	r0, sp
 335              	.LVL47:
 336 00b4 301A     		subs	r0, r6, r0
 337 00b6 8010     		asrs	r0, r0, #2
 338 00b8 0130     		adds	r0, r0, #1
 339 00ba 0428     		cmp	r0, #4
 340 00bc 2DD8     		bhi	.L31
 341 00be DFE800F0 		tbb	[pc, r0]
 342              	.LVL48:
 343              	.L32:
 344 00c2 3D       		.byte	(.L18-.L32)/2
 345 00c3 33       		.byte	(.L33-.L32)/2
 346 00c4 03       		.byte	(.L34-.L32)/2
 347 00c5 0C       		.byte	(.L35-.L32)/2
 348 00c6 1A       		.byte	(.L36-.L32)/2
 349 00c7 00       		.p2align 1
 350              	.L34:
 222:Middlewares/Third_Party/LwIP/src/core/ipv4/ip4_addr.c **** 
 223:Middlewares/Third_Party/LwIP/src/core/ipv4/ip4_addr.c ****   case 0:
 224:Middlewares/Third_Party/LwIP/src/core/ipv4/ip4_addr.c ****     return 0;       /* initial nondigit */
 225:Middlewares/Third_Party/LwIP/src/core/ipv4/ip4_addr.c **** 
 226:Middlewares/Third_Party/LwIP/src/core/ipv4/ip4_addr.c ****   case 1:             /* a -- 32 bits */
 227:Middlewares/Third_Party/LwIP/src/core/ipv4/ip4_addr.c ****     break;
 228:Middlewares/Third_Party/LwIP/src/core/ipv4/ip4_addr.c **** 
 229:Middlewares/Third_Party/LwIP/src/core/ipv4/ip4_addr.c ****   case 2:             /* a.b -- 8.24 bits */
 230:Middlewares/Third_Party/LwIP/src/core/ipv4/ip4_addr.c ****     if (val > 0xffffffUL) {
 351              		.loc 1 230 0
 352 00c8 B5F1807F 		cmp	r5, #16777216
 353 00cc 3AD2     		bcs	.L43
 231:Middlewares/Third_Party/LwIP/src/core/ipv4/ip4_addr.c ****       return 0;
 232:Middlewares/Third_Party/LwIP/src/core/ipv4/ip4_addr.c ****     }
 233:Middlewares/Third_Party/LwIP/src/core/ipv4/ip4_addr.c ****     if (parts[0] > 0xff) {
 354              		.loc 1 233 0
 355 00ce 009B     		ldr	r3, [sp]
 356 00d0 FF2B     		cmp	r3, #255
 357 00d2 39D8     		bhi	.L44
 234:Middlewares/Third_Party/LwIP/src/core/ipv4/ip4_addr.c ****       return 0;
 235:Middlewares/Third_Party/LwIP/src/core/ipv4/ip4_addr.c ****     }
 236:Middlewares/Third_Party/LwIP/src/core/ipv4/ip4_addr.c ****     val |= parts[0] << 24;
 358              		.loc 1 236 0
 359 00d4 45EA0365 		orr	r5, r5, r3, lsl #24
 360              	.LVL49:
 237:Middlewares/Third_Party/LwIP/src/core/ipv4/ip4_addr.c ****     break;
 361              		.loc 1 237 0
 362 00d8 26E0     		b	.L33
 363              	.L35:
 238:Middlewares/Third_Party/LwIP/src/core/ipv4/ip4_addr.c **** 
 239:Middlewares/Third_Party/LwIP/src/core/ipv4/ip4_addr.c ****   case 3:             /* a.b.c -- 8.8.16 bits */
 240:Middlewares/Third_Party/LwIP/src/core/ipv4/ip4_addr.c ****     if (val > 0xffff) {
 364              		.loc 1 240 0
 365 00da B5F5803F 		cmp	r5, #65536
 366 00de 35D2     		bcs	.L45
 241:Middlewares/Third_Party/LwIP/src/core/ipv4/ip4_addr.c ****       return 0;
 242:Middlewares/Third_Party/LwIP/src/core/ipv4/ip4_addr.c ****     }
 243:Middlewares/Third_Party/LwIP/src/core/ipv4/ip4_addr.c ****     if ((parts[0] > 0xff) || (parts[1] > 0xff)) {
 367              		.loc 1 243 0
 368 00e0 009A     		ldr	r2, [sp]
ARM GAS  /var/folders/0d/93p3r6493yg7p0rvl_4r983m0000gn/T//ccHhlG5t.s 			page 12


 369 00e2 FF2A     		cmp	r2, #255
 370 00e4 34D8     		bhi	.L46
 371              		.loc 1 243 0 is_stmt 0 discriminator 1
 372 00e6 019B     		ldr	r3, [sp, #4]
 373 00e8 FF2B     		cmp	r3, #255
 374 00ea 33D8     		bhi	.L47
 244:Middlewares/Third_Party/LwIP/src/core/ipv4/ip4_addr.c ****       return 0;
 245:Middlewares/Third_Party/LwIP/src/core/ipv4/ip4_addr.c ****     }
 246:Middlewares/Third_Party/LwIP/src/core/ipv4/ip4_addr.c ****     val |= (parts[0] << 24) | (parts[1] << 16);
 375              		.loc 1 246 0 is_stmt 1
 376 00ec 1B04     		lsls	r3, r3, #16
 377 00ee 43EA0263 		orr	r3, r3, r2, lsl #24
 378 00f2 1D43     		orrs	r5, r5, r3
 379              	.LVL50:
 247:Middlewares/Third_Party/LwIP/src/core/ipv4/ip4_addr.c ****     break;
 380              		.loc 1 247 0
 381 00f4 18E0     		b	.L33
 382              	.L36:
 248:Middlewares/Third_Party/LwIP/src/core/ipv4/ip4_addr.c **** 
 249:Middlewares/Third_Party/LwIP/src/core/ipv4/ip4_addr.c ****   case 4:             /* a.b.c.d -- 8.8.8.8 bits */
 250:Middlewares/Third_Party/LwIP/src/core/ipv4/ip4_addr.c ****     if (val > 0xff) {
 383              		.loc 1 250 0
 384 00f6 FF2D     		cmp	r5, #255
 385 00f8 2ED8     		bhi	.L48
 251:Middlewares/Third_Party/LwIP/src/core/ipv4/ip4_addr.c ****       return 0;
 252:Middlewares/Third_Party/LwIP/src/core/ipv4/ip4_addr.c ****     }
 253:Middlewares/Third_Party/LwIP/src/core/ipv4/ip4_addr.c ****     if ((parts[0] > 0xff) || (parts[1] > 0xff) || (parts[2] > 0xff)) {
 386              		.loc 1 253 0
 387 00fa 0099     		ldr	r1, [sp]
 388              	.LVL51:
 389 00fc FF29     		cmp	r1, #255
 390 00fe 2DD8     		bhi	.L49
 391              		.loc 1 253 0 is_stmt 0 discriminator 1
 392 0100 019B     		ldr	r3, [sp, #4]
 393 0102 FF2B     		cmp	r3, #255
 394 0104 2CD8     		bhi	.L50
 395              		.loc 1 253 0 discriminator 2
 396 0106 029A     		ldr	r2, [sp, #8]
 397 0108 FF2A     		cmp	r2, #255
 398 010a 2BD8     		bhi	.L51
 254:Middlewares/Third_Party/LwIP/src/core/ipv4/ip4_addr.c ****       return 0;
 255:Middlewares/Third_Party/LwIP/src/core/ipv4/ip4_addr.c ****     }
 256:Middlewares/Third_Party/LwIP/src/core/ipv4/ip4_addr.c ****     val |= (parts[0] << 24) | (parts[1] << 16) | (parts[2] << 8);
 399              		.loc 1 256 0 is_stmt 1
 400 010c 1B04     		lsls	r3, r3, #16
 401 010e 43EA0163 		orr	r3, r3, r1, lsl #24
 402 0112 43EA0223 		orr	r3, r3, r2, lsl #8
 403 0116 1D43     		orrs	r5, r5, r3
 404              	.LVL52:
 257:Middlewares/Third_Party/LwIP/src/core/ipv4/ip4_addr.c ****     break;
 405              		.loc 1 257 0
 406 0118 06E0     		b	.L33
 407              	.LVL53:
 408              	.L31:
 258:Middlewares/Third_Party/LwIP/src/core/ipv4/ip4_addr.c ****   default:
 259:Middlewares/Third_Party/LwIP/src/core/ipv4/ip4_addr.c ****     LWIP_ASSERT("unhandled", 0);
 409              		.loc 1 259 0 discriminator 1
ARM GAS  /var/folders/0d/93p3r6493yg7p0rvl_4r983m0000gn/T//ccHhlG5t.s 			page 13


 410 011a 144B     		ldr	r3, .L55
 411 011c 40F20312 		movw	r2, #259
 412 0120 1349     		ldr	r1, .L55+4
 413              	.LVL54:
 414 0122 1448     		ldr	r0, .L55+8
 415 0124 FFF7FEFF 		bl	printf
 416              	.LVL55:
 417              	.L33:
 260:Middlewares/Third_Party/LwIP/src/core/ipv4/ip4_addr.c ****     break;
 261:Middlewares/Third_Party/LwIP/src/core/ipv4/ip4_addr.c ****   }
 262:Middlewares/Third_Party/LwIP/src/core/ipv4/ip4_addr.c ****   if (addr) {
 418              		.loc 1 262 0
 419 0128 F4B1     		cbz	r4, .L52
 263:Middlewares/Third_Party/LwIP/src/core/ipv4/ip4_addr.c ****     ip4_addr_set_u32(addr, lwip_htonl(val));
 420              		.loc 1 263 0
 421 012a 2846     		mov	r0, r5
 422 012c FFF7FEFF 		bl	lwip_htonl
 423              	.LVL56:
 424 0130 2060     		str	r0, [r4]
 264:Middlewares/Third_Party/LwIP/src/core/ipv4/ip4_addr.c ****   }
 265:Middlewares/Third_Party/LwIP/src/core/ipv4/ip4_addr.c ****   return 1;
 425              		.loc 1 265 0
 426 0132 0120     		movs	r0, #1
 427 0134 02E0     		b	.L18
 428              	.LVL57:
 429              	.L37:
 171:Middlewares/Third_Party/LwIP/src/core/ipv4/ip4_addr.c ****     }
 430              		.loc 1 171 0
 431 0136 0020     		movs	r0, #0
 432              	.LVL58:
 433 0138 00E0     		b	.L18
 434              	.LVL59:
 435              	.L41:
 203:Middlewares/Third_Party/LwIP/src/core/ipv4/ip4_addr.c ****       }
 436              		.loc 1 203 0
 437 013a 0020     		movs	r0, #0
 438              	.LVL60:
 439              	.L18:
 266:Middlewares/Third_Party/LwIP/src/core/ipv4/ip4_addr.c **** }
 440              		.loc 1 266 0
 441 013c 04B0     		add	sp, sp, #16
 442              	.LCFI3:
 443              		.cfi_remember_state
 444              		.cfi_def_cfa_offset 16
 445              		@ sp needed
 446 013e 70BD     		pop	{r4, r5, r6, pc}
 447              	.LVL61:
 448              	.L42:
 449              	.LCFI4:
 450              		.cfi_restore_state
 215:Middlewares/Third_Party/LwIP/src/core/ipv4/ip4_addr.c ****   }
 451              		.loc 1 215 0
 452 0140 0020     		movs	r0, #0
 453              	.LVL62:
 454 0142 FBE7     		b	.L18
 455              	.LVL63:
 456              	.L43:
ARM GAS  /var/folders/0d/93p3r6493yg7p0rvl_4r983m0000gn/T//ccHhlG5t.s 			page 14


 231:Middlewares/Third_Party/LwIP/src/core/ipv4/ip4_addr.c ****     }
 457              		.loc 1 231 0
 458 0144 0020     		movs	r0, #0
 459 0146 F9E7     		b	.L18
 460              	.L44:
 234:Middlewares/Third_Party/LwIP/src/core/ipv4/ip4_addr.c ****     }
 461              		.loc 1 234 0
 462 0148 0020     		movs	r0, #0
 463 014a F7E7     		b	.L18
 464              	.L45:
 241:Middlewares/Third_Party/LwIP/src/core/ipv4/ip4_addr.c ****     }
 465              		.loc 1 241 0
 466 014c 0020     		movs	r0, #0
 467 014e F5E7     		b	.L18
 468              	.L46:
 244:Middlewares/Third_Party/LwIP/src/core/ipv4/ip4_addr.c ****     }
 469              		.loc 1 244 0
 470 0150 0020     		movs	r0, #0
 471 0152 F3E7     		b	.L18
 472              	.L47:
 473 0154 0020     		movs	r0, #0
 474 0156 F1E7     		b	.L18
 475              	.L48:
 251:Middlewares/Third_Party/LwIP/src/core/ipv4/ip4_addr.c ****     }
 476              		.loc 1 251 0
 477 0158 0020     		movs	r0, #0
 478 015a EFE7     		b	.L18
 479              	.LVL64:
 480              	.L49:
 254:Middlewares/Third_Party/LwIP/src/core/ipv4/ip4_addr.c ****     }
 481              		.loc 1 254 0
 482 015c 0020     		movs	r0, #0
 483 015e EDE7     		b	.L18
 484              	.L50:
 485 0160 0020     		movs	r0, #0
 486 0162 EBE7     		b	.L18
 487              	.L51:
 488 0164 0020     		movs	r0, #0
 489 0166 E9E7     		b	.L18
 490              	.L52:
 265:Middlewares/Third_Party/LwIP/src/core/ipv4/ip4_addr.c **** }
 491              		.loc 1 265 0
 492 0168 0120     		movs	r0, #1
 493 016a E7E7     		b	.L18
 494              	.L56:
 495              		.align	2
 496              	.L55:
 497 016c 00000000 		.word	.LC0
 498 0170 38000000 		.word	.LC1
 499 0174 44000000 		.word	.LC2
 500              		.cfi_endproc
 501              	.LFE145:
 503              		.section	.text.ipaddr_addr,"ax",%progbits
 504              		.align	1
 505              		.global	ipaddr_addr
 506              		.syntax unified
 507              		.thumb
ARM GAS  /var/folders/0d/93p3r6493yg7p0rvl_4r983m0000gn/T//ccHhlG5t.s 			page 15


 508              		.thumb_func
 509              		.fpu fpv4-sp-d16
 511              	ipaddr_addr:
 512              	.LFB144:
 134:Middlewares/Third_Party/LwIP/src/core/ipv4/ip4_addr.c ****   ip4_addr_t val;
 513              		.loc 1 134 0
 514              		.cfi_startproc
 515              		@ args = 0, pretend = 0, frame = 8
 516              		@ frame_needed = 0, uses_anonymous_args = 0
 517              	.LVL65:
 518 0000 00B5     		push	{lr}
 519              	.LCFI5:
 520              		.cfi_def_cfa_offset 4
 521              		.cfi_offset 14, -4
 522 0002 83B0     		sub	sp, sp, #12
 523              	.LCFI6:
 524              		.cfi_def_cfa_offset 16
 137:Middlewares/Third_Party/LwIP/src/core/ipv4/ip4_addr.c ****     return ip4_addr_get_u32(&val);
 525              		.loc 1 137 0
 526 0004 01A9     		add	r1, sp, #4
 527 0006 FFF7FEFF 		bl	ip4addr_aton
 528              	.LVL66:
 529 000a 18B1     		cbz	r0, .L59
 138:Middlewares/Third_Party/LwIP/src/core/ipv4/ip4_addr.c ****   }
 530              		.loc 1 138 0
 531 000c 0198     		ldr	r0, [sp, #4]
 532              	.L57:
 141:Middlewares/Third_Party/LwIP/src/core/ipv4/ip4_addr.c **** 
 533              		.loc 1 141 0
 534 000e 03B0     		add	sp, sp, #12
 535              	.LCFI7:
 536              		.cfi_remember_state
 537              		.cfi_def_cfa_offset 4
 538              		@ sp needed
 539 0010 5DF804FB 		ldr	pc, [sp], #4
 540              	.L59:
 541              	.LCFI8:
 542              		.cfi_restore_state
 140:Middlewares/Third_Party/LwIP/src/core/ipv4/ip4_addr.c **** }
 543              		.loc 1 140 0
 544 0014 4FF0FF30 		mov	r0, #-1
 545 0018 F9E7     		b	.L57
 546              		.cfi_endproc
 547              	.LFE144:
 549              		.section	.text.ip4addr_ntoa_r,"ax",%progbits
 550              		.align	1
 551              		.global	ip4addr_ntoa_r
 552              		.syntax unified
 553              		.thumb
 554              		.thumb_func
 555              		.fpu fpv4-sp-d16
 557              	ip4addr_ntoa_r:
 558              	.LFB147:
 267:Middlewares/Third_Party/LwIP/src/core/ipv4/ip4_addr.c **** 
 268:Middlewares/Third_Party/LwIP/src/core/ipv4/ip4_addr.c **** /**
 269:Middlewares/Third_Party/LwIP/src/core/ipv4/ip4_addr.c ****  * Convert numeric IP address into decimal dotted ASCII representation.
 270:Middlewares/Third_Party/LwIP/src/core/ipv4/ip4_addr.c ****  * returns ptr to static buffer; not reentrant!
ARM GAS  /var/folders/0d/93p3r6493yg7p0rvl_4r983m0000gn/T//ccHhlG5t.s 			page 16


 271:Middlewares/Third_Party/LwIP/src/core/ipv4/ip4_addr.c ****  *
 272:Middlewares/Third_Party/LwIP/src/core/ipv4/ip4_addr.c ****  * @param addr ip address in network order to convert
 273:Middlewares/Third_Party/LwIP/src/core/ipv4/ip4_addr.c ****  * @return pointer to a global static (!) buffer that holds the ASCII
 274:Middlewares/Third_Party/LwIP/src/core/ipv4/ip4_addr.c ****  *         representation of addr
 275:Middlewares/Third_Party/LwIP/src/core/ipv4/ip4_addr.c ****  */
 276:Middlewares/Third_Party/LwIP/src/core/ipv4/ip4_addr.c **** char*
 277:Middlewares/Third_Party/LwIP/src/core/ipv4/ip4_addr.c **** ip4addr_ntoa(const ip4_addr_t *addr)
 278:Middlewares/Third_Party/LwIP/src/core/ipv4/ip4_addr.c **** {
 279:Middlewares/Third_Party/LwIP/src/core/ipv4/ip4_addr.c ****   static char str[IP4ADDR_STRLEN_MAX];
 280:Middlewares/Third_Party/LwIP/src/core/ipv4/ip4_addr.c ****   return ip4addr_ntoa_r(addr, str, IP4ADDR_STRLEN_MAX);
 281:Middlewares/Third_Party/LwIP/src/core/ipv4/ip4_addr.c **** }
 282:Middlewares/Third_Party/LwIP/src/core/ipv4/ip4_addr.c **** 
 283:Middlewares/Third_Party/LwIP/src/core/ipv4/ip4_addr.c **** /**
 284:Middlewares/Third_Party/LwIP/src/core/ipv4/ip4_addr.c ****  * Same as ipaddr_ntoa, but reentrant since a user-supplied buffer is used.
 285:Middlewares/Third_Party/LwIP/src/core/ipv4/ip4_addr.c ****  *
 286:Middlewares/Third_Party/LwIP/src/core/ipv4/ip4_addr.c ****  * @param addr ip address in network order to convert
 287:Middlewares/Third_Party/LwIP/src/core/ipv4/ip4_addr.c ****  * @param buf target buffer where the string is stored
 288:Middlewares/Third_Party/LwIP/src/core/ipv4/ip4_addr.c ****  * @param buflen length of buf
 289:Middlewares/Third_Party/LwIP/src/core/ipv4/ip4_addr.c ****  * @return either pointer to buf which now holds the ASCII
 290:Middlewares/Third_Party/LwIP/src/core/ipv4/ip4_addr.c ****  *         representation of addr or NULL if buf was too small
 291:Middlewares/Third_Party/LwIP/src/core/ipv4/ip4_addr.c ****  */
 292:Middlewares/Third_Party/LwIP/src/core/ipv4/ip4_addr.c **** char*
 293:Middlewares/Third_Party/LwIP/src/core/ipv4/ip4_addr.c **** ip4addr_ntoa_r(const ip4_addr_t *addr, char *buf, int buflen)
 294:Middlewares/Third_Party/LwIP/src/core/ipv4/ip4_addr.c **** {
 559              		.loc 1 294 0
 560              		.cfi_startproc
 561              		@ args = 0, pretend = 0, frame = 8
 562              		@ frame_needed = 0, uses_anonymous_args = 0
 563              	.LVL67:
 564 0000 2DE9F043 		push	{r4, r5, r6, r7, r8, r9, lr}
 565              	.LCFI9:
 566              		.cfi_def_cfa_offset 28
 567              		.cfi_offset 4, -28
 568              		.cfi_offset 5, -24
 569              		.cfi_offset 6, -20
 570              		.cfi_offset 7, -16
 571              		.cfi_offset 8, -12
 572              		.cfi_offset 9, -8
 573              		.cfi_offset 14, -4
 574 0004 83B0     		sub	sp, sp, #12
 575              	.LCFI10:
 576              		.cfi_def_cfa_offset 40
 577 0006 8946     		mov	r9, r1
 578              	.LVL68:
 295:Middlewares/Third_Party/LwIP/src/core/ipv4/ip4_addr.c ****   u32_t s_addr;
 296:Middlewares/Third_Party/LwIP/src/core/ipv4/ip4_addr.c ****   char inv[3];
 297:Middlewares/Third_Party/LwIP/src/core/ipv4/ip4_addr.c ****   char *rp;
 298:Middlewares/Third_Party/LwIP/src/core/ipv4/ip4_addr.c ****   u8_t *ap;
 299:Middlewares/Third_Party/LwIP/src/core/ipv4/ip4_addr.c ****   u8_t rem;
 300:Middlewares/Third_Party/LwIP/src/core/ipv4/ip4_addr.c ****   u8_t n;
 301:Middlewares/Third_Party/LwIP/src/core/ipv4/ip4_addr.c ****   u8_t i;
 302:Middlewares/Third_Party/LwIP/src/core/ipv4/ip4_addr.c ****   int len = 0;
 303:Middlewares/Third_Party/LwIP/src/core/ipv4/ip4_addr.c **** 
 304:Middlewares/Third_Party/LwIP/src/core/ipv4/ip4_addr.c ****   s_addr = ip4_addr_get_u32(addr);
 579              		.loc 1 304 0
 580 0008 0368     		ldr	r3, [r0]
 581 000a 0DF1080C 		add	ip, sp, #8
ARM GAS  /var/folders/0d/93p3r6493yg7p0rvl_4r983m0000gn/T//ccHhlG5t.s 			page 17


 582 000e 4CF8043D 		str	r3, [ip, #-4]!
 583              	.LVL69:
 305:Middlewares/Third_Party/LwIP/src/core/ipv4/ip4_addr.c **** 
 306:Middlewares/Third_Party/LwIP/src/core/ipv4/ip4_addr.c ****   rp = buf;
 584              		.loc 1 306 0
 585 0012 0F46     		mov	r7, r1
 302:Middlewares/Third_Party/LwIP/src/core/ipv4/ip4_addr.c **** 
 586              		.loc 1 302 0
 587 0014 0026     		movs	r6, #0
 307:Middlewares/Third_Party/LwIP/src/core/ipv4/ip4_addr.c ****   ap = (u8_t *)&s_addr;
 308:Middlewares/Third_Party/LwIP/src/core/ipv4/ip4_addr.c ****   for (n = 0; n < 4; n++) {
 588              		.loc 1 308 0
 589 0016 3046     		mov	r0, r6
 590              	.LVL70:
 591              	.L62:
 592              		.loc 1 308 0 is_stmt 0 discriminator 1
 593 0018 0328     		cmp	r0, #3
 594 001a 38D8     		bhi	.L71
 309:Middlewares/Third_Party/LwIP/src/core/ipv4/ip4_addr.c ****     i = 0;
 595              		.loc 1 309 0 is_stmt 1
 596 001c 0025     		movs	r5, #0
 597              	.L63:
 598              	.LVL71:
 310:Middlewares/Third_Party/LwIP/src/core/ipv4/ip4_addr.c ****     do {
 311:Middlewares/Third_Party/LwIP/src/core/ipv4/ip4_addr.c ****       rem = *ap % (u8_t)10;
 599              		.loc 1 311 0 discriminator 1
 600 001e 9CF80040 		ldrb	r4, [ip]	@ zero_extendqisi2
 601 0022 204B     		ldr	r3, .L73
 602 0024 A3FB0413 		umull	r1, r3, r3, r4
 603 0028 DB08     		lsrs	r3, r3, #3
 604 002a 03EB8308 		add	r8, r3, r3, lsl #2
 605 002e 4FEA480E 		lsl	lr, r8, #1
 606 0032 A4EB0E04 		sub	r4, r4, lr
 607 0036 E4B2     		uxtb	r4, r4
 608              	.LVL72:
 312:Middlewares/Third_Party/LwIP/src/core/ipv4/ip4_addr.c ****       *ap /= (u8_t)10;
 609              		.loc 1 312 0 discriminator 1
 610 0038 DBB2     		uxtb	r3, r3
 611 003a 8CF80030 		strb	r3, [ip]
 313:Middlewares/Third_Party/LwIP/src/core/ipv4/ip4_addr.c ****       inv[i++] = (char)('0' + rem);
 612              		.loc 1 313 0 discriminator 1
 613 003e 05F1010E 		add	lr, r5, #1
 614 0042 5FFA8EF1 		uxtb	r1, lr
 615              	.LVL73:
 616 0046 3034     		adds	r4, r4, #48
 617              	.LVL74:
 618 0048 0DF1080E 		add	lr, sp, #8
 619 004c 7544     		add	r5, r5, lr
 620 004e 05F8084C 		strb	r4, [r5, #-8]
 621 0052 0D46     		mov	r5, r1
 314:Middlewares/Third_Party/LwIP/src/core/ipv4/ip4_addr.c ****     } while (*ap);
 622              		.loc 1 314 0 discriminator 1
 623 0054 002B     		cmp	r3, #0
 624 0056 E2D1     		bne	.L63
 625              	.LVL75:
 626              	.L64:
 315:Middlewares/Third_Party/LwIP/src/core/ipv4/ip4_addr.c ****     while (i--) {
ARM GAS  /var/folders/0d/93p3r6493yg7p0rvl_4r983m0000gn/T//ccHhlG5t.s 			page 18


 627              		.loc 1 315 0
 628 0058 4B1E     		subs	r3, r1, #1
 629 005a DBB2     		uxtb	r3, r3
 630              	.LVL76:
 631 005c 59B1     		cbz	r1, .L72
 316:Middlewares/Third_Party/LwIP/src/core/ipv4/ip4_addr.c ****       if (len++ >= buflen) {
 632              		.loc 1 316 0
 633 005e 741C     		adds	r4, r6, #1
 634              	.LVL77:
 635 0060 9642     		cmp	r6, r2
 636 0062 19DA     		bge	.L67
 637              	.LVL78:
 317:Middlewares/Third_Party/LwIP/src/core/ipv4/ip4_addr.c ****         return NULL;
 318:Middlewares/Third_Party/LwIP/src/core/ipv4/ip4_addr.c ****       }
 319:Middlewares/Third_Party/LwIP/src/core/ipv4/ip4_addr.c ****       *rp++ = inv[i];
 638              		.loc 1 319 0
 639 0064 02A9     		add	r1, sp, #8
 640 0066 CD18     		adds	r5, r1, r3
 641 0068 15F8085C 		ldrb	r5, [r5, #-8]	@ zero_extendqisi2
 642 006c 3D70     		strb	r5, [r7]
 316:Middlewares/Third_Party/LwIP/src/core/ipv4/ip4_addr.c ****       if (len++ >= buflen) {
 643              		.loc 1 316 0
 644 006e 2646     		mov	r6, r4
 315:Middlewares/Third_Party/LwIP/src/core/ipv4/ip4_addr.c ****       if (len++ >= buflen) {
 645              		.loc 1 315 0
 646 0070 1946     		mov	r1, r3
 647              		.loc 1 319 0
 648 0072 0137     		adds	r7, r7, #1
 649              	.LVL79:
 650 0074 F0E7     		b	.L64
 651              	.LVL80:
 652              	.L72:
 320:Middlewares/Third_Party/LwIP/src/core/ipv4/ip4_addr.c ****     }
 321:Middlewares/Third_Party/LwIP/src/core/ipv4/ip4_addr.c ****     if (len++ >= buflen) {
 653              		.loc 1 321 0
 654 0076 731C     		adds	r3, r6, #1
 655              	.LVL81:
 656 0078 9642     		cmp	r6, r2
 657 007a 11DA     		bge	.L68
 658              	.LVL82:
 322:Middlewares/Third_Party/LwIP/src/core/ipv4/ip4_addr.c ****       return NULL;
 323:Middlewares/Third_Party/LwIP/src/core/ipv4/ip4_addr.c ****     }
 324:Middlewares/Third_Party/LwIP/src/core/ipv4/ip4_addr.c ****     *rp++ = '.';
 659              		.loc 1 324 0 discriminator 2
 660 007c 2E24     		movs	r4, #46
 661 007e 3C70     		strb	r4, [r7]
 325:Middlewares/Third_Party/LwIP/src/core/ipv4/ip4_addr.c ****     ap++;
 662              		.loc 1 325 0 discriminator 2
 663 0080 0CF1010C 		add	ip, ip, #1
 664              	.LVL83:
 308:Middlewares/Third_Party/LwIP/src/core/ipv4/ip4_addr.c ****     i = 0;
 665              		.loc 1 308 0 discriminator 2
 666 0084 0130     		adds	r0, r0, #1
 667              	.LVL84:
 668 0086 C0B2     		uxtb	r0, r0
 669              	.LVL85:
 321:Middlewares/Third_Party/LwIP/src/core/ipv4/ip4_addr.c ****       return NULL;
ARM GAS  /var/folders/0d/93p3r6493yg7p0rvl_4r983m0000gn/T//ccHhlG5t.s 			page 19


 670              		.loc 1 321 0 discriminator 2
 671 0088 1E46     		mov	r6, r3
 324:Middlewares/Third_Party/LwIP/src/core/ipv4/ip4_addr.c ****     ap++;
 672              		.loc 1 324 0 discriminator 2
 673 008a 0137     		adds	r7, r7, #1
 674              	.LVL86:
 675 008c C4E7     		b	.L62
 676              	.LVL87:
 677              	.L71:
 326:Middlewares/Third_Party/LwIP/src/core/ipv4/ip4_addr.c ****   }
 327:Middlewares/Third_Party/LwIP/src/core/ipv4/ip4_addr.c ****   *--rp = 0;
 678              		.loc 1 327 0
 679 008e 0023     		movs	r3, #0
 680 0090 07F8013C 		strb	r3, [r7, #-1]
 328:Middlewares/Third_Party/LwIP/src/core/ipv4/ip4_addr.c ****   return buf;
 681              		.loc 1 328 0
 682 0094 4846     		mov	r0, r9
 683              	.LVL88:
 684 0096 00E0     		b	.L61
 685              	.LVL89:
 686              	.L67:
 317:Middlewares/Third_Party/LwIP/src/core/ipv4/ip4_addr.c ****       }
 687              		.loc 1 317 0
 688 0098 0020     		movs	r0, #0
 689              	.LVL90:
 690              	.L61:
 329:Middlewares/Third_Party/LwIP/src/core/ipv4/ip4_addr.c **** }
 691              		.loc 1 329 0
 692 009a 03B0     		add	sp, sp, #12
 693              	.LCFI11:
 694              		.cfi_remember_state
 695              		.cfi_def_cfa_offset 28
 696              		@ sp needed
 697 009c BDE8F083 		pop	{r4, r5, r6, r7, r8, r9, pc}
 698              	.LVL91:
 699              	.L68:
 700              	.LCFI12:
 701              		.cfi_restore_state
 322:Middlewares/Third_Party/LwIP/src/core/ipv4/ip4_addr.c ****     }
 702              		.loc 1 322 0
 703 00a0 0020     		movs	r0, #0
 704              	.LVL92:
 705 00a2 FAE7     		b	.L61
 706              	.L74:
 707              		.align	2
 708              	.L73:
 709 00a4 CDCCCCCC 		.word	-858993459
 710              		.cfi_endproc
 711              	.LFE147:
 713              		.section	.text.ip4addr_ntoa,"ax",%progbits
 714              		.align	1
 715              		.global	ip4addr_ntoa
 716              		.syntax unified
 717              		.thumb
 718              		.thumb_func
 719              		.fpu fpv4-sp-d16
 721              	ip4addr_ntoa:
ARM GAS  /var/folders/0d/93p3r6493yg7p0rvl_4r983m0000gn/T//ccHhlG5t.s 			page 20


 722              	.LFB146:
 278:Middlewares/Third_Party/LwIP/src/core/ipv4/ip4_addr.c ****   static char str[IP4ADDR_STRLEN_MAX];
 723              		.loc 1 278 0
 724              		.cfi_startproc
 725              		@ args = 0, pretend = 0, frame = 0
 726              		@ frame_needed = 0, uses_anonymous_args = 0
 727              	.LVL93:
 728 0000 08B5     		push	{r3, lr}
 729              	.LCFI13:
 730              		.cfi_def_cfa_offset 8
 731              		.cfi_offset 3, -8
 732              		.cfi_offset 14, -4
 280:Middlewares/Third_Party/LwIP/src/core/ipv4/ip4_addr.c **** }
 733              		.loc 1 280 0
 734 0002 1022     		movs	r2, #16
 735 0004 0149     		ldr	r1, .L77
 736 0006 FFF7FEFF 		bl	ip4addr_ntoa_r
 737              	.LVL94:
 281:Middlewares/Third_Party/LwIP/src/core/ipv4/ip4_addr.c **** 
 738              		.loc 1 281 0
 739 000a 08BD     		pop	{r3, pc}
 740              	.L78:
 741              		.align	2
 742              	.L77:
 743 000c 00000000 		.word	.LANCHOR0
 744              		.cfi_endproc
 745              	.LFE146:
 747              		.global	ip_addr_broadcast
 748              		.global	ip_addr_any
 749              		.section	.bss.str.10480,"aw",%nobits
 750              		.align	2
 751              		.set	.LANCHOR0,. + 0
 754              	str.10480:
 755 0000 00000000 		.space	16
 755      00000000 
 755      00000000 
 755      00000000 
 756              		.section	.rodata.ip4addr_aton.str1.4,"aMS",%progbits,1
 757              		.align	2
 758              	.LC0:
 759 0000 4D696464 		.ascii	"Middlewares/Third_Party/LwIP/src/core/ipv4/ip4_addr"
 759      6C657761 
 759      7265732F 
 759      54686972 
 759      645F5061 
 760 0033 2E6300   		.ascii	".c\000"
 761 0036 0000     		.space	2
 762              	.LC1:
 763 0038 756E6861 		.ascii	"unhandled\000"
 763      6E646C65 
 763      6400
 764 0042 0000     		.space	2
 765              	.LC2:
 766 0044 41737365 		.ascii	"Assertion \"%s\" failed at line %d in %s\012\000"
 766      7274696F 
 766      6E202225 
 766      73222066 
ARM GAS  /var/folders/0d/93p3r6493yg7p0rvl_4r983m0000gn/T//ccHhlG5t.s 			page 21


 766      61696C65 
 767              		.section	.rodata.ip_addr_any,"a",%progbits
 768              		.align	2
 771              	ip_addr_any:
 772 0000 00000000 		.space	4
 773              		.section	.rodata.ip_addr_broadcast,"a",%progbits
 774              		.align	2
 777              	ip_addr_broadcast:
 778 0000 FFFFFFFF 		.word	-1
 779              		.text
 780              	.Letext0:
 781              		.file 2 "/usr/local/gcc_arm/gcc-arm-none-eabi-7-2017-q4-major/arm-none-eabi/include/machine/_defau
 782              		.file 3 "/usr/local/gcc_arm/gcc-arm-none-eabi-7-2017-q4-major/arm-none-eabi/include/sys/_stdint.h"
 783              		.file 4 "Drivers/CMSIS/Include/core_cm4.h"
 784              		.file 5 "Drivers/CMSIS/Device/ST/STM32F4xx/Include/system_stm32f4xx.h"
 785              		.file 6 "/usr/local/gcc_arm/gcc-arm-none-eabi-7-2017-q4-major/arm-none-eabi/include/sys/lock.h"
 786              		.file 7 "/usr/local/gcc_arm/gcc-arm-none-eabi-7-2017-q4-major/arm-none-eabi/include/sys/_types.h"
 787              		.file 8 "/usr/local/gcc_arm/gcc-arm-none-eabi-7-2017-q4-major/lib/gcc/arm-none-eabi/7.2.1/include/
 788              		.file 9 "/usr/local/gcc_arm/gcc-arm-none-eabi-7-2017-q4-major/arm-none-eabi/include/sys/reent.h"
 789              		.file 10 "/usr/local/gcc_arm/gcc-arm-none-eabi-7-2017-q4-major/arm-none-eabi/include/stdlib.h"
 790              		.file 11 "/usr/local/gcc_arm/gcc-arm-none-eabi-7-2017-q4-major/arm-none-eabi/include/time.h"
 791              		.file 12 "Middlewares/Third_Party/LwIP/src/include/lwip/arch.h"
 792              		.file 13 "Middlewares/Third_Party/LwIP/src/include/lwip/ip4_addr.h"
 793              		.file 14 "Middlewares/Third_Party/LwIP/src/include/lwip/ip_addr.h"
 794              		.file 15 "Middlewares/Third_Party/LwIP/src/include/lwip/err.h"
 795              		.file 16 "Middlewares/Third_Party/LwIP/src/include/lwip/pbuf.h"
 796              		.file 17 "Middlewares/Third_Party/LwIP/src/include/lwip/priv/memp_priv.h"
 797              		.file 18 "Middlewares/Third_Party/LwIP/src/include/lwip/memp.h"
 798              		.file 19 "Middlewares/Third_Party/LwIP/src/include/lwip/netif.h"
 799              		.file 20 "/usr/local/gcc_arm/gcc-arm-none-eabi-7-2017-q4-major/arm-none-eabi/include/stdio.h"
 800              		.file 21 "Middlewares/Third_Party/LwIP/src/include/lwip/def.h"
ARM GAS  /var/folders/0d/93p3r6493yg7p0rvl_4r983m0000gn/T//ccHhlG5t.s 			page 22


DEFINED SYMBOLS
                            *ABS*:0000000000000000 ip4_addr.c
/var/folders/0d/93p3r6493yg7p0rvl_4r983m0000gn/T//ccHhlG5t.s:18     .text.ip4_addr_isbroadcast_u32:0000000000000000 $t
/var/folders/0d/93p3r6493yg7p0rvl_4r983m0000gn/T//ccHhlG5t.s:25     .text.ip4_addr_isbroadcast_u32:0000000000000000 ip4_addr_isbroadcast_u32
/var/folders/0d/93p3r6493yg7p0rvl_4r983m0000gn/T//ccHhlG5t.s:94     .text.ip4_addr_netmask_valid:0000000000000000 $t
/var/folders/0d/93p3r6493yg7p0rvl_4r983m0000gn/T//ccHhlG5t.s:101    .text.ip4_addr_netmask_valid:0000000000000000 ip4_addr_netmask_valid
/var/folders/0d/93p3r6493yg7p0rvl_4r983m0000gn/T//ccHhlG5t.s:156    .text.ip4addr_aton:0000000000000000 $t
/var/folders/0d/93p3r6493yg7p0rvl_4r983m0000gn/T//ccHhlG5t.s:163    .text.ip4addr_aton:0000000000000000 ip4addr_aton
/var/folders/0d/93p3r6493yg7p0rvl_4r983m0000gn/T//ccHhlG5t.s:344    .text.ip4addr_aton:00000000000000c2 $d
/var/folders/0d/93p3r6493yg7p0rvl_4r983m0000gn/T//ccHhlG5t.s:497    .text.ip4addr_aton:000000000000016c $d
/var/folders/0d/93p3r6493yg7p0rvl_4r983m0000gn/T//ccHhlG5t.s:504    .text.ipaddr_addr:0000000000000000 $t
/var/folders/0d/93p3r6493yg7p0rvl_4r983m0000gn/T//ccHhlG5t.s:511    .text.ipaddr_addr:0000000000000000 ipaddr_addr
/var/folders/0d/93p3r6493yg7p0rvl_4r983m0000gn/T//ccHhlG5t.s:550    .text.ip4addr_ntoa_r:0000000000000000 $t
/var/folders/0d/93p3r6493yg7p0rvl_4r983m0000gn/T//ccHhlG5t.s:557    .text.ip4addr_ntoa_r:0000000000000000 ip4addr_ntoa_r
/var/folders/0d/93p3r6493yg7p0rvl_4r983m0000gn/T//ccHhlG5t.s:709    .text.ip4addr_ntoa_r:00000000000000a4 $d
/var/folders/0d/93p3r6493yg7p0rvl_4r983m0000gn/T//ccHhlG5t.s:714    .text.ip4addr_ntoa:0000000000000000 $t
/var/folders/0d/93p3r6493yg7p0rvl_4r983m0000gn/T//ccHhlG5t.s:721    .text.ip4addr_ntoa:0000000000000000 ip4addr_ntoa
/var/folders/0d/93p3r6493yg7p0rvl_4r983m0000gn/T//ccHhlG5t.s:743    .text.ip4addr_ntoa:000000000000000c $d
/var/folders/0d/93p3r6493yg7p0rvl_4r983m0000gn/T//ccHhlG5t.s:777    .rodata.ip_addr_broadcast:0000000000000000 ip_addr_broadcast
/var/folders/0d/93p3r6493yg7p0rvl_4r983m0000gn/T//ccHhlG5t.s:771    .rodata.ip_addr_any:0000000000000000 ip_addr_any
/var/folders/0d/93p3r6493yg7p0rvl_4r983m0000gn/T//ccHhlG5t.s:750    .bss.str.10480:0000000000000000 $d
/var/folders/0d/93p3r6493yg7p0rvl_4r983m0000gn/T//ccHhlG5t.s:754    .bss.str.10480:0000000000000000 str.10480
/var/folders/0d/93p3r6493yg7p0rvl_4r983m0000gn/T//ccHhlG5t.s:757    .rodata.ip4addr_aton.str1.4:0000000000000000 $d
/var/folders/0d/93p3r6493yg7p0rvl_4r983m0000gn/T//ccHhlG5t.s:768    .rodata.ip_addr_any:0000000000000000 $d
/var/folders/0d/93p3r6493yg7p0rvl_4r983m0000gn/T//ccHhlG5t.s:774    .rodata.ip_addr_broadcast:0000000000000000 $d
/var/folders/0d/93p3r6493yg7p0rvl_4r983m0000gn/T//ccHhlG5t.s:349    .text.ip4addr_aton:00000000000000c7 $d
/var/folders/0d/93p3r6493yg7p0rvl_4r983m0000gn/T//ccHhlG5t.s:349    .text.ip4addr_aton:00000000000000c8 $t

UNDEFINED SYMBOLS
lwip_htonl
printf
