ARM GAS  /var/folders/0d/93p3r6493yg7p0rvl_4r983m0000gn/T//cc2TpMib.s 			page 1


   1              		.cpu cortex-m4
   2              		.eabi_attribute 27, 1
   3              		.eabi_attribute 28, 1
   4              		.eabi_attribute 20, 1
   5              		.eabi_attribute 21, 1
   6              		.eabi_attribute 23, 3
   7              		.eabi_attribute 24, 1
   8              		.eabi_attribute 25, 1
   9              		.eabi_attribute 26, 1
  10              		.eabi_attribute 30, 1
  11              		.eabi_attribute 34, 1
  12              		.eabi_attribute 18, 4
  13              		.file	"ip6_frag.c"
  14              		.text
  15              	.Ltext0:
  16              		.cfi_sections	.debug_frame
  17              	.Letext0:
  18              		.file 1 "/usr/local/gcc_arm/gcc-arm-none-eabi-7-2017-q4-major/arm-none-eabi/include/machine/_defau
  19              		.file 2 "/usr/local/gcc_arm/gcc-arm-none-eabi-7-2017-q4-major/arm-none-eabi/include/sys/_stdint.h"
  20              		.file 3 "Drivers/CMSIS/Include/core_cm4.h"
  21              		.file 4 "Drivers/CMSIS/Device/ST/STM32F4xx/Include/system_stm32f4xx.h"
  22              		.file 5 "/usr/local/gcc_arm/gcc-arm-none-eabi-7-2017-q4-major/arm-none-eabi/include/sys/lock.h"
  23              		.file 6 "/usr/local/gcc_arm/gcc-arm-none-eabi-7-2017-q4-major/arm-none-eabi/include/sys/_types.h"
  24              		.file 7 "/usr/local/gcc_arm/gcc-arm-none-eabi-7-2017-q4-major/lib/gcc/arm-none-eabi/7.2.1/include/
  25              		.file 8 "/usr/local/gcc_arm/gcc-arm-none-eabi-7-2017-q4-major/arm-none-eabi/include/sys/reent.h"
  26              		.file 9 "/usr/local/gcc_arm/gcc-arm-none-eabi-7-2017-q4-major/arm-none-eabi/include/stdlib.h"
  27              		.file 10 "/usr/local/gcc_arm/gcc-arm-none-eabi-7-2017-q4-major/arm-none-eabi/include/time.h"
  28              		.file 11 "Middlewares/Third_Party/LwIP/src/include/lwip/arch.h"
  29              		.file 12 "Middlewares/Third_Party/LwIP/src/include/lwip/err.h"
  30              		.file 13 "Middlewares/Third_Party/LwIP/src/include/lwip/pbuf.h"
  31              		.file 14 "Middlewares/Third_Party/LwIP/src/include/lwip/ip4_addr.h"
  32              		.file 15 "Middlewares/Third_Party/LwIP/src/include/lwip/ip_addr.h"
  33              		.file 16 "Middlewares/Third_Party/LwIP/src/include/lwip/priv/memp_priv.h"
  34              		.file 17 "Middlewares/Third_Party/LwIP/src/include/lwip/memp.h"
  35              		.file 18 "Middlewares/Third_Party/LwIP/src/include/lwip/netif.h"
  36              		.file 19 "Middlewares/Third_Party/LwIP/src/include/lwip/prot/ip4.h"
  37              		.file 20 "Middlewares/Third_Party/LwIP/src/include/lwip/ip.h"
ARM GAS  /var/folders/0d/93p3r6493yg7p0rvl_4r983m0000gn/T//cc2TpMib.s 			page 2


DEFINED SYMBOLS
                            *ABS*:0000000000000000 ip6_frag.c

NO UNDEFINED SYMBOLS
