ARM GAS  /var/folders/0d/93p3r6493yg7p0rvl_4r983m0000gn/T//ccfdQed3.s 			page 1


   1              		.cpu cortex-m4
   2              		.eabi_attribute 27, 1
   3              		.eabi_attribute 28, 1
   4              		.eabi_attribute 20, 1
   5              		.eabi_attribute 21, 1
   6              		.eabi_attribute 23, 3
   7              		.eabi_attribute 24, 1
   8              		.eabi_attribute 25, 1
   9              		.eabi_attribute 26, 1
  10              		.eabi_attribute 30, 1
  11              		.eabi_attribute 34, 1
  12              		.eabi_attribute 18, 4
  13              		.file	"liblwm2m.c"
  14              		.text
  15              	.Ltext0:
  16              		.cfi_sections	.debug_frame
  17              		.section	.text.prv_deleteServer,"ax",%progbits
  18              		.align	1
  19              		.syntax unified
  20              		.thumb
  21              		.thumb_func
  22              		.fpu fpv4-sp-d16
  24              	prv_deleteServer:
  25              	.LFB5:
  26              		.file 1 "Middlewares/Third_Party/wakaama/liblwm2m.c"
   1:Middlewares/Third_Party/wakaama/liblwm2m.c **** /*******************************************************************************
   2:Middlewares/Third_Party/wakaama/liblwm2m.c ****  *
   3:Middlewares/Third_Party/wakaama/liblwm2m.c ****  * Copyright (c) 2013, 2014 Intel Corporation and others.
   4:Middlewares/Third_Party/wakaama/liblwm2m.c ****  * All rights reserved. This program and the accompanying materials
   5:Middlewares/Third_Party/wakaama/liblwm2m.c ****  * are made available under the terms of the Eclipse Public License v1.0
   6:Middlewares/Third_Party/wakaama/liblwm2m.c ****  * and Eclipse Distribution License v1.0 which accompany this distribution.
   7:Middlewares/Third_Party/wakaama/liblwm2m.c ****  *
   8:Middlewares/Third_Party/wakaama/liblwm2m.c ****  * The Eclipse Public License is available at
   9:Middlewares/Third_Party/wakaama/liblwm2m.c ****  *    http://www.eclipse.org/legal/epl-v10.html
  10:Middlewares/Third_Party/wakaama/liblwm2m.c ****  * The Eclipse Distribution License is available at
  11:Middlewares/Third_Party/wakaama/liblwm2m.c ****  *    http://www.eclipse.org/org/documents/edl-v10.php.
  12:Middlewares/Third_Party/wakaama/liblwm2m.c ****  *
  13:Middlewares/Third_Party/wakaama/liblwm2m.c ****  * Contributors:
  14:Middlewares/Third_Party/wakaama/liblwm2m.c ****  *    David Navarro, Intel Corporation - initial API and implementation
  15:Middlewares/Third_Party/wakaama/liblwm2m.c ****  *    Fabien Fleutot - Please refer to git log
  16:Middlewares/Third_Party/wakaama/liblwm2m.c ****  *    Simon Bernard - Please refer to git log
  17:Middlewares/Third_Party/wakaama/liblwm2m.c ****  *    Toby Jaffey - Please refer to git log
  18:Middlewares/Third_Party/wakaama/liblwm2m.c ****  *    Pascal Rieux - Please refer to git log
  19:Middlewares/Third_Party/wakaama/liblwm2m.c ****  *    
  20:Middlewares/Third_Party/wakaama/liblwm2m.c ****  *******************************************************************************/
  21:Middlewares/Third_Party/wakaama/liblwm2m.c **** 
  22:Middlewares/Third_Party/wakaama/liblwm2m.c **** /*
  23:Middlewares/Third_Party/wakaama/liblwm2m.c ****  Copyright (c) 2013, 2014 Intel Corporation
  24:Middlewares/Third_Party/wakaama/liblwm2m.c **** 
  25:Middlewares/Third_Party/wakaama/liblwm2m.c ****  Redistribution and use in source and binary forms, with or without modification,
  26:Middlewares/Third_Party/wakaama/liblwm2m.c ****  are permitted provided that the following conditions are met:
  27:Middlewares/Third_Party/wakaama/liblwm2m.c **** 
  28:Middlewares/Third_Party/wakaama/liblwm2m.c ****      * Redistributions of source code must retain the above copyright notice,
  29:Middlewares/Third_Party/wakaama/liblwm2m.c ****        this list of conditions and the following disclaimer.
  30:Middlewares/Third_Party/wakaama/liblwm2m.c ****      * Redistributions in binary form must reproduce the above copyright notice,
  31:Middlewares/Third_Party/wakaama/liblwm2m.c ****        this list of conditions and the following disclaimer in the documentation
  32:Middlewares/Third_Party/wakaama/liblwm2m.c ****        and/or other materials provided with the distribution.
ARM GAS  /var/folders/0d/93p3r6493yg7p0rvl_4r983m0000gn/T//ccfdQed3.s 			page 2


  33:Middlewares/Third_Party/wakaama/liblwm2m.c ****      * Neither the name of Intel Corporation nor the names of its contributors
  34:Middlewares/Third_Party/wakaama/liblwm2m.c ****        may be used to endorse or promote products derived from this software
  35:Middlewares/Third_Party/wakaama/liblwm2m.c ****        without specific prior written permission.
  36:Middlewares/Third_Party/wakaama/liblwm2m.c **** 
  37:Middlewares/Third_Party/wakaama/liblwm2m.c ****  THIS SOFTWARE IS PROVIDED BY THE COPYRIGHT HOLDERS AND CONTRIBUTORS "AS IS" AND
  38:Middlewares/Third_Party/wakaama/liblwm2m.c ****  ANY EXPRESS OR IMPLIED WARRANTIES, INCLUDING, BUT NOT LIMITED TO, THE IMPLIED
  39:Middlewares/Third_Party/wakaama/liblwm2m.c ****  WARRANTIES OF MERCHANTABILITY AND FITNESS FOR A PARTICULAR PURPOSE ARE DISCLAIMED.
  40:Middlewares/Third_Party/wakaama/liblwm2m.c ****  IN NO EVENT SHALL THE COPYRIGHT OWNER OR CONTRIBUTORS BE LIABLE FOR ANY DIRECT,
  41:Middlewares/Third_Party/wakaama/liblwm2m.c ****  INDIRECT, INCIDENTAL, SPECIAL, EXEMPLARY, OR CONSEQUENTIAL DAMAGES (INCLUDING,
  42:Middlewares/Third_Party/wakaama/liblwm2m.c ****  BUT NOT LIMITED TO, PROCUREMENT OF SUBSTITUTE GOODS OR SERVICES; LOSS OF USE,
  43:Middlewares/Third_Party/wakaama/liblwm2m.c ****  DATA, OR PROFITS; OR BUSINESS INTERRUPTION) HOWEVER CAUSED AND ON ANY THEORY OF
  44:Middlewares/Third_Party/wakaama/liblwm2m.c ****  LIABILITY, WHETHER IN CONTRACT, STRICT LIABILITY, OR TORT (INCLUDING NEGLIGENCE OR
  45:Middlewares/Third_Party/wakaama/liblwm2m.c ****  OTHERWISE) ARISING IN ANY WAY OUT OF THE USE OF THIS SOFTWARE, EVEN IF ADVISED OF
  46:Middlewares/Third_Party/wakaama/liblwm2m.c ****  THE POSSIBILITY OF SUCH DAMAGE.
  47:Middlewares/Third_Party/wakaama/liblwm2m.c **** 
  48:Middlewares/Third_Party/wakaama/liblwm2m.c ****  David Navarro <david.navarro@intel.com>
  49:Middlewares/Third_Party/wakaama/liblwm2m.c **** 
  50:Middlewares/Third_Party/wakaama/liblwm2m.c **** */
  51:Middlewares/Third_Party/wakaama/liblwm2m.c **** 
  52:Middlewares/Third_Party/wakaama/liblwm2m.c **** #include "internals.h"
  53:Middlewares/Third_Party/wakaama/liblwm2m.c **** 
  54:Middlewares/Third_Party/wakaama/liblwm2m.c **** #include <stdlib.h>
  55:Middlewares/Third_Party/wakaama/liblwm2m.c **** #include <string.h>
  56:Middlewares/Third_Party/wakaama/liblwm2m.c **** 
  57:Middlewares/Third_Party/wakaama/liblwm2m.c **** #include <stdio.h>
  58:Middlewares/Third_Party/wakaama/liblwm2m.c **** 
  59:Middlewares/Third_Party/wakaama/liblwm2m.c **** 
  60:Middlewares/Third_Party/wakaama/liblwm2m.c **** lwm2m_context_t * lwm2m_init(void * userData)
  61:Middlewares/Third_Party/wakaama/liblwm2m.c **** {
  62:Middlewares/Third_Party/wakaama/liblwm2m.c ****     lwm2m_context_t * contextP;
  63:Middlewares/Third_Party/wakaama/liblwm2m.c **** 
  64:Middlewares/Third_Party/wakaama/liblwm2m.c ****     LOG("Entering");
  65:Middlewares/Third_Party/wakaama/liblwm2m.c ****     contextP = (lwm2m_context_t *)lwm2m_malloc(sizeof(lwm2m_context_t));
  66:Middlewares/Third_Party/wakaama/liblwm2m.c ****     if (NULL != contextP)
  67:Middlewares/Third_Party/wakaama/liblwm2m.c ****     {
  68:Middlewares/Third_Party/wakaama/liblwm2m.c ****         memset(contextP, 0, sizeof(lwm2m_context_t));
  69:Middlewares/Third_Party/wakaama/liblwm2m.c ****         contextP->userData = userData;
  70:Middlewares/Third_Party/wakaama/liblwm2m.c ****         srand((int)lwm2m_gettime());
  71:Middlewares/Third_Party/wakaama/liblwm2m.c ****         contextP->nextMID = rand();
  72:Middlewares/Third_Party/wakaama/liblwm2m.c ****     }
  73:Middlewares/Third_Party/wakaama/liblwm2m.c **** 
  74:Middlewares/Third_Party/wakaama/liblwm2m.c ****     return contextP;
  75:Middlewares/Third_Party/wakaama/liblwm2m.c **** }
  76:Middlewares/Third_Party/wakaama/liblwm2m.c **** 
  77:Middlewares/Third_Party/wakaama/liblwm2m.c **** #ifdef LWM2M_CLIENT_MODE
  78:Middlewares/Third_Party/wakaama/liblwm2m.c **** void lwm2m_deregister(lwm2m_context_t * context)
  79:Middlewares/Third_Party/wakaama/liblwm2m.c **** {
  80:Middlewares/Third_Party/wakaama/liblwm2m.c ****     lwm2m_server_t * server = context->serverList;
  81:Middlewares/Third_Party/wakaama/liblwm2m.c **** 
  82:Middlewares/Third_Party/wakaama/liblwm2m.c ****     LOG("Entering");
  83:Middlewares/Third_Party/wakaama/liblwm2m.c ****     while (NULL != server)
  84:Middlewares/Third_Party/wakaama/liblwm2m.c ****     {
  85:Middlewares/Third_Party/wakaama/liblwm2m.c ****         registration_deregister(context, server);
  86:Middlewares/Third_Party/wakaama/liblwm2m.c ****         server = server->next;
  87:Middlewares/Third_Party/wakaama/liblwm2m.c ****     }
  88:Middlewares/Third_Party/wakaama/liblwm2m.c **** }
  89:Middlewares/Third_Party/wakaama/liblwm2m.c **** 
ARM GAS  /var/folders/0d/93p3r6493yg7p0rvl_4r983m0000gn/T//ccfdQed3.s 			page 3


  90:Middlewares/Third_Party/wakaama/liblwm2m.c **** static void prv_deleteServer(lwm2m_server_t * serverP, void *userData)
  91:Middlewares/Third_Party/wakaama/liblwm2m.c **** {
  27              		.loc 1 91 0
  28              		.cfi_startproc
  29              		@ args = 0, pretend = 0, frame = 0
  30              		@ frame_needed = 0, uses_anonymous_args = 0
  31              	.LVL0:
  32 0000 10B5     		push	{r4, lr}
  33              	.LCFI0:
  34              		.cfi_def_cfa_offset 8
  35              		.cfi_offset 4, -8
  36              		.cfi_offset 14, -4
  37 0002 0446     		mov	r4, r0
  92:Middlewares/Third_Party/wakaama/liblwm2m.c ****     // TODO parse transaction and observation to remove the ones related to this server
  93:Middlewares/Third_Party/wakaama/liblwm2m.c ****     if (serverP->sessionH != NULL)
  38              		.loc 1 93 0
  39 0004 C069     		ldr	r0, [r0, #28]
  40              	.LVL1:
  41 0006 08B1     		cbz	r0, .L2
  94:Middlewares/Third_Party/wakaama/liblwm2m.c ****     {
  95:Middlewares/Third_Party/wakaama/liblwm2m.c ****          lwm2m_close_connection(serverP->sessionH, userData);
  42              		.loc 1 95 0
  43 0008 FFF7FEFF 		bl	lwm2m_close_connection
  44              	.LVL2:
  45              	.L2:
  96:Middlewares/Third_Party/wakaama/liblwm2m.c ****     }
  97:Middlewares/Third_Party/wakaama/liblwm2m.c ****     if (NULL != serverP->location)
  46              		.loc 1 97 0
  47 000c 606A     		ldr	r0, [r4, #36]
  48 000e 08B1     		cbz	r0, .L3
  98:Middlewares/Third_Party/wakaama/liblwm2m.c ****     {
  99:Middlewares/Third_Party/wakaama/liblwm2m.c ****         lwm2m_free(serverP->location);
  49              		.loc 1 99 0
  50 0010 FFF7FEFF 		bl	lwm2m_free
  51              	.LVL3:
  52              	.L3:
 100:Middlewares/Third_Party/wakaama/liblwm2m.c ****     }
 101:Middlewares/Third_Party/wakaama/liblwm2m.c ****     free_block1_buffer(serverP->block1Data);
  53              		.loc 1 101 0
  54 0014 E06A     		ldr	r0, [r4, #44]
  55 0016 FFF7FEFF 		bl	free_block1_buffer
  56              	.LVL4:
 102:Middlewares/Third_Party/wakaama/liblwm2m.c ****     lwm2m_free(serverP);
  57              		.loc 1 102 0
  58 001a 2046     		mov	r0, r4
  59 001c FFF7FEFF 		bl	lwm2m_free
  60              	.LVL5:
 103:Middlewares/Third_Party/wakaama/liblwm2m.c **** }
  61              		.loc 1 103 0
  62 0020 10BD     		pop	{r4, pc}
  63              		.cfi_endproc
  64              	.LFE5:
  66              		.section	.text.prv_deleteServerList,"ax",%progbits
  67              		.align	1
  68              		.syntax unified
  69              		.thumb
  70              		.thumb_func
ARM GAS  /var/folders/0d/93p3r6493yg7p0rvl_4r983m0000gn/T//ccfdQed3.s 			page 4


  71              		.fpu fpv4-sp-d16
  73              	prv_deleteServerList:
  74              	.LFB6:
 104:Middlewares/Third_Party/wakaama/liblwm2m.c **** 
 105:Middlewares/Third_Party/wakaama/liblwm2m.c **** static void prv_deleteServerList(lwm2m_context_t * context)
 106:Middlewares/Third_Party/wakaama/liblwm2m.c **** {
  75              		.loc 1 106 0
  76              		.cfi_startproc
  77              		@ args = 0, pretend = 0, frame = 0
  78              		@ frame_needed = 0, uses_anonymous_args = 0
  79              	.LVL6:
  80 0000 10B5     		push	{r4, lr}
  81              	.LCFI1:
  82              		.cfi_def_cfa_offset 8
  83              		.cfi_offset 4, -8
  84              		.cfi_offset 14, -4
  85 0002 0446     		mov	r4, r0
 107:Middlewares/Third_Party/wakaama/liblwm2m.c ****     while (NULL != context->serverList)
  86              		.loc 1 107 0
  87 0004 04E0     		b	.L6
  88              	.LVL7:
  89              	.L7:
  90              	.LBB2:
 108:Middlewares/Third_Party/wakaama/liblwm2m.c ****     {
 109:Middlewares/Third_Party/wakaama/liblwm2m.c ****         lwm2m_server_t * server;
 110:Middlewares/Third_Party/wakaama/liblwm2m.c ****         server = context->serverList;
 111:Middlewares/Third_Party/wakaama/liblwm2m.c ****         context->serverList = server->next;
  91              		.loc 1 111 0
  92 0006 0368     		ldr	r3, [r0]
  93 0008 6361     		str	r3, [r4, #20]
 112:Middlewares/Third_Party/wakaama/liblwm2m.c ****         prv_deleteServer(server, context->userData);
  94              		.loc 1 112 0
  95 000a A16A     		ldr	r1, [r4, #40]
  96 000c FFF7FEFF 		bl	prv_deleteServer
  97              	.LVL8:
  98              	.L6:
  99              	.LBE2:
 107:Middlewares/Third_Party/wakaama/liblwm2m.c ****     while (NULL != context->serverList)
 100              		.loc 1 107 0
 101 0010 6069     		ldr	r0, [r4, #20]
 102 0012 0028     		cmp	r0, #0
 103 0014 F7D1     		bne	.L7
 113:Middlewares/Third_Party/wakaama/liblwm2m.c ****     }
 114:Middlewares/Third_Party/wakaama/liblwm2m.c **** }
 104              		.loc 1 114 0
 105 0016 10BD     		pop	{r4, pc}
 106              		.cfi_endproc
 107              	.LFE6:
 109              		.section	.text.prv_deleteBootstrapServer,"ax",%progbits
 110              		.align	1
 111              		.syntax unified
 112              		.thumb
 113              		.thumb_func
 114              		.fpu fpv4-sp-d16
 116              	prv_deleteBootstrapServer:
 117              	.LFB7:
 115:Middlewares/Third_Party/wakaama/liblwm2m.c **** 
ARM GAS  /var/folders/0d/93p3r6493yg7p0rvl_4r983m0000gn/T//ccfdQed3.s 			page 5


 116:Middlewares/Third_Party/wakaama/liblwm2m.c **** static void prv_deleteBootstrapServer(lwm2m_server_t * serverP, void *userData)
 117:Middlewares/Third_Party/wakaama/liblwm2m.c **** {
 118              		.loc 1 117 0
 119              		.cfi_startproc
 120              		@ args = 0, pretend = 0, frame = 0
 121              		@ frame_needed = 0, uses_anonymous_args = 0
 122              	.LVL9:
 123 0000 10B5     		push	{r4, lr}
 124              	.LCFI2:
 125              		.cfi_def_cfa_offset 8
 126              		.cfi_offset 4, -8
 127              		.cfi_offset 14, -4
 128 0002 0446     		mov	r4, r0
 118:Middlewares/Third_Party/wakaama/liblwm2m.c ****     // TODO should we free location as in prv_deleteServer ?
 119:Middlewares/Third_Party/wakaama/liblwm2m.c ****     // TODO should we parse transaction and observation to remove the ones related to this server ?
 120:Middlewares/Third_Party/wakaama/liblwm2m.c ****     if (serverP->sessionH != NULL)
 129              		.loc 1 120 0
 130 0004 C069     		ldr	r0, [r0, #28]
 131              	.LVL10:
 132 0006 08B1     		cbz	r0, .L10
 121:Middlewares/Third_Party/wakaama/liblwm2m.c ****     {
 122:Middlewares/Third_Party/wakaama/liblwm2m.c ****          lwm2m_close_connection(serverP->sessionH, userData);
 133              		.loc 1 122 0
 134 0008 FFF7FEFF 		bl	lwm2m_close_connection
 135              	.LVL11:
 136              	.L10:
 123:Middlewares/Third_Party/wakaama/liblwm2m.c ****     }
 124:Middlewares/Third_Party/wakaama/liblwm2m.c ****     free_block1_buffer(serverP->block1Data);
 137              		.loc 1 124 0
 138 000c E06A     		ldr	r0, [r4, #44]
 139 000e FFF7FEFF 		bl	free_block1_buffer
 140              	.LVL12:
 125:Middlewares/Third_Party/wakaama/liblwm2m.c ****     lwm2m_free(serverP);
 141              		.loc 1 125 0
 142 0012 2046     		mov	r0, r4
 143 0014 FFF7FEFF 		bl	lwm2m_free
 144              	.LVL13:
 126:Middlewares/Third_Party/wakaama/liblwm2m.c **** }
 145              		.loc 1 126 0
 146 0018 10BD     		pop	{r4, pc}
 147              		.cfi_endproc
 148              	.LFE7:
 150              		.section	.text.prv_deleteBootstrapServerList,"ax",%progbits
 151              		.align	1
 152              		.syntax unified
 153              		.thumb
 154              		.thumb_func
 155              		.fpu fpv4-sp-d16
 157              	prv_deleteBootstrapServerList:
 158              	.LFB8:
 127:Middlewares/Third_Party/wakaama/liblwm2m.c **** 
 128:Middlewares/Third_Party/wakaama/liblwm2m.c **** static void prv_deleteBootstrapServerList(lwm2m_context_t * context)
 129:Middlewares/Third_Party/wakaama/liblwm2m.c **** {
 159              		.loc 1 129 0
 160              		.cfi_startproc
 161              		@ args = 0, pretend = 0, frame = 0
 162              		@ frame_needed = 0, uses_anonymous_args = 0
ARM GAS  /var/folders/0d/93p3r6493yg7p0rvl_4r983m0000gn/T//ccfdQed3.s 			page 6


 163              	.LVL14:
 164 0000 10B5     		push	{r4, lr}
 165              	.LCFI3:
 166              		.cfi_def_cfa_offset 8
 167              		.cfi_offset 4, -8
 168              		.cfi_offset 14, -4
 169 0002 0446     		mov	r4, r0
 130:Middlewares/Third_Party/wakaama/liblwm2m.c ****     while (NULL != context->bootstrapServerList)
 170              		.loc 1 130 0
 171 0004 04E0     		b	.L13
 172              	.LVL15:
 173              	.L14:
 174              	.LBB3:
 131:Middlewares/Third_Party/wakaama/liblwm2m.c ****     {
 132:Middlewares/Third_Party/wakaama/liblwm2m.c ****         lwm2m_server_t * server;
 133:Middlewares/Third_Party/wakaama/liblwm2m.c ****         server = context->bootstrapServerList;
 134:Middlewares/Third_Party/wakaama/liblwm2m.c ****         context->bootstrapServerList = server->next;
 175              		.loc 1 134 0
 176 0006 0368     		ldr	r3, [r0]
 177 0008 2361     		str	r3, [r4, #16]
 135:Middlewares/Third_Party/wakaama/liblwm2m.c ****         prv_deleteBootstrapServer(server, context->userData);
 178              		.loc 1 135 0
 179 000a A16A     		ldr	r1, [r4, #40]
 180 000c FFF7FEFF 		bl	prv_deleteBootstrapServer
 181              	.LVL16:
 182              	.L13:
 183              	.LBE3:
 130:Middlewares/Third_Party/wakaama/liblwm2m.c ****     while (NULL != context->bootstrapServerList)
 184              		.loc 1 130 0
 185 0010 2069     		ldr	r0, [r4, #16]
 186 0012 0028     		cmp	r0, #0
 187 0014 F7D1     		bne	.L14
 136:Middlewares/Third_Party/wakaama/liblwm2m.c ****     }
 137:Middlewares/Third_Party/wakaama/liblwm2m.c **** }
 188              		.loc 1 137 0
 189 0016 10BD     		pop	{r4, pc}
 190              		.cfi_endproc
 191              	.LFE8:
 193              		.section	.text.prv_deleteObservedList,"ax",%progbits
 194              		.align	1
 195              		.syntax unified
 196              		.thumb
 197              		.thumb_func
 198              		.fpu fpv4-sp-d16
 200              	prv_deleteObservedList:
 201              	.LFB9:
 138:Middlewares/Third_Party/wakaama/liblwm2m.c **** 
 139:Middlewares/Third_Party/wakaama/liblwm2m.c **** static void prv_deleteObservedList(lwm2m_context_t * contextP)
 140:Middlewares/Third_Party/wakaama/liblwm2m.c **** {
 202              		.loc 1 140 0
 203              		.cfi_startproc
 204              		@ args = 0, pretend = 0, frame = 0
 205              		@ frame_needed = 0, uses_anonymous_args = 0
 206              	.LVL17:
 207 0000 70B5     		push	{r4, r5, r6, lr}
 208              	.LCFI4:
 209              		.cfi_def_cfa_offset 16
ARM GAS  /var/folders/0d/93p3r6493yg7p0rvl_4r983m0000gn/T//ccfdQed3.s 			page 7


 210              		.cfi_offset 4, -16
 211              		.cfi_offset 5, -12
 212              		.cfi_offset 6, -8
 213              		.cfi_offset 14, -4
 214 0002 0646     		mov	r6, r0
 141:Middlewares/Third_Party/wakaama/liblwm2m.c ****     while (NULL != contextP->observedList)
 215              		.loc 1 141 0
 216 0004 0DE0     		b	.L17
 217              	.LVL18:
 218              	.L19:
 219              	.LBB4:
 142:Middlewares/Third_Party/wakaama/liblwm2m.c ****     {
 143:Middlewares/Third_Party/wakaama/liblwm2m.c ****         lwm2m_observed_t * targetP;
 144:Middlewares/Third_Party/wakaama/liblwm2m.c ****         lwm2m_watcher_t * watcherP;
 145:Middlewares/Third_Party/wakaama/liblwm2m.c **** 
 146:Middlewares/Third_Party/wakaama/liblwm2m.c ****         targetP = contextP->observedList;
 147:Middlewares/Third_Party/wakaama/liblwm2m.c ****         contextP->observedList = contextP->observedList->next;
 148:Middlewares/Third_Party/wakaama/liblwm2m.c **** 
 149:Middlewares/Third_Party/wakaama/liblwm2m.c ****         for (watcherP = targetP->watcherList ; watcherP != NULL ; watcherP = watcherP->next)
 220              		.loc 1 149 0 discriminator 2
 221 0006 2468     		ldr	r4, [r4]
 222              	.LVL19:
 223              	.L18:
 224              		.loc 1 149 0 is_stmt 0 discriminator 1
 225 0008 2CB1     		cbz	r4, .L23
 150:Middlewares/Third_Party/wakaama/liblwm2m.c ****         {
 151:Middlewares/Third_Party/wakaama/liblwm2m.c ****             if (watcherP->parameters != NULL) lwm2m_free(watcherP->parameters);
 226              		.loc 1 151 0 is_stmt 1
 227 000a E068     		ldr	r0, [r4, #12]
 228 000c 0028     		cmp	r0, #0
 229 000e FAD0     		beq	.L19
 230              		.loc 1 151 0 is_stmt 0 discriminator 1
 231 0010 FFF7FEFF 		bl	lwm2m_free
 232              	.LVL20:
 233 0014 F7E7     		b	.L19
 234              	.L23:
 152:Middlewares/Third_Party/wakaama/liblwm2m.c ****         }
 153:Middlewares/Third_Party/wakaama/liblwm2m.c ****         LWM2M_LIST_FREE(targetP->watcherList);
 235              		.loc 1 153 0 is_stmt 1
 236 0016 E868     		ldr	r0, [r5, #12]
 237 0018 FFF7FEFF 		bl	lwm2m_list_free
 238              	.LVL21:
 154:Middlewares/Third_Party/wakaama/liblwm2m.c **** 
 155:Middlewares/Third_Party/wakaama/liblwm2m.c ****         lwm2m_free(targetP);
 239              		.loc 1 155 0
 240 001c 2846     		mov	r0, r5
 241 001e FFF7FEFF 		bl	lwm2m_free
 242              	.LVL22:
 243              	.L17:
 244              	.LBE4:
 141:Middlewares/Third_Party/wakaama/liblwm2m.c ****     {
 245              		.loc 1 141 0
 246 0022 F569     		ldr	r5, [r6, #28]
 247 0024 1DB1     		cbz	r5, .L24
 248              	.LVL23:
 249              	.LBB5:
 147:Middlewares/Third_Party/wakaama/liblwm2m.c **** 
ARM GAS  /var/folders/0d/93p3r6493yg7p0rvl_4r983m0000gn/T//ccfdQed3.s 			page 8


 250              		.loc 1 147 0
 251 0026 2B68     		ldr	r3, [r5]
 252 0028 F361     		str	r3, [r6, #28]
 149:Middlewares/Third_Party/wakaama/liblwm2m.c ****         {
 253              		.loc 1 149 0
 254 002a EC68     		ldr	r4, [r5, #12]
 255              	.LVL24:
 256 002c ECE7     		b	.L18
 257              	.LVL25:
 258              	.L24:
 259              	.LBE5:
 156:Middlewares/Third_Party/wakaama/liblwm2m.c ****     }
 157:Middlewares/Third_Party/wakaama/liblwm2m.c **** }
 260              		.loc 1 157 0
 261 002e 70BD     		pop	{r4, r5, r6, pc}
 262              		.cfi_endproc
 263              	.LFE9:
 265              		.section	.text.prv_refreshServerList,"ax",%progbits
 266              		.align	1
 267              		.syntax unified
 268              		.thumb
 269              		.thumb_func
 270              		.fpu fpv4-sp-d16
 272              	prv_refreshServerList:
 273              	.LFB12:
 158:Middlewares/Third_Party/wakaama/liblwm2m.c **** #endif
 159:Middlewares/Third_Party/wakaama/liblwm2m.c **** 
 160:Middlewares/Third_Party/wakaama/liblwm2m.c **** void prv_deleteTransactionList(lwm2m_context_t * context)
 161:Middlewares/Third_Party/wakaama/liblwm2m.c **** {
 162:Middlewares/Third_Party/wakaama/liblwm2m.c ****     while (NULL != context->transactionList)
 163:Middlewares/Third_Party/wakaama/liblwm2m.c ****     {
 164:Middlewares/Third_Party/wakaama/liblwm2m.c ****         lwm2m_transaction_t * transaction;
 165:Middlewares/Third_Party/wakaama/liblwm2m.c **** 
 166:Middlewares/Third_Party/wakaama/liblwm2m.c ****         transaction = context->transactionList;
 167:Middlewares/Third_Party/wakaama/liblwm2m.c ****         context->transactionList = context->transactionList->next;
 168:Middlewares/Third_Party/wakaama/liblwm2m.c ****         transaction_free(transaction);
 169:Middlewares/Third_Party/wakaama/liblwm2m.c ****     }
 170:Middlewares/Third_Party/wakaama/liblwm2m.c **** }
 171:Middlewares/Third_Party/wakaama/liblwm2m.c **** 
 172:Middlewares/Third_Party/wakaama/liblwm2m.c **** void lwm2m_close(lwm2m_context_t * contextP)
 173:Middlewares/Third_Party/wakaama/liblwm2m.c **** {
 174:Middlewares/Third_Party/wakaama/liblwm2m.c **** #ifdef LWM2M_CLIENT_MODE
 175:Middlewares/Third_Party/wakaama/liblwm2m.c **** 
 176:Middlewares/Third_Party/wakaama/liblwm2m.c ****     LOG("Entering");
 177:Middlewares/Third_Party/wakaama/liblwm2m.c ****     lwm2m_deregister(contextP);
 178:Middlewares/Third_Party/wakaama/liblwm2m.c ****     prv_deleteServerList(contextP);
 179:Middlewares/Third_Party/wakaama/liblwm2m.c ****     prv_deleteBootstrapServerList(contextP);
 180:Middlewares/Third_Party/wakaama/liblwm2m.c ****     prv_deleteObservedList(contextP);
 181:Middlewares/Third_Party/wakaama/liblwm2m.c ****     lwm2m_free(contextP->endpointName);
 182:Middlewares/Third_Party/wakaama/liblwm2m.c ****     if (contextP->msisdn != NULL)
 183:Middlewares/Third_Party/wakaama/liblwm2m.c ****     {
 184:Middlewares/Third_Party/wakaama/liblwm2m.c ****         lwm2m_free(contextP->msisdn);
 185:Middlewares/Third_Party/wakaama/liblwm2m.c ****     }
 186:Middlewares/Third_Party/wakaama/liblwm2m.c ****     if (contextP->altPath != NULL)
 187:Middlewares/Third_Party/wakaama/liblwm2m.c ****     {
 188:Middlewares/Third_Party/wakaama/liblwm2m.c ****         lwm2m_free(contextP->altPath);
 189:Middlewares/Third_Party/wakaama/liblwm2m.c ****     }
ARM GAS  /var/folders/0d/93p3r6493yg7p0rvl_4r983m0000gn/T//ccfdQed3.s 			page 9


 190:Middlewares/Third_Party/wakaama/liblwm2m.c **** 
 191:Middlewares/Third_Party/wakaama/liblwm2m.c **** #endif
 192:Middlewares/Third_Party/wakaama/liblwm2m.c **** 
 193:Middlewares/Third_Party/wakaama/liblwm2m.c **** #ifdef LWM2M_SERVER_MODE
 194:Middlewares/Third_Party/wakaama/liblwm2m.c ****     while (NULL != contextP->clientList)
 195:Middlewares/Third_Party/wakaama/liblwm2m.c ****     {
 196:Middlewares/Third_Party/wakaama/liblwm2m.c ****         lwm2m_client_t * clientP;
 197:Middlewares/Third_Party/wakaama/liblwm2m.c **** 
 198:Middlewares/Third_Party/wakaama/liblwm2m.c ****         clientP = contextP->clientList;
 199:Middlewares/Third_Party/wakaama/liblwm2m.c ****         contextP->clientList = contextP->clientList->next;
 200:Middlewares/Third_Party/wakaama/liblwm2m.c **** 
 201:Middlewares/Third_Party/wakaama/liblwm2m.c ****         registration_freeClient(clientP);
 202:Middlewares/Third_Party/wakaama/liblwm2m.c ****     }
 203:Middlewares/Third_Party/wakaama/liblwm2m.c **** #endif
 204:Middlewares/Third_Party/wakaama/liblwm2m.c **** 
 205:Middlewares/Third_Party/wakaama/liblwm2m.c ****     prv_deleteTransactionList(contextP);
 206:Middlewares/Third_Party/wakaama/liblwm2m.c ****     lwm2m_free(contextP);
 207:Middlewares/Third_Party/wakaama/liblwm2m.c **** }
 208:Middlewares/Third_Party/wakaama/liblwm2m.c **** 
 209:Middlewares/Third_Party/wakaama/liblwm2m.c **** #ifdef LWM2M_CLIENT_MODE
 210:Middlewares/Third_Party/wakaama/liblwm2m.c **** static int prv_refreshServerList(lwm2m_context_t * contextP)
 211:Middlewares/Third_Party/wakaama/liblwm2m.c **** {
 274              		.loc 1 211 0
 275              		.cfi_startproc
 276              		@ args = 0, pretend = 0, frame = 0
 277              		@ frame_needed = 0, uses_anonymous_args = 0
 278              	.LVL26:
 279 0000 38B5     		push	{r3, r4, r5, lr}
 280              	.LCFI5:
 281              		.cfi_def_cfa_offset 16
 282              		.cfi_offset 3, -16
 283              		.cfi_offset 4, -12
 284              		.cfi_offset 5, -8
 285              		.cfi_offset 14, -4
 286 0002 0446     		mov	r4, r0
 212:Middlewares/Third_Party/wakaama/liblwm2m.c ****     lwm2m_server_t * targetP;
 213:Middlewares/Third_Party/wakaama/liblwm2m.c ****     lwm2m_server_t * nextP;
 214:Middlewares/Third_Party/wakaama/liblwm2m.c **** 
 215:Middlewares/Third_Party/wakaama/liblwm2m.c ****     // Remove all servers marked as dirty
 216:Middlewares/Third_Party/wakaama/liblwm2m.c ****     targetP = contextP->bootstrapServerList;
 287              		.loc 1 216 0
 288 0004 0069     		ldr	r0, [r0, #16]
 289              	.LVL27:
 217:Middlewares/Third_Party/wakaama/liblwm2m.c ****     contextP->bootstrapServerList = NULL;
 290              		.loc 1 217 0
 291 0006 0023     		movs	r3, #0
 292 0008 2361     		str	r3, [r4, #16]
 218:Middlewares/Third_Party/wakaama/liblwm2m.c ****     while (targetP != NULL)
 293              		.loc 1 218 0
 294 000a 03E0     		b	.L26
 295              	.LVL28:
 296              	.L27:
 219:Middlewares/Third_Party/wakaama/liblwm2m.c ****     {
 220:Middlewares/Third_Party/wakaama/liblwm2m.c ****         nextP = targetP->next;
 221:Middlewares/Third_Party/wakaama/liblwm2m.c ****         targetP->next = NULL;
 222:Middlewares/Third_Party/wakaama/liblwm2m.c ****         if (!targetP->dirty)
 223:Middlewares/Third_Party/wakaama/liblwm2m.c ****         {
ARM GAS  /var/folders/0d/93p3r6493yg7p0rvl_4r983m0000gn/T//ccfdQed3.s 			page 10


 224:Middlewares/Third_Party/wakaama/liblwm2m.c ****             targetP->status = STATE_DEREGISTERED;
 225:Middlewares/Third_Party/wakaama/liblwm2m.c ****             contextP->bootstrapServerList = (lwm2m_server_t *)LWM2M_LIST_ADD(contextP->bootstrapSer
 226:Middlewares/Third_Party/wakaama/liblwm2m.c ****         }
 227:Middlewares/Third_Party/wakaama/liblwm2m.c ****         else
 228:Middlewares/Third_Party/wakaama/liblwm2m.c ****         {
 229:Middlewares/Third_Party/wakaama/liblwm2m.c ****             prv_deleteServer(targetP, contextP->userData);
 297              		.loc 1 229 0
 298 000c A16A     		ldr	r1, [r4, #40]
 299 000e FFF7FEFF 		bl	prv_deleteServer
 300              	.LVL29:
 301              	.L28:
 211:Middlewares/Third_Party/wakaama/liblwm2m.c ****     lwm2m_server_t * targetP;
 302              		.loc 1 211 0
 303 0012 2846     		mov	r0, r5
 304              	.LVL30:
 305              	.L26:
 218:Middlewares/Third_Party/wakaama/liblwm2m.c ****     while (targetP != NULL)
 306              		.loc 1 218 0
 307 0014 70B1     		cbz	r0, .L35
 220:Middlewares/Third_Party/wakaama/liblwm2m.c ****         targetP->next = NULL;
 308              		.loc 1 220 0
 309 0016 0568     		ldr	r5, [r0]
 310              	.LVL31:
 221:Middlewares/Third_Party/wakaama/liblwm2m.c ****         if (!targetP->dirty)
 311              		.loc 1 221 0
 312 0018 0023     		movs	r3, #0
 313 001a 0360     		str	r3, [r0]
 222:Middlewares/Third_Party/wakaama/liblwm2m.c ****         {
 314              		.loc 1 222 0
 315 001c 90F82830 		ldrb	r3, [r0, #40]	@ zero_extendqisi2
 316 0020 002B     		cmp	r3, #0
 317 0022 F3D1     		bne	.L27
 224:Middlewares/Third_Party/wakaama/liblwm2m.c ****             contextP->bootstrapServerList = (lwm2m_server_t *)LWM2M_LIST_ADD(contextP->bootstrapSer
 318              		.loc 1 224 0
 319 0024 80F82030 		strb	r3, [r0, #32]
 225:Middlewares/Third_Party/wakaama/liblwm2m.c ****         }
 320              		.loc 1 225 0
 321 0028 0146     		mov	r1, r0
 322 002a 2069     		ldr	r0, [r4, #16]
 323              	.LVL32:
 324 002c FFF7FEFF 		bl	lwm2m_list_add
 325              	.LVL33:
 326 0030 2061     		str	r0, [r4, #16]
 327 0032 EEE7     		b	.L28
 328              	.LVL34:
 329              	.L35:
 230:Middlewares/Third_Party/wakaama/liblwm2m.c ****         }
 231:Middlewares/Third_Party/wakaama/liblwm2m.c ****         targetP = nextP;
 232:Middlewares/Third_Party/wakaama/liblwm2m.c ****     }
 233:Middlewares/Third_Party/wakaama/liblwm2m.c ****     targetP = contextP->serverList;
 330              		.loc 1 233 0
 331 0034 6069     		ldr	r0, [r4, #20]
 332              	.LVL35:
 234:Middlewares/Third_Party/wakaama/liblwm2m.c ****     contextP->serverList = NULL;
 333              		.loc 1 234 0
 334 0036 0023     		movs	r3, #0
 335 0038 6361     		str	r3, [r4, #20]
ARM GAS  /var/folders/0d/93p3r6493yg7p0rvl_4r983m0000gn/T//ccfdQed3.s 			page 11


 235:Middlewares/Third_Party/wakaama/liblwm2m.c ****     while (targetP != NULL)
 336              		.loc 1 235 0
 337 003a 03E0     		b	.L30
 338              	.LVL36:
 339              	.L31:
 236:Middlewares/Third_Party/wakaama/liblwm2m.c ****     {
 237:Middlewares/Third_Party/wakaama/liblwm2m.c ****         nextP = targetP->next;
 238:Middlewares/Third_Party/wakaama/liblwm2m.c ****         targetP->next = NULL;
 239:Middlewares/Third_Party/wakaama/liblwm2m.c ****         if (!targetP->dirty)
 240:Middlewares/Third_Party/wakaama/liblwm2m.c ****         {
 241:Middlewares/Third_Party/wakaama/liblwm2m.c ****             // TODO: Should we revert the status to STATE_DEREGISTERED ?
 242:Middlewares/Third_Party/wakaama/liblwm2m.c ****             contextP->serverList = (lwm2m_server_t *)LWM2M_LIST_ADD(contextP->serverList, targetP);
 243:Middlewares/Third_Party/wakaama/liblwm2m.c ****         }
 244:Middlewares/Third_Party/wakaama/liblwm2m.c ****         else
 245:Middlewares/Third_Party/wakaama/liblwm2m.c ****         {
 246:Middlewares/Third_Party/wakaama/liblwm2m.c ****             prv_deleteServer(targetP, contextP->userData);
 340              		.loc 1 246 0
 341 003c A16A     		ldr	r1, [r4, #40]
 342 003e FFF7FEFF 		bl	prv_deleteServer
 343              	.LVL37:
 344              	.L32:
 211:Middlewares/Third_Party/wakaama/liblwm2m.c ****     lwm2m_server_t * targetP;
 345              		.loc 1 211 0
 346 0042 2846     		mov	r0, r5
 347              	.LVL38:
 348              	.L30:
 235:Middlewares/Third_Party/wakaama/liblwm2m.c ****     while (targetP != NULL)
 349              		.loc 1 235 0
 350 0044 60B1     		cbz	r0, .L36
 237:Middlewares/Third_Party/wakaama/liblwm2m.c ****         targetP->next = NULL;
 351              		.loc 1 237 0
 352 0046 0568     		ldr	r5, [r0]
 353              	.LVL39:
 238:Middlewares/Third_Party/wakaama/liblwm2m.c ****         if (!targetP->dirty)
 354              		.loc 1 238 0
 355 0048 0023     		movs	r3, #0
 356 004a 0360     		str	r3, [r0]
 239:Middlewares/Third_Party/wakaama/liblwm2m.c ****         {
 357              		.loc 1 239 0
 358 004c 90F82830 		ldrb	r3, [r0, #40]	@ zero_extendqisi2
 359 0050 002B     		cmp	r3, #0
 360 0052 F3D1     		bne	.L31
 242:Middlewares/Third_Party/wakaama/liblwm2m.c ****         }
 361              		.loc 1 242 0
 362 0054 0146     		mov	r1, r0
 363 0056 6069     		ldr	r0, [r4, #20]
 364              	.LVL40:
 365 0058 FFF7FEFF 		bl	lwm2m_list_add
 366              	.LVL41:
 367 005c 6061     		str	r0, [r4, #20]
 368 005e F0E7     		b	.L32
 369              	.LVL42:
 370              	.L36:
 247:Middlewares/Third_Party/wakaama/liblwm2m.c ****         }
 248:Middlewares/Third_Party/wakaama/liblwm2m.c ****         targetP = nextP;
 249:Middlewares/Third_Party/wakaama/liblwm2m.c ****     }
 250:Middlewares/Third_Party/wakaama/liblwm2m.c **** 
ARM GAS  /var/folders/0d/93p3r6493yg7p0rvl_4r983m0000gn/T//ccfdQed3.s 			page 12


 251:Middlewares/Third_Party/wakaama/liblwm2m.c ****     return object_getServers(contextP, false);
 371              		.loc 1 251 0
 372 0060 0021     		movs	r1, #0
 373 0062 2046     		mov	r0, r4
 374              	.LVL43:
 375 0064 FFF7FEFF 		bl	object_getServers
 376              	.LVL44:
 252:Middlewares/Third_Party/wakaama/liblwm2m.c **** }
 377              		.loc 1 252 0
 378 0068 38BD     		pop	{r3, r4, r5, pc}
 379              		.cfi_endproc
 380              	.LFE12:
 382              		.section	.text.lwm2m_init,"ax",%progbits
 383              		.align	1
 384              		.global	lwm2m_init
 385              		.syntax unified
 386              		.thumb
 387              		.thumb_func
 388              		.fpu fpv4-sp-d16
 390              	lwm2m_init:
 391              	.LFB3:
  61:Middlewares/Third_Party/wakaama/liblwm2m.c ****     lwm2m_context_t * contextP;
 392              		.loc 1 61 0
 393              		.cfi_startproc
 394              		@ args = 0, pretend = 0, frame = 0
 395              		@ frame_needed = 0, uses_anonymous_args = 0
 396              	.LVL45:
 397 0000 38B5     		push	{r3, r4, r5, lr}
 398              	.LCFI6:
 399              		.cfi_def_cfa_offset 16
 400              		.cfi_offset 3, -16
 401              		.cfi_offset 4, -12
 402              		.cfi_offset 5, -8
 403              		.cfi_offset 14, -4
 404 0002 0546     		mov	r5, r0
  65:Middlewares/Third_Party/wakaama/liblwm2m.c ****     if (NULL != contextP)
 405              		.loc 1 65 0
 406 0004 2C20     		movs	r0, #44
 407              	.LVL46:
 408 0006 FFF7FEFF 		bl	lwm2m_malloc
 409              	.LVL47:
  66:Middlewares/Third_Party/wakaama/liblwm2m.c ****     {
 410              		.loc 1 66 0
 411 000a 0446     		mov	r4, r0
 412 000c 58B1     		cbz	r0, .L37
  68:Middlewares/Third_Party/wakaama/liblwm2m.c ****         contextP->userData = userData;
 413              		.loc 1 68 0
 414 000e 2822     		movs	r2, #40
 415 0010 0021     		movs	r1, #0
 416 0012 FFF7FEFF 		bl	memset
 417              	.LVL48:
  69:Middlewares/Third_Party/wakaama/liblwm2m.c ****         srand((int)lwm2m_gettime());
 418              		.loc 1 69 0
 419 0016 A562     		str	r5, [r4, #40]
  70:Middlewares/Third_Party/wakaama/liblwm2m.c ****         contextP->nextMID = rand();
 420              		.loc 1 70 0
 421 0018 FFF7FEFF 		bl	lwm2m_gettime
ARM GAS  /var/folders/0d/93p3r6493yg7p0rvl_4r983m0000gn/T//ccfdQed3.s 			page 13


 422              	.LVL49:
 423 001c FFF7FEFF 		bl	srand
 424              	.LVL50:
  71:Middlewares/Third_Party/wakaama/liblwm2m.c ****     }
 425              		.loc 1 71 0
 426 0020 FFF7FEFF 		bl	rand
 427              	.LVL51:
 428 0024 2084     		strh	r0, [r4, #32]	@ movhi
 429              	.L37:
  75:Middlewares/Third_Party/wakaama/liblwm2m.c **** 
 430              		.loc 1 75 0
 431 0026 2046     		mov	r0, r4
 432 0028 38BD     		pop	{r3, r4, r5, pc}
 433              		.cfi_endproc
 434              	.LFE3:
 436              		.section	.text.lwm2m_deregister,"ax",%progbits
 437              		.align	1
 438              		.global	lwm2m_deregister
 439              		.syntax unified
 440              		.thumb
 441              		.thumb_func
 442              		.fpu fpv4-sp-d16
 444              	lwm2m_deregister:
 445              	.LFB4:
  79:Middlewares/Third_Party/wakaama/liblwm2m.c ****     lwm2m_server_t * server = context->serverList;
 446              		.loc 1 79 0
 447              		.cfi_startproc
 448              		@ args = 0, pretend = 0, frame = 0
 449              		@ frame_needed = 0, uses_anonymous_args = 0
 450              	.LVL52:
 451 0000 38B5     		push	{r3, r4, r5, lr}
 452              	.LCFI7:
 453              		.cfi_def_cfa_offset 16
 454              		.cfi_offset 3, -16
 455              		.cfi_offset 4, -12
 456              		.cfi_offset 5, -8
 457              		.cfi_offset 14, -4
 458 0002 0546     		mov	r5, r0
  80:Middlewares/Third_Party/wakaama/liblwm2m.c **** 
 459              		.loc 1 80 0
 460 0004 4469     		ldr	r4, [r0, #20]
 461              	.LVL53:
  83:Middlewares/Third_Party/wakaama/liblwm2m.c ****     {
 462              		.loc 1 83 0
 463 0006 04E0     		b	.L41
 464              	.LVL54:
 465              	.L42:
  85:Middlewares/Third_Party/wakaama/liblwm2m.c ****         server = server->next;
 466              		.loc 1 85 0
 467 0008 2146     		mov	r1, r4
 468 000a 2846     		mov	r0, r5
 469 000c FFF7FEFF 		bl	registration_deregister
 470              	.LVL55:
  86:Middlewares/Third_Party/wakaama/liblwm2m.c ****     }
 471              		.loc 1 86 0
 472 0010 2468     		ldr	r4, [r4]
 473              	.LVL56:
ARM GAS  /var/folders/0d/93p3r6493yg7p0rvl_4r983m0000gn/T//ccfdQed3.s 			page 14


 474              	.L41:
  83:Middlewares/Third_Party/wakaama/liblwm2m.c ****     {
 475              		.loc 1 83 0
 476 0012 002C     		cmp	r4, #0
 477 0014 F8D1     		bne	.L42
  88:Middlewares/Third_Party/wakaama/liblwm2m.c **** 
 478              		.loc 1 88 0
 479 0016 38BD     		pop	{r3, r4, r5, pc}
 480              		.cfi_endproc
 481              	.LFE4:
 483              		.section	.text.prv_deleteTransactionList,"ax",%progbits
 484              		.align	1
 485              		.global	prv_deleteTransactionList
 486              		.syntax unified
 487              		.thumb
 488              		.thumb_func
 489              		.fpu fpv4-sp-d16
 491              	prv_deleteTransactionList:
 492              	.LFB10:
 161:Middlewares/Third_Party/wakaama/liblwm2m.c ****     while (NULL != context->transactionList)
 493              		.loc 1 161 0
 494              		.cfi_startproc
 495              		@ args = 0, pretend = 0, frame = 0
 496              		@ frame_needed = 0, uses_anonymous_args = 0
 497              	.LVL57:
 498 0000 10B5     		push	{r4, lr}
 499              	.LCFI8:
 500              		.cfi_def_cfa_offset 8
 501              		.cfi_offset 4, -8
 502              		.cfi_offset 14, -4
 503 0002 0446     		mov	r4, r0
 162:Middlewares/Third_Party/wakaama/liblwm2m.c ****     {
 504              		.loc 1 162 0
 505 0004 03E0     		b	.L45
 506              	.LVL58:
 507              	.L46:
 508              	.LBB6:
 167:Middlewares/Third_Party/wakaama/liblwm2m.c ****         transaction_free(transaction);
 509              		.loc 1 167 0
 510 0006 0368     		ldr	r3, [r0]
 511 0008 6362     		str	r3, [r4, #36]
 168:Middlewares/Third_Party/wakaama/liblwm2m.c ****     }
 512              		.loc 1 168 0
 513 000a FFF7FEFF 		bl	transaction_free
 514              	.LVL59:
 515              	.L45:
 516              	.LBE6:
 162:Middlewares/Third_Party/wakaama/liblwm2m.c ****     {
 517              		.loc 1 162 0
 518 000e 606A     		ldr	r0, [r4, #36]
 519 0010 0028     		cmp	r0, #0
 520 0012 F8D1     		bne	.L46
 170:Middlewares/Third_Party/wakaama/liblwm2m.c **** 
 521              		.loc 1 170 0
 522 0014 10BD     		pop	{r4, pc}
 523              		.cfi_endproc
 524              	.LFE10:
ARM GAS  /var/folders/0d/93p3r6493yg7p0rvl_4r983m0000gn/T//ccfdQed3.s 			page 15


 526              		.section	.text.lwm2m_close,"ax",%progbits
 527              		.align	1
 528              		.global	lwm2m_close
 529              		.syntax unified
 530              		.thumb
 531              		.thumb_func
 532              		.fpu fpv4-sp-d16
 534              	lwm2m_close:
 535              	.LFB11:
 173:Middlewares/Third_Party/wakaama/liblwm2m.c **** #ifdef LWM2M_CLIENT_MODE
 536              		.loc 1 173 0
 537              		.cfi_startproc
 538              		@ args = 0, pretend = 0, frame = 0
 539              		@ frame_needed = 0, uses_anonymous_args = 0
 540              	.LVL60:
 541 0000 10B5     		push	{r4, lr}
 542              	.LCFI9:
 543              		.cfi_def_cfa_offset 8
 544              		.cfi_offset 4, -8
 545              		.cfi_offset 14, -4
 546 0002 0446     		mov	r4, r0
 177:Middlewares/Third_Party/wakaama/liblwm2m.c ****     prv_deleteServerList(contextP);
 547              		.loc 1 177 0
 548 0004 FFF7FEFF 		bl	lwm2m_deregister
 549              	.LVL61:
 178:Middlewares/Third_Party/wakaama/liblwm2m.c ****     prv_deleteBootstrapServerList(contextP);
 550              		.loc 1 178 0
 551 0008 2046     		mov	r0, r4
 552 000a FFF7FEFF 		bl	prv_deleteServerList
 553              	.LVL62:
 179:Middlewares/Third_Party/wakaama/liblwm2m.c ****     prv_deleteObservedList(contextP);
 554              		.loc 1 179 0
 555 000e 2046     		mov	r0, r4
 556 0010 FFF7FEFF 		bl	prv_deleteBootstrapServerList
 557              	.LVL63:
 180:Middlewares/Third_Party/wakaama/liblwm2m.c ****     lwm2m_free(contextP->endpointName);
 558              		.loc 1 180 0
 559 0014 2046     		mov	r0, r4
 560 0016 FFF7FEFF 		bl	prv_deleteObservedList
 561              	.LVL64:
 181:Middlewares/Third_Party/wakaama/liblwm2m.c ****     if (contextP->msisdn != NULL)
 562              		.loc 1 181 0
 563 001a 6068     		ldr	r0, [r4, #4]
 564 001c FFF7FEFF 		bl	lwm2m_free
 565              	.LVL65:
 182:Middlewares/Third_Party/wakaama/liblwm2m.c ****     {
 566              		.loc 1 182 0
 567 0020 A068     		ldr	r0, [r4, #8]
 568 0022 08B1     		cbz	r0, .L49
 184:Middlewares/Third_Party/wakaama/liblwm2m.c ****     }
 569              		.loc 1 184 0
 570 0024 FFF7FEFF 		bl	lwm2m_free
 571              	.LVL66:
 572              	.L49:
 186:Middlewares/Third_Party/wakaama/liblwm2m.c ****     {
 573              		.loc 1 186 0
 574 0028 E068     		ldr	r0, [r4, #12]
ARM GAS  /var/folders/0d/93p3r6493yg7p0rvl_4r983m0000gn/T//ccfdQed3.s 			page 16


 575 002a 08B1     		cbz	r0, .L50
 188:Middlewares/Third_Party/wakaama/liblwm2m.c ****     }
 576              		.loc 1 188 0
 577 002c FFF7FEFF 		bl	lwm2m_free
 578              	.LVL67:
 579              	.L50:
 205:Middlewares/Third_Party/wakaama/liblwm2m.c ****     lwm2m_free(contextP);
 580              		.loc 1 205 0
 581 0030 2046     		mov	r0, r4
 582 0032 FFF7FEFF 		bl	prv_deleteTransactionList
 583              	.LVL68:
 206:Middlewares/Third_Party/wakaama/liblwm2m.c **** }
 584              		.loc 1 206 0
 585 0036 2046     		mov	r0, r4
 586 0038 FFF7FEFF 		bl	lwm2m_free
 587              	.LVL69:
 207:Middlewares/Third_Party/wakaama/liblwm2m.c **** 
 588              		.loc 1 207 0
 589 003c 10BD     		pop	{r4, pc}
 590              		.cfi_endproc
 591              	.LFE11:
 593              		.section	.text.lwm2m_configure,"ax",%progbits
 594              		.align	1
 595              		.global	lwm2m_configure
 596              		.syntax unified
 597              		.thumb
 598              		.thumb_func
 599              		.fpu fpv4-sp-d16
 601              	lwm2m_configure:
 602              	.LFB13:
 253:Middlewares/Third_Party/wakaama/liblwm2m.c **** 
 254:Middlewares/Third_Party/wakaama/liblwm2m.c **** int lwm2m_configure(lwm2m_context_t * contextP,
 255:Middlewares/Third_Party/wakaama/liblwm2m.c ****                     const char * endpointName,
 256:Middlewares/Third_Party/wakaama/liblwm2m.c ****                     const char * msisdn,
 257:Middlewares/Third_Party/wakaama/liblwm2m.c ****                     const char * altPath,
 258:Middlewares/Third_Party/wakaama/liblwm2m.c ****                     uint16_t numObject,
 259:Middlewares/Third_Party/wakaama/liblwm2m.c ****                     lwm2m_object_t * objectList[])
 260:Middlewares/Third_Party/wakaama/liblwm2m.c **** {
 603              		.loc 1 260 0
 604              		.cfi_startproc
 605              		@ args = 8, pretend = 0, frame = 0
 606              		@ frame_needed = 0, uses_anonymous_args = 0
 607              	.LVL70:
 608 0000 2DE9F843 		push	{r3, r4, r5, r6, r7, r8, r9, lr}
 609              	.LCFI10:
 610              		.cfi_def_cfa_offset 32
 611              		.cfi_offset 3, -32
 612              		.cfi_offset 4, -28
 613              		.cfi_offset 5, -24
 614              		.cfi_offset 6, -20
 615              		.cfi_offset 7, -16
 616              		.cfi_offset 8, -12
 617              		.cfi_offset 9, -8
 618              		.cfi_offset 14, -4
 619 0004 0E46     		mov	r6, r1
 620 0006 1F46     		mov	r7, r3
 621 0008 BDF82010 		ldrh	r1, [sp, #32]
ARM GAS  /var/folders/0d/93p3r6493yg7p0rvl_4r983m0000gn/T//ccfdQed3.s 			page 17


 622              	.LVL71:
 623 000c 099D     		ldr	r5, [sp, #36]
 261:Middlewares/Third_Party/wakaama/liblwm2m.c ****     int i;
 262:Middlewares/Third_Party/wakaama/liblwm2m.c ****     uint8_t found;
 263:Middlewares/Third_Party/wakaama/liblwm2m.c **** 
 264:Middlewares/Third_Party/wakaama/liblwm2m.c ****     LOG_ARG("endpointName: \"%s\", msisdn: \"%s\", altPath: \"%s\", numObject: %d", endpointName, m
 265:Middlewares/Third_Party/wakaama/liblwm2m.c ****     // This API can be called only once for now
 266:Middlewares/Third_Party/wakaama/liblwm2m.c ****     if (contextP->endpointName != NULL || contextP->objectList != NULL) return COAP_400_BAD_REQUEST
 624              		.loc 1 266 0
 625 000e 4368     		ldr	r3, [r0, #4]
 626              	.LVL72:
 627 0010 13B1     		cbz	r3, .L75
 628 0012 8020     		movs	r0, #128
 629              	.LVL73:
 630              	.L52:
 267:Middlewares/Third_Party/wakaama/liblwm2m.c **** 
 268:Middlewares/Third_Party/wakaama/liblwm2m.c ****     if (endpointName == NULL) return COAP_400_BAD_REQUEST;
 269:Middlewares/Third_Party/wakaama/liblwm2m.c ****     if (numObject < 3) return COAP_400_BAD_REQUEST;
 270:Middlewares/Third_Party/wakaama/liblwm2m.c ****     // Check that mandatory objects are present
 271:Middlewares/Third_Party/wakaama/liblwm2m.c ****     found = 0;
 272:Middlewares/Third_Party/wakaama/liblwm2m.c ****     for (i = 0 ; i < numObject ; i++)
 273:Middlewares/Third_Party/wakaama/liblwm2m.c ****     {
 274:Middlewares/Third_Party/wakaama/liblwm2m.c ****         if (objectList[i]->objID == LWM2M_SECURITY_OBJECT_ID) found |= 0x01;
 275:Middlewares/Third_Party/wakaama/liblwm2m.c ****         if (objectList[i]->objID == LWM2M_SERVER_OBJECT_ID) found |= 0x02;
 276:Middlewares/Third_Party/wakaama/liblwm2m.c ****         if (objectList[i]->objID == LWM2M_DEVICE_OBJECT_ID) found |= 0x04;
 277:Middlewares/Third_Party/wakaama/liblwm2m.c ****     }
 278:Middlewares/Third_Party/wakaama/liblwm2m.c ****     if (found != 0x07) return COAP_400_BAD_REQUEST;
 279:Middlewares/Third_Party/wakaama/liblwm2m.c ****     if (altPath != NULL)
 280:Middlewares/Third_Party/wakaama/liblwm2m.c ****     {
 281:Middlewares/Third_Party/wakaama/liblwm2m.c ****         if (0 == utils_isAltPathValid(altPath))
 282:Middlewares/Third_Party/wakaama/liblwm2m.c ****         {
 283:Middlewares/Third_Party/wakaama/liblwm2m.c ****             return COAP_400_BAD_REQUEST;
 284:Middlewares/Third_Party/wakaama/liblwm2m.c ****         }
 285:Middlewares/Third_Party/wakaama/liblwm2m.c ****         if (altPath[1] == 0)
 286:Middlewares/Third_Party/wakaama/liblwm2m.c ****         {
 287:Middlewares/Third_Party/wakaama/liblwm2m.c ****             altPath = NULL;
 288:Middlewares/Third_Party/wakaama/liblwm2m.c ****         }
 289:Middlewares/Third_Party/wakaama/liblwm2m.c ****     }
 290:Middlewares/Third_Party/wakaama/liblwm2m.c ****     contextP->endpointName = lwm2m_strdup(endpointName);
 291:Middlewares/Third_Party/wakaama/liblwm2m.c ****     if (contextP->endpointName == NULL)
 292:Middlewares/Third_Party/wakaama/liblwm2m.c ****     {
 293:Middlewares/Third_Party/wakaama/liblwm2m.c ****         return COAP_500_INTERNAL_SERVER_ERROR;
 294:Middlewares/Third_Party/wakaama/liblwm2m.c ****     }
 295:Middlewares/Third_Party/wakaama/liblwm2m.c **** 
 296:Middlewares/Third_Party/wakaama/liblwm2m.c ****     if (msisdn != NULL)
 297:Middlewares/Third_Party/wakaama/liblwm2m.c ****     {
 298:Middlewares/Third_Party/wakaama/liblwm2m.c ****         contextP->msisdn = lwm2m_strdup(msisdn);
 299:Middlewares/Third_Party/wakaama/liblwm2m.c ****         if (contextP->msisdn == NULL)
 300:Middlewares/Third_Party/wakaama/liblwm2m.c ****         {
 301:Middlewares/Third_Party/wakaama/liblwm2m.c ****             return COAP_500_INTERNAL_SERVER_ERROR;
 302:Middlewares/Third_Party/wakaama/liblwm2m.c ****         }
 303:Middlewares/Third_Party/wakaama/liblwm2m.c ****     }
 304:Middlewares/Third_Party/wakaama/liblwm2m.c **** 
 305:Middlewares/Third_Party/wakaama/liblwm2m.c ****     if (altPath != NULL)
 306:Middlewares/Third_Party/wakaama/liblwm2m.c ****     {
 307:Middlewares/Third_Party/wakaama/liblwm2m.c ****         contextP->altPath = lwm2m_strdup(altPath);
 308:Middlewares/Third_Party/wakaama/liblwm2m.c ****         if (contextP->altPath == NULL)
ARM GAS  /var/folders/0d/93p3r6493yg7p0rvl_4r983m0000gn/T//ccfdQed3.s 			page 18


 309:Middlewares/Third_Party/wakaama/liblwm2m.c ****         {
 310:Middlewares/Third_Party/wakaama/liblwm2m.c ****             return COAP_500_INTERNAL_SERVER_ERROR;
 311:Middlewares/Third_Party/wakaama/liblwm2m.c ****         }
 312:Middlewares/Third_Party/wakaama/liblwm2m.c ****     }
 313:Middlewares/Third_Party/wakaama/liblwm2m.c **** 
 314:Middlewares/Third_Party/wakaama/liblwm2m.c ****     for (i = 0; i < numObject; i++)
 315:Middlewares/Third_Party/wakaama/liblwm2m.c ****     {
 316:Middlewares/Third_Party/wakaama/liblwm2m.c ****         objectList[i]->next = NULL;
 317:Middlewares/Third_Party/wakaama/liblwm2m.c ****         contextP->objectList = (lwm2m_object_t *)LWM2M_LIST_ADD(contextP->objectList, objectList[i]
 318:Middlewares/Third_Party/wakaama/liblwm2m.c ****     }
 319:Middlewares/Third_Party/wakaama/liblwm2m.c **** 
 320:Middlewares/Third_Party/wakaama/liblwm2m.c ****     return COAP_NO_ERROR;
 321:Middlewares/Third_Party/wakaama/liblwm2m.c **** }
 631              		.loc 1 321 0
 632 0014 BDE8F883 		pop	{r3, r4, r5, r6, r7, r8, r9, pc}
 633              	.LVL74:
 634              	.L75:
 635 0018 0446     		mov	r4, r0
 636 001a 9046     		mov	r8, r2
 266:Middlewares/Third_Party/wakaama/liblwm2m.c **** 
 637              		.loc 1 266 0 discriminator 2
 638 001c 8369     		ldr	r3, [r0, #24]
 639 001e 0BB1     		cbz	r3, .L76
 266:Middlewares/Third_Party/wakaama/liblwm2m.c **** 
 640              		.loc 1 266 0 is_stmt 0
 641 0020 8020     		movs	r0, #128
 642              	.LVL75:
 643 0022 F7E7     		b	.L52
 644              	.LVL76:
 645              	.L76:
 268:Middlewares/Third_Party/wakaama/liblwm2m.c ****     if (numObject < 3) return COAP_400_BAD_REQUEST;
 646              		.loc 1 268 0 is_stmt 1
 647 0024 002E     		cmp	r6, #0
 648 0026 48D0     		beq	.L66
 269:Middlewares/Third_Party/wakaama/liblwm2m.c ****     // Check that mandatory objects are present
 649              		.loc 1 269 0
 650 0028 0229     		cmp	r1, #2
 651 002a 48D9     		bls	.L67
 271:Middlewares/Third_Party/wakaama/liblwm2m.c ****     for (i = 0 ; i < numObject ; i++)
 652              		.loc 1 271 0
 653 002c 0020     		movs	r0, #0
 654              	.LVL77:
 272:Middlewares/Third_Party/wakaama/liblwm2m.c ****     {
 655              		.loc 1 272 0
 656 002e 0346     		mov	r3, r0
 657 0030 04E0     		b	.L54
 658              	.LVL78:
 659              	.L55:
 275:Middlewares/Third_Party/wakaama/liblwm2m.c ****         if (objectList[i]->objID == LWM2M_DEVICE_OBJECT_ID) found |= 0x04;
 660              		.loc 1 275 0
 661 0032 012A     		cmp	r2, #1
 662 0034 0DD0     		beq	.L77
 663              	.L56:
 276:Middlewares/Third_Party/wakaama/liblwm2m.c ****     }
 664              		.loc 1 276 0
 665 0036 032A     		cmp	r2, #3
 666 0038 0ED0     		beq	.L78
ARM GAS  /var/folders/0d/93p3r6493yg7p0rvl_4r983m0000gn/T//ccfdQed3.s 			page 19


 667              	.L57:
 272:Middlewares/Third_Party/wakaama/liblwm2m.c ****     {
 668              		.loc 1 272 0 discriminator 2
 669 003a 0133     		adds	r3, r3, #1
 670              	.LVL79:
 671              	.L54:
 272:Middlewares/Third_Party/wakaama/liblwm2m.c ****     {
 672              		.loc 1 272 0 is_stmt 0 discriminator 1
 673 003c 8946     		mov	r9, r1
 674 003e 9942     		cmp	r1, r3
 675 0040 0DDD     		ble	.L79
 274:Middlewares/Third_Party/wakaama/liblwm2m.c ****         if (objectList[i]->objID == LWM2M_SERVER_OBJECT_ID) found |= 0x02;
 676              		.loc 1 274 0 is_stmt 1
 677 0042 55F82320 		ldr	r2, [r5, r3, lsl #2]
 678 0046 9288     		ldrh	r2, [r2, #4]
 679 0048 002A     		cmp	r2, #0
 680 004a F2D1     		bne	.L55
 274:Middlewares/Third_Party/wakaama/liblwm2m.c ****         if (objectList[i]->objID == LWM2M_SERVER_OBJECT_ID) found |= 0x02;
 681              		.loc 1 274 0 is_stmt 0 discriminator 1
 682 004c 40F00100 		orr	r0, r0, #1
 683              	.LVL80:
 684 0050 EFE7     		b	.L55
 685              	.L77:
 275:Middlewares/Third_Party/wakaama/liblwm2m.c ****         if (objectList[i]->objID == LWM2M_DEVICE_OBJECT_ID) found |= 0x04;
 686              		.loc 1 275 0 is_stmt 1 discriminator 1
 687 0052 40F00200 		orr	r0, r0, #2
 688              	.LVL81:
 689 0056 EEE7     		b	.L56
 690              	.L78:
 276:Middlewares/Third_Party/wakaama/liblwm2m.c ****     }
 691              		.loc 1 276 0 discriminator 1
 692 0058 40F00400 		orr	r0, r0, #4
 693              	.LVL82:
 694 005c EDE7     		b	.L57
 695              	.L79:
 278:Middlewares/Third_Party/wakaama/liblwm2m.c ****     if (altPath != NULL)
 696              		.loc 1 278 0
 697 005e 0728     		cmp	r0, #7
 698 0060 2FD1     		bne	.L68
 279:Middlewares/Third_Party/wakaama/liblwm2m.c ****     {
 699              		.loc 1 279 0
 700 0062 37B1     		cbz	r7, .L59
 281:Middlewares/Third_Party/wakaama/liblwm2m.c ****         {
 701              		.loc 1 281 0
 702 0064 3846     		mov	r0, r7
 703              	.LVL83:
 704 0066 FFF7FEFF 		bl	utils_isAltPathValid
 705              	.LVL84:
 706 006a 60B3     		cbz	r0, .L69
 285:Middlewares/Third_Party/wakaama/liblwm2m.c ****         {
 707              		.loc 1 285 0
 708 006c 7B78     		ldrb	r3, [r7, #1]	@ zero_extendqisi2
 709 006e 03B9     		cbnz	r3, .L59
 287:Middlewares/Third_Party/wakaama/liblwm2m.c ****         }
 710              		.loc 1 287 0
 711 0070 0027     		movs	r7, #0
 712              	.LVL85:
ARM GAS  /var/folders/0d/93p3r6493yg7p0rvl_4r983m0000gn/T//ccfdQed3.s 			page 20


 713              	.L59:
 290:Middlewares/Third_Party/wakaama/liblwm2m.c ****     if (contextP->endpointName == NULL)
 714              		.loc 1 290 0
 715 0072 3046     		mov	r0, r6
 716 0074 FFF7FEFF 		bl	lwm2m_strdup
 717              	.LVL86:
 718 0078 6060     		str	r0, [r4, #4]
 291:Middlewares/Third_Party/wakaama/liblwm2m.c ****     {
 719              		.loc 1 291 0
 720 007a 30B3     		cbz	r0, .L71
 296:Middlewares/Third_Party/wakaama/liblwm2m.c ****     {
 721              		.loc 1 296 0
 722 007c B8F1000F 		cmp	r8, #0
 723 0080 04D0     		beq	.L60
 298:Middlewares/Third_Party/wakaama/liblwm2m.c ****         if (contextP->msisdn == NULL)
 724              		.loc 1 298 0
 725 0082 4046     		mov	r0, r8
 726 0084 FFF7FEFF 		bl	lwm2m_strdup
 727              	.LVL87:
 728 0088 A060     		str	r0, [r4, #8]
 299:Middlewares/Third_Party/wakaama/liblwm2m.c ****         {
 729              		.loc 1 299 0
 730 008a 00B3     		cbz	r0, .L72
 731              	.L60:
 305:Middlewares/Third_Party/wakaama/liblwm2m.c ****     {
 732              		.loc 1 305 0
 733 008c 27B1     		cbz	r7, .L61
 307:Middlewares/Third_Party/wakaama/liblwm2m.c ****         if (contextP->altPath == NULL)
 734              		.loc 1 307 0
 735 008e 3846     		mov	r0, r7
 736 0090 FFF7FEFF 		bl	lwm2m_strdup
 737              	.LVL88:
 738 0094 E060     		str	r0, [r4, #12]
 308:Middlewares/Third_Party/wakaama/liblwm2m.c ****         {
 739              		.loc 1 308 0
 740 0096 E0B1     		cbz	r0, .L73
 741              	.L61:
 287:Middlewares/Third_Party/wakaama/liblwm2m.c ****         }
 742              		.loc 1 287 0 discriminator 1
 743 0098 0026     		movs	r6, #0
 744              	.LVL89:
 745 009a 0AE0     		b	.L62
 746              	.LVL90:
 747              	.L63:
 316:Middlewares/Third_Party/wakaama/liblwm2m.c ****         contextP->objectList = (lwm2m_object_t *)LWM2M_LIST_ADD(contextP->objectList, objectList[i]
 748              		.loc 1 316 0 discriminator 3
 749 009c 55F82630 		ldr	r3, [r5, r6, lsl #2]
 750 00a0 0022     		movs	r2, #0
 751 00a2 1A60     		str	r2, [r3]
 317:Middlewares/Third_Party/wakaama/liblwm2m.c ****     }
 752              		.loc 1 317 0 discriminator 3
 753 00a4 55F82610 		ldr	r1, [r5, r6, lsl #2]
 754 00a8 A069     		ldr	r0, [r4, #24]
 755 00aa FFF7FEFF 		bl	lwm2m_list_add
 756              	.LVL91:
 757 00ae A061     		str	r0, [r4, #24]
 314:Middlewares/Third_Party/wakaama/liblwm2m.c ****     {
ARM GAS  /var/folders/0d/93p3r6493yg7p0rvl_4r983m0000gn/T//ccfdQed3.s 			page 21


 758              		.loc 1 314 0 discriminator 3
 759 00b0 0136     		adds	r6, r6, #1
 760              	.LVL92:
 761              	.L62:
 314:Middlewares/Third_Party/wakaama/liblwm2m.c ****     {
 762              		.loc 1 314 0 is_stmt 0 discriminator 1
 763 00b2 B145     		cmp	r9, r6
 764 00b4 F2DC     		bgt	.L63
 320:Middlewares/Third_Party/wakaama/liblwm2m.c **** }
 765              		.loc 1 320 0 is_stmt 1
 766 00b6 0020     		movs	r0, #0
 767 00b8 ACE7     		b	.L52
 768              	.LVL93:
 769              	.L66:
 268:Middlewares/Third_Party/wakaama/liblwm2m.c ****     if (numObject < 3) return COAP_400_BAD_REQUEST;
 770              		.loc 1 268 0
 771 00ba 8020     		movs	r0, #128
 772              	.LVL94:
 773 00bc AAE7     		b	.L52
 774              	.LVL95:
 775              	.L67:
 269:Middlewares/Third_Party/wakaama/liblwm2m.c ****     // Check that mandatory objects are present
 776              		.loc 1 269 0
 777 00be 8020     		movs	r0, #128
 778              	.LVL96:
 779 00c0 A8E7     		b	.L52
 780              	.LVL97:
 781              	.L68:
 278:Middlewares/Third_Party/wakaama/liblwm2m.c ****     if (altPath != NULL)
 782              		.loc 1 278 0
 783 00c2 8020     		movs	r0, #128
 784              	.LVL98:
 785 00c4 A6E7     		b	.L52
 786              	.LVL99:
 787              	.L69:
 283:Middlewares/Third_Party/wakaama/liblwm2m.c ****         }
 788              		.loc 1 283 0
 789 00c6 8020     		movs	r0, #128
 790 00c8 A4E7     		b	.L52
 791              	.L71:
 293:Middlewares/Third_Party/wakaama/liblwm2m.c ****     }
 792              		.loc 1 293 0
 793 00ca A020     		movs	r0, #160
 794 00cc A2E7     		b	.L52
 795              	.L72:
 301:Middlewares/Third_Party/wakaama/liblwm2m.c ****         }
 796              		.loc 1 301 0
 797 00ce A020     		movs	r0, #160
 798 00d0 A0E7     		b	.L52
 799              	.L73:
 310:Middlewares/Third_Party/wakaama/liblwm2m.c ****         }
 800              		.loc 1 310 0
 801 00d2 A020     		movs	r0, #160
 802 00d4 9EE7     		b	.L52
 803              		.cfi_endproc
 804              	.LFE13:
 806              		.section	.text.lwm2m_add_object,"ax",%progbits
ARM GAS  /var/folders/0d/93p3r6493yg7p0rvl_4r983m0000gn/T//ccfdQed3.s 			page 22


 807              		.align	1
 808              		.global	lwm2m_add_object
 809              		.syntax unified
 810              		.thumb
 811              		.thumb_func
 812              		.fpu fpv4-sp-d16
 814              	lwm2m_add_object:
 815              	.LFB14:
 322:Middlewares/Third_Party/wakaama/liblwm2m.c **** 
 323:Middlewares/Third_Party/wakaama/liblwm2m.c **** int lwm2m_add_object(lwm2m_context_t * contextP,
 324:Middlewares/Third_Party/wakaama/liblwm2m.c ****                      lwm2m_object_t * objectP)
 325:Middlewares/Third_Party/wakaama/liblwm2m.c **** {
 816              		.loc 1 325 0
 817              		.cfi_startproc
 818              		@ args = 0, pretend = 0, frame = 0
 819              		@ frame_needed = 0, uses_anonymous_args = 0
 820              	.LVL100:
 821 0000 38B5     		push	{r3, r4, r5, lr}
 822              	.LCFI11:
 823              		.cfi_def_cfa_offset 16
 824              		.cfi_offset 3, -16
 825              		.cfi_offset 4, -12
 826              		.cfi_offset 5, -8
 827              		.cfi_offset 14, -4
 828 0002 0446     		mov	r4, r0
 829 0004 0D46     		mov	r5, r1
 326:Middlewares/Third_Party/wakaama/liblwm2m.c ****     lwm2m_object_t * targetP;
 327:Middlewares/Third_Party/wakaama/liblwm2m.c **** 
 328:Middlewares/Third_Party/wakaama/liblwm2m.c ****     LOG_ARG("ID: %d", objectP->objID);
 329:Middlewares/Third_Party/wakaama/liblwm2m.c ****     targetP = (lwm2m_object_t *)LWM2M_LIST_FIND(contextP->objectList, objectP->objID);
 830              		.loc 1 329 0
 831 0006 8988     		ldrh	r1, [r1, #4]
 832              	.LVL101:
 833 0008 8069     		ldr	r0, [r0, #24]
 834              	.LVL102:
 835 000a FFF7FEFF 		bl	lwm2m_list_find
 836              	.LVL103:
 330:Middlewares/Third_Party/wakaama/liblwm2m.c ****     if (targetP != NULL) return COAP_406_NOT_ACCEPTABLE;
 837              		.loc 1 330 0
 838 000e 08B1     		cbz	r0, .L85
 839 0010 8620     		movs	r0, #134
 840              	.LVL104:
 841              	.L80:
 331:Middlewares/Third_Party/wakaama/liblwm2m.c ****     objectP->next = NULL;
 332:Middlewares/Third_Party/wakaama/liblwm2m.c **** 
 333:Middlewares/Third_Party/wakaama/liblwm2m.c ****     contextP->objectList = (lwm2m_object_t *)LWM2M_LIST_ADD(contextP->objectList, objectP);
 334:Middlewares/Third_Party/wakaama/liblwm2m.c **** 
 335:Middlewares/Third_Party/wakaama/liblwm2m.c ****     if (contextP->state == STATE_READY)
 336:Middlewares/Third_Party/wakaama/liblwm2m.c ****     {
 337:Middlewares/Third_Party/wakaama/liblwm2m.c ****         return lwm2m_update_registration(contextP, 0, true);
 338:Middlewares/Third_Party/wakaama/liblwm2m.c ****     }
 339:Middlewares/Third_Party/wakaama/liblwm2m.c **** 
 340:Middlewares/Third_Party/wakaama/liblwm2m.c ****     return COAP_NO_ERROR;
 341:Middlewares/Third_Party/wakaama/liblwm2m.c **** }
 842              		.loc 1 341 0
 843 0012 38BD     		pop	{r3, r4, r5, pc}
 844              	.LVL105:
ARM GAS  /var/folders/0d/93p3r6493yg7p0rvl_4r983m0000gn/T//ccfdQed3.s 			page 23


 845              	.L85:
 331:Middlewares/Third_Party/wakaama/liblwm2m.c ****     objectP->next = NULL;
 846              		.loc 1 331 0
 847 0014 0023     		movs	r3, #0
 848 0016 2B60     		str	r3, [r5]
 333:Middlewares/Third_Party/wakaama/liblwm2m.c **** 
 849              		.loc 1 333 0
 850 0018 2946     		mov	r1, r5
 851 001a A069     		ldr	r0, [r4, #24]
 852              	.LVL106:
 853 001c FFF7FEFF 		bl	lwm2m_list_add
 854              	.LVL107:
 855 0020 A061     		str	r0, [r4, #24]
 335:Middlewares/Third_Party/wakaama/liblwm2m.c ****     {
 856              		.loc 1 335 0
 857 0022 2378     		ldrb	r3, [r4]	@ zero_extendqisi2
 858 0024 052B     		cmp	r3, #5
 859 0026 01D0     		beq	.L86
 340:Middlewares/Third_Party/wakaama/liblwm2m.c **** }
 860              		.loc 1 340 0
 861 0028 0020     		movs	r0, #0
 862 002a F2E7     		b	.L80
 863              	.L86:
 337:Middlewares/Third_Party/wakaama/liblwm2m.c ****     }
 864              		.loc 1 337 0
 865 002c 0122     		movs	r2, #1
 866 002e 0021     		movs	r1, #0
 867 0030 2046     		mov	r0, r4
 868 0032 FFF7FEFF 		bl	lwm2m_update_registration
 869              	.LVL108:
 870 0036 ECE7     		b	.L80
 871              		.cfi_endproc
 872              	.LFE14:
 874              		.section	.text.lwm2m_remove_object,"ax",%progbits
 875              		.align	1
 876              		.global	lwm2m_remove_object
 877              		.syntax unified
 878              		.thumb
 879              		.thumb_func
 880              		.fpu fpv4-sp-d16
 882              	lwm2m_remove_object:
 883              	.LFB15:
 342:Middlewares/Third_Party/wakaama/liblwm2m.c **** 
 343:Middlewares/Third_Party/wakaama/liblwm2m.c **** int lwm2m_remove_object(lwm2m_context_t * contextP,
 344:Middlewares/Third_Party/wakaama/liblwm2m.c ****                         uint16_t id)
 345:Middlewares/Third_Party/wakaama/liblwm2m.c **** {
 884              		.loc 1 345 0
 885              		.cfi_startproc
 886              		@ args = 0, pretend = 0, frame = 8
 887              		@ frame_needed = 0, uses_anonymous_args = 0
 888              	.LVL109:
 889 0000 10B5     		push	{r4, lr}
 890              	.LCFI12:
 891              		.cfi_def_cfa_offset 8
 892              		.cfi_offset 4, -8
 893              		.cfi_offset 14, -4
 894 0002 82B0     		sub	sp, sp, #8
ARM GAS  /var/folders/0d/93p3r6493yg7p0rvl_4r983m0000gn/T//ccfdQed3.s 			page 24


 895              	.LCFI13:
 896              		.cfi_def_cfa_offset 16
 897 0004 0446     		mov	r4, r0
 346:Middlewares/Third_Party/wakaama/liblwm2m.c ****     lwm2m_object_t * targetP;
 347:Middlewares/Third_Party/wakaama/liblwm2m.c **** 
 348:Middlewares/Third_Party/wakaama/liblwm2m.c ****     LOG_ARG("ID: %d", id);
 349:Middlewares/Third_Party/wakaama/liblwm2m.c ****     contextP->objectList = (lwm2m_object_t *)LWM2M_LIST_RM(contextP->objectList, id, &targetP);
 898              		.loc 1 349 0
 899 0006 01AA     		add	r2, sp, #4
 900 0008 8069     		ldr	r0, [r0, #24]
 901              	.LVL110:
 902 000a FFF7FEFF 		bl	lwm2m_list_remove
 903              	.LVL111:
 904 000e A061     		str	r0, [r4, #24]
 350:Middlewares/Third_Party/wakaama/liblwm2m.c **** 
 351:Middlewares/Third_Party/wakaama/liblwm2m.c ****     if (targetP == NULL) return COAP_404_NOT_FOUND;
 905              		.loc 1 351 0
 906 0010 019B     		ldr	r3, [sp, #4]
 907 0012 5BB1     		cbz	r3, .L89
 352:Middlewares/Third_Party/wakaama/liblwm2m.c **** 
 353:Middlewares/Third_Party/wakaama/liblwm2m.c ****     if (contextP->state == STATE_READY)
 908              		.loc 1 353 0
 909 0014 2378     		ldrb	r3, [r4]	@ zero_extendqisi2
 910 0016 052B     		cmp	r3, #5
 911 0018 02D0     		beq	.L92
 354:Middlewares/Third_Party/wakaama/liblwm2m.c ****     {
 355:Middlewares/Third_Party/wakaama/liblwm2m.c ****         return lwm2m_update_registration(contextP, 0, true);
 356:Middlewares/Third_Party/wakaama/liblwm2m.c ****     }
 357:Middlewares/Third_Party/wakaama/liblwm2m.c **** 
 358:Middlewares/Third_Party/wakaama/liblwm2m.c ****     return 0;
 912              		.loc 1 358 0
 913 001a 0020     		movs	r0, #0
 914              	.L87:
 359:Middlewares/Third_Party/wakaama/liblwm2m.c **** }
 915              		.loc 1 359 0
 916 001c 02B0     		add	sp, sp, #8
 917              	.LCFI14:
 918              		.cfi_remember_state
 919              		.cfi_def_cfa_offset 8
 920              		@ sp needed
 921 001e 10BD     		pop	{r4, pc}
 922              	.LVL112:
 923              	.L92:
 924              	.LCFI15:
 925              		.cfi_restore_state
 355:Middlewares/Third_Party/wakaama/liblwm2m.c ****     }
 926              		.loc 1 355 0
 927 0020 0122     		movs	r2, #1
 928 0022 0021     		movs	r1, #0
 929 0024 2046     		mov	r0, r4
 930 0026 FFF7FEFF 		bl	lwm2m_update_registration
 931              	.LVL113:
 932 002a F7E7     		b	.L87
 933              	.L89:
 351:Middlewares/Third_Party/wakaama/liblwm2m.c **** 
 934              		.loc 1 351 0
 935 002c 8420     		movs	r0, #132
ARM GAS  /var/folders/0d/93p3r6493yg7p0rvl_4r983m0000gn/T//ccfdQed3.s 			page 25


 936 002e F5E7     		b	.L87
 937              		.cfi_endproc
 938              	.LFE15:
 940              		.section	.text.lwm2m_step,"ax",%progbits
 941              		.align	1
 942              		.global	lwm2m_step
 943              		.syntax unified
 944              		.thumb
 945              		.thumb_func
 946              		.fpu fpv4-sp-d16
 948              	lwm2m_step:
 949              	.LFB16:
 360:Middlewares/Third_Party/wakaama/liblwm2m.c **** 
 361:Middlewares/Third_Party/wakaama/liblwm2m.c **** #endif
 362:Middlewares/Third_Party/wakaama/liblwm2m.c **** 
 363:Middlewares/Third_Party/wakaama/liblwm2m.c **** 
 364:Middlewares/Third_Party/wakaama/liblwm2m.c **** int lwm2m_step(lwm2m_context_t * contextP,
 365:Middlewares/Third_Party/wakaama/liblwm2m.c ****                time_t * timeoutP)
 366:Middlewares/Third_Party/wakaama/liblwm2m.c **** {
 950              		.loc 1 366 0
 951              		.cfi_startproc
 952              		@ args = 0, pretend = 0, frame = 0
 953              		@ frame_needed = 0, uses_anonymous_args = 0
 954              	.LVL114:
 955 0000 F0B5     		push	{r4, r5, r6, r7, lr}
 956              	.LCFI16:
 957              		.cfi_def_cfa_offset 20
 958              		.cfi_offset 4, -20
 959              		.cfi_offset 5, -16
 960              		.cfi_offset 6, -12
 961              		.cfi_offset 7, -8
 962              		.cfi_offset 14, -4
 963 0002 83B0     		sub	sp, sp, #12
 964              	.LCFI17:
 965              		.cfi_def_cfa_offset 32
 966 0004 0446     		mov	r4, r0
 967 0006 0D46     		mov	r5, r1
 367:Middlewares/Third_Party/wakaama/liblwm2m.c ****     time_t tv_sec;
 368:Middlewares/Third_Party/wakaama/liblwm2m.c ****     int result;
 369:Middlewares/Third_Party/wakaama/liblwm2m.c **** 
 370:Middlewares/Third_Party/wakaama/liblwm2m.c ****     LOG_ARG("timeoutP: %" PRId64, *timeoutP);
 371:Middlewares/Third_Party/wakaama/liblwm2m.c ****     tv_sec = lwm2m_gettime();
 968              		.loc 1 371 0
 969 0008 FFF7FEFF 		bl	lwm2m_gettime
 970              	.LVL115:
 971 000c 0646     		mov	r6, r0
 972 000e 0F46     		mov	r7, r1
 973              	.LVL116:
 372:Middlewares/Third_Party/wakaama/liblwm2m.c ****     if (tv_sec < 0) return COAP_500_INTERNAL_SERVER_ERROR;
 974              		.loc 1 372 0
 975 0010 0028     		cmp	r0, #0
 976 0012 71F10003 		sbcs	r3, r1, #0
 977 0016 44DB     		blt	.L106
 978              	.L95:
 373:Middlewares/Third_Party/wakaama/liblwm2m.c **** 
 374:Middlewares/Third_Party/wakaama/liblwm2m.c **** #ifdef LWM2M_CLIENT_MODE
 375:Middlewares/Third_Party/wakaama/liblwm2m.c ****     LOG_ARG("State: %s", STR_STATE(contextP->state));
ARM GAS  /var/folders/0d/93p3r6493yg7p0rvl_4r983m0000gn/T//ccfdQed3.s 			page 26


 376:Middlewares/Third_Party/wakaama/liblwm2m.c ****     // state can also be modified in bootstrap_handleCommand().
 377:Middlewares/Third_Party/wakaama/liblwm2m.c **** 
 378:Middlewares/Third_Party/wakaama/liblwm2m.c **** next_step:
 379:Middlewares/Third_Party/wakaama/liblwm2m.c ****     switch (contextP->state)
 979              		.loc 1 379 0
 980 0018 2378     		ldrb	r3, [r4]	@ zero_extendqisi2
 981 001a 052B     		cmp	r3, #5
 982 001c 17D8     		bhi	.L97
 983 001e DFE803F0 		tbb	[pc, r3]
 984              	.L99:
 985 0022 03       		.byte	(.L98-.L99)/2
 986 0023 42       		.byte	(.L107-.L99)/2
 987 0024 16       		.byte	(.L97-.L99)/2
 988 0025 10       		.byte	(.L100-.L99)/2
 989 0026 2B       		.byte	(.L101-.L99)/2
 990 0027 38       		.byte	(.L102-.L99)/2
 991              		.p2align 1
 992              	.L98:
 380:Middlewares/Third_Party/wakaama/liblwm2m.c ****     {
 381:Middlewares/Third_Party/wakaama/liblwm2m.c ****     case STATE_INITIAL:
 382:Middlewares/Third_Party/wakaama/liblwm2m.c ****         if (0 != prv_refreshServerList(contextP)) return COAP_503_SERVICE_UNAVAILABLE;
 993              		.loc 1 382 0
 994 0028 2046     		mov	r0, r4
 995 002a FFF7FEFF 		bl	prv_refreshServerList
 996              	.LVL117:
 997 002e 0028     		cmp	r0, #0
 998 0030 3BD1     		bne	.L108
 383:Middlewares/Third_Party/wakaama/liblwm2m.c ****         if (contextP->serverList != NULL)
 999              		.loc 1 383 0
 1000 0032 6369     		ldr	r3, [r4, #20]
 1001 0034 13B1     		cbz	r3, .L103
 384:Middlewares/Third_Party/wakaama/liblwm2m.c ****         {
 385:Middlewares/Third_Party/wakaama/liblwm2m.c ****             contextP->state = STATE_REGISTER_REQUIRED;
 1002              		.loc 1 385 0
 1003 0036 0323     		movs	r3, #3
 1004 0038 2370     		strb	r3, [r4]
 1005 003a EDE7     		b	.L95
 1006              	.L103:
 386:Middlewares/Third_Party/wakaama/liblwm2m.c ****         }
 387:Middlewares/Third_Party/wakaama/liblwm2m.c ****         else
 388:Middlewares/Third_Party/wakaama/liblwm2m.c ****         {
 389:Middlewares/Third_Party/wakaama/liblwm2m.c ****             // Bootstrapping
 390:Middlewares/Third_Party/wakaama/liblwm2m.c ****             contextP->state = STATE_BOOTSTRAP_REQUIRED;
 1007              		.loc 1 390 0
 1008 003c 0123     		movs	r3, #1
 1009 003e 2370     		strb	r3, [r4]
 1010 0040 EAE7     		b	.L95
 1011              	.L100:
 391:Middlewares/Third_Party/wakaama/liblwm2m.c ****         }
 392:Middlewares/Third_Party/wakaama/liblwm2m.c ****         goto next_step;
 393:Middlewares/Third_Party/wakaama/liblwm2m.c ****         break;
 394:Middlewares/Third_Party/wakaama/liblwm2m.c **** 
 395:Middlewares/Third_Party/wakaama/liblwm2m.c ****     case STATE_BOOTSTRAP_REQUIRED:
 396:Middlewares/Third_Party/wakaama/liblwm2m.c **** #ifdef LWM2M_BOOTSTRAP
 397:Middlewares/Third_Party/wakaama/liblwm2m.c ****         if (contextP->bootstrapServerList != NULL)
 398:Middlewares/Third_Party/wakaama/liblwm2m.c ****         {
 399:Middlewares/Third_Party/wakaama/liblwm2m.c ****             bootstrap_start(contextP);
ARM GAS  /var/folders/0d/93p3r6493yg7p0rvl_4r983m0000gn/T//ccfdQed3.s 			page 27


 400:Middlewares/Third_Party/wakaama/liblwm2m.c ****             contextP->state = STATE_BOOTSTRAPPING;
 401:Middlewares/Third_Party/wakaama/liblwm2m.c ****             bootstrap_step(contextP, tv_sec, timeoutP);
 402:Middlewares/Third_Party/wakaama/liblwm2m.c ****         }
 403:Middlewares/Third_Party/wakaama/liblwm2m.c ****         else
 404:Middlewares/Third_Party/wakaama/liblwm2m.c **** #endif
 405:Middlewares/Third_Party/wakaama/liblwm2m.c ****         {
 406:Middlewares/Third_Party/wakaama/liblwm2m.c ****             return COAP_503_SERVICE_UNAVAILABLE;
 407:Middlewares/Third_Party/wakaama/liblwm2m.c ****         }
 408:Middlewares/Third_Party/wakaama/liblwm2m.c ****         break;
 409:Middlewares/Third_Party/wakaama/liblwm2m.c **** 
 410:Middlewares/Third_Party/wakaama/liblwm2m.c **** #ifdef LWM2M_BOOTSTRAP
 411:Middlewares/Third_Party/wakaama/liblwm2m.c ****     case STATE_BOOTSTRAPPING:
 412:Middlewares/Third_Party/wakaama/liblwm2m.c ****         switch (bootstrap_getStatus(contextP))
 413:Middlewares/Third_Party/wakaama/liblwm2m.c ****         {
 414:Middlewares/Third_Party/wakaama/liblwm2m.c ****         case STATE_BS_FINISHED:
 415:Middlewares/Third_Party/wakaama/liblwm2m.c ****             contextP->state = STATE_INITIAL;
 416:Middlewares/Third_Party/wakaama/liblwm2m.c ****             goto next_step;
 417:Middlewares/Third_Party/wakaama/liblwm2m.c ****             break;
 418:Middlewares/Third_Party/wakaama/liblwm2m.c **** 
 419:Middlewares/Third_Party/wakaama/liblwm2m.c ****         case STATE_BS_FAILED:
 420:Middlewares/Third_Party/wakaama/liblwm2m.c ****             return COAP_503_SERVICE_UNAVAILABLE;
 421:Middlewares/Third_Party/wakaama/liblwm2m.c **** 
 422:Middlewares/Third_Party/wakaama/liblwm2m.c ****         default:
 423:Middlewares/Third_Party/wakaama/liblwm2m.c ****             // keep on waiting
 424:Middlewares/Third_Party/wakaama/liblwm2m.c ****             bootstrap_step(contextP, tv_sec, timeoutP);
 425:Middlewares/Third_Party/wakaama/liblwm2m.c ****             break;
 426:Middlewares/Third_Party/wakaama/liblwm2m.c ****         }
 427:Middlewares/Third_Party/wakaama/liblwm2m.c ****         break;
 428:Middlewares/Third_Party/wakaama/liblwm2m.c **** #endif
 429:Middlewares/Third_Party/wakaama/liblwm2m.c ****     case STATE_REGISTER_REQUIRED:
 430:Middlewares/Third_Party/wakaama/liblwm2m.c ****         result = registration_start(contextP);
 1012              		.loc 1 430 0
 1013 0042 2046     		mov	r0, r4
 1014 0044 FFF7FEFF 		bl	registration_start
 1015              	.LVL118:
 431:Middlewares/Third_Party/wakaama/liblwm2m.c ****         if (COAP_NO_ERROR != result) return result;
 1016              		.loc 1 431 0
 1017 0048 A0B9     		cbnz	r0, .L93
 432:Middlewares/Third_Party/wakaama/liblwm2m.c ****         contextP->state = STATE_REGISTERING;
 1018              		.loc 1 432 0
 1019 004a 0423     		movs	r3, #4
 1020 004c 2370     		strb	r3, [r4]
 1021              	.LVL119:
 1022              	.L97:
 433:Middlewares/Third_Party/wakaama/liblwm2m.c ****         break;
 434:Middlewares/Third_Party/wakaama/liblwm2m.c **** 
 435:Middlewares/Third_Party/wakaama/liblwm2m.c ****     case STATE_REGISTERING:
 436:Middlewares/Third_Party/wakaama/liblwm2m.c ****     {
 437:Middlewares/Third_Party/wakaama/liblwm2m.c ****         switch (registration_getStatus(contextP))
 438:Middlewares/Third_Party/wakaama/liblwm2m.c ****         {
 439:Middlewares/Third_Party/wakaama/liblwm2m.c ****         case STATE_REGISTERED:
 440:Middlewares/Third_Party/wakaama/liblwm2m.c ****             contextP->state = STATE_READY;
 441:Middlewares/Third_Party/wakaama/liblwm2m.c ****             break;
 442:Middlewares/Third_Party/wakaama/liblwm2m.c **** 
 443:Middlewares/Third_Party/wakaama/liblwm2m.c ****         case STATE_REG_FAILED:
 444:Middlewares/Third_Party/wakaama/liblwm2m.c ****             // TODO avoid infinite loop by checking the bootstrap info is different
 445:Middlewares/Third_Party/wakaama/liblwm2m.c ****             contextP->state = STATE_BOOTSTRAP_REQUIRED;
ARM GAS  /var/folders/0d/93p3r6493yg7p0rvl_4r983m0000gn/T//ccfdQed3.s 			page 28


 446:Middlewares/Third_Party/wakaama/liblwm2m.c ****             goto next_step;
 447:Middlewares/Third_Party/wakaama/liblwm2m.c ****             break;
 448:Middlewares/Third_Party/wakaama/liblwm2m.c **** 
 449:Middlewares/Third_Party/wakaama/liblwm2m.c ****         case STATE_REG_PENDING:
 450:Middlewares/Third_Party/wakaama/liblwm2m.c ****         default:
 451:Middlewares/Third_Party/wakaama/liblwm2m.c ****             // keep on waiting
 452:Middlewares/Third_Party/wakaama/liblwm2m.c ****             break;
 453:Middlewares/Third_Party/wakaama/liblwm2m.c ****         }
 454:Middlewares/Third_Party/wakaama/liblwm2m.c ****     }
 455:Middlewares/Third_Party/wakaama/liblwm2m.c ****     break;
 456:Middlewares/Third_Party/wakaama/liblwm2m.c **** 
 457:Middlewares/Third_Party/wakaama/liblwm2m.c ****     case STATE_READY:
 458:Middlewares/Third_Party/wakaama/liblwm2m.c ****         if (registration_getStatus(contextP) == STATE_REG_FAILED)
 459:Middlewares/Third_Party/wakaama/liblwm2m.c ****         {
 460:Middlewares/Third_Party/wakaama/liblwm2m.c ****             // TODO avoid infinite loop by checking the bootstrap info is different
 461:Middlewares/Third_Party/wakaama/liblwm2m.c ****             contextP->state = STATE_BOOTSTRAP_REQUIRED;
 462:Middlewares/Third_Party/wakaama/liblwm2m.c ****             goto next_step;
 463:Middlewares/Third_Party/wakaama/liblwm2m.c ****             break;
 464:Middlewares/Third_Party/wakaama/liblwm2m.c ****         }
 465:Middlewares/Third_Party/wakaama/liblwm2m.c ****         break;
 466:Middlewares/Third_Party/wakaama/liblwm2m.c **** 
 467:Middlewares/Third_Party/wakaama/liblwm2m.c ****     default:
 468:Middlewares/Third_Party/wakaama/liblwm2m.c ****         // do nothing
 469:Middlewares/Third_Party/wakaama/liblwm2m.c ****         break;
 470:Middlewares/Third_Party/wakaama/liblwm2m.c ****     }
 471:Middlewares/Third_Party/wakaama/liblwm2m.c **** 
 472:Middlewares/Third_Party/wakaama/liblwm2m.c ****     observe_step(contextP, tv_sec, timeoutP);
 1023              		.loc 1 472 0
 1024 004e 0095     		str	r5, [sp]
 1025 0050 3246     		mov	r2, r6
 1026 0052 3B46     		mov	r3, r7
 1027 0054 2046     		mov	r0, r4
 1028 0056 FFF7FEFF 		bl	observe_step
 1029              	.LVL120:
 473:Middlewares/Third_Party/wakaama/liblwm2m.c **** #endif
 474:Middlewares/Third_Party/wakaama/liblwm2m.c **** 
 475:Middlewares/Third_Party/wakaama/liblwm2m.c ****     registration_step(contextP, tv_sec, timeoutP);
 1030              		.loc 1 475 0
 1031 005a 0095     		str	r5, [sp]
 1032 005c 3246     		mov	r2, r6
 1033 005e 3B46     		mov	r3, r7
 1034 0060 2046     		mov	r0, r4
 1035 0062 FFF7FEFF 		bl	registration_step
 1036              	.LVL121:
 476:Middlewares/Third_Party/wakaama/liblwm2m.c ****     transaction_step(contextP, tv_sec, timeoutP);
 1037              		.loc 1 476 0
 1038 0066 0095     		str	r5, [sp]
 1039 0068 3246     		mov	r2, r6
 1040 006a 3B46     		mov	r3, r7
 1041 006c 2046     		mov	r0, r4
 1042 006e FFF7FEFF 		bl	transaction_step
 1043              	.LVL122:
 477:Middlewares/Third_Party/wakaama/liblwm2m.c **** 
 478:Middlewares/Third_Party/wakaama/liblwm2m.c ****     LOG_ARG("Final timeoutP: %" PRId64, *timeoutP);
 479:Middlewares/Third_Party/wakaama/liblwm2m.c **** #ifdef LWM2M_CLIENT_MODE
 480:Middlewares/Third_Party/wakaama/liblwm2m.c ****     LOG_ARG("Final state: %s", STR_STATE(contextP->state));
 481:Middlewares/Third_Party/wakaama/liblwm2m.c **** #endif
ARM GAS  /var/folders/0d/93p3r6493yg7p0rvl_4r983m0000gn/T//ccfdQed3.s 			page 29


 482:Middlewares/Third_Party/wakaama/liblwm2m.c ****     return 0;
 1044              		.loc 1 482 0
 1045 0072 0020     		movs	r0, #0
 1046              	.L93:
 483:Middlewares/Third_Party/wakaama/liblwm2m.c **** }
 1047              		.loc 1 483 0
 1048 0074 03B0     		add	sp, sp, #12
 1049              	.LCFI18:
 1050              		.cfi_remember_state
 1051              		.cfi_def_cfa_offset 20
 1052              		@ sp needed
 1053 0076 F0BD     		pop	{r4, r5, r6, r7, pc}
 1054              	.LVL123:
 1055              	.L101:
 1056              	.LCFI19:
 1057              		.cfi_restore_state
 437:Middlewares/Third_Party/wakaama/liblwm2m.c ****         {
 1058              		.loc 1 437 0
 1059 0078 2046     		mov	r0, r4
 1060 007a FFF7FEFF 		bl	registration_getStatus
 1061              	.LVL124:
 1062 007e 0228     		cmp	r0, #2
 1063 0080 04D0     		beq	.L104
 1064 0082 0328     		cmp	r0, #3
 1065 0084 E3D1     		bne	.L97
 445:Middlewares/Third_Party/wakaama/liblwm2m.c ****             goto next_step;
 1066              		.loc 1 445 0
 1067 0086 0123     		movs	r3, #1
 1068 0088 2370     		strb	r3, [r4]
 446:Middlewares/Third_Party/wakaama/liblwm2m.c ****             break;
 1069              		.loc 1 446 0
 1070 008a C5E7     		b	.L95
 1071              	.L104:
 440:Middlewares/Third_Party/wakaama/liblwm2m.c ****             break;
 1072              		.loc 1 440 0
 1073 008c 0523     		movs	r3, #5
 1074 008e 2370     		strb	r3, [r4]
 441:Middlewares/Third_Party/wakaama/liblwm2m.c **** 
 1075              		.loc 1 441 0
 1076 0090 DDE7     		b	.L97
 1077              	.L102:
 458:Middlewares/Third_Party/wakaama/liblwm2m.c ****         {
 1078              		.loc 1 458 0
 1079 0092 2046     		mov	r0, r4
 1080 0094 FFF7FEFF 		bl	registration_getStatus
 1081              	.LVL125:
 1082 0098 0328     		cmp	r0, #3
 1083 009a D8D1     		bne	.L97
 461:Middlewares/Third_Party/wakaama/liblwm2m.c ****             goto next_step;
 1084              		.loc 1 461 0
 1085 009c 0123     		movs	r3, #1
 1086 009e 2370     		strb	r3, [r4]
 1087              	.L96:
 462:Middlewares/Third_Party/wakaama/liblwm2m.c ****             break;
 1088              		.loc 1 462 0
 1089 00a0 BAE7     		b	.L95
 1090              	.L106:
ARM GAS  /var/folders/0d/93p3r6493yg7p0rvl_4r983m0000gn/T//ccfdQed3.s 			page 30


 372:Middlewares/Third_Party/wakaama/liblwm2m.c **** 
 1091              		.loc 1 372 0
 1092 00a2 A020     		movs	r0, #160
 1093 00a4 E6E7     		b	.L93
 1094              	.L107:
 406:Middlewares/Third_Party/wakaama/liblwm2m.c ****         }
 1095              		.loc 1 406 0
 1096 00a6 A320     		movs	r0, #163
 1097 00a8 E4E7     		b	.L93
 1098              	.L108:
 382:Middlewares/Third_Party/wakaama/liblwm2m.c ****         if (contextP->serverList != NULL)
 1099              		.loc 1 382 0
 1100 00aa A320     		movs	r0, #163
 1101 00ac E2E7     		b	.L93
 1102              		.cfi_endproc
 1103              	.LFE16:
 1105              		.text
 1106              	.Letext0:
 1107              		.file 2 "/usr/local/gcc_arm/gcc-arm-none-eabi-7-2017-q4-major/arm-none-eabi/include/machine/_defau
 1108              		.file 3 "/usr/local/gcc_arm/gcc-arm-none-eabi-7-2017-q4-major/arm-none-eabi/include/sys/_stdint.h"
 1109              		.file 4 "/usr/local/gcc_arm/gcc-arm-none-eabi-7-2017-q4-major/lib/gcc/arm-none-eabi/7.2.1/include/
 1110              		.file 5 "/usr/local/gcc_arm/gcc-arm-none-eabi-7-2017-q4-major/arm-none-eabi/include/sys/lock.h"
 1111              		.file 6 "/usr/local/gcc_arm/gcc-arm-none-eabi-7-2017-q4-major/arm-none-eabi/include/sys/_types.h"
 1112              		.file 7 "/usr/local/gcc_arm/gcc-arm-none-eabi-7-2017-q4-major/arm-none-eabi/include/sys/reent.h"
 1113              		.file 8 "/usr/local/gcc_arm/gcc-arm-none-eabi-7-2017-q4-major/arm-none-eabi/include/sys/_timeval.h
 1114              		.file 9 "/usr/local/gcc_arm/gcc-arm-none-eabi-7-2017-q4-major/arm-none-eabi/include/time.h"
 1115              		.file 10 "Middlewares/Third_Party/wakaama/liblwm2m.h"
 1116              		.file 11 "/usr/local/gcc_arm/gcc-arm-none-eabi-7-2017-q4-major/arm-none-eabi/include/stdlib.h"
 1117              		.file 12 "Middlewares/Third_Party/wakaama/er-coap-13/er-coap-13.h"
 1118              		.file 13 "Middlewares/Third_Party/wakaama/internals.h"
 1119              		.file 14 "<built-in>"
ARM GAS  /var/folders/0d/93p3r6493yg7p0rvl_4r983m0000gn/T//ccfdQed3.s 			page 31


DEFINED SYMBOLS
                            *ABS*:0000000000000000 liblwm2m.c
/var/folders/0d/93p3r6493yg7p0rvl_4r983m0000gn/T//ccfdQed3.s:18     .text.prv_deleteServer:0000000000000000 $t
/var/folders/0d/93p3r6493yg7p0rvl_4r983m0000gn/T//ccfdQed3.s:24     .text.prv_deleteServer:0000000000000000 prv_deleteServer
/var/folders/0d/93p3r6493yg7p0rvl_4r983m0000gn/T//ccfdQed3.s:67     .text.prv_deleteServerList:0000000000000000 $t
/var/folders/0d/93p3r6493yg7p0rvl_4r983m0000gn/T//ccfdQed3.s:73     .text.prv_deleteServerList:0000000000000000 prv_deleteServerList
/var/folders/0d/93p3r6493yg7p0rvl_4r983m0000gn/T//ccfdQed3.s:110    .text.prv_deleteBootstrapServer:0000000000000000 $t
/var/folders/0d/93p3r6493yg7p0rvl_4r983m0000gn/T//ccfdQed3.s:116    .text.prv_deleteBootstrapServer:0000000000000000 prv_deleteBootstrapServer
/var/folders/0d/93p3r6493yg7p0rvl_4r983m0000gn/T//ccfdQed3.s:151    .text.prv_deleteBootstrapServerList:0000000000000000 $t
/var/folders/0d/93p3r6493yg7p0rvl_4r983m0000gn/T//ccfdQed3.s:157    .text.prv_deleteBootstrapServerList:0000000000000000 prv_deleteBootstrapServerList
/var/folders/0d/93p3r6493yg7p0rvl_4r983m0000gn/T//ccfdQed3.s:194    .text.prv_deleteObservedList:0000000000000000 $t
/var/folders/0d/93p3r6493yg7p0rvl_4r983m0000gn/T//ccfdQed3.s:200    .text.prv_deleteObservedList:0000000000000000 prv_deleteObservedList
/var/folders/0d/93p3r6493yg7p0rvl_4r983m0000gn/T//ccfdQed3.s:266    .text.prv_refreshServerList:0000000000000000 $t
/var/folders/0d/93p3r6493yg7p0rvl_4r983m0000gn/T//ccfdQed3.s:272    .text.prv_refreshServerList:0000000000000000 prv_refreshServerList
/var/folders/0d/93p3r6493yg7p0rvl_4r983m0000gn/T//ccfdQed3.s:383    .text.lwm2m_init:0000000000000000 $t
/var/folders/0d/93p3r6493yg7p0rvl_4r983m0000gn/T//ccfdQed3.s:390    .text.lwm2m_init:0000000000000000 lwm2m_init
/var/folders/0d/93p3r6493yg7p0rvl_4r983m0000gn/T//ccfdQed3.s:437    .text.lwm2m_deregister:0000000000000000 $t
/var/folders/0d/93p3r6493yg7p0rvl_4r983m0000gn/T//ccfdQed3.s:444    .text.lwm2m_deregister:0000000000000000 lwm2m_deregister
/var/folders/0d/93p3r6493yg7p0rvl_4r983m0000gn/T//ccfdQed3.s:484    .text.prv_deleteTransactionList:0000000000000000 $t
/var/folders/0d/93p3r6493yg7p0rvl_4r983m0000gn/T//ccfdQed3.s:491    .text.prv_deleteTransactionList:0000000000000000 prv_deleteTransactionList
/var/folders/0d/93p3r6493yg7p0rvl_4r983m0000gn/T//ccfdQed3.s:527    .text.lwm2m_close:0000000000000000 $t
/var/folders/0d/93p3r6493yg7p0rvl_4r983m0000gn/T//ccfdQed3.s:534    .text.lwm2m_close:0000000000000000 lwm2m_close
/var/folders/0d/93p3r6493yg7p0rvl_4r983m0000gn/T//ccfdQed3.s:594    .text.lwm2m_configure:0000000000000000 $t
/var/folders/0d/93p3r6493yg7p0rvl_4r983m0000gn/T//ccfdQed3.s:601    .text.lwm2m_configure:0000000000000000 lwm2m_configure
/var/folders/0d/93p3r6493yg7p0rvl_4r983m0000gn/T//ccfdQed3.s:807    .text.lwm2m_add_object:0000000000000000 $t
/var/folders/0d/93p3r6493yg7p0rvl_4r983m0000gn/T//ccfdQed3.s:814    .text.lwm2m_add_object:0000000000000000 lwm2m_add_object
/var/folders/0d/93p3r6493yg7p0rvl_4r983m0000gn/T//ccfdQed3.s:875    .text.lwm2m_remove_object:0000000000000000 $t
/var/folders/0d/93p3r6493yg7p0rvl_4r983m0000gn/T//ccfdQed3.s:882    .text.lwm2m_remove_object:0000000000000000 lwm2m_remove_object
/var/folders/0d/93p3r6493yg7p0rvl_4r983m0000gn/T//ccfdQed3.s:941    .text.lwm2m_step:0000000000000000 $t
/var/folders/0d/93p3r6493yg7p0rvl_4r983m0000gn/T//ccfdQed3.s:948    .text.lwm2m_step:0000000000000000 lwm2m_step
/var/folders/0d/93p3r6493yg7p0rvl_4r983m0000gn/T//ccfdQed3.s:985    .text.lwm2m_step:0000000000000022 $d
/var/folders/0d/93p3r6493yg7p0rvl_4r983m0000gn/T//ccfdQed3.s:991    .text.lwm2m_step:0000000000000028 $t

UNDEFINED SYMBOLS
lwm2m_close_connection
lwm2m_free
free_block1_buffer
lwm2m_list_free
lwm2m_list_add
object_getServers
lwm2m_malloc
memset
lwm2m_gettime
srand
rand
registration_deregister
transaction_free
utils_isAltPathValid
lwm2m_strdup
lwm2m_list_find
lwm2m_update_registration
lwm2m_list_remove
registration_start
observe_step
registration_step
transaction_step
registration_getStatus
ARM GAS  /var/folders/0d/93p3r6493yg7p0rvl_4r983m0000gn/T//ccfdQed3.s 			page 32


