ARM GAS  /var/folders/0d/93p3r6493yg7p0rvl_4r983m0000gn/T//cc425grv.s 			page 1


   1              		.cpu cortex-m4
   2              		.eabi_attribute 27, 1
   3              		.eabi_attribute 28, 1
   4              		.eabi_attribute 20, 1
   5              		.eabi_attribute 21, 1
   6              		.eabi_attribute 23, 3
   7              		.eabi_attribute 24, 1
   8              		.eabi_attribute 25, 1
   9              		.eabi_attribute 26, 1
  10              		.eabi_attribute 30, 1
  11              		.eabi_attribute 34, 1
  12              		.eabi_attribute 18, 4
  13              		.file	"memp.c"
  14              		.text
  15              	.Ltext0:
  16              		.cfi_sections	.debug_frame
  17              		.section	.text.do_memp_malloc_pool,"ax",%progbits
  18              		.align	1
  19              		.syntax unified
  20              		.thumb
  21              		.thumb_func
  22              		.fpu fpv4-sp-d16
  24              	do_memp_malloc_pool:
  25              	.LFB149:
  26              		.file 1 "Middlewares/Third_Party/LwIP/src/core/memp.c"
   1:Middlewares/Third_Party/LwIP/src/core/memp.c **** /**
   2:Middlewares/Third_Party/LwIP/src/core/memp.c ****  * @file
   3:Middlewares/Third_Party/LwIP/src/core/memp.c ****  * Dynamic pool memory manager
   4:Middlewares/Third_Party/LwIP/src/core/memp.c ****  *
   5:Middlewares/Third_Party/LwIP/src/core/memp.c ****  * lwIP has dedicated pools for many structures (netconn, protocol control blocks,
   6:Middlewares/Third_Party/LwIP/src/core/memp.c ****  * packet buffers, ...). All these pools are managed here.
   7:Middlewares/Third_Party/LwIP/src/core/memp.c ****  *
   8:Middlewares/Third_Party/LwIP/src/core/memp.c ****  * @defgroup mempool Memory pools
   9:Middlewares/Third_Party/LwIP/src/core/memp.c ****  * @ingroup infrastructure
  10:Middlewares/Third_Party/LwIP/src/core/memp.c ****  * Custom memory pools
  11:Middlewares/Third_Party/LwIP/src/core/memp.c **** 
  12:Middlewares/Third_Party/LwIP/src/core/memp.c ****  */
  13:Middlewares/Third_Party/LwIP/src/core/memp.c **** 
  14:Middlewares/Third_Party/LwIP/src/core/memp.c **** /*
  15:Middlewares/Third_Party/LwIP/src/core/memp.c ****  * Copyright (c) 2001-2004 Swedish Institute of Computer Science.
  16:Middlewares/Third_Party/LwIP/src/core/memp.c ****  * All rights reserved.
  17:Middlewares/Third_Party/LwIP/src/core/memp.c ****  *
  18:Middlewares/Third_Party/LwIP/src/core/memp.c ****  * Redistribution and use in source and binary forms, with or without modification,
  19:Middlewares/Third_Party/LwIP/src/core/memp.c ****  * are permitted provided that the following conditions are met:
  20:Middlewares/Third_Party/LwIP/src/core/memp.c ****  *
  21:Middlewares/Third_Party/LwIP/src/core/memp.c ****  * 1. Redistributions of source code must retain the above copyright notice,
  22:Middlewares/Third_Party/LwIP/src/core/memp.c ****  *    this list of conditions and the following disclaimer.
  23:Middlewares/Third_Party/LwIP/src/core/memp.c ****  * 2. Redistributions in binary form must reproduce the above copyright notice,
  24:Middlewares/Third_Party/LwIP/src/core/memp.c ****  *    this list of conditions and the following disclaimer in the documentation
  25:Middlewares/Third_Party/LwIP/src/core/memp.c ****  *    and/or other materials provided with the distribution.
  26:Middlewares/Third_Party/LwIP/src/core/memp.c ****  * 3. The name of the author may not be used to endorse or promote products
  27:Middlewares/Third_Party/LwIP/src/core/memp.c ****  *    derived from this software without specific prior written permission.
  28:Middlewares/Third_Party/LwIP/src/core/memp.c ****  *
  29:Middlewares/Third_Party/LwIP/src/core/memp.c ****  * THIS SOFTWARE IS PROVIDED BY THE AUTHOR ``AS IS'' AND ANY EXPRESS OR IMPLIED
  30:Middlewares/Third_Party/LwIP/src/core/memp.c ****  * WARRANTIES, INCLUDING, BUT NOT LIMITED TO, THE IMPLIED WARRANTIES OF
  31:Middlewares/Third_Party/LwIP/src/core/memp.c ****  * MERCHANTABILITY AND FITNESS FOR A PARTICULAR PURPOSE ARE DISCLAIMED. IN NO EVENT
  32:Middlewares/Third_Party/LwIP/src/core/memp.c ****  * SHALL THE AUTHOR BE LIABLE FOR ANY DIRECT, INDIRECT, INCIDENTAL, SPECIAL,
ARM GAS  /var/folders/0d/93p3r6493yg7p0rvl_4r983m0000gn/T//cc425grv.s 			page 2


  33:Middlewares/Third_Party/LwIP/src/core/memp.c ****  * EXEMPLARY, OR CONSEQUENTIAL DAMAGES (INCLUDING, BUT NOT LIMITED TO, PROCUREMENT
  34:Middlewares/Third_Party/LwIP/src/core/memp.c ****  * OF SUBSTITUTE GOODS OR SERVICES; LOSS OF USE, DATA, OR PROFITS; OR BUSINESS
  35:Middlewares/Third_Party/LwIP/src/core/memp.c ****  * INTERRUPTION) HOWEVER CAUSED AND ON ANY THEORY OF LIABILITY, WHETHER IN
  36:Middlewares/Third_Party/LwIP/src/core/memp.c ****  * CONTRACT, STRICT LIABILITY, OR TORT (INCLUDING NEGLIGENCE OR OTHERWISE) ARISING
  37:Middlewares/Third_Party/LwIP/src/core/memp.c ****  * IN ANY WAY OUT OF THE USE OF THIS SOFTWARE, EVEN IF ADVISED OF THE POSSIBILITY
  38:Middlewares/Third_Party/LwIP/src/core/memp.c ****  * OF SUCH DAMAGE.
  39:Middlewares/Third_Party/LwIP/src/core/memp.c ****  *
  40:Middlewares/Third_Party/LwIP/src/core/memp.c ****  * This file is part of the lwIP TCP/IP stack.
  41:Middlewares/Third_Party/LwIP/src/core/memp.c ****  *
  42:Middlewares/Third_Party/LwIP/src/core/memp.c ****  * Author: Adam Dunkels <adam@sics.se>
  43:Middlewares/Third_Party/LwIP/src/core/memp.c ****  *
  44:Middlewares/Third_Party/LwIP/src/core/memp.c ****  */
  45:Middlewares/Third_Party/LwIP/src/core/memp.c **** 
  46:Middlewares/Third_Party/LwIP/src/core/memp.c **** #include "lwip/opt.h"
  47:Middlewares/Third_Party/LwIP/src/core/memp.c **** 
  48:Middlewares/Third_Party/LwIP/src/core/memp.c **** #include "lwip/memp.h"
  49:Middlewares/Third_Party/LwIP/src/core/memp.c **** #include "lwip/sys.h"
  50:Middlewares/Third_Party/LwIP/src/core/memp.c **** #include "lwip/stats.h"
  51:Middlewares/Third_Party/LwIP/src/core/memp.c **** 
  52:Middlewares/Third_Party/LwIP/src/core/memp.c **** #include <string.h>
  53:Middlewares/Third_Party/LwIP/src/core/memp.c **** 
  54:Middlewares/Third_Party/LwIP/src/core/memp.c **** /* Make sure we include everything we need for size calculation required by memp_std.h */
  55:Middlewares/Third_Party/LwIP/src/core/memp.c **** #include "lwip/pbuf.h"
  56:Middlewares/Third_Party/LwIP/src/core/memp.c **** #include "lwip/raw.h"
  57:Middlewares/Third_Party/LwIP/src/core/memp.c **** #include "lwip/udp.h"
  58:Middlewares/Third_Party/LwIP/src/core/memp.c **** #include "lwip/tcp.h"
  59:Middlewares/Third_Party/LwIP/src/core/memp.c **** #include "lwip/priv/tcp_priv.h"
  60:Middlewares/Third_Party/LwIP/src/core/memp.c **** #include "lwip/ip4_frag.h"
  61:Middlewares/Third_Party/LwIP/src/core/memp.c **** #include "lwip/netbuf.h"
  62:Middlewares/Third_Party/LwIP/src/core/memp.c **** #include "lwip/api.h"
  63:Middlewares/Third_Party/LwIP/src/core/memp.c **** #include "lwip/priv/tcpip_priv.h"
  64:Middlewares/Third_Party/LwIP/src/core/memp.c **** #include "lwip/priv/api_msg.h"
  65:Middlewares/Third_Party/LwIP/src/core/memp.c **** #include "lwip/sockets.h"
  66:Middlewares/Third_Party/LwIP/src/core/memp.c **** #include "lwip/netifapi.h"
  67:Middlewares/Third_Party/LwIP/src/core/memp.c **** #include "lwip/etharp.h"
  68:Middlewares/Third_Party/LwIP/src/core/memp.c **** #include "lwip/igmp.h"
  69:Middlewares/Third_Party/LwIP/src/core/memp.c **** #include "lwip/timeouts.h"
  70:Middlewares/Third_Party/LwIP/src/core/memp.c **** /* needed by default MEMP_NUM_SYS_TIMEOUT */
  71:Middlewares/Third_Party/LwIP/src/core/memp.c **** #include "netif/ppp/ppp_opts.h"
  72:Middlewares/Third_Party/LwIP/src/core/memp.c **** #include "lwip/netdb.h"
  73:Middlewares/Third_Party/LwIP/src/core/memp.c **** #include "lwip/dns.h"
  74:Middlewares/Third_Party/LwIP/src/core/memp.c **** #include "lwip/priv/nd6_priv.h"
  75:Middlewares/Third_Party/LwIP/src/core/memp.c **** #include "lwip/ip6_frag.h"
  76:Middlewares/Third_Party/LwIP/src/core/memp.c **** #include "lwip/mld6.h"
  77:Middlewares/Third_Party/LwIP/src/core/memp.c **** 
  78:Middlewares/Third_Party/LwIP/src/core/memp.c **** #define LWIP_MEMPOOL(name,num,size,desc) LWIP_MEMPOOL_DECLARE(name,num,size,desc)
  79:Middlewares/Third_Party/LwIP/src/core/memp.c **** #include "lwip/priv/memp_std.h"
  80:Middlewares/Third_Party/LwIP/src/core/memp.c **** 
  81:Middlewares/Third_Party/LwIP/src/core/memp.c **** const struct memp_desc* const memp_pools[MEMP_MAX] = {
  82:Middlewares/Third_Party/LwIP/src/core/memp.c **** #define LWIP_MEMPOOL(name,num,size,desc) &memp_ ## name,
  83:Middlewares/Third_Party/LwIP/src/core/memp.c **** #include "lwip/priv/memp_std.h"
  84:Middlewares/Third_Party/LwIP/src/core/memp.c **** };
  85:Middlewares/Third_Party/LwIP/src/core/memp.c **** 
  86:Middlewares/Third_Party/LwIP/src/core/memp.c **** #ifdef LWIP_HOOK_FILENAME
  87:Middlewares/Third_Party/LwIP/src/core/memp.c **** #include LWIP_HOOK_FILENAME
  88:Middlewares/Third_Party/LwIP/src/core/memp.c **** #endif
  89:Middlewares/Third_Party/LwIP/src/core/memp.c **** 
ARM GAS  /var/folders/0d/93p3r6493yg7p0rvl_4r983m0000gn/T//cc425grv.s 			page 3


  90:Middlewares/Third_Party/LwIP/src/core/memp.c **** #if MEMP_MEM_MALLOC && MEMP_OVERFLOW_CHECK >= 2
  91:Middlewares/Third_Party/LwIP/src/core/memp.c **** #undef MEMP_OVERFLOW_CHECK
  92:Middlewares/Third_Party/LwIP/src/core/memp.c **** /* MEMP_OVERFLOW_CHECK >= 2 does not work with MEMP_MEM_MALLOC, use 1 instead */
  93:Middlewares/Third_Party/LwIP/src/core/memp.c **** #define MEMP_OVERFLOW_CHECK 1
  94:Middlewares/Third_Party/LwIP/src/core/memp.c **** #endif
  95:Middlewares/Third_Party/LwIP/src/core/memp.c **** 
  96:Middlewares/Third_Party/LwIP/src/core/memp.c **** #if MEMP_SANITY_CHECK && !MEMP_MEM_MALLOC
  97:Middlewares/Third_Party/LwIP/src/core/memp.c **** /**
  98:Middlewares/Third_Party/LwIP/src/core/memp.c ****  * Check that memp-lists don't form a circle, using "Floyd's cycle-finding algorithm".
  99:Middlewares/Third_Party/LwIP/src/core/memp.c ****  */
 100:Middlewares/Third_Party/LwIP/src/core/memp.c **** static int
 101:Middlewares/Third_Party/LwIP/src/core/memp.c **** memp_sanity(const struct memp_desc *desc)
 102:Middlewares/Third_Party/LwIP/src/core/memp.c **** {
 103:Middlewares/Third_Party/LwIP/src/core/memp.c ****   struct memp *t, *h;
 104:Middlewares/Third_Party/LwIP/src/core/memp.c **** 
 105:Middlewares/Third_Party/LwIP/src/core/memp.c ****   t = *desc->tab;
 106:Middlewares/Third_Party/LwIP/src/core/memp.c ****   if (t != NULL) {
 107:Middlewares/Third_Party/LwIP/src/core/memp.c ****     for (h = t->next; (t != NULL) && (h != NULL); t = t->next,
 108:Middlewares/Third_Party/LwIP/src/core/memp.c ****       h = ((h->next != NULL) ? h->next->next : NULL)) {
 109:Middlewares/Third_Party/LwIP/src/core/memp.c ****       if (t == h) {
 110:Middlewares/Third_Party/LwIP/src/core/memp.c ****         return 0;
 111:Middlewares/Third_Party/LwIP/src/core/memp.c ****       }
 112:Middlewares/Third_Party/LwIP/src/core/memp.c ****     }
 113:Middlewares/Third_Party/LwIP/src/core/memp.c ****   }
 114:Middlewares/Third_Party/LwIP/src/core/memp.c **** 
 115:Middlewares/Third_Party/LwIP/src/core/memp.c ****   return 1;
 116:Middlewares/Third_Party/LwIP/src/core/memp.c **** }
 117:Middlewares/Third_Party/LwIP/src/core/memp.c **** #endif /* MEMP_SANITY_CHECK && !MEMP_MEM_MALLOC */
 118:Middlewares/Third_Party/LwIP/src/core/memp.c **** 
 119:Middlewares/Third_Party/LwIP/src/core/memp.c **** #if MEMP_OVERFLOW_CHECK
 120:Middlewares/Third_Party/LwIP/src/core/memp.c **** /**
 121:Middlewares/Third_Party/LwIP/src/core/memp.c ****  * Check if a memp element was victim of an overflow
 122:Middlewares/Third_Party/LwIP/src/core/memp.c ****  * (e.g. the restricted area after it has been altered)
 123:Middlewares/Third_Party/LwIP/src/core/memp.c ****  *
 124:Middlewares/Third_Party/LwIP/src/core/memp.c ****  * @param p the memp element to check
 125:Middlewares/Third_Party/LwIP/src/core/memp.c ****  * @param desc the pool p comes from
 126:Middlewares/Third_Party/LwIP/src/core/memp.c ****  */
 127:Middlewares/Third_Party/LwIP/src/core/memp.c **** static void
 128:Middlewares/Third_Party/LwIP/src/core/memp.c **** memp_overflow_check_element_overflow(struct memp *p, const struct memp_desc *desc)
 129:Middlewares/Third_Party/LwIP/src/core/memp.c **** {
 130:Middlewares/Third_Party/LwIP/src/core/memp.c **** #if MEMP_SANITY_REGION_AFTER_ALIGNED > 0
 131:Middlewares/Third_Party/LwIP/src/core/memp.c ****   u16_t k;
 132:Middlewares/Third_Party/LwIP/src/core/memp.c ****   u8_t *m;
 133:Middlewares/Third_Party/LwIP/src/core/memp.c ****   m = (u8_t*)p + MEMP_SIZE + desc->size;
 134:Middlewares/Third_Party/LwIP/src/core/memp.c ****   for (k = 0; k < MEMP_SANITY_REGION_AFTER_ALIGNED; k++) {
 135:Middlewares/Third_Party/LwIP/src/core/memp.c ****     if (m[k] != 0xcd) {
 136:Middlewares/Third_Party/LwIP/src/core/memp.c ****       char errstr[128] = "detected memp overflow in pool ";
 137:Middlewares/Third_Party/LwIP/src/core/memp.c ****       strcat(errstr, desc->desc);
 138:Middlewares/Third_Party/LwIP/src/core/memp.c ****       LWIP_ASSERT(errstr, 0);
 139:Middlewares/Third_Party/LwIP/src/core/memp.c ****     }
 140:Middlewares/Third_Party/LwIP/src/core/memp.c ****   }
 141:Middlewares/Third_Party/LwIP/src/core/memp.c **** #else /* MEMP_SANITY_REGION_AFTER_ALIGNED > 0 */
 142:Middlewares/Third_Party/LwIP/src/core/memp.c ****   LWIP_UNUSED_ARG(p);
 143:Middlewares/Third_Party/LwIP/src/core/memp.c ****   LWIP_UNUSED_ARG(desc);
 144:Middlewares/Third_Party/LwIP/src/core/memp.c **** #endif /* MEMP_SANITY_REGION_AFTER_ALIGNED > 0 */
 145:Middlewares/Third_Party/LwIP/src/core/memp.c **** }
 146:Middlewares/Third_Party/LwIP/src/core/memp.c **** 
ARM GAS  /var/folders/0d/93p3r6493yg7p0rvl_4r983m0000gn/T//cc425grv.s 			page 4


 147:Middlewares/Third_Party/LwIP/src/core/memp.c **** /**
 148:Middlewares/Third_Party/LwIP/src/core/memp.c ****  * Check if a memp element was victim of an underflow
 149:Middlewares/Third_Party/LwIP/src/core/memp.c ****  * (e.g. the restricted area before it has been altered)
 150:Middlewares/Third_Party/LwIP/src/core/memp.c ****  *
 151:Middlewares/Third_Party/LwIP/src/core/memp.c ****  * @param p the memp element to check
 152:Middlewares/Third_Party/LwIP/src/core/memp.c ****  * @param desc the pool p comes from
 153:Middlewares/Third_Party/LwIP/src/core/memp.c ****  */
 154:Middlewares/Third_Party/LwIP/src/core/memp.c **** static void
 155:Middlewares/Third_Party/LwIP/src/core/memp.c **** memp_overflow_check_element_underflow(struct memp *p, const struct memp_desc *desc)
 156:Middlewares/Third_Party/LwIP/src/core/memp.c **** {
 157:Middlewares/Third_Party/LwIP/src/core/memp.c **** #if MEMP_SANITY_REGION_BEFORE_ALIGNED > 0
 158:Middlewares/Third_Party/LwIP/src/core/memp.c ****   u16_t k;
 159:Middlewares/Third_Party/LwIP/src/core/memp.c ****   u8_t *m;
 160:Middlewares/Third_Party/LwIP/src/core/memp.c ****   m = (u8_t*)p + MEMP_SIZE - MEMP_SANITY_REGION_BEFORE_ALIGNED;
 161:Middlewares/Third_Party/LwIP/src/core/memp.c ****   for (k = 0; k < MEMP_SANITY_REGION_BEFORE_ALIGNED; k++) {
 162:Middlewares/Third_Party/LwIP/src/core/memp.c ****     if (m[k] != 0xcd) {
 163:Middlewares/Third_Party/LwIP/src/core/memp.c ****       char errstr[128] = "detected memp underflow in pool ";
 164:Middlewares/Third_Party/LwIP/src/core/memp.c ****       strcat(errstr, desc->desc);
 165:Middlewares/Third_Party/LwIP/src/core/memp.c ****       LWIP_ASSERT(errstr, 0);
 166:Middlewares/Third_Party/LwIP/src/core/memp.c ****     }
 167:Middlewares/Third_Party/LwIP/src/core/memp.c ****   }
 168:Middlewares/Third_Party/LwIP/src/core/memp.c **** #else /* MEMP_SANITY_REGION_BEFORE_ALIGNED > 0 */
 169:Middlewares/Third_Party/LwIP/src/core/memp.c ****   LWIP_UNUSED_ARG(p);
 170:Middlewares/Third_Party/LwIP/src/core/memp.c ****   LWIP_UNUSED_ARG(desc);
 171:Middlewares/Third_Party/LwIP/src/core/memp.c **** #endif /* MEMP_SANITY_REGION_BEFORE_ALIGNED > 0 */
 172:Middlewares/Third_Party/LwIP/src/core/memp.c **** }
 173:Middlewares/Third_Party/LwIP/src/core/memp.c **** 
 174:Middlewares/Third_Party/LwIP/src/core/memp.c **** /**
 175:Middlewares/Third_Party/LwIP/src/core/memp.c ****  * Initialize the restricted area of on memp element.
 176:Middlewares/Third_Party/LwIP/src/core/memp.c ****  */
 177:Middlewares/Third_Party/LwIP/src/core/memp.c **** static void
 178:Middlewares/Third_Party/LwIP/src/core/memp.c **** memp_overflow_init_element(struct memp *p, const struct memp_desc *desc)
 179:Middlewares/Third_Party/LwIP/src/core/memp.c **** {
 180:Middlewares/Third_Party/LwIP/src/core/memp.c **** #if MEMP_SANITY_REGION_BEFORE_ALIGNED > 0 || MEMP_SANITY_REGION_AFTER_ALIGNED > 0
 181:Middlewares/Third_Party/LwIP/src/core/memp.c ****   u8_t *m;
 182:Middlewares/Third_Party/LwIP/src/core/memp.c **** #if MEMP_SANITY_REGION_BEFORE_ALIGNED > 0
 183:Middlewares/Third_Party/LwIP/src/core/memp.c ****   m = (u8_t*)p + MEMP_SIZE - MEMP_SANITY_REGION_BEFORE_ALIGNED;
 184:Middlewares/Third_Party/LwIP/src/core/memp.c ****   memset(m, 0xcd, MEMP_SANITY_REGION_BEFORE_ALIGNED);
 185:Middlewares/Third_Party/LwIP/src/core/memp.c **** #endif
 186:Middlewares/Third_Party/LwIP/src/core/memp.c **** #if MEMP_SANITY_REGION_AFTER_ALIGNED > 0
 187:Middlewares/Third_Party/LwIP/src/core/memp.c ****   m = (u8_t*)p + MEMP_SIZE + desc->size;
 188:Middlewares/Third_Party/LwIP/src/core/memp.c ****   memset(m, 0xcd, MEMP_SANITY_REGION_AFTER_ALIGNED);
 189:Middlewares/Third_Party/LwIP/src/core/memp.c **** #endif
 190:Middlewares/Third_Party/LwIP/src/core/memp.c **** #else /* MEMP_SANITY_REGION_BEFORE_ALIGNED > 0 || MEMP_SANITY_REGION_AFTER_ALIGNED > 0 */
 191:Middlewares/Third_Party/LwIP/src/core/memp.c ****   LWIP_UNUSED_ARG(p);
 192:Middlewares/Third_Party/LwIP/src/core/memp.c ****   LWIP_UNUSED_ARG(desc);
 193:Middlewares/Third_Party/LwIP/src/core/memp.c **** #endif /* MEMP_SANITY_REGION_BEFORE_ALIGNED > 0 || MEMP_SANITY_REGION_AFTER_ALIGNED > 0 */
 194:Middlewares/Third_Party/LwIP/src/core/memp.c **** }
 195:Middlewares/Third_Party/LwIP/src/core/memp.c **** 
 196:Middlewares/Third_Party/LwIP/src/core/memp.c **** #if MEMP_OVERFLOW_CHECK >= 2
 197:Middlewares/Third_Party/LwIP/src/core/memp.c **** /**
 198:Middlewares/Third_Party/LwIP/src/core/memp.c ****  * Do an overflow check for all elements in every pool.
 199:Middlewares/Third_Party/LwIP/src/core/memp.c ****  *
 200:Middlewares/Third_Party/LwIP/src/core/memp.c ****  * @see memp_overflow_check_element for a description of the check
 201:Middlewares/Third_Party/LwIP/src/core/memp.c ****  */
 202:Middlewares/Third_Party/LwIP/src/core/memp.c **** static void
 203:Middlewares/Third_Party/LwIP/src/core/memp.c **** memp_overflow_check_all(void)
ARM GAS  /var/folders/0d/93p3r6493yg7p0rvl_4r983m0000gn/T//cc425grv.s 			page 5


 204:Middlewares/Third_Party/LwIP/src/core/memp.c **** {
 205:Middlewares/Third_Party/LwIP/src/core/memp.c ****   u16_t i, j;
 206:Middlewares/Third_Party/LwIP/src/core/memp.c ****   struct memp *p;
 207:Middlewares/Third_Party/LwIP/src/core/memp.c ****   SYS_ARCH_DECL_PROTECT(old_level);
 208:Middlewares/Third_Party/LwIP/src/core/memp.c ****   SYS_ARCH_PROTECT(old_level);
 209:Middlewares/Third_Party/LwIP/src/core/memp.c **** 
 210:Middlewares/Third_Party/LwIP/src/core/memp.c ****   for (i = 0; i < MEMP_MAX; ++i) {
 211:Middlewares/Third_Party/LwIP/src/core/memp.c ****     p = (struct memp*)LWIP_MEM_ALIGN(memp_pools[i]->base);
 212:Middlewares/Third_Party/LwIP/src/core/memp.c ****     for (j = 0; j < memp_pools[i]->num; ++j) {
 213:Middlewares/Third_Party/LwIP/src/core/memp.c ****       memp_overflow_check_element_overflow(p, memp_pools[i]);
 214:Middlewares/Third_Party/LwIP/src/core/memp.c ****       memp_overflow_check_element_underflow(p, memp_pools[i]);
 215:Middlewares/Third_Party/LwIP/src/core/memp.c ****       p = LWIP_ALIGNMENT_CAST(struct memp*, ((u8_t*)p + MEMP_SIZE + memp_pools[i]->size + MEMP_SANI
 216:Middlewares/Third_Party/LwIP/src/core/memp.c ****     }
 217:Middlewares/Third_Party/LwIP/src/core/memp.c ****   }
 218:Middlewares/Third_Party/LwIP/src/core/memp.c ****   SYS_ARCH_UNPROTECT(old_level);
 219:Middlewares/Third_Party/LwIP/src/core/memp.c **** }
 220:Middlewares/Third_Party/LwIP/src/core/memp.c **** #endif /* MEMP_OVERFLOW_CHECK >= 2 */
 221:Middlewares/Third_Party/LwIP/src/core/memp.c **** #endif /* MEMP_OVERFLOW_CHECK */
 222:Middlewares/Third_Party/LwIP/src/core/memp.c **** 
 223:Middlewares/Third_Party/LwIP/src/core/memp.c **** /**
 224:Middlewares/Third_Party/LwIP/src/core/memp.c ****  * Initialize custom memory pool.
 225:Middlewares/Third_Party/LwIP/src/core/memp.c ****  * Related functions: memp_malloc_pool, memp_free_pool
 226:Middlewares/Third_Party/LwIP/src/core/memp.c ****  *
 227:Middlewares/Third_Party/LwIP/src/core/memp.c ****  * @param desc pool to initialize
 228:Middlewares/Third_Party/LwIP/src/core/memp.c ****  */
 229:Middlewares/Third_Party/LwIP/src/core/memp.c **** void
 230:Middlewares/Third_Party/LwIP/src/core/memp.c **** memp_init_pool(const struct memp_desc *desc)
 231:Middlewares/Third_Party/LwIP/src/core/memp.c **** {
 232:Middlewares/Third_Party/LwIP/src/core/memp.c **** #if MEMP_MEM_MALLOC
 233:Middlewares/Third_Party/LwIP/src/core/memp.c ****   LWIP_UNUSED_ARG(desc);
 234:Middlewares/Third_Party/LwIP/src/core/memp.c **** #else
 235:Middlewares/Third_Party/LwIP/src/core/memp.c ****   int i;
 236:Middlewares/Third_Party/LwIP/src/core/memp.c ****   struct memp *memp;
 237:Middlewares/Third_Party/LwIP/src/core/memp.c **** 
 238:Middlewares/Third_Party/LwIP/src/core/memp.c ****   *desc->tab = NULL;
 239:Middlewares/Third_Party/LwIP/src/core/memp.c ****   memp = (struct memp*)LWIP_MEM_ALIGN(desc->base);
 240:Middlewares/Third_Party/LwIP/src/core/memp.c ****   /* create a linked list of memp elements */
 241:Middlewares/Third_Party/LwIP/src/core/memp.c ****   for (i = 0; i < desc->num; ++i) {
 242:Middlewares/Third_Party/LwIP/src/core/memp.c ****     memp->next = *desc->tab;
 243:Middlewares/Third_Party/LwIP/src/core/memp.c ****     *desc->tab = memp;
 244:Middlewares/Third_Party/LwIP/src/core/memp.c **** #if MEMP_OVERFLOW_CHECK
 245:Middlewares/Third_Party/LwIP/src/core/memp.c ****     memp_overflow_init_element(memp, desc);
 246:Middlewares/Third_Party/LwIP/src/core/memp.c **** #endif /* MEMP_OVERFLOW_CHECK */
 247:Middlewares/Third_Party/LwIP/src/core/memp.c ****    /* cast through void* to get rid of alignment warnings */
 248:Middlewares/Third_Party/LwIP/src/core/memp.c ****    memp = (struct memp *)(void *)((u8_t *)memp + MEMP_SIZE + desc->size
 249:Middlewares/Third_Party/LwIP/src/core/memp.c **** #if MEMP_OVERFLOW_CHECK
 250:Middlewares/Third_Party/LwIP/src/core/memp.c ****       + MEMP_SANITY_REGION_AFTER_ALIGNED
 251:Middlewares/Third_Party/LwIP/src/core/memp.c **** #endif
 252:Middlewares/Third_Party/LwIP/src/core/memp.c ****     );
 253:Middlewares/Third_Party/LwIP/src/core/memp.c ****   }
 254:Middlewares/Third_Party/LwIP/src/core/memp.c **** #if MEMP_STATS
 255:Middlewares/Third_Party/LwIP/src/core/memp.c ****   desc->stats->avail = desc->num;
 256:Middlewares/Third_Party/LwIP/src/core/memp.c **** #endif /* MEMP_STATS */
 257:Middlewares/Third_Party/LwIP/src/core/memp.c **** #endif /* !MEMP_MEM_MALLOC */
 258:Middlewares/Third_Party/LwIP/src/core/memp.c **** 
 259:Middlewares/Third_Party/LwIP/src/core/memp.c **** #if MEMP_STATS && (defined(LWIP_DEBUG) || LWIP_STATS_DISPLAY)
 260:Middlewares/Third_Party/LwIP/src/core/memp.c ****   desc->stats->name  = desc->desc;
ARM GAS  /var/folders/0d/93p3r6493yg7p0rvl_4r983m0000gn/T//cc425grv.s 			page 6


 261:Middlewares/Third_Party/LwIP/src/core/memp.c **** #endif /* MEMP_STATS && (defined(LWIP_DEBUG) || LWIP_STATS_DISPLAY) */
 262:Middlewares/Third_Party/LwIP/src/core/memp.c **** }
 263:Middlewares/Third_Party/LwIP/src/core/memp.c **** 
 264:Middlewares/Third_Party/LwIP/src/core/memp.c **** /**
 265:Middlewares/Third_Party/LwIP/src/core/memp.c ****  * Initializes lwIP built-in pools.
 266:Middlewares/Third_Party/LwIP/src/core/memp.c ****  * Related functions: memp_malloc, memp_free
 267:Middlewares/Third_Party/LwIP/src/core/memp.c ****  *
 268:Middlewares/Third_Party/LwIP/src/core/memp.c ****  * Carves out memp_memory into linked lists for each pool-type.
 269:Middlewares/Third_Party/LwIP/src/core/memp.c ****  */
 270:Middlewares/Third_Party/LwIP/src/core/memp.c **** void
 271:Middlewares/Third_Party/LwIP/src/core/memp.c **** memp_init(void)
 272:Middlewares/Third_Party/LwIP/src/core/memp.c **** {
 273:Middlewares/Third_Party/LwIP/src/core/memp.c ****   u16_t i;
 274:Middlewares/Third_Party/LwIP/src/core/memp.c **** 
 275:Middlewares/Third_Party/LwIP/src/core/memp.c ****   /* for every pool: */
 276:Middlewares/Third_Party/LwIP/src/core/memp.c ****   for (i = 0; i < LWIP_ARRAYSIZE(memp_pools); i++) {
 277:Middlewares/Third_Party/LwIP/src/core/memp.c ****     memp_init_pool(memp_pools[i]);
 278:Middlewares/Third_Party/LwIP/src/core/memp.c **** 
 279:Middlewares/Third_Party/LwIP/src/core/memp.c **** #if LWIP_STATS && MEMP_STATS
 280:Middlewares/Third_Party/LwIP/src/core/memp.c ****     lwip_stats.memp[i] = memp_pools[i]->stats;
 281:Middlewares/Third_Party/LwIP/src/core/memp.c **** #endif
 282:Middlewares/Third_Party/LwIP/src/core/memp.c ****   }
 283:Middlewares/Third_Party/LwIP/src/core/memp.c **** 
 284:Middlewares/Third_Party/LwIP/src/core/memp.c **** #if MEMP_OVERFLOW_CHECK >= 2
 285:Middlewares/Third_Party/LwIP/src/core/memp.c ****   /* check everything a first time to see if it worked */
 286:Middlewares/Third_Party/LwIP/src/core/memp.c ****   memp_overflow_check_all();
 287:Middlewares/Third_Party/LwIP/src/core/memp.c **** #endif /* MEMP_OVERFLOW_CHECK >= 2 */
 288:Middlewares/Third_Party/LwIP/src/core/memp.c **** }
 289:Middlewares/Third_Party/LwIP/src/core/memp.c **** 
 290:Middlewares/Third_Party/LwIP/src/core/memp.c **** static void*
 291:Middlewares/Third_Party/LwIP/src/core/memp.c **** #if !MEMP_OVERFLOW_CHECK
 292:Middlewares/Third_Party/LwIP/src/core/memp.c **** do_memp_malloc_pool(const struct memp_desc *desc)
 293:Middlewares/Third_Party/LwIP/src/core/memp.c **** #else
 294:Middlewares/Third_Party/LwIP/src/core/memp.c **** do_memp_malloc_pool_fn(const struct memp_desc *desc, const char* file, const int line)
 295:Middlewares/Third_Party/LwIP/src/core/memp.c **** #endif
 296:Middlewares/Third_Party/LwIP/src/core/memp.c **** {
  27              		.loc 1 296 0
  28              		.cfi_startproc
  29              		@ args = 0, pretend = 0, frame = 0
  30              		@ frame_needed = 0, uses_anonymous_args = 0
  31              	.LVL0:
  32 0000 38B5     		push	{r3, r4, r5, lr}
  33              	.LCFI0:
  34              		.cfi_def_cfa_offset 16
  35              		.cfi_offset 3, -16
  36              		.cfi_offset 4, -12
  37              		.cfi_offset 5, -8
  38              		.cfi_offset 14, -4
  39 0002 0446     		mov	r4, r0
 297:Middlewares/Third_Party/LwIP/src/core/memp.c ****   struct memp *memp;
 298:Middlewares/Third_Party/LwIP/src/core/memp.c ****   SYS_ARCH_DECL_PROTECT(old_level);
 299:Middlewares/Third_Party/LwIP/src/core/memp.c **** 
 300:Middlewares/Third_Party/LwIP/src/core/memp.c **** #if MEMP_MEM_MALLOC
 301:Middlewares/Third_Party/LwIP/src/core/memp.c ****   memp = (struct memp *)mem_malloc(MEMP_SIZE + MEMP_ALIGN_SIZE(desc->size));
 302:Middlewares/Third_Party/LwIP/src/core/memp.c ****   SYS_ARCH_PROTECT(old_level);
 303:Middlewares/Third_Party/LwIP/src/core/memp.c **** #else /* MEMP_MEM_MALLOC */
 304:Middlewares/Third_Party/LwIP/src/core/memp.c ****   SYS_ARCH_PROTECT(old_level);
ARM GAS  /var/folders/0d/93p3r6493yg7p0rvl_4r983m0000gn/T//cc425grv.s 			page 7


  40              		.loc 1 304 0
  41 0004 FFF7FEFF 		bl	sys_arch_protect
  42              	.LVL1:
  43 0008 0546     		mov	r5, r0
  44              	.LVL2:
 305:Middlewares/Third_Party/LwIP/src/core/memp.c **** 
 306:Middlewares/Third_Party/LwIP/src/core/memp.c ****   memp = *desc->tab;
  45              		.loc 1 306 0
  46 000a A368     		ldr	r3, [r4, #8]
  47 000c 1C68     		ldr	r4, [r3]
  48              	.LVL3:
 307:Middlewares/Third_Party/LwIP/src/core/memp.c **** #endif /* MEMP_MEM_MALLOC */
 308:Middlewares/Third_Party/LwIP/src/core/memp.c **** 
 309:Middlewares/Third_Party/LwIP/src/core/memp.c ****   if (memp != NULL) {
  49              		.loc 1 309 0
  50 000e 8CB1     		cbz	r4, .L2
 310:Middlewares/Third_Party/LwIP/src/core/memp.c **** #if !MEMP_MEM_MALLOC
 311:Middlewares/Third_Party/LwIP/src/core/memp.c **** #if MEMP_OVERFLOW_CHECK == 1
 312:Middlewares/Third_Party/LwIP/src/core/memp.c ****     memp_overflow_check_element_overflow(memp, desc);
 313:Middlewares/Third_Party/LwIP/src/core/memp.c ****     memp_overflow_check_element_underflow(memp, desc);
 314:Middlewares/Third_Party/LwIP/src/core/memp.c **** #endif /* MEMP_OVERFLOW_CHECK */
 315:Middlewares/Third_Party/LwIP/src/core/memp.c **** 
 316:Middlewares/Third_Party/LwIP/src/core/memp.c ****     *desc->tab = memp->next;
  51              		.loc 1 316 0
  52 0010 2268     		ldr	r2, [r4]
  53 0012 1A60     		str	r2, [r3]
 317:Middlewares/Third_Party/LwIP/src/core/memp.c **** #if MEMP_OVERFLOW_CHECK
 318:Middlewares/Third_Party/LwIP/src/core/memp.c ****     memp->next = NULL;
 319:Middlewares/Third_Party/LwIP/src/core/memp.c **** #endif /* MEMP_OVERFLOW_CHECK */
 320:Middlewares/Third_Party/LwIP/src/core/memp.c **** #endif /* !MEMP_MEM_MALLOC */
 321:Middlewares/Third_Party/LwIP/src/core/memp.c **** #if MEMP_OVERFLOW_CHECK
 322:Middlewares/Third_Party/LwIP/src/core/memp.c ****     memp->file = file;
 323:Middlewares/Third_Party/LwIP/src/core/memp.c ****     memp->line = line;
 324:Middlewares/Third_Party/LwIP/src/core/memp.c **** #if MEMP_MEM_MALLOC
 325:Middlewares/Third_Party/LwIP/src/core/memp.c ****     memp_overflow_init_element(memp, desc);
 326:Middlewares/Third_Party/LwIP/src/core/memp.c **** #endif /* MEMP_MEM_MALLOC */
 327:Middlewares/Third_Party/LwIP/src/core/memp.c **** #endif /* MEMP_OVERFLOW_CHECK */
 328:Middlewares/Third_Party/LwIP/src/core/memp.c ****     LWIP_ASSERT("memp_malloc: memp properly aligned",
  54              		.loc 1 328 0
  55 0014 14F0030F 		tst	r4, #3
  56 0018 04D1     		bne	.L6
  57              	.LVL4:
  58              	.L3:
 329:Middlewares/Third_Party/LwIP/src/core/memp.c ****                 ((mem_ptr_t)memp % MEM_ALIGNMENT) == 0);
 330:Middlewares/Third_Party/LwIP/src/core/memp.c **** #if MEMP_STATS
 331:Middlewares/Third_Party/LwIP/src/core/memp.c ****     desc->stats->used++;
 332:Middlewares/Third_Party/LwIP/src/core/memp.c ****     if (desc->stats->used > desc->stats->max) {
 333:Middlewares/Third_Party/LwIP/src/core/memp.c ****       desc->stats->max = desc->stats->used;
 334:Middlewares/Third_Party/LwIP/src/core/memp.c ****     }
 335:Middlewares/Third_Party/LwIP/src/core/memp.c **** #endif
 336:Middlewares/Third_Party/LwIP/src/core/memp.c ****     SYS_ARCH_UNPROTECT(old_level);
  59              		.loc 1 336 0
  60 001a 2846     		mov	r0, r5
  61 001c FFF7FEFF 		bl	sys_arch_unprotect
  62              	.LVL5:
  63              	.L1:
 337:Middlewares/Third_Party/LwIP/src/core/memp.c ****     /* cast through u8_t* to get rid of alignment warnings */
ARM GAS  /var/folders/0d/93p3r6493yg7p0rvl_4r983m0000gn/T//cc425grv.s 			page 8


 338:Middlewares/Third_Party/LwIP/src/core/memp.c ****     return ((u8_t*)memp + MEMP_SIZE);
 339:Middlewares/Third_Party/LwIP/src/core/memp.c ****   } else {
 340:Middlewares/Third_Party/LwIP/src/core/memp.c ****     LWIP_DEBUGF(MEMP_DEBUG | LWIP_DBG_LEVEL_SERIOUS, ("memp_malloc: out of memory in pool %s\n", de
 341:Middlewares/Third_Party/LwIP/src/core/memp.c **** #if MEMP_STATS
 342:Middlewares/Third_Party/LwIP/src/core/memp.c ****     desc->stats->err++;
 343:Middlewares/Third_Party/LwIP/src/core/memp.c **** #endif
 344:Middlewares/Third_Party/LwIP/src/core/memp.c ****   }
 345:Middlewares/Third_Party/LwIP/src/core/memp.c **** 
 346:Middlewares/Third_Party/LwIP/src/core/memp.c ****   SYS_ARCH_UNPROTECT(old_level);
 347:Middlewares/Third_Party/LwIP/src/core/memp.c ****   return NULL;
 348:Middlewares/Third_Party/LwIP/src/core/memp.c **** }
  64              		.loc 1 348 0
  65 0020 2046     		mov	r0, r4
  66 0022 38BD     		pop	{r3, r4, r5, pc}
  67              	.LVL6:
  68              	.L6:
 328:Middlewares/Third_Party/LwIP/src/core/memp.c ****                 ((mem_ptr_t)memp % MEM_ALIGNMENT) == 0);
  69              		.loc 1 328 0 discriminator 1
  70 0024 054B     		ldr	r3, .L7
  71 0026 40F24912 		movw	r2, #329
  72 002a 0549     		ldr	r1, .L7+4
  73 002c 0548     		ldr	r0, .L7+8
  74              	.LVL7:
  75 002e FFF7FEFF 		bl	printf
  76              	.LVL8:
  77 0032 F2E7     		b	.L3
  78              	.LVL9:
  79              	.L2:
 346:Middlewares/Third_Party/LwIP/src/core/memp.c ****   return NULL;
  80              		.loc 1 346 0
  81 0034 FFF7FEFF 		bl	sys_arch_unprotect
  82              	.LVL10:
 347:Middlewares/Third_Party/LwIP/src/core/memp.c **** }
  83              		.loc 1 347 0
  84 0038 0024     		movs	r4, #0
  85              	.LVL11:
  86 003a F1E7     		b	.L1
  87              	.L8:
  88              		.align	2
  89              	.L7:
  90 003c 00000000 		.word	.LC0
  91 0040 30000000 		.word	.LC1
  92 0044 54000000 		.word	.LC2
  93              		.cfi_endproc
  94              	.LFE149:
  96              		.section	.text.do_memp_free_pool,"ax",%progbits
  97              		.align	1
  98              		.syntax unified
  99              		.thumb
 100              		.thumb_func
 101              		.fpu fpv4-sp-d16
 103              	do_memp_free_pool:
 104              	.LFB152:
 349:Middlewares/Third_Party/LwIP/src/core/memp.c **** 
 350:Middlewares/Third_Party/LwIP/src/core/memp.c **** /**
 351:Middlewares/Third_Party/LwIP/src/core/memp.c ****  * Get an element from a custom pool.
 352:Middlewares/Third_Party/LwIP/src/core/memp.c ****  *
ARM GAS  /var/folders/0d/93p3r6493yg7p0rvl_4r983m0000gn/T//cc425grv.s 			page 9


 353:Middlewares/Third_Party/LwIP/src/core/memp.c ****  * @param desc the pool to get an element from
 354:Middlewares/Third_Party/LwIP/src/core/memp.c ****  *
 355:Middlewares/Third_Party/LwIP/src/core/memp.c ****  * @return a pointer to the allocated memory or a NULL pointer on error
 356:Middlewares/Third_Party/LwIP/src/core/memp.c ****  */
 357:Middlewares/Third_Party/LwIP/src/core/memp.c **** void *
 358:Middlewares/Third_Party/LwIP/src/core/memp.c **** #if !MEMP_OVERFLOW_CHECK
 359:Middlewares/Third_Party/LwIP/src/core/memp.c **** memp_malloc_pool(const struct memp_desc *desc)
 360:Middlewares/Third_Party/LwIP/src/core/memp.c **** #else
 361:Middlewares/Third_Party/LwIP/src/core/memp.c **** memp_malloc_pool_fn(const struct memp_desc *desc, const char* file, const int line)
 362:Middlewares/Third_Party/LwIP/src/core/memp.c **** #endif
 363:Middlewares/Third_Party/LwIP/src/core/memp.c **** {
 364:Middlewares/Third_Party/LwIP/src/core/memp.c ****   LWIP_ASSERT("invalid pool desc", desc != NULL);
 365:Middlewares/Third_Party/LwIP/src/core/memp.c ****   if (desc == NULL) {
 366:Middlewares/Third_Party/LwIP/src/core/memp.c ****     return NULL;
 367:Middlewares/Third_Party/LwIP/src/core/memp.c ****   }
 368:Middlewares/Third_Party/LwIP/src/core/memp.c **** 
 369:Middlewares/Third_Party/LwIP/src/core/memp.c **** #if !MEMP_OVERFLOW_CHECK
 370:Middlewares/Third_Party/LwIP/src/core/memp.c ****   return do_memp_malloc_pool(desc);
 371:Middlewares/Third_Party/LwIP/src/core/memp.c **** #else
 372:Middlewares/Third_Party/LwIP/src/core/memp.c ****   return do_memp_malloc_pool_fn(desc, file, line);
 373:Middlewares/Third_Party/LwIP/src/core/memp.c **** #endif
 374:Middlewares/Third_Party/LwIP/src/core/memp.c **** }
 375:Middlewares/Third_Party/LwIP/src/core/memp.c **** 
 376:Middlewares/Third_Party/LwIP/src/core/memp.c **** /**
 377:Middlewares/Third_Party/LwIP/src/core/memp.c ****  * Get an element from a specific pool.
 378:Middlewares/Third_Party/LwIP/src/core/memp.c ****  *
 379:Middlewares/Third_Party/LwIP/src/core/memp.c ****  * @param type the pool to get an element from
 380:Middlewares/Third_Party/LwIP/src/core/memp.c ****  *
 381:Middlewares/Third_Party/LwIP/src/core/memp.c ****  * @return a pointer to the allocated memory or a NULL pointer on error
 382:Middlewares/Third_Party/LwIP/src/core/memp.c ****  */
 383:Middlewares/Third_Party/LwIP/src/core/memp.c **** void *
 384:Middlewares/Third_Party/LwIP/src/core/memp.c **** #if !MEMP_OVERFLOW_CHECK
 385:Middlewares/Third_Party/LwIP/src/core/memp.c **** memp_malloc(memp_t type)
 386:Middlewares/Third_Party/LwIP/src/core/memp.c **** #else
 387:Middlewares/Third_Party/LwIP/src/core/memp.c **** memp_malloc_fn(memp_t type, const char* file, const int line)
 388:Middlewares/Third_Party/LwIP/src/core/memp.c **** #endif
 389:Middlewares/Third_Party/LwIP/src/core/memp.c **** {
 390:Middlewares/Third_Party/LwIP/src/core/memp.c ****   void *memp;
 391:Middlewares/Third_Party/LwIP/src/core/memp.c ****   LWIP_ERROR("memp_malloc: type < MEMP_MAX", (type < MEMP_MAX), return NULL;);
 392:Middlewares/Third_Party/LwIP/src/core/memp.c **** 
 393:Middlewares/Third_Party/LwIP/src/core/memp.c **** #if MEMP_OVERFLOW_CHECK >= 2
 394:Middlewares/Third_Party/LwIP/src/core/memp.c ****   memp_overflow_check_all();
 395:Middlewares/Third_Party/LwIP/src/core/memp.c **** #endif /* MEMP_OVERFLOW_CHECK >= 2 */
 396:Middlewares/Third_Party/LwIP/src/core/memp.c **** 
 397:Middlewares/Third_Party/LwIP/src/core/memp.c **** #if !MEMP_OVERFLOW_CHECK
 398:Middlewares/Third_Party/LwIP/src/core/memp.c ****   memp = do_memp_malloc_pool(memp_pools[type]);
 399:Middlewares/Third_Party/LwIP/src/core/memp.c **** #else
 400:Middlewares/Third_Party/LwIP/src/core/memp.c ****   memp = do_memp_malloc_pool_fn(memp_pools[type], file, line);
 401:Middlewares/Third_Party/LwIP/src/core/memp.c **** #endif
 402:Middlewares/Third_Party/LwIP/src/core/memp.c **** 
 403:Middlewares/Third_Party/LwIP/src/core/memp.c ****   return memp;
 404:Middlewares/Third_Party/LwIP/src/core/memp.c **** }
 405:Middlewares/Third_Party/LwIP/src/core/memp.c **** 
 406:Middlewares/Third_Party/LwIP/src/core/memp.c **** static void
 407:Middlewares/Third_Party/LwIP/src/core/memp.c **** do_memp_free_pool(const struct memp_desc* desc, void *mem)
 408:Middlewares/Third_Party/LwIP/src/core/memp.c **** {
 105              		.loc 1 408 0
ARM GAS  /var/folders/0d/93p3r6493yg7p0rvl_4r983m0000gn/T//cc425grv.s 			page 10


 106              		.cfi_startproc
 107              		@ args = 0, pretend = 0, frame = 0
 108              		@ frame_needed = 0, uses_anonymous_args = 0
 109              	.LVL12:
 110 0000 38B5     		push	{r3, r4, r5, lr}
 111              	.LCFI1:
 112              		.cfi_def_cfa_offset 16
 113              		.cfi_offset 3, -16
 114              		.cfi_offset 4, -12
 115              		.cfi_offset 5, -8
 116              		.cfi_offset 14, -4
 117 0002 0546     		mov	r5, r0
 118 0004 0C46     		mov	r4, r1
 409:Middlewares/Third_Party/LwIP/src/core/memp.c ****   struct memp *memp;
 410:Middlewares/Third_Party/LwIP/src/core/memp.c ****   SYS_ARCH_DECL_PROTECT(old_level);
 411:Middlewares/Third_Party/LwIP/src/core/memp.c **** 
 412:Middlewares/Third_Party/LwIP/src/core/memp.c ****   LWIP_ASSERT("memp_free: mem properly aligned",
 119              		.loc 1 412 0
 120 0006 11F0030F 		tst	r1, #3
 121 000a 09D1     		bne	.L12
 122              	.LVL13:
 123              	.L10:
 413:Middlewares/Third_Party/LwIP/src/core/memp.c ****                 ((mem_ptr_t)mem % MEM_ALIGNMENT) == 0);
 414:Middlewares/Third_Party/LwIP/src/core/memp.c **** 
 415:Middlewares/Third_Party/LwIP/src/core/memp.c ****   /* cast through void* to get rid of alignment warnings */
 416:Middlewares/Third_Party/LwIP/src/core/memp.c ****   memp = (struct memp *)(void *)((u8_t*)mem - MEMP_SIZE);
 417:Middlewares/Third_Party/LwIP/src/core/memp.c **** 
 418:Middlewares/Third_Party/LwIP/src/core/memp.c ****   SYS_ARCH_PROTECT(old_level);
 124              		.loc 1 418 0
 125 000c FFF7FEFF 		bl	sys_arch_protect
 126              	.LVL14:
 419:Middlewares/Third_Party/LwIP/src/core/memp.c **** 
 420:Middlewares/Third_Party/LwIP/src/core/memp.c **** #if MEMP_OVERFLOW_CHECK == 1
 421:Middlewares/Third_Party/LwIP/src/core/memp.c ****   memp_overflow_check_element_overflow(memp, desc);
 422:Middlewares/Third_Party/LwIP/src/core/memp.c ****   memp_overflow_check_element_underflow(memp, desc);
 423:Middlewares/Third_Party/LwIP/src/core/memp.c **** #endif /* MEMP_OVERFLOW_CHECK */
 424:Middlewares/Third_Party/LwIP/src/core/memp.c **** 
 425:Middlewares/Third_Party/LwIP/src/core/memp.c **** #if MEMP_STATS
 426:Middlewares/Third_Party/LwIP/src/core/memp.c ****   desc->stats->used--;
 427:Middlewares/Third_Party/LwIP/src/core/memp.c **** #endif
 428:Middlewares/Third_Party/LwIP/src/core/memp.c **** 
 429:Middlewares/Third_Party/LwIP/src/core/memp.c **** #if MEMP_MEM_MALLOC
 430:Middlewares/Third_Party/LwIP/src/core/memp.c ****   LWIP_UNUSED_ARG(desc);
 431:Middlewares/Third_Party/LwIP/src/core/memp.c ****   SYS_ARCH_UNPROTECT(old_level);
 432:Middlewares/Third_Party/LwIP/src/core/memp.c ****   mem_free(memp);
 433:Middlewares/Third_Party/LwIP/src/core/memp.c **** #else /* MEMP_MEM_MALLOC */
 434:Middlewares/Third_Party/LwIP/src/core/memp.c ****   memp->next = *desc->tab;
 127              		.loc 1 434 0
 128 0010 AB68     		ldr	r3, [r5, #8]
 129 0012 1B68     		ldr	r3, [r3]
 130 0014 2360     		str	r3, [r4]
 435:Middlewares/Third_Party/LwIP/src/core/memp.c ****   *desc->tab = memp;
 131              		.loc 1 435 0
 132 0016 AB68     		ldr	r3, [r5, #8]
 133 0018 1C60     		str	r4, [r3]
 436:Middlewares/Third_Party/LwIP/src/core/memp.c **** 
 437:Middlewares/Third_Party/LwIP/src/core/memp.c **** #if MEMP_SANITY_CHECK
ARM GAS  /var/folders/0d/93p3r6493yg7p0rvl_4r983m0000gn/T//cc425grv.s 			page 11


 438:Middlewares/Third_Party/LwIP/src/core/memp.c ****   LWIP_ASSERT("memp sanity", memp_sanity(desc));
 439:Middlewares/Third_Party/LwIP/src/core/memp.c **** #endif /* MEMP_SANITY_CHECK */
 440:Middlewares/Third_Party/LwIP/src/core/memp.c **** 
 441:Middlewares/Third_Party/LwIP/src/core/memp.c ****   SYS_ARCH_UNPROTECT(old_level);
 134              		.loc 1 441 0
 135 001a FFF7FEFF 		bl	sys_arch_unprotect
 136              	.LVL15:
 442:Middlewares/Third_Party/LwIP/src/core/memp.c **** #endif /* !MEMP_MEM_MALLOC */
 443:Middlewares/Third_Party/LwIP/src/core/memp.c **** }
 137              		.loc 1 443 0
 138 001e 38BD     		pop	{r3, r4, r5, pc}
 139              	.LVL16:
 140              	.L12:
 412:Middlewares/Third_Party/LwIP/src/core/memp.c ****                 ((mem_ptr_t)mem % MEM_ALIGNMENT) == 0);
 141              		.loc 1 412 0 discriminator 1
 142 0020 034B     		ldr	r3, .L13
 143 0022 40F29D12 		movw	r2, #413
 144 0026 0349     		ldr	r1, .L13+4
 145              	.LVL17:
 146 0028 0348     		ldr	r0, .L13+8
 147              	.LVL18:
 148 002a FFF7FEFF 		bl	printf
 149              	.LVL19:
 150 002e EDE7     		b	.L10
 151              	.L14:
 152              		.align	2
 153              	.L13:
 154 0030 00000000 		.word	.LC0
 155 0034 00000000 		.word	.LC3
 156 0038 54000000 		.word	.LC2
 157              		.cfi_endproc
 158              	.LFE152:
 160              		.section	.text.memp_init_pool,"ax",%progbits
 161              		.align	1
 162              		.global	memp_init_pool
 163              		.syntax unified
 164              		.thumb
 165              		.thumb_func
 166              		.fpu fpv4-sp-d16
 168              	memp_init_pool:
 169              	.LFB147:
 231:Middlewares/Third_Party/LwIP/src/core/memp.c **** #if MEMP_MEM_MALLOC
 170              		.loc 1 231 0
 171              		.cfi_startproc
 172              		@ args = 0, pretend = 0, frame = 0
 173              		@ frame_needed = 0, uses_anonymous_args = 0
 174              		@ link register save eliminated.
 175              	.LVL20:
 238:Middlewares/Third_Party/LwIP/src/core/memp.c ****   memp = (struct memp*)LWIP_MEM_ALIGN(desc->base);
 176              		.loc 1 238 0
 177 0000 8368     		ldr	r3, [r0, #8]
 178 0002 0022     		movs	r2, #0
 179 0004 1A60     		str	r2, [r3]
 239:Middlewares/Third_Party/LwIP/src/core/memp.c ****   /* create a linked list of memp elements */
 180              		.loc 1 239 0
 181 0006 4368     		ldr	r3, [r0, #4]
 182 0008 0333     		adds	r3, r3, #3
ARM GAS  /var/folders/0d/93p3r6493yg7p0rvl_4r983m0000gn/T//cc425grv.s 			page 12


 183 000a 23F00303 		bic	r3, r3, #3
 184              	.LVL21:
 241:Middlewares/Third_Party/LwIP/src/core/memp.c ****     memp->next = *desc->tab;
 185              		.loc 1 241 0
 186 000e 07E0     		b	.L16
 187              	.LVL22:
 188              	.L17:
 242:Middlewares/Third_Party/LwIP/src/core/memp.c ****     *desc->tab = memp;
 189              		.loc 1 242 0 discriminator 3
 190 0010 8168     		ldr	r1, [r0, #8]
 191 0012 0968     		ldr	r1, [r1]
 192 0014 1960     		str	r1, [r3]
 243:Middlewares/Third_Party/LwIP/src/core/memp.c **** #if MEMP_OVERFLOW_CHECK
 193              		.loc 1 243 0 discriminator 3
 194 0016 8168     		ldr	r1, [r0, #8]
 195 0018 0B60     		str	r3, [r1]
 248:Middlewares/Third_Party/LwIP/src/core/memp.c **** #if MEMP_OVERFLOW_CHECK
 196              		.loc 1 248 0 discriminator 3
 197 001a 0188     		ldrh	r1, [r0]
 198 001c 0B44     		add	r3, r3, r1
 199              	.LVL23:
 241:Middlewares/Third_Party/LwIP/src/core/memp.c ****     memp->next = *desc->tab;
 200              		.loc 1 241 0 discriminator 3
 201 001e 0132     		adds	r2, r2, #1
 202              	.LVL24:
 203              	.L16:
 241:Middlewares/Third_Party/LwIP/src/core/memp.c ****     memp->next = *desc->tab;
 204              		.loc 1 241 0 is_stmt 0 discriminator 1
 205 0020 4188     		ldrh	r1, [r0, #2]
 206 0022 9142     		cmp	r1, r2
 207 0024 F4DC     		bgt	.L17
 262:Middlewares/Third_Party/LwIP/src/core/memp.c **** 
 208              		.loc 1 262 0 is_stmt 1
 209 0026 7047     		bx	lr
 210              		.cfi_endproc
 211              	.LFE147:
 213              		.section	.text.memp_init,"ax",%progbits
 214              		.align	1
 215              		.global	memp_init
 216              		.syntax unified
 217              		.thumb
 218              		.thumb_func
 219              		.fpu fpv4-sp-d16
 221              	memp_init:
 222              	.LFB148:
 272:Middlewares/Third_Party/LwIP/src/core/memp.c ****   u16_t i;
 223              		.loc 1 272 0
 224              		.cfi_startproc
 225              		@ args = 0, pretend = 0, frame = 0
 226              		@ frame_needed = 0, uses_anonymous_args = 0
 227 0000 10B5     		push	{r4, lr}
 228              	.LCFI2:
 229              		.cfi_def_cfa_offset 8
 230              		.cfi_offset 4, -8
 231              		.cfi_offset 14, -4
 232              	.LVL25:
 276:Middlewares/Third_Party/LwIP/src/core/memp.c ****     memp_init_pool(memp_pools[i]);
ARM GAS  /var/folders/0d/93p3r6493yg7p0rvl_4r983m0000gn/T//cc425grv.s 			page 13


 233              		.loc 1 276 0
 234 0002 0024     		movs	r4, #0
 235 0004 06E0     		b	.L19
 236              	.LVL26:
 237              	.L20:
 277:Middlewares/Third_Party/LwIP/src/core/memp.c **** 
 238              		.loc 1 277 0 discriminator 3
 239 0006 054B     		ldr	r3, .L22
 240 0008 53F82400 		ldr	r0, [r3, r4, lsl #2]
 241 000c FFF7FEFF 		bl	memp_init_pool
 242              	.LVL27:
 276:Middlewares/Third_Party/LwIP/src/core/memp.c ****     memp_init_pool(memp_pools[i]);
 243              		.loc 1 276 0 discriminator 3
 244 0010 0134     		adds	r4, r4, #1
 245              	.LVL28:
 246 0012 A4B2     		uxth	r4, r4
 247              	.LVL29:
 248              	.L19:
 276:Middlewares/Third_Party/LwIP/src/core/memp.c ****     memp_init_pool(memp_pools[i]);
 249              		.loc 1 276 0 is_stmt 0 discriminator 1
 250 0014 0D2C     		cmp	r4, #13
 251 0016 F6D9     		bls	.L20
 288:Middlewares/Third_Party/LwIP/src/core/memp.c **** 
 252              		.loc 1 288 0 is_stmt 1
 253 0018 10BD     		pop	{r4, pc}
 254              	.LVL30:
 255              	.L23:
 256 001a 00BF     		.align	2
 257              	.L22:
 258 001c 00000000 		.word	.LANCHOR0
 259              		.cfi_endproc
 260              	.LFE148:
 262              		.section	.text.memp_malloc_pool,"ax",%progbits
 263              		.align	1
 264              		.global	memp_malloc_pool
 265              		.syntax unified
 266              		.thumb
 267              		.thumb_func
 268              		.fpu fpv4-sp-d16
 270              	memp_malloc_pool:
 271              	.LFB150:
 363:Middlewares/Third_Party/LwIP/src/core/memp.c ****   LWIP_ASSERT("invalid pool desc", desc != NULL);
 272              		.loc 1 363 0
 273              		.cfi_startproc
 274              		@ args = 0, pretend = 0, frame = 0
 275              		@ frame_needed = 0, uses_anonymous_args = 0
 276              	.LVL31:
 277 0000 10B5     		push	{r4, lr}
 278              	.LCFI3:
 279              		.cfi_def_cfa_offset 8
 280              		.cfi_offset 4, -8
 281              		.cfi_offset 14, -4
 364:Middlewares/Third_Party/LwIP/src/core/memp.c ****   if (desc == NULL) {
 282              		.loc 1 364 0
 283 0002 0446     		mov	r4, r0
 284 0004 20B1     		cbz	r0, .L29
 285              	.LVL32:
ARM GAS  /var/folders/0d/93p3r6493yg7p0rvl_4r983m0000gn/T//cc425grv.s 			page 14


 286              	.L25:
 365:Middlewares/Third_Party/LwIP/src/core/memp.c ****     return NULL;
 287              		.loc 1 365 0
 288 0006 5CB1     		cbz	r4, .L27
 370:Middlewares/Third_Party/LwIP/src/core/memp.c **** #else
 289              		.loc 1 370 0
 290 0008 2046     		mov	r0, r4
 291 000a FFF7FEFF 		bl	do_memp_malloc_pool
 292              	.LVL33:
 293              	.L24:
 374:Middlewares/Third_Party/LwIP/src/core/memp.c **** 
 294              		.loc 1 374 0
 295 000e 10BD     		pop	{r4, pc}
 296              	.LVL34:
 297              	.L29:
 364:Middlewares/Third_Party/LwIP/src/core/memp.c ****   if (desc == NULL) {
 298              		.loc 1 364 0 discriminator 1
 299 0010 044B     		ldr	r3, .L30
 300 0012 4FF4B672 		mov	r2, #364
 301 0016 0449     		ldr	r1, .L30+4
 302 0018 0448     		ldr	r0, .L30+8
 303              	.LVL35:
 304 001a FFF7FEFF 		bl	printf
 305              	.LVL36:
 306 001e F2E7     		b	.L25
 307              	.L27:
 366:Middlewares/Third_Party/LwIP/src/core/memp.c ****   }
 308              		.loc 1 366 0
 309 0020 0020     		movs	r0, #0
 310 0022 F4E7     		b	.L24
 311              	.L31:
 312              		.align	2
 313              	.L30:
 314 0024 00000000 		.word	.LC0
 315 0028 00000000 		.word	.LC4
 316 002c 54000000 		.word	.LC2
 317              		.cfi_endproc
 318              	.LFE150:
 320              		.section	.text.memp_malloc,"ax",%progbits
 321              		.align	1
 322              		.global	memp_malloc
 323              		.syntax unified
 324              		.thumb
 325              		.thumb_func
 326              		.fpu fpv4-sp-d16
 328              	memp_malloc:
 329              	.LFB151:
 389:Middlewares/Third_Party/LwIP/src/core/memp.c ****   void *memp;
 330              		.loc 1 389 0
 331              		.cfi_startproc
 332              		@ args = 0, pretend = 0, frame = 0
 333              		@ frame_needed = 0, uses_anonymous_args = 0
 334              	.LVL37:
 335 0000 08B5     		push	{r3, lr}
 336              	.LCFI4:
 337              		.cfi_def_cfa_offset 8
 338              		.cfi_offset 3, -8
ARM GAS  /var/folders/0d/93p3r6493yg7p0rvl_4r983m0000gn/T//cc425grv.s 			page 15


 339              		.cfi_offset 14, -4
 391:Middlewares/Third_Party/LwIP/src/core/memp.c **** 
 340              		.loc 1 391 0
 341 0002 0D28     		cmp	r0, #13
 342 0004 05D8     		bhi	.L36
 398:Middlewares/Third_Party/LwIP/src/core/memp.c **** #else
 343              		.loc 1 398 0
 344 0006 074B     		ldr	r3, .L37
 345 0008 53F82000 		ldr	r0, [r3, r0, lsl #2]
 346              	.LVL38:
 347 000c FFF7FEFF 		bl	do_memp_malloc_pool
 348              	.LVL39:
 349              	.L32:
 404:Middlewares/Third_Party/LwIP/src/core/memp.c **** 
 350              		.loc 1 404 0
 351 0010 08BD     		pop	{r3, pc}
 352              	.LVL40:
 353              	.L36:
 391:Middlewares/Third_Party/LwIP/src/core/memp.c **** 
 354              		.loc 1 391 0 discriminator 1
 355 0012 054B     		ldr	r3, .L37+4
 356 0014 40F28712 		movw	r2, #391
 357 0018 0449     		ldr	r1, .L37+8
 358 001a 0548     		ldr	r0, .L37+12
 359              	.LVL41:
 360 001c FFF7FEFF 		bl	printf
 361              	.LVL42:
 362 0020 0020     		movs	r0, #0
 363 0022 F5E7     		b	.L32
 364              	.L38:
 365              		.align	2
 366              	.L37:
 367 0024 00000000 		.word	.LANCHOR0
 368 0028 00000000 		.word	.LC0
 369 002c 00000000 		.word	.LC5
 370 0030 54000000 		.word	.LC2
 371              		.cfi_endproc
 372              	.LFE151:
 374              		.section	.text.memp_free_pool,"ax",%progbits
 375              		.align	1
 376              		.global	memp_free_pool
 377              		.syntax unified
 378              		.thumb
 379              		.thumb_func
 380              		.fpu fpv4-sp-d16
 382              	memp_free_pool:
 383              	.LFB153:
 444:Middlewares/Third_Party/LwIP/src/core/memp.c **** 
 445:Middlewares/Third_Party/LwIP/src/core/memp.c **** /**
 446:Middlewares/Third_Party/LwIP/src/core/memp.c ****  * Put a custom pool element back into its pool.
 447:Middlewares/Third_Party/LwIP/src/core/memp.c ****  *
 448:Middlewares/Third_Party/LwIP/src/core/memp.c ****  * @param desc the pool where to put mem
 449:Middlewares/Third_Party/LwIP/src/core/memp.c ****  * @param mem the memp element to free
 450:Middlewares/Third_Party/LwIP/src/core/memp.c ****  */
 451:Middlewares/Third_Party/LwIP/src/core/memp.c **** void
 452:Middlewares/Third_Party/LwIP/src/core/memp.c **** memp_free_pool(const struct memp_desc* desc, void *mem)
 453:Middlewares/Third_Party/LwIP/src/core/memp.c **** {
ARM GAS  /var/folders/0d/93p3r6493yg7p0rvl_4r983m0000gn/T//cc425grv.s 			page 16


 384              		.loc 1 453 0
 385              		.cfi_startproc
 386              		@ args = 0, pretend = 0, frame = 0
 387              		@ frame_needed = 0, uses_anonymous_args = 0
 388              	.LVL43:
 389 0000 38B5     		push	{r3, r4, r5, lr}
 390              	.LCFI5:
 391              		.cfi_def_cfa_offset 16
 392              		.cfi_offset 3, -16
 393              		.cfi_offset 4, -12
 394              		.cfi_offset 5, -8
 395              		.cfi_offset 14, -4
 396 0002 0D46     		mov	r5, r1
 454:Middlewares/Third_Party/LwIP/src/core/memp.c ****   LWIP_ASSERT("invalid pool desc", desc != NULL);
 397              		.loc 1 454 0
 398 0004 0446     		mov	r4, r0
 399 0006 30B1     		cbz	r0, .L43
 400              	.LVL44:
 401              	.L40:
 455:Middlewares/Third_Party/LwIP/src/core/memp.c ****   if ((desc == NULL) || (mem == NULL)) {
 402              		.loc 1 455 0
 403 0008 24B1     		cbz	r4, .L39
 404              		.loc 1 455 0 is_stmt 0 discriminator 1
 405 000a 1DB1     		cbz	r5, .L39
 456:Middlewares/Third_Party/LwIP/src/core/memp.c ****     return;
 457:Middlewares/Third_Party/LwIP/src/core/memp.c ****   }
 458:Middlewares/Third_Party/LwIP/src/core/memp.c **** 
 459:Middlewares/Third_Party/LwIP/src/core/memp.c ****   do_memp_free_pool(desc, mem);
 406              		.loc 1 459 0 is_stmt 1
 407 000c 2946     		mov	r1, r5
 408 000e 2046     		mov	r0, r4
 409 0010 FFF7FEFF 		bl	do_memp_free_pool
 410              	.LVL45:
 411              	.L39:
 460:Middlewares/Third_Party/LwIP/src/core/memp.c **** }
 412              		.loc 1 460 0
 413 0014 38BD     		pop	{r3, r4, r5, pc}
 414              	.LVL46:
 415              	.L43:
 454:Middlewares/Third_Party/LwIP/src/core/memp.c ****   if ((desc == NULL) || (mem == NULL)) {
 416              		.loc 1 454 0 discriminator 1
 417 0016 044B     		ldr	r3, .L44
 418 0018 4FF4E372 		mov	r2, #454
 419 001c 0349     		ldr	r1, .L44+4
 420              	.LVL47:
 421 001e 0448     		ldr	r0, .L44+8
 422              	.LVL48:
 423 0020 FFF7FEFF 		bl	printf
 424              	.LVL49:
 425 0024 F0E7     		b	.L40
 426              	.L45:
 427 0026 00BF     		.align	2
 428              	.L44:
 429 0028 00000000 		.word	.LC0
 430 002c 00000000 		.word	.LC4
 431 0030 54000000 		.word	.LC2
 432              		.cfi_endproc
ARM GAS  /var/folders/0d/93p3r6493yg7p0rvl_4r983m0000gn/T//cc425grv.s 			page 17


 433              	.LFE153:
 435              		.section	.text.memp_free,"ax",%progbits
 436              		.align	1
 437              		.global	memp_free
 438              		.syntax unified
 439              		.thumb
 440              		.thumb_func
 441              		.fpu fpv4-sp-d16
 443              	memp_free:
 444              	.LFB154:
 461:Middlewares/Third_Party/LwIP/src/core/memp.c **** 
 462:Middlewares/Third_Party/LwIP/src/core/memp.c **** /**
 463:Middlewares/Third_Party/LwIP/src/core/memp.c ****  * Put an element back into its pool.
 464:Middlewares/Third_Party/LwIP/src/core/memp.c ****  *
 465:Middlewares/Third_Party/LwIP/src/core/memp.c ****  * @param type the pool where to put mem
 466:Middlewares/Third_Party/LwIP/src/core/memp.c ****  * @param mem the memp element to free
 467:Middlewares/Third_Party/LwIP/src/core/memp.c ****  */
 468:Middlewares/Third_Party/LwIP/src/core/memp.c **** void
 469:Middlewares/Third_Party/LwIP/src/core/memp.c **** memp_free(memp_t type, void *mem)
 470:Middlewares/Third_Party/LwIP/src/core/memp.c **** {
 445              		.loc 1 470 0
 446              		.cfi_startproc
 447              		@ args = 0, pretend = 0, frame = 0
 448              		@ frame_needed = 0, uses_anonymous_args = 0
 449              	.LVL50:
 450 0000 08B5     		push	{r3, lr}
 451              	.LCFI6:
 452              		.cfi_def_cfa_offset 8
 453              		.cfi_offset 3, -8
 454              		.cfi_offset 14, -4
 471:Middlewares/Third_Party/LwIP/src/core/memp.c **** #ifdef LWIP_HOOK_MEMP_AVAILABLE
 472:Middlewares/Third_Party/LwIP/src/core/memp.c ****   struct memp *old_first;
 473:Middlewares/Third_Party/LwIP/src/core/memp.c **** #endif
 474:Middlewares/Third_Party/LwIP/src/core/memp.c **** 
 475:Middlewares/Third_Party/LwIP/src/core/memp.c ****   LWIP_ERROR("memp_free: type < MEMP_MAX", (type < MEMP_MAX), return;);
 455              		.loc 1 475 0
 456 0002 0D28     		cmp	r0, #13
 457 0004 06D8     		bhi	.L50
 476:Middlewares/Third_Party/LwIP/src/core/memp.c **** 
 477:Middlewares/Third_Party/LwIP/src/core/memp.c ****   if (mem == NULL) {
 458              		.loc 1 477 0
 459 0006 21B1     		cbz	r1, .L46
 478:Middlewares/Third_Party/LwIP/src/core/memp.c ****     return;
 479:Middlewares/Third_Party/LwIP/src/core/memp.c ****   }
 480:Middlewares/Third_Party/LwIP/src/core/memp.c **** 
 481:Middlewares/Third_Party/LwIP/src/core/memp.c **** #if MEMP_OVERFLOW_CHECK >= 2
 482:Middlewares/Third_Party/LwIP/src/core/memp.c ****   memp_overflow_check_all();
 483:Middlewares/Third_Party/LwIP/src/core/memp.c **** #endif /* MEMP_OVERFLOW_CHECK >= 2 */
 484:Middlewares/Third_Party/LwIP/src/core/memp.c **** 
 485:Middlewares/Third_Party/LwIP/src/core/memp.c **** #ifdef LWIP_HOOK_MEMP_AVAILABLE
 486:Middlewares/Third_Party/LwIP/src/core/memp.c ****   old_first = *memp_pools[type]->tab;
 487:Middlewares/Third_Party/LwIP/src/core/memp.c **** #endif
 488:Middlewares/Third_Party/LwIP/src/core/memp.c **** 
 489:Middlewares/Third_Party/LwIP/src/core/memp.c ****   do_memp_free_pool(memp_pools[type], mem);
 460              		.loc 1 489 0
 461 0008 064B     		ldr	r3, .L51
 462 000a 53F82000 		ldr	r0, [r3, r0, lsl #2]
ARM GAS  /var/folders/0d/93p3r6493yg7p0rvl_4r983m0000gn/T//cc425grv.s 			page 18


 463              	.LVL51:
 464 000e FFF7FEFF 		bl	do_memp_free_pool
 465              	.LVL52:
 466              	.L46:
 490:Middlewares/Third_Party/LwIP/src/core/memp.c **** 
 491:Middlewares/Third_Party/LwIP/src/core/memp.c **** #ifdef LWIP_HOOK_MEMP_AVAILABLE
 492:Middlewares/Third_Party/LwIP/src/core/memp.c ****   if (old_first == NULL) {
 493:Middlewares/Third_Party/LwIP/src/core/memp.c ****     LWIP_HOOK_MEMP_AVAILABLE(type);
 494:Middlewares/Third_Party/LwIP/src/core/memp.c ****   }
 495:Middlewares/Third_Party/LwIP/src/core/memp.c **** #endif
 496:Middlewares/Third_Party/LwIP/src/core/memp.c **** }
 467              		.loc 1 496 0
 468 0012 08BD     		pop	{r3, pc}
 469              	.LVL53:
 470              	.L50:
 475:Middlewares/Third_Party/LwIP/src/core/memp.c **** 
 471              		.loc 1 475 0 discriminator 1
 472 0014 044B     		ldr	r3, .L51+4
 473 0016 40F2DB12 		movw	r2, #475
 474 001a 0449     		ldr	r1, .L51+8
 475              	.LVL54:
 476 001c 0448     		ldr	r0, .L51+12
 477              	.LVL55:
 478 001e FFF7FEFF 		bl	printf
 479              	.LVL56:
 480 0022 F6E7     		b	.L46
 481              	.L52:
 482              		.align	2
 483              	.L51:
 484 0024 00000000 		.word	.LANCHOR0
 485 0028 00000000 		.word	.LC0
 486 002c 00000000 		.word	.LC6
 487 0030 54000000 		.word	.LC2
 488              		.cfi_endproc
 489              	.LFE154:
 491              		.global	memp_pools
 492              		.global	memp_PBUF_POOL
 493              		.comm	memp_memory_PBUF_POOL_base,9731,4
 494              		.global	memp_PBUF
 495              		.comm	memp_memory_PBUF_base,259,4
 496              		.global	memp_NETDB
 497              		.comm	memp_memory_NETDB_base,311,4
 498              		.global	memp_SYS_TIMEOUT
 499              		.comm	memp_memory_SYS_TIMEOUT_base,99,4
 500              		.global	memp_TCPIP_MSG_INPKT
 501              		.comm	memp_memory_TCPIP_MSG_INPKT_base,131,4
 502              		.global	memp_TCPIP_MSG_API
 503              		.comm	memp_memory_TCPIP_MSG_API_base,131,4
 504              		.global	memp_NETCONN
 505              		.comm	memp_memory_NETCONN_base,179,4
 506              		.global	memp_NETBUF
 507              		.comm	memp_memory_NETBUF_base,35,4
 508              		.global	memp_FRAG_PBUF
 509              		.comm	memp_memory_FRAG_PBUF_base,363,4
 510              		.global	memp_REASSDATA
 511              		.comm	memp_memory_REASSDATA_base,163,4
 512              		.global	memp_TCP_SEG
ARM GAS  /var/folders/0d/93p3r6493yg7p0rvl_4r983m0000gn/T//cc425grv.s 			page 19


 513              		.comm	memp_memory_TCP_SEG_base,259,4
 514              		.global	memp_TCP_PCB_LISTEN
 515              		.comm	memp_memory_TCP_PCB_LISTEN_base,227,4
 516              		.global	memp_TCP_PCB
 517              		.comm	memp_memory_TCP_PCB_base,763,4
 518              		.global	memp_UDP_PCB
 519              		.comm	memp_memory_UDP_PCB_base,131,4
 520              		.section	.bss.memp_tab_FRAG_PBUF,"aw",%nobits
 521              		.align	2
 524              	memp_tab_FRAG_PBUF:
 525 0000 00000000 		.space	4
 526              		.section	.bss.memp_tab_NETBUF,"aw",%nobits
 527              		.align	2
 530              	memp_tab_NETBUF:
 531 0000 00000000 		.space	4
 532              		.section	.bss.memp_tab_NETCONN,"aw",%nobits
 533              		.align	2
 536              	memp_tab_NETCONN:
 537 0000 00000000 		.space	4
 538              		.section	.bss.memp_tab_NETDB,"aw",%nobits
 539              		.align	2
 542              	memp_tab_NETDB:
 543 0000 00000000 		.space	4
 544              		.section	.bss.memp_tab_PBUF,"aw",%nobits
 545              		.align	2
 548              	memp_tab_PBUF:
 549 0000 00000000 		.space	4
 550              		.section	.bss.memp_tab_PBUF_POOL,"aw",%nobits
 551              		.align	2
 554              	memp_tab_PBUF_POOL:
 555 0000 00000000 		.space	4
 556              		.section	.bss.memp_tab_REASSDATA,"aw",%nobits
 557              		.align	2
 560              	memp_tab_REASSDATA:
 561 0000 00000000 		.space	4
 562              		.section	.bss.memp_tab_SYS_TIMEOUT,"aw",%nobits
 563              		.align	2
 566              	memp_tab_SYS_TIMEOUT:
 567 0000 00000000 		.space	4
 568              		.section	.bss.memp_tab_TCPIP_MSG_API,"aw",%nobits
 569              		.align	2
 572              	memp_tab_TCPIP_MSG_API:
 573 0000 00000000 		.space	4
 574              		.section	.bss.memp_tab_TCPIP_MSG_INPKT,"aw",%nobits
 575              		.align	2
 578              	memp_tab_TCPIP_MSG_INPKT:
 579 0000 00000000 		.space	4
 580              		.section	.bss.memp_tab_TCP_PCB,"aw",%nobits
 581              		.align	2
 584              	memp_tab_TCP_PCB:
 585 0000 00000000 		.space	4
 586              		.section	.bss.memp_tab_TCP_PCB_LISTEN,"aw",%nobits
 587              		.align	2
 590              	memp_tab_TCP_PCB_LISTEN:
 591 0000 00000000 		.space	4
 592              		.section	.bss.memp_tab_TCP_SEG,"aw",%nobits
 593              		.align	2
ARM GAS  /var/folders/0d/93p3r6493yg7p0rvl_4r983m0000gn/T//cc425grv.s 			page 20


 596              	memp_tab_TCP_SEG:
 597 0000 00000000 		.space	4
 598              		.section	.bss.memp_tab_UDP_PCB,"aw",%nobits
 599              		.align	2
 602              	memp_tab_UDP_PCB:
 603 0000 00000000 		.space	4
 604              		.section	.rodata.do_memp_free_pool.str1.4,"aMS",%progbits,1
 605              		.align	2
 606              	.LC3:
 607 0000 6D656D70 		.ascii	"memp_free: mem properly aligned\000"
 607      5F667265 
 607      653A206D 
 607      656D2070 
 607      726F7065 
 608              		.section	.rodata.do_memp_malloc_pool.str1.4,"aMS",%progbits,1
 609              		.align	2
 610              	.LC0:
 611 0000 4D696464 		.ascii	"Middlewares/Third_Party/LwIP/src/core/memp.c\000"
 611      6C657761 
 611      7265732F 
 611      54686972 
 611      645F5061 
 612 002d 000000   		.space	3
 613              	.LC1:
 614 0030 6D656D70 		.ascii	"memp_malloc: memp properly aligned\000"
 614      5F6D616C 
 614      6C6F633A 
 614      206D656D 
 614      70207072 
 615 0053 00       		.space	1
 616              	.LC2:
 617 0054 41737365 		.ascii	"Assertion \"%s\" failed at line %d in %s\012\000"
 617      7274696F 
 617      6E202225 
 617      73222066 
 617      61696C65 
 618              		.section	.rodata.memp_FRAG_PBUF,"a",%progbits
 619              		.align	2
 622              	memp_FRAG_PBUF:
 623 0000 1800     		.short	24
 624 0002 0F00     		.short	15
 625 0004 00000000 		.word	memp_memory_FRAG_PBUF_base
 626 0008 00000000 		.word	memp_tab_FRAG_PBUF
 627              		.section	.rodata.memp_NETBUF,"a",%progbits
 628              		.align	2
 631              	memp_NETBUF:
 632 0000 1000     		.short	16
 633 0002 0200     		.short	2
 634 0004 00000000 		.word	memp_memory_NETBUF_base
 635 0008 00000000 		.word	memp_tab_NETBUF
 636              		.section	.rodata.memp_NETCONN,"a",%progbits
 637              		.align	2
 640              	memp_NETCONN:
 641 0000 2C00     		.short	44
 642 0002 0400     		.short	4
 643 0004 00000000 		.word	memp_memory_NETCONN_base
 644 0008 00000000 		.word	memp_tab_NETCONN
ARM GAS  /var/folders/0d/93p3r6493yg7p0rvl_4r983m0000gn/T//cc425grv.s 			page 21


 645              		.section	.rodata.memp_NETDB,"a",%progbits
 646              		.align	2
 649              	memp_NETDB:
 650 0000 3401     		.short	308
 651 0002 0100     		.short	1
 652 0004 00000000 		.word	memp_memory_NETDB_base
 653 0008 00000000 		.word	memp_tab_NETDB
 654              		.section	.rodata.memp_PBUF,"a",%progbits
 655              		.align	2
 658              	memp_PBUF:
 659 0000 1000     		.short	16
 660 0002 1000     		.short	16
 661 0004 00000000 		.word	memp_memory_PBUF_base
 662 0008 00000000 		.word	memp_tab_PBUF
 663              		.section	.rodata.memp_PBUF_POOL,"a",%progbits
 664              		.align	2
 667              	memp_PBUF_POOL:
 668 0000 6002     		.short	608
 669 0002 1000     		.short	16
 670 0004 00000000 		.word	memp_memory_PBUF_POOL_base
 671 0008 00000000 		.word	memp_tab_PBUF_POOL
 672              		.section	.rodata.memp_REASSDATA,"a",%progbits
 673              		.align	2
 676              	memp_REASSDATA:
 677 0000 2000     		.short	32
 678 0002 0500     		.short	5
 679 0004 00000000 		.word	memp_memory_REASSDATA_base
 680 0008 00000000 		.word	memp_tab_REASSDATA
 681              		.section	.rodata.memp_SYS_TIMEOUT,"a",%progbits
 682              		.align	2
 685              	memp_SYS_TIMEOUT:
 686 0000 1000     		.short	16
 687 0002 0600     		.short	6
 688 0004 00000000 		.word	memp_memory_SYS_TIMEOUT_base
 689 0008 00000000 		.word	memp_tab_SYS_TIMEOUT
 690              		.section	.rodata.memp_TCPIP_MSG_API,"a",%progbits
 691              		.align	2
 694              	memp_TCPIP_MSG_API:
 695 0000 1000     		.short	16
 696 0002 0800     		.short	8
 697 0004 00000000 		.word	memp_memory_TCPIP_MSG_API_base
 698 0008 00000000 		.word	memp_tab_TCPIP_MSG_API
 699              		.section	.rodata.memp_TCPIP_MSG_INPKT,"a",%progbits
 700              		.align	2
 703              	memp_TCPIP_MSG_INPKT:
 704 0000 1000     		.short	16
 705 0002 0800     		.short	8
 706 0004 00000000 		.word	memp_memory_TCPIP_MSG_INPKT_base
 707 0008 00000000 		.word	memp_tab_TCPIP_MSG_INPKT
 708              		.section	.rodata.memp_TCP_PCB,"a",%progbits
 709              		.align	2
 712              	memp_TCP_PCB:
 713 0000 9800     		.short	152
 714 0002 0500     		.short	5
 715 0004 00000000 		.word	memp_memory_TCP_PCB_base
 716 0008 00000000 		.word	memp_tab_TCP_PCB
 717              		.section	.rodata.memp_TCP_PCB_LISTEN,"a",%progbits
ARM GAS  /var/folders/0d/93p3r6493yg7p0rvl_4r983m0000gn/T//cc425grv.s 			page 22


 718              		.align	2
 721              	memp_TCP_PCB_LISTEN:
 722 0000 1C00     		.short	28
 723 0002 0800     		.short	8
 724 0004 00000000 		.word	memp_memory_TCP_PCB_LISTEN_base
 725 0008 00000000 		.word	memp_tab_TCP_PCB_LISTEN
 726              		.section	.rodata.memp_TCP_SEG,"a",%progbits
 727              		.align	2
 730              	memp_TCP_SEG:
 731 0000 1000     		.short	16
 732 0002 1000     		.short	16
 733 0004 00000000 		.word	memp_memory_TCP_SEG_base
 734 0008 00000000 		.word	memp_tab_TCP_SEG
 735              		.section	.rodata.memp_UDP_PCB,"a",%progbits
 736              		.align	2
 739              	memp_UDP_PCB:
 740 0000 2000     		.short	32
 741 0002 0400     		.short	4
 742 0004 00000000 		.word	memp_memory_UDP_PCB_base
 743 0008 00000000 		.word	memp_tab_UDP_PCB
 744              		.section	.rodata.memp_free.str1.4,"aMS",%progbits,1
 745              		.align	2
 746              	.LC6:
 747 0000 6D656D70 		.ascii	"memp_free: type < MEMP_MAX\000"
 747      5F667265 
 747      653A2074 
 747      79706520 
 747      3C204D45 
 748              		.section	.rodata.memp_malloc.str1.4,"aMS",%progbits,1
 749              		.align	2
 750              	.LC5:
 751 0000 6D656D70 		.ascii	"memp_malloc: type < MEMP_MAX\000"
 751      5F6D616C 
 751      6C6F633A 
 751      20747970 
 751      65203C20 
 752              		.section	.rodata.memp_malloc_pool.str1.4,"aMS",%progbits,1
 753              		.align	2
 754              	.LC4:
 755 0000 696E7661 		.ascii	"invalid pool desc\000"
 755      6C696420 
 755      706F6F6C 
 755      20646573 
 755      6300
 756              		.section	.rodata.memp_pools,"a",%progbits
 757              		.align	2
 758              		.set	.LANCHOR0,. + 0
 761              	memp_pools:
 762 0000 00000000 		.word	memp_UDP_PCB
 763 0004 00000000 		.word	memp_TCP_PCB
 764 0008 00000000 		.word	memp_TCP_PCB_LISTEN
 765 000c 00000000 		.word	memp_TCP_SEG
 766 0010 00000000 		.word	memp_REASSDATA
 767 0014 00000000 		.word	memp_FRAG_PBUF
 768 0018 00000000 		.word	memp_NETBUF
 769 001c 00000000 		.word	memp_NETCONN
 770 0020 00000000 		.word	memp_TCPIP_MSG_API
ARM GAS  /var/folders/0d/93p3r6493yg7p0rvl_4r983m0000gn/T//cc425grv.s 			page 23


 771 0024 00000000 		.word	memp_TCPIP_MSG_INPKT
 772 0028 00000000 		.word	memp_SYS_TIMEOUT
 773 002c 00000000 		.word	memp_NETDB
 774 0030 00000000 		.word	memp_PBUF
 775 0034 00000000 		.word	memp_PBUF_POOL
 776              		.text
 777              	.Letext0:
 778              		.file 2 "/usr/local/gcc_arm/gcc-arm-none-eabi-7-2017-q4-major/arm-none-eabi/include/machine/_defau
 779              		.file 3 "/usr/local/gcc_arm/gcc-arm-none-eabi-7-2017-q4-major/arm-none-eabi/include/sys/_stdint.h"
 780              		.file 4 "Drivers/CMSIS/Include/core_cm4.h"
 781              		.file 5 "Drivers/CMSIS/Device/ST/STM32F4xx/Include/system_stm32f4xx.h"
 782              		.file 6 "/usr/local/gcc_arm/gcc-arm-none-eabi-7-2017-q4-major/arm-none-eabi/include/sys/lock.h"
 783              		.file 7 "/usr/local/gcc_arm/gcc-arm-none-eabi-7-2017-q4-major/arm-none-eabi/include/sys/_types.h"
 784              		.file 8 "/usr/local/gcc_arm/gcc-arm-none-eabi-7-2017-q4-major/lib/gcc/arm-none-eabi/7.2.1/include/
 785              		.file 9 "/usr/local/gcc_arm/gcc-arm-none-eabi-7-2017-q4-major/arm-none-eabi/include/sys/reent.h"
 786              		.file 10 "/usr/local/gcc_arm/gcc-arm-none-eabi-7-2017-q4-major/arm-none-eabi/include/stdlib.h"
 787              		.file 11 "Middlewares/Third_Party/LwIP/system/arch/cc.h"
 788              		.file 12 "/usr/local/gcc_arm/gcc-arm-none-eabi-7-2017-q4-major/arm-none-eabi/include/time.h"
 789              		.file 13 "Middlewares/Third_Party/LwIP/src/include/lwip/arch.h"
 790              		.file 14 "Middlewares/Third_Party/LwIP/src/include/lwip/memp.h"
 791              		.file 15 "Middlewares/Third_Party/LwIP/src/include/lwip/priv/memp_priv.h"
 792              		.file 16 "Middlewares/Third_Party/LwIP/src/include/lwip/err.h"
 793              		.file 17 "Middlewares/Third_Party/FreeRTOS/Source/include/queue.h"
 794              		.file 18 "Middlewares/Third_Party/FreeRTOS/Source/include/semphr.h"
 795              		.file 19 "Middlewares/Third_Party/FreeRTOS/Source/CMSIS_RTOS/cmsis_os.h"
 796              		.file 20 "Middlewares/Third_Party/LwIP/system/arch/sys_arch.h"
 797              		.file 21 "Middlewares/Third_Party/LwIP/src/include/lwip/pbuf.h"
 798              		.file 22 "Middlewares/Third_Party/LwIP/src/include/lwip/ip4_addr.h"
 799              		.file 23 "Middlewares/Third_Party/LwIP/src/include/lwip/ip_addr.h"
 800              		.file 24 "Middlewares/Third_Party/LwIP/src/include/lwip/netif.h"
 801              		.file 25 "Middlewares/Third_Party/LwIP/src/include/lwip/prot/ip4.h"
 802              		.file 26 "Middlewares/Third_Party/LwIP/src/include/lwip/ip.h"
 803              		.file 27 "Middlewares/Third_Party/LwIP/src/include/lwip/udp.h"
 804              		.file 28 "Middlewares/Third_Party/LwIP/src/include/lwip/tcp.h"
 805              		.file 29 "Middlewares/Third_Party/LwIP/src/include/lwip/priv/tcp_priv.h"
 806              		.file 30 "Middlewares/Third_Party/LwIP/src/include/lwip/prot/tcp.h"
 807              		.file 31 "Middlewares/Third_Party/LwIP/src/include/lwip/timeouts.h"
 808              		.file 32 "Middlewares/Third_Party/LwIP/src/include/lwip/tcpip.h"
 809              		.file 33 "Middlewares/Third_Party/LwIP/src/include/lwip/priv/api_msg.h"
 810              		.file 34 "Middlewares/Third_Party/LwIP/src/include/lwip/inet.h"
 811              		.file 35 "Middlewares/Third_Party/LwIP/src/include/lwip/errno.h"
 812              		.file 36 "Middlewares/Third_Party/LwIP/src/include/lwip/netdb.h"
 813              		.file 37 "Middlewares/Third_Party/LwIP/src/include/lwip/dns.h"
 814              		.file 38 "Middlewares/Third_Party/LwIP/src/include/lwip/priv/memp_std.h"
 815              		.file 39 "/usr/local/gcc_arm/gcc-arm-none-eabi-7-2017-q4-major/arm-none-eabi/include/stdio.h"
 816              		.file 40 "Middlewares/Third_Party/LwIP/src/include/lwip/sys.h"
ARM GAS  /var/folders/0d/93p3r6493yg7p0rvl_4r983m0000gn/T//cc425grv.s 			page 24


DEFINED SYMBOLS
                            *ABS*:0000000000000000 memp.c
/var/folders/0d/93p3r6493yg7p0rvl_4r983m0000gn/T//cc425grv.s:18     .text.do_memp_malloc_pool:0000000000000000 $t
/var/folders/0d/93p3r6493yg7p0rvl_4r983m0000gn/T//cc425grv.s:24     .text.do_memp_malloc_pool:0000000000000000 do_memp_malloc_pool
/var/folders/0d/93p3r6493yg7p0rvl_4r983m0000gn/T//cc425grv.s:90     .text.do_memp_malloc_pool:000000000000003c $d
/var/folders/0d/93p3r6493yg7p0rvl_4r983m0000gn/T//cc425grv.s:97     .text.do_memp_free_pool:0000000000000000 $t
/var/folders/0d/93p3r6493yg7p0rvl_4r983m0000gn/T//cc425grv.s:103    .text.do_memp_free_pool:0000000000000000 do_memp_free_pool
/var/folders/0d/93p3r6493yg7p0rvl_4r983m0000gn/T//cc425grv.s:154    .text.do_memp_free_pool:0000000000000030 $d
/var/folders/0d/93p3r6493yg7p0rvl_4r983m0000gn/T//cc425grv.s:161    .text.memp_init_pool:0000000000000000 $t
/var/folders/0d/93p3r6493yg7p0rvl_4r983m0000gn/T//cc425grv.s:168    .text.memp_init_pool:0000000000000000 memp_init_pool
/var/folders/0d/93p3r6493yg7p0rvl_4r983m0000gn/T//cc425grv.s:214    .text.memp_init:0000000000000000 $t
/var/folders/0d/93p3r6493yg7p0rvl_4r983m0000gn/T//cc425grv.s:221    .text.memp_init:0000000000000000 memp_init
/var/folders/0d/93p3r6493yg7p0rvl_4r983m0000gn/T//cc425grv.s:258    .text.memp_init:000000000000001c $d
/var/folders/0d/93p3r6493yg7p0rvl_4r983m0000gn/T//cc425grv.s:263    .text.memp_malloc_pool:0000000000000000 $t
/var/folders/0d/93p3r6493yg7p0rvl_4r983m0000gn/T//cc425grv.s:270    .text.memp_malloc_pool:0000000000000000 memp_malloc_pool
/var/folders/0d/93p3r6493yg7p0rvl_4r983m0000gn/T//cc425grv.s:314    .text.memp_malloc_pool:0000000000000024 $d
/var/folders/0d/93p3r6493yg7p0rvl_4r983m0000gn/T//cc425grv.s:321    .text.memp_malloc:0000000000000000 $t
/var/folders/0d/93p3r6493yg7p0rvl_4r983m0000gn/T//cc425grv.s:328    .text.memp_malloc:0000000000000000 memp_malloc
/var/folders/0d/93p3r6493yg7p0rvl_4r983m0000gn/T//cc425grv.s:367    .text.memp_malloc:0000000000000024 $d
/var/folders/0d/93p3r6493yg7p0rvl_4r983m0000gn/T//cc425grv.s:375    .text.memp_free_pool:0000000000000000 $t
/var/folders/0d/93p3r6493yg7p0rvl_4r983m0000gn/T//cc425grv.s:382    .text.memp_free_pool:0000000000000000 memp_free_pool
/var/folders/0d/93p3r6493yg7p0rvl_4r983m0000gn/T//cc425grv.s:429    .text.memp_free_pool:0000000000000028 $d
/var/folders/0d/93p3r6493yg7p0rvl_4r983m0000gn/T//cc425grv.s:436    .text.memp_free:0000000000000000 $t
/var/folders/0d/93p3r6493yg7p0rvl_4r983m0000gn/T//cc425grv.s:443    .text.memp_free:0000000000000000 memp_free
/var/folders/0d/93p3r6493yg7p0rvl_4r983m0000gn/T//cc425grv.s:484    .text.memp_free:0000000000000024 $d
/var/folders/0d/93p3r6493yg7p0rvl_4r983m0000gn/T//cc425grv.s:761    .rodata.memp_pools:0000000000000000 memp_pools
/var/folders/0d/93p3r6493yg7p0rvl_4r983m0000gn/T//cc425grv.s:667    .rodata.memp_PBUF_POOL:0000000000000000 memp_PBUF_POOL
                            *COM*:0000000000002603 memp_memory_PBUF_POOL_base
/var/folders/0d/93p3r6493yg7p0rvl_4r983m0000gn/T//cc425grv.s:658    .rodata.memp_PBUF:0000000000000000 memp_PBUF
                            *COM*:0000000000000103 memp_memory_PBUF_base
/var/folders/0d/93p3r6493yg7p0rvl_4r983m0000gn/T//cc425grv.s:649    .rodata.memp_NETDB:0000000000000000 memp_NETDB
                            *COM*:0000000000000137 memp_memory_NETDB_base
/var/folders/0d/93p3r6493yg7p0rvl_4r983m0000gn/T//cc425grv.s:685    .rodata.memp_SYS_TIMEOUT:0000000000000000 memp_SYS_TIMEOUT
                            *COM*:0000000000000063 memp_memory_SYS_TIMEOUT_base
/var/folders/0d/93p3r6493yg7p0rvl_4r983m0000gn/T//cc425grv.s:703    .rodata.memp_TCPIP_MSG_INPKT:0000000000000000 memp_TCPIP_MSG_INPKT
                            *COM*:0000000000000083 memp_memory_TCPIP_MSG_INPKT_base
/var/folders/0d/93p3r6493yg7p0rvl_4r983m0000gn/T//cc425grv.s:694    .rodata.memp_TCPIP_MSG_API:0000000000000000 memp_TCPIP_MSG_API
                            *COM*:0000000000000083 memp_memory_TCPIP_MSG_API_base
/var/folders/0d/93p3r6493yg7p0rvl_4r983m0000gn/T//cc425grv.s:640    .rodata.memp_NETCONN:0000000000000000 memp_NETCONN
                            *COM*:00000000000000b3 memp_memory_NETCONN_base
/var/folders/0d/93p3r6493yg7p0rvl_4r983m0000gn/T//cc425grv.s:631    .rodata.memp_NETBUF:0000000000000000 memp_NETBUF
                            *COM*:0000000000000023 memp_memory_NETBUF_base
/var/folders/0d/93p3r6493yg7p0rvl_4r983m0000gn/T//cc425grv.s:622    .rodata.memp_FRAG_PBUF:0000000000000000 memp_FRAG_PBUF
                            *COM*:000000000000016b memp_memory_FRAG_PBUF_base
/var/folders/0d/93p3r6493yg7p0rvl_4r983m0000gn/T//cc425grv.s:676    .rodata.memp_REASSDATA:0000000000000000 memp_REASSDATA
                            *COM*:00000000000000a3 memp_memory_REASSDATA_base
/var/folders/0d/93p3r6493yg7p0rvl_4r983m0000gn/T//cc425grv.s:730    .rodata.memp_TCP_SEG:0000000000000000 memp_TCP_SEG
                            *COM*:0000000000000103 memp_memory_TCP_SEG_base
/var/folders/0d/93p3r6493yg7p0rvl_4r983m0000gn/T//cc425grv.s:721    .rodata.memp_TCP_PCB_LISTEN:0000000000000000 memp_TCP_PCB_LISTEN
                            *COM*:00000000000000e3 memp_memory_TCP_PCB_LISTEN_base
/var/folders/0d/93p3r6493yg7p0rvl_4r983m0000gn/T//cc425grv.s:712    .rodata.memp_TCP_PCB:0000000000000000 memp_TCP_PCB
                            *COM*:00000000000002fb memp_memory_TCP_PCB_base
/var/folders/0d/93p3r6493yg7p0rvl_4r983m0000gn/T//cc425grv.s:739    .rodata.memp_UDP_PCB:0000000000000000 memp_UDP_PCB
                            *COM*:0000000000000083 memp_memory_UDP_PCB_base
/var/folders/0d/93p3r6493yg7p0rvl_4r983m0000gn/T//cc425grv.s:521    .bss.memp_tab_FRAG_PBUF:0000000000000000 $d
/var/folders/0d/93p3r6493yg7p0rvl_4r983m0000gn/T//cc425grv.s:524    .bss.memp_tab_FRAG_PBUF:0000000000000000 memp_tab_FRAG_PBUF
/var/folders/0d/93p3r6493yg7p0rvl_4r983m0000gn/T//cc425grv.s:527    .bss.memp_tab_NETBUF:0000000000000000 $d
ARM GAS  /var/folders/0d/93p3r6493yg7p0rvl_4r983m0000gn/T//cc425grv.s 			page 25


/var/folders/0d/93p3r6493yg7p0rvl_4r983m0000gn/T//cc425grv.s:530    .bss.memp_tab_NETBUF:0000000000000000 memp_tab_NETBUF
/var/folders/0d/93p3r6493yg7p0rvl_4r983m0000gn/T//cc425grv.s:533    .bss.memp_tab_NETCONN:0000000000000000 $d
/var/folders/0d/93p3r6493yg7p0rvl_4r983m0000gn/T//cc425grv.s:536    .bss.memp_tab_NETCONN:0000000000000000 memp_tab_NETCONN
/var/folders/0d/93p3r6493yg7p0rvl_4r983m0000gn/T//cc425grv.s:539    .bss.memp_tab_NETDB:0000000000000000 $d
/var/folders/0d/93p3r6493yg7p0rvl_4r983m0000gn/T//cc425grv.s:542    .bss.memp_tab_NETDB:0000000000000000 memp_tab_NETDB
/var/folders/0d/93p3r6493yg7p0rvl_4r983m0000gn/T//cc425grv.s:545    .bss.memp_tab_PBUF:0000000000000000 $d
/var/folders/0d/93p3r6493yg7p0rvl_4r983m0000gn/T//cc425grv.s:548    .bss.memp_tab_PBUF:0000000000000000 memp_tab_PBUF
/var/folders/0d/93p3r6493yg7p0rvl_4r983m0000gn/T//cc425grv.s:551    .bss.memp_tab_PBUF_POOL:0000000000000000 $d
/var/folders/0d/93p3r6493yg7p0rvl_4r983m0000gn/T//cc425grv.s:554    .bss.memp_tab_PBUF_POOL:0000000000000000 memp_tab_PBUF_POOL
/var/folders/0d/93p3r6493yg7p0rvl_4r983m0000gn/T//cc425grv.s:557    .bss.memp_tab_REASSDATA:0000000000000000 $d
/var/folders/0d/93p3r6493yg7p0rvl_4r983m0000gn/T//cc425grv.s:560    .bss.memp_tab_REASSDATA:0000000000000000 memp_tab_REASSDATA
/var/folders/0d/93p3r6493yg7p0rvl_4r983m0000gn/T//cc425grv.s:563    .bss.memp_tab_SYS_TIMEOUT:0000000000000000 $d
/var/folders/0d/93p3r6493yg7p0rvl_4r983m0000gn/T//cc425grv.s:566    .bss.memp_tab_SYS_TIMEOUT:0000000000000000 memp_tab_SYS_TIMEOUT
/var/folders/0d/93p3r6493yg7p0rvl_4r983m0000gn/T//cc425grv.s:569    .bss.memp_tab_TCPIP_MSG_API:0000000000000000 $d
/var/folders/0d/93p3r6493yg7p0rvl_4r983m0000gn/T//cc425grv.s:572    .bss.memp_tab_TCPIP_MSG_API:0000000000000000 memp_tab_TCPIP_MSG_API
/var/folders/0d/93p3r6493yg7p0rvl_4r983m0000gn/T//cc425grv.s:575    .bss.memp_tab_TCPIP_MSG_INPKT:0000000000000000 $d
/var/folders/0d/93p3r6493yg7p0rvl_4r983m0000gn/T//cc425grv.s:578    .bss.memp_tab_TCPIP_MSG_INPKT:0000000000000000 memp_tab_TCPIP_MSG_INPKT
/var/folders/0d/93p3r6493yg7p0rvl_4r983m0000gn/T//cc425grv.s:581    .bss.memp_tab_TCP_PCB:0000000000000000 $d
/var/folders/0d/93p3r6493yg7p0rvl_4r983m0000gn/T//cc425grv.s:584    .bss.memp_tab_TCP_PCB:0000000000000000 memp_tab_TCP_PCB
/var/folders/0d/93p3r6493yg7p0rvl_4r983m0000gn/T//cc425grv.s:587    .bss.memp_tab_TCP_PCB_LISTEN:0000000000000000 $d
/var/folders/0d/93p3r6493yg7p0rvl_4r983m0000gn/T//cc425grv.s:590    .bss.memp_tab_TCP_PCB_LISTEN:0000000000000000 memp_tab_TCP_PCB_LISTEN
/var/folders/0d/93p3r6493yg7p0rvl_4r983m0000gn/T//cc425grv.s:593    .bss.memp_tab_TCP_SEG:0000000000000000 $d
/var/folders/0d/93p3r6493yg7p0rvl_4r983m0000gn/T//cc425grv.s:596    .bss.memp_tab_TCP_SEG:0000000000000000 memp_tab_TCP_SEG
/var/folders/0d/93p3r6493yg7p0rvl_4r983m0000gn/T//cc425grv.s:599    .bss.memp_tab_UDP_PCB:0000000000000000 $d
/var/folders/0d/93p3r6493yg7p0rvl_4r983m0000gn/T//cc425grv.s:602    .bss.memp_tab_UDP_PCB:0000000000000000 memp_tab_UDP_PCB
/var/folders/0d/93p3r6493yg7p0rvl_4r983m0000gn/T//cc425grv.s:605    .rodata.do_memp_free_pool.str1.4:0000000000000000 $d
/var/folders/0d/93p3r6493yg7p0rvl_4r983m0000gn/T//cc425grv.s:609    .rodata.do_memp_malloc_pool.str1.4:0000000000000000 $d
/var/folders/0d/93p3r6493yg7p0rvl_4r983m0000gn/T//cc425grv.s:619    .rodata.memp_FRAG_PBUF:0000000000000000 $d
/var/folders/0d/93p3r6493yg7p0rvl_4r983m0000gn/T//cc425grv.s:628    .rodata.memp_NETBUF:0000000000000000 $d
/var/folders/0d/93p3r6493yg7p0rvl_4r983m0000gn/T//cc425grv.s:637    .rodata.memp_NETCONN:0000000000000000 $d
/var/folders/0d/93p3r6493yg7p0rvl_4r983m0000gn/T//cc425grv.s:646    .rodata.memp_NETDB:0000000000000000 $d
/var/folders/0d/93p3r6493yg7p0rvl_4r983m0000gn/T//cc425grv.s:655    .rodata.memp_PBUF:0000000000000000 $d
/var/folders/0d/93p3r6493yg7p0rvl_4r983m0000gn/T//cc425grv.s:664    .rodata.memp_PBUF_POOL:0000000000000000 $d
/var/folders/0d/93p3r6493yg7p0rvl_4r983m0000gn/T//cc425grv.s:673    .rodata.memp_REASSDATA:0000000000000000 $d
/var/folders/0d/93p3r6493yg7p0rvl_4r983m0000gn/T//cc425grv.s:682    .rodata.memp_SYS_TIMEOUT:0000000000000000 $d
/var/folders/0d/93p3r6493yg7p0rvl_4r983m0000gn/T//cc425grv.s:691    .rodata.memp_TCPIP_MSG_API:0000000000000000 $d
/var/folders/0d/93p3r6493yg7p0rvl_4r983m0000gn/T//cc425grv.s:700    .rodata.memp_TCPIP_MSG_INPKT:0000000000000000 $d
/var/folders/0d/93p3r6493yg7p0rvl_4r983m0000gn/T//cc425grv.s:709    .rodata.memp_TCP_PCB:0000000000000000 $d
/var/folders/0d/93p3r6493yg7p0rvl_4r983m0000gn/T//cc425grv.s:718    .rodata.memp_TCP_PCB_LISTEN:0000000000000000 $d
/var/folders/0d/93p3r6493yg7p0rvl_4r983m0000gn/T//cc425grv.s:727    .rodata.memp_TCP_SEG:0000000000000000 $d
/var/folders/0d/93p3r6493yg7p0rvl_4r983m0000gn/T//cc425grv.s:736    .rodata.memp_UDP_PCB:0000000000000000 $d
/var/folders/0d/93p3r6493yg7p0rvl_4r983m0000gn/T//cc425grv.s:745    .rodata.memp_free.str1.4:0000000000000000 $d
/var/folders/0d/93p3r6493yg7p0rvl_4r983m0000gn/T//cc425grv.s:749    .rodata.memp_malloc.str1.4:0000000000000000 $d
/var/folders/0d/93p3r6493yg7p0rvl_4r983m0000gn/T//cc425grv.s:753    .rodata.memp_malloc_pool.str1.4:0000000000000000 $d
/var/folders/0d/93p3r6493yg7p0rvl_4r983m0000gn/T//cc425grv.s:757    .rodata.memp_pools:0000000000000000 $d

UNDEFINED SYMBOLS
sys_arch_protect
sys_arch_unprotect
printf
