ARM GAS  /var/folders/0d/93p3r6493yg7p0rvl_4r983m0000gn/T//ccsXwaRU.s 			page 1


   1              		.cpu cortex-m4
   2              		.eabi_attribute 27, 1
   3              		.eabi_attribute 28, 1
   4              		.eabi_attribute 20, 1
   5              		.eabi_attribute 21, 1
   6              		.eabi_attribute 23, 3
   7              		.eabi_attribute 24, 1
   8              		.eabi_attribute 25, 1
   9              		.eabi_attribute 26, 1
  10              		.eabi_attribute 30, 1
  11              		.eabi_attribute 34, 1
  12              		.eabi_attribute 18, 4
  13              		.file	"netdb.c"
  14              		.text
  15              	.Ltext0:
  16              		.cfi_sections	.debug_frame
  17              		.section	.text.lwip_gethostbyname,"ax",%progbits
  18              		.align	1
  19              		.global	lwip_gethostbyname
  20              		.syntax unified
  21              		.thumb
  22              		.thumb_func
  23              		.fpu fpv4-sp-d16
  25              	lwip_gethostbyname:
  26              	.LFB147:
  27              		.file 1 "Middlewares/Third_Party/LwIP/src/api/netdb.c"
   1:Middlewares/Third_Party/LwIP/src/api/netdb.c **** /**
   2:Middlewares/Third_Party/LwIP/src/api/netdb.c ****  * @file
   3:Middlewares/Third_Party/LwIP/src/api/netdb.c ****  * API functions for name resolving
   4:Middlewares/Third_Party/LwIP/src/api/netdb.c ****  *
   5:Middlewares/Third_Party/LwIP/src/api/netdb.c ****  * @defgroup netdbapi NETDB API
   6:Middlewares/Third_Party/LwIP/src/api/netdb.c ****  * @ingroup socket
   7:Middlewares/Third_Party/LwIP/src/api/netdb.c ****  */
   8:Middlewares/Third_Party/LwIP/src/api/netdb.c **** 
   9:Middlewares/Third_Party/LwIP/src/api/netdb.c **** /*
  10:Middlewares/Third_Party/LwIP/src/api/netdb.c ****  * Redistribution and use in source and binary forms, with or without modification,
  11:Middlewares/Third_Party/LwIP/src/api/netdb.c ****  * are permitted provided that the following conditions are met:
  12:Middlewares/Third_Party/LwIP/src/api/netdb.c ****  *
  13:Middlewares/Third_Party/LwIP/src/api/netdb.c ****  * 1. Redistributions of source code must retain the above copyright notice,
  14:Middlewares/Third_Party/LwIP/src/api/netdb.c ****  *    this list of conditions and the following disclaimer.
  15:Middlewares/Third_Party/LwIP/src/api/netdb.c ****  * 2. Redistributions in binary form must reproduce the above copyright notice,
  16:Middlewares/Third_Party/LwIP/src/api/netdb.c ****  *    this list of conditions and the following disclaimer in the documentation
  17:Middlewares/Third_Party/LwIP/src/api/netdb.c ****  *    and/or other materials provided with the distribution.
  18:Middlewares/Third_Party/LwIP/src/api/netdb.c ****  * 3. The name of the author may not be used to endorse or promote products
  19:Middlewares/Third_Party/LwIP/src/api/netdb.c ****  *    derived from this software without specific prior written permission.
  20:Middlewares/Third_Party/LwIP/src/api/netdb.c ****  *
  21:Middlewares/Third_Party/LwIP/src/api/netdb.c ****  * THIS SOFTWARE IS PROVIDED BY THE AUTHOR ``AS IS'' AND ANY EXPRESS OR IMPLIED
  22:Middlewares/Third_Party/LwIP/src/api/netdb.c ****  * WARRANTIES, INCLUDING, BUT NOT LIMITED TO, THE IMPLIED WARRANTIES OF
  23:Middlewares/Third_Party/LwIP/src/api/netdb.c ****  * MERCHANTABILITY AND FITNESS FOR A PARTICULAR PURPOSE ARE DISCLAIMED. IN NO EVENT
  24:Middlewares/Third_Party/LwIP/src/api/netdb.c ****  * SHALL THE AUTHOR BE LIABLE FOR ANY DIRECT, INDIRECT, INCIDENTAL, SPECIAL,
  25:Middlewares/Third_Party/LwIP/src/api/netdb.c ****  * EXEMPLARY, OR CONSEQUENTIAL DAMAGES (INCLUDING, BUT NOT LIMITED TO, PROCUREMENT
  26:Middlewares/Third_Party/LwIP/src/api/netdb.c ****  * OF SUBSTITUTE GOODS OR SERVICES; LOSS OF USE, DATA, OR PROFITS; OR BUSINESS
  27:Middlewares/Third_Party/LwIP/src/api/netdb.c ****  * INTERRUPTION) HOWEVER CAUSED AND ON ANY THEORY OF LIABILITY, WHETHER IN
  28:Middlewares/Third_Party/LwIP/src/api/netdb.c ****  * CONTRACT, STRICT LIABILITY, OR TORT (INCLUDING NEGLIGENCE OR OTHERWISE) ARISING
  29:Middlewares/Third_Party/LwIP/src/api/netdb.c ****  * IN ANY WAY OUT OF THE USE OF THIS SOFTWARE, EVEN IF ADVISED OF THE POSSIBILITY
  30:Middlewares/Third_Party/LwIP/src/api/netdb.c ****  * OF SUCH DAMAGE.
  31:Middlewares/Third_Party/LwIP/src/api/netdb.c ****  *
ARM GAS  /var/folders/0d/93p3r6493yg7p0rvl_4r983m0000gn/T//ccsXwaRU.s 			page 2


  32:Middlewares/Third_Party/LwIP/src/api/netdb.c ****  * This file is part of the lwIP TCP/IP stack.
  33:Middlewares/Third_Party/LwIP/src/api/netdb.c ****  *
  34:Middlewares/Third_Party/LwIP/src/api/netdb.c ****  * Author: Simon Goldschmidt
  35:Middlewares/Third_Party/LwIP/src/api/netdb.c ****  *
  36:Middlewares/Third_Party/LwIP/src/api/netdb.c ****  */
  37:Middlewares/Third_Party/LwIP/src/api/netdb.c **** 
  38:Middlewares/Third_Party/LwIP/src/api/netdb.c **** #include "lwip/netdb.h"
  39:Middlewares/Third_Party/LwIP/src/api/netdb.c **** 
  40:Middlewares/Third_Party/LwIP/src/api/netdb.c **** #if LWIP_DNS && LWIP_SOCKET
  41:Middlewares/Third_Party/LwIP/src/api/netdb.c **** 
  42:Middlewares/Third_Party/LwIP/src/api/netdb.c **** #include "lwip/err.h"
  43:Middlewares/Third_Party/LwIP/src/api/netdb.c **** #include "lwip/mem.h"
  44:Middlewares/Third_Party/LwIP/src/api/netdb.c **** #include "lwip/memp.h"
  45:Middlewares/Third_Party/LwIP/src/api/netdb.c **** #include "lwip/ip_addr.h"
  46:Middlewares/Third_Party/LwIP/src/api/netdb.c **** #include "lwip/api.h"
  47:Middlewares/Third_Party/LwIP/src/api/netdb.c **** #include "lwip/dns.h"
  48:Middlewares/Third_Party/LwIP/src/api/netdb.c **** 
  49:Middlewares/Third_Party/LwIP/src/api/netdb.c **** #include <string.h> /* memset */
  50:Middlewares/Third_Party/LwIP/src/api/netdb.c **** #include <stdlib.h> /* atoi */
  51:Middlewares/Third_Party/LwIP/src/api/netdb.c **** 
  52:Middlewares/Third_Party/LwIP/src/api/netdb.c **** /** helper struct for gethostbyname_r to access the char* buffer */
  53:Middlewares/Third_Party/LwIP/src/api/netdb.c **** struct gethostbyname_r_helper {
  54:Middlewares/Third_Party/LwIP/src/api/netdb.c ****   ip_addr_t *addr_list[2];
  55:Middlewares/Third_Party/LwIP/src/api/netdb.c ****   ip_addr_t addr;
  56:Middlewares/Third_Party/LwIP/src/api/netdb.c ****   char *aliases;
  57:Middlewares/Third_Party/LwIP/src/api/netdb.c **** };
  58:Middlewares/Third_Party/LwIP/src/api/netdb.c **** 
  59:Middlewares/Third_Party/LwIP/src/api/netdb.c **** /** h_errno is exported in netdb.h for access by applications. */
  60:Middlewares/Third_Party/LwIP/src/api/netdb.c **** #if LWIP_DNS_API_DECLARE_H_ERRNO
  61:Middlewares/Third_Party/LwIP/src/api/netdb.c **** int h_errno;
  62:Middlewares/Third_Party/LwIP/src/api/netdb.c **** #endif /* LWIP_DNS_API_DECLARE_H_ERRNO */
  63:Middlewares/Third_Party/LwIP/src/api/netdb.c **** 
  64:Middlewares/Third_Party/LwIP/src/api/netdb.c **** /** define "hostent" variables storage: 0 if we use a static (but unprotected)
  65:Middlewares/Third_Party/LwIP/src/api/netdb.c ****  * set of variables for lwip_gethostbyname, 1 if we use a local storage */
  66:Middlewares/Third_Party/LwIP/src/api/netdb.c **** #ifndef LWIP_DNS_API_HOSTENT_STORAGE
  67:Middlewares/Third_Party/LwIP/src/api/netdb.c **** #define LWIP_DNS_API_HOSTENT_STORAGE 0
  68:Middlewares/Third_Party/LwIP/src/api/netdb.c **** #endif
  69:Middlewares/Third_Party/LwIP/src/api/netdb.c **** 
  70:Middlewares/Third_Party/LwIP/src/api/netdb.c **** /** define "hostent" variables storage */
  71:Middlewares/Third_Party/LwIP/src/api/netdb.c **** #if LWIP_DNS_API_HOSTENT_STORAGE
  72:Middlewares/Third_Party/LwIP/src/api/netdb.c **** #define HOSTENT_STORAGE
  73:Middlewares/Third_Party/LwIP/src/api/netdb.c **** #else
  74:Middlewares/Third_Party/LwIP/src/api/netdb.c **** #define HOSTENT_STORAGE static
  75:Middlewares/Third_Party/LwIP/src/api/netdb.c **** #endif /* LWIP_DNS_API_STATIC_HOSTENT */
  76:Middlewares/Third_Party/LwIP/src/api/netdb.c **** 
  77:Middlewares/Third_Party/LwIP/src/api/netdb.c **** /**
  78:Middlewares/Third_Party/LwIP/src/api/netdb.c ****  * Returns an entry containing addresses of address family AF_INET
  79:Middlewares/Third_Party/LwIP/src/api/netdb.c ****  * for the host with name name.
  80:Middlewares/Third_Party/LwIP/src/api/netdb.c ****  * Due to dns_gethostbyname limitations, only one address is returned.
  81:Middlewares/Third_Party/LwIP/src/api/netdb.c ****  *
  82:Middlewares/Third_Party/LwIP/src/api/netdb.c ****  * @param name the hostname to resolve
  83:Middlewares/Third_Party/LwIP/src/api/netdb.c ****  * @return an entry containing addresses of address family AF_INET
  84:Middlewares/Third_Party/LwIP/src/api/netdb.c ****  *         for the host with name name
  85:Middlewares/Third_Party/LwIP/src/api/netdb.c ****  */
  86:Middlewares/Third_Party/LwIP/src/api/netdb.c **** struct hostent*
  87:Middlewares/Third_Party/LwIP/src/api/netdb.c **** lwip_gethostbyname(const char *name)
  88:Middlewares/Third_Party/LwIP/src/api/netdb.c **** {
ARM GAS  /var/folders/0d/93p3r6493yg7p0rvl_4r983m0000gn/T//ccsXwaRU.s 			page 3


  28              		.loc 1 88 0
  29              		.cfi_startproc
  30              		@ args = 0, pretend = 0, frame = 8
  31              		@ frame_needed = 0, uses_anonymous_args = 0
  32              	.LVL0:
  33 0000 F0B5     		push	{r4, r5, r6, r7, lr}
  34              	.LCFI0:
  35              		.cfi_def_cfa_offset 20
  36              		.cfi_offset 4, -20
  37              		.cfi_offset 5, -16
  38              		.cfi_offset 6, -12
  39              		.cfi_offset 7, -8
  40              		.cfi_offset 14, -4
  41 0002 83B0     		sub	sp, sp, #12
  42              	.LCFI1:
  43              		.cfi_def_cfa_offset 32
  44 0004 0746     		mov	r7, r0
  89:Middlewares/Third_Party/LwIP/src/api/netdb.c ****   err_t err;
  90:Middlewares/Third_Party/LwIP/src/api/netdb.c ****   ip_addr_t addr;
  91:Middlewares/Third_Party/LwIP/src/api/netdb.c **** 
  92:Middlewares/Third_Party/LwIP/src/api/netdb.c ****   /* buffer variables for lwip_gethostbyname() */
  93:Middlewares/Third_Party/LwIP/src/api/netdb.c ****   HOSTENT_STORAGE struct hostent s_hostent;
  94:Middlewares/Third_Party/LwIP/src/api/netdb.c ****   HOSTENT_STORAGE char *s_aliases;
  95:Middlewares/Third_Party/LwIP/src/api/netdb.c ****   HOSTENT_STORAGE ip_addr_t s_hostent_addr;
  96:Middlewares/Third_Party/LwIP/src/api/netdb.c ****   HOSTENT_STORAGE ip_addr_t *s_phostent_addr[2];
  97:Middlewares/Third_Party/LwIP/src/api/netdb.c ****   HOSTENT_STORAGE char s_hostname[DNS_MAX_NAME_LENGTH + 1];
  98:Middlewares/Third_Party/LwIP/src/api/netdb.c **** 
  99:Middlewares/Third_Party/LwIP/src/api/netdb.c ****   /* query host IP address */
 100:Middlewares/Third_Party/LwIP/src/api/netdb.c ****   err = netconn_gethostbyname(name, &addr);
  45              		.loc 1 100 0
  46 0006 01A9     		add	r1, sp, #4
  47 0008 FFF7FEFF 		bl	netconn_gethostbyname
  48              	.LVL1:
 101:Middlewares/Third_Party/LwIP/src/api/netdb.c ****   if (err != ERR_OK) {
  49              		.loc 1 101 0
  50 000c D8B9     		cbnz	r0, .L5
 102:Middlewares/Third_Party/LwIP/src/api/netdb.c ****     LWIP_DEBUGF(DNS_DEBUG, ("lwip_gethostbyname(%s) failed, err=%d\n", name, err));
 103:Middlewares/Third_Party/LwIP/src/api/netdb.c ****     h_errno = HOST_NOT_FOUND;
 104:Middlewares/Third_Party/LwIP/src/api/netdb.c ****     return NULL;
 105:Middlewares/Third_Party/LwIP/src/api/netdb.c ****   }
 106:Middlewares/Third_Party/LwIP/src/api/netdb.c **** 
 107:Middlewares/Third_Party/LwIP/src/api/netdb.c ****   /* fill hostent */
 108:Middlewares/Third_Party/LwIP/src/api/netdb.c ****   s_hostent_addr = addr;
  51              		.loc 1 108 0
  52 000e 104B     		ldr	r3, .L6
  53 0010 019A     		ldr	r2, [sp, #4]
  54 0012 1A60     		str	r2, [r3]
 109:Middlewares/Third_Party/LwIP/src/api/netdb.c ****   s_phostent_addr[0] = &s_hostent_addr;
  55              		.loc 1 109 0
  56 0014 0F4C     		ldr	r4, .L6+4
  57 0016 2360     		str	r3, [r4]
 110:Middlewares/Third_Party/LwIP/src/api/netdb.c ****   s_phostent_addr[1] = NULL;
  58              		.loc 1 110 0
  59 0018 0025     		movs	r5, #0
  60 001a 6560     		str	r5, [r4, #4]
 111:Middlewares/Third_Party/LwIP/src/api/netdb.c ****   strncpy(s_hostname, name, DNS_MAX_NAME_LENGTH);
  61              		.loc 1 111 0
ARM GAS  /var/folders/0d/93p3r6493yg7p0rvl_4r983m0000gn/T//ccsXwaRU.s 			page 4


  62 001c 0E4E     		ldr	r6, .L6+8
  63 001e 4FF48072 		mov	r2, #256
  64 0022 3946     		mov	r1, r7
  65 0024 3046     		mov	r0, r6
  66              	.LVL2:
  67 0026 FFF7FEFF 		bl	strncpy
  68              	.LVL3:
 112:Middlewares/Third_Party/LwIP/src/api/netdb.c ****   s_hostname[DNS_MAX_NAME_LENGTH] = 0;
  69              		.loc 1 112 0
  70 002a 86F80051 		strb	r5, [r6, #256]
 113:Middlewares/Third_Party/LwIP/src/api/netdb.c ****   s_hostent.h_name = s_hostname;
  71              		.loc 1 113 0
  72 002e 0B48     		ldr	r0, .L6+12
  73 0030 0660     		str	r6, [r0]
 114:Middlewares/Third_Party/LwIP/src/api/netdb.c ****   s_aliases = NULL;
  74              		.loc 1 114 0
  75 0032 0B4B     		ldr	r3, .L6+16
  76 0034 1D60     		str	r5, [r3]
 115:Middlewares/Third_Party/LwIP/src/api/netdb.c ****   s_hostent.h_aliases = &s_aliases;
  77              		.loc 1 115 0
  78 0036 4360     		str	r3, [r0, #4]
 116:Middlewares/Third_Party/LwIP/src/api/netdb.c ****   s_hostent.h_addrtype = AF_INET;
  79              		.loc 1 116 0
  80 0038 0223     		movs	r3, #2
  81 003a 8360     		str	r3, [r0, #8]
 117:Middlewares/Third_Party/LwIP/src/api/netdb.c ****   s_hostent.h_length = sizeof(ip_addr_t);
  82              		.loc 1 117 0
  83 003c 0423     		movs	r3, #4
  84 003e C360     		str	r3, [r0, #12]
 118:Middlewares/Third_Party/LwIP/src/api/netdb.c ****   s_hostent.h_addr_list = (char**)&s_phostent_addr;
  85              		.loc 1 118 0
  86 0040 0461     		str	r4, [r0, #16]
  87              	.L1:
 119:Middlewares/Third_Party/LwIP/src/api/netdb.c **** 
 120:Middlewares/Third_Party/LwIP/src/api/netdb.c **** #if DNS_DEBUG
 121:Middlewares/Third_Party/LwIP/src/api/netdb.c ****   /* dump hostent */
 122:Middlewares/Third_Party/LwIP/src/api/netdb.c ****   LWIP_DEBUGF(DNS_DEBUG, ("hostent.h_name           == %s\n", s_hostent.h_name));
 123:Middlewares/Third_Party/LwIP/src/api/netdb.c ****   LWIP_DEBUGF(DNS_DEBUG, ("hostent.h_aliases        == %p\n", (void*)s_hostent.h_aliases));
 124:Middlewares/Third_Party/LwIP/src/api/netdb.c ****   /* h_aliases are always empty */
 125:Middlewares/Third_Party/LwIP/src/api/netdb.c ****   LWIP_DEBUGF(DNS_DEBUG, ("hostent.h_addrtype       == %d\n", s_hostent.h_addrtype));
 126:Middlewares/Third_Party/LwIP/src/api/netdb.c ****   LWIP_DEBUGF(DNS_DEBUG, ("hostent.h_length         == %d\n", s_hostent.h_length));
 127:Middlewares/Third_Party/LwIP/src/api/netdb.c ****   LWIP_DEBUGF(DNS_DEBUG, ("hostent.h_addr_list      == %p\n", (void*)s_hostent.h_addr_list));
 128:Middlewares/Third_Party/LwIP/src/api/netdb.c ****   if (s_hostent.h_addr_list != NULL) {
 129:Middlewares/Third_Party/LwIP/src/api/netdb.c ****     u8_t idx;
 130:Middlewares/Third_Party/LwIP/src/api/netdb.c ****     for (idx=0; s_hostent.h_addr_list[idx]; idx++) {
 131:Middlewares/Third_Party/LwIP/src/api/netdb.c ****       LWIP_DEBUGF(DNS_DEBUG, ("hostent.h_addr_list[%i]   == %p\n", idx, s_hostent.h_addr_list[idx])
 132:Middlewares/Third_Party/LwIP/src/api/netdb.c ****       LWIP_DEBUGF(DNS_DEBUG, ("hostent.h_addr_list[%i]-> == %s\n", idx, ipaddr_ntoa((ip_addr_t*)s_h
 133:Middlewares/Third_Party/LwIP/src/api/netdb.c ****     }
 134:Middlewares/Third_Party/LwIP/src/api/netdb.c ****   }
 135:Middlewares/Third_Party/LwIP/src/api/netdb.c **** #endif /* DNS_DEBUG */
 136:Middlewares/Third_Party/LwIP/src/api/netdb.c **** 
 137:Middlewares/Third_Party/LwIP/src/api/netdb.c **** #if LWIP_DNS_API_HOSTENT_STORAGE
 138:Middlewares/Third_Party/LwIP/src/api/netdb.c ****   /* this function should return the "per-thread" hostent after copy from s_hostent */
 139:Middlewares/Third_Party/LwIP/src/api/netdb.c ****   return sys_thread_hostent(&s_hostent);
 140:Middlewares/Third_Party/LwIP/src/api/netdb.c **** #else
 141:Middlewares/Third_Party/LwIP/src/api/netdb.c ****   return &s_hostent;
 142:Middlewares/Third_Party/LwIP/src/api/netdb.c **** #endif /* LWIP_DNS_API_HOSTENT_STORAGE */
ARM GAS  /var/folders/0d/93p3r6493yg7p0rvl_4r983m0000gn/T//ccsXwaRU.s 			page 5


 143:Middlewares/Third_Party/LwIP/src/api/netdb.c **** }
  88              		.loc 1 143 0
  89 0042 03B0     		add	sp, sp, #12
  90              	.LCFI2:
  91              		.cfi_remember_state
  92              		.cfi_def_cfa_offset 20
  93              		@ sp needed
  94 0044 F0BD     		pop	{r4, r5, r6, r7, pc}
  95              	.LVL4:
  96              	.L5:
  97              	.LCFI3:
  98              		.cfi_restore_state
 103:Middlewares/Third_Party/LwIP/src/api/netdb.c ****     return NULL;
  99              		.loc 1 103 0
 100 0046 074B     		ldr	r3, .L6+20
 101 0048 D222     		movs	r2, #210
 102 004a 1A60     		str	r2, [r3]
 104:Middlewares/Third_Party/LwIP/src/api/netdb.c ****   }
 103              		.loc 1 104 0
 104 004c 0020     		movs	r0, #0
 105              	.LVL5:
 106 004e F8E7     		b	.L1
 107              	.L7:
 108              		.align	2
 109              	.L6:
 110 0050 00000000 		.word	.LANCHOR1
 111 0054 00000000 		.word	.LANCHOR2
 112 0058 00000000 		.word	.LANCHOR3
 113 005c 00000000 		.word	.LANCHOR0
 114 0060 00000000 		.word	.LANCHOR4
 115 0064 00000000 		.word	h_errno
 116              		.cfi_endproc
 117              	.LFE147:
 119              		.section	.text.lwip_gethostbyname_r,"ax",%progbits
 120              		.align	1
 121              		.global	lwip_gethostbyname_r
 122              		.syntax unified
 123              		.thumb
 124              		.thumb_func
 125              		.fpu fpv4-sp-d16
 127              	lwip_gethostbyname_r:
 128              	.LFB148:
 144:Middlewares/Third_Party/LwIP/src/api/netdb.c **** 
 145:Middlewares/Third_Party/LwIP/src/api/netdb.c **** /**
 146:Middlewares/Third_Party/LwIP/src/api/netdb.c ****  * Thread-safe variant of lwip_gethostbyname: instead of using a static
 147:Middlewares/Third_Party/LwIP/src/api/netdb.c ****  * buffer, this function takes buffer and errno pointers as arguments
 148:Middlewares/Third_Party/LwIP/src/api/netdb.c ****  * and uses these for the result.
 149:Middlewares/Third_Party/LwIP/src/api/netdb.c ****  *
 150:Middlewares/Third_Party/LwIP/src/api/netdb.c ****  * @param name the hostname to resolve
 151:Middlewares/Third_Party/LwIP/src/api/netdb.c ****  * @param ret pre-allocated struct where to store the result
 152:Middlewares/Third_Party/LwIP/src/api/netdb.c ****  * @param buf pre-allocated buffer where to store additional data
 153:Middlewares/Third_Party/LwIP/src/api/netdb.c ****  * @param buflen the size of buf
 154:Middlewares/Third_Party/LwIP/src/api/netdb.c ****  * @param result pointer to a hostent pointer that is set to ret on success
 155:Middlewares/Third_Party/LwIP/src/api/netdb.c ****  *               and set to zero on error
 156:Middlewares/Third_Party/LwIP/src/api/netdb.c ****  * @param h_errnop pointer to an int where to store errors (instead of modifying
 157:Middlewares/Third_Party/LwIP/src/api/netdb.c ****  *                 the global h_errno)
 158:Middlewares/Third_Party/LwIP/src/api/netdb.c ****  * @return 0 on success, non-zero on error, additional error information
ARM GAS  /var/folders/0d/93p3r6493yg7p0rvl_4r983m0000gn/T//ccsXwaRU.s 			page 6


 159:Middlewares/Third_Party/LwIP/src/api/netdb.c ****  *         is stored in *h_errnop instead of h_errno to be thread-safe
 160:Middlewares/Third_Party/LwIP/src/api/netdb.c ****  */
 161:Middlewares/Third_Party/LwIP/src/api/netdb.c **** int
 162:Middlewares/Third_Party/LwIP/src/api/netdb.c **** lwip_gethostbyname_r(const char *name, struct hostent *ret, char *buf,
 163:Middlewares/Third_Party/LwIP/src/api/netdb.c ****                 size_t buflen, struct hostent **result, int *h_errnop)
 164:Middlewares/Third_Party/LwIP/src/api/netdb.c **** {
 129              		.loc 1 164 0
 130              		.cfi_startproc
 131              		@ args = 8, pretend = 0, frame = 8
 132              		@ frame_needed = 0, uses_anonymous_args = 0
 133              	.LVL6:
 134 0000 2DE9F04F 		push	{r4, r5, r6, r7, r8, r9, r10, fp, lr}
 135              	.LCFI4:
 136              		.cfi_def_cfa_offset 36
 137              		.cfi_offset 4, -36
 138              		.cfi_offset 5, -32
 139              		.cfi_offset 6, -28
 140              		.cfi_offset 7, -24
 141              		.cfi_offset 8, -20
 142              		.cfi_offset 9, -16
 143              		.cfi_offset 10, -12
 144              		.cfi_offset 11, -8
 145              		.cfi_offset 14, -4
 146 0004 83B0     		sub	sp, sp, #12
 147              	.LCFI5:
 148              		.cfi_def_cfa_offset 48
 149 0006 0C9F     		ldr	r7, [sp, #48]
 150 0008 0D9E     		ldr	r6, [sp, #52]
 165:Middlewares/Third_Party/LwIP/src/api/netdb.c ****   err_t err;
 166:Middlewares/Third_Party/LwIP/src/api/netdb.c ****   struct gethostbyname_r_helper *h;
 167:Middlewares/Third_Party/LwIP/src/api/netdb.c ****   char *hostname;
 168:Middlewares/Third_Party/LwIP/src/api/netdb.c ****   size_t namelen;
 169:Middlewares/Third_Party/LwIP/src/api/netdb.c ****   int lh_errno;
 170:Middlewares/Third_Party/LwIP/src/api/netdb.c **** 
 171:Middlewares/Third_Party/LwIP/src/api/netdb.c ****   if (h_errnop == NULL) {
 151              		.loc 1 171 0
 152 000a 002E     		cmp	r6, #0
 153 000c 3AD0     		beq	.L18
 154              	.L9:
 155              	.LVL7:
 172:Middlewares/Third_Party/LwIP/src/api/netdb.c ****     /* ensure h_errnop is never NULL */
 173:Middlewares/Third_Party/LwIP/src/api/netdb.c ****     h_errnop = &lh_errno;
 174:Middlewares/Third_Party/LwIP/src/api/netdb.c ****   }
 175:Middlewares/Third_Party/LwIP/src/api/netdb.c **** 
 176:Middlewares/Third_Party/LwIP/src/api/netdb.c ****   if (result == NULL) {
 156              		.loc 1 176 0
 157 000e 002F     		cmp	r7, #0
 158 0010 3AD0     		beq	.L19
 177:Middlewares/Third_Party/LwIP/src/api/netdb.c ****     /* not all arguments given */
 178:Middlewares/Third_Party/LwIP/src/api/netdb.c ****     *h_errnop = EINVAL;
 179:Middlewares/Third_Party/LwIP/src/api/netdb.c ****     return -1;
 180:Middlewares/Third_Party/LwIP/src/api/netdb.c ****   }
 181:Middlewares/Third_Party/LwIP/src/api/netdb.c ****   /* first thing to do: set *result to nothing */
 182:Middlewares/Third_Party/LwIP/src/api/netdb.c ****   *result = NULL;
 159              		.loc 1 182 0
 160 0012 0024     		movs	r4, #0
 161 0014 3C60     		str	r4, [r7]
ARM GAS  /var/folders/0d/93p3r6493yg7p0rvl_4r983m0000gn/T//ccsXwaRU.s 			page 7


 183:Middlewares/Third_Party/LwIP/src/api/netdb.c ****   if ((name == NULL) || (ret == NULL) || (buf == NULL)) {
 162              		.loc 1 183 0
 163 0016 0028     		cmp	r0, #0
 164 0018 3BD0     		beq	.L12
 165              		.loc 1 183 0 is_stmt 0 discriminator 1
 166 001a 0029     		cmp	r1, #0
 167 001c 39D0     		beq	.L12
 168              		.loc 1 183 0 discriminator 2
 169 001e 002A     		cmp	r2, #0
 170 0020 37D0     		beq	.L12
 171 0022 9946     		mov	r9, r3
 172 0024 1446     		mov	r4, r2
 173 0026 0D46     		mov	r5, r1
 174 0028 8246     		mov	r10, r0
 184:Middlewares/Third_Party/LwIP/src/api/netdb.c ****     /* not all arguments given */
 185:Middlewares/Third_Party/LwIP/src/api/netdb.c ****     *h_errnop = EINVAL;
 186:Middlewares/Third_Party/LwIP/src/api/netdb.c ****     return -1;
 187:Middlewares/Third_Party/LwIP/src/api/netdb.c ****   }
 188:Middlewares/Third_Party/LwIP/src/api/netdb.c **** 
 189:Middlewares/Third_Party/LwIP/src/api/netdb.c ****   namelen = strlen(name);
 175              		.loc 1 189 0 is_stmt 1
 176 002a FFF7FEFF 		bl	strlen
 177              	.LVL8:
 178 002e 8046     		mov	r8, r0
 179              	.LVL9:
 190:Middlewares/Third_Party/LwIP/src/api/netdb.c ****   if (buflen < (sizeof(struct gethostbyname_r_helper) + namelen + 1 + (MEM_ALIGNMENT - 1))) {
 180              		.loc 1 190 0
 181 0030 00F11403 		add	r3, r0, #20
 182 0034 4B45     		cmp	r3, r9
 183 0036 31D8     		bhi	.L20
 191:Middlewares/Third_Party/LwIP/src/api/netdb.c ****     /* buf can't hold the data needed + a copy of name */
 192:Middlewares/Third_Party/LwIP/src/api/netdb.c ****     *h_errnop = ERANGE;
 193:Middlewares/Third_Party/LwIP/src/api/netdb.c ****     return -1;
 194:Middlewares/Third_Party/LwIP/src/api/netdb.c ****   }
 195:Middlewares/Third_Party/LwIP/src/api/netdb.c **** 
 196:Middlewares/Third_Party/LwIP/src/api/netdb.c ****   h = (struct gethostbyname_r_helper*)LWIP_MEM_ALIGN(buf);
 184              		.loc 1 196 0
 185 0038 0334     		adds	r4, r4, #3
 186              	.LVL10:
 187 003a 24F00304 		bic	r4, r4, #3
 188              	.LVL11:
 197:Middlewares/Third_Party/LwIP/src/api/netdb.c ****   hostname = ((char*)h) + sizeof(struct gethostbyname_r_helper);
 189              		.loc 1 197 0
 190 003e 04F11009 		add	r9, r4, #16
 191              	.LVL12:
 198:Middlewares/Third_Party/LwIP/src/api/netdb.c **** 
 199:Middlewares/Third_Party/LwIP/src/api/netdb.c ****   /* query host IP address */
 200:Middlewares/Third_Party/LwIP/src/api/netdb.c ****   err = netconn_gethostbyname(name, &h->addr);
 192              		.loc 1 200 0
 193 0042 04F1080B 		add	fp, r4, #8
 194 0046 5946     		mov	r1, fp
 195 0048 5046     		mov	r0, r10
 196              	.LVL13:
 197 004a FFF7FEFF 		bl	netconn_gethostbyname
 198              	.LVL14:
 201:Middlewares/Third_Party/LwIP/src/api/netdb.c ****   if (err != ERR_OK) {
 199              		.loc 1 201 0
ARM GAS  /var/folders/0d/93p3r6493yg7p0rvl_4r983m0000gn/T//ccsXwaRU.s 			page 8


 200 004e 50BB     		cbnz	r0, .L21
 202:Middlewares/Third_Party/LwIP/src/api/netdb.c ****     LWIP_DEBUGF(DNS_DEBUG, ("lwip_gethostbyname(%s) failed, err=%d\n", name, err));
 203:Middlewares/Third_Party/LwIP/src/api/netdb.c ****     *h_errnop = HOST_NOT_FOUND;
 204:Middlewares/Third_Party/LwIP/src/api/netdb.c ****     return -1;
 205:Middlewares/Third_Party/LwIP/src/api/netdb.c ****   }
 206:Middlewares/Third_Party/LwIP/src/api/netdb.c **** 
 207:Middlewares/Third_Party/LwIP/src/api/netdb.c ****   /* copy the hostname into buf */
 208:Middlewares/Third_Party/LwIP/src/api/netdb.c ****   MEMCPY(hostname, name, namelen);
 201              		.loc 1 208 0
 202 0050 4246     		mov	r2, r8
 203 0052 5146     		mov	r1, r10
 204 0054 4846     		mov	r0, r9
 205              	.LVL15:
 206 0056 FFF7FEFF 		bl	memcpy
 207              	.LVL16:
 209:Middlewares/Third_Party/LwIP/src/api/netdb.c ****   hostname[namelen] = 0;
 208              		.loc 1 209 0
 209 005a 0020     		movs	r0, #0
 210 005c 09F80800 		strb	r0, [r9, r8]
 210:Middlewares/Third_Party/LwIP/src/api/netdb.c **** 
 211:Middlewares/Third_Party/LwIP/src/api/netdb.c ****   /* fill hostent */
 212:Middlewares/Third_Party/LwIP/src/api/netdb.c ****   h->addr_list[0] = &h->addr;
 211              		.loc 1 212 0
 212 0060 C4F800B0 		str	fp, [r4]
 213:Middlewares/Third_Party/LwIP/src/api/netdb.c ****   h->addr_list[1] = NULL;
 213              		.loc 1 213 0
 214 0064 6060     		str	r0, [r4, #4]
 214:Middlewares/Third_Party/LwIP/src/api/netdb.c ****   h->aliases = NULL;
 215              		.loc 1 214 0
 216 0066 2346     		mov	r3, r4
 217 0068 43F80C0F 		str	r0, [r3, #12]!
 215:Middlewares/Third_Party/LwIP/src/api/netdb.c ****   ret->h_name = hostname;
 218              		.loc 1 215 0
 219 006c C5F80090 		str	r9, [r5]
 216:Middlewares/Third_Party/LwIP/src/api/netdb.c ****   ret->h_aliases = &h->aliases;
 220              		.loc 1 216 0
 221 0070 6B60     		str	r3, [r5, #4]
 217:Middlewares/Third_Party/LwIP/src/api/netdb.c ****   ret->h_addrtype = AF_INET;
 222              		.loc 1 217 0
 223 0072 0223     		movs	r3, #2
 224 0074 AB60     		str	r3, [r5, #8]
 218:Middlewares/Third_Party/LwIP/src/api/netdb.c ****   ret->h_length = sizeof(ip_addr_t);
 225              		.loc 1 218 0
 226 0076 0423     		movs	r3, #4
 227 0078 EB60     		str	r3, [r5, #12]
 219:Middlewares/Third_Party/LwIP/src/api/netdb.c ****   ret->h_addr_list = (char**)&h->addr_list;
 228              		.loc 1 219 0
 229 007a 2C61     		str	r4, [r5, #16]
 220:Middlewares/Third_Party/LwIP/src/api/netdb.c **** 
 221:Middlewares/Third_Party/LwIP/src/api/netdb.c ****   /* set result != NULL */
 222:Middlewares/Third_Party/LwIP/src/api/netdb.c ****   *result = ret;
 230              		.loc 1 222 0
 231 007c 3D60     		str	r5, [r7]
 232              	.LVL17:
 233              	.L8:
 223:Middlewares/Third_Party/LwIP/src/api/netdb.c **** 
 224:Middlewares/Third_Party/LwIP/src/api/netdb.c ****   /* return success */
ARM GAS  /var/folders/0d/93p3r6493yg7p0rvl_4r983m0000gn/T//ccsXwaRU.s 			page 9


 225:Middlewares/Third_Party/LwIP/src/api/netdb.c ****   return 0;
 226:Middlewares/Third_Party/LwIP/src/api/netdb.c **** }
 234              		.loc 1 226 0
 235 007e 03B0     		add	sp, sp, #12
 236              	.LCFI6:
 237              		.cfi_remember_state
 238              		.cfi_def_cfa_offset 36
 239              		@ sp needed
 240 0080 BDE8F08F 		pop	{r4, r5, r6, r7, r8, r9, r10, fp, pc}
 241              	.LVL18:
 242              	.L18:
 243              	.LCFI7:
 244              		.cfi_restore_state
 173:Middlewares/Third_Party/LwIP/src/api/netdb.c ****   }
 245              		.loc 1 173 0
 246 0084 01AE     		add	r6, sp, #4
 247 0086 C2E7     		b	.L9
 248              	.LVL19:
 249              	.L19:
 178:Middlewares/Third_Party/LwIP/src/api/netdb.c ****     return -1;
 250              		.loc 1 178 0
 251 0088 1623     		movs	r3, #22
 252              	.LVL20:
 253 008a 3360     		str	r3, [r6]
 179:Middlewares/Third_Party/LwIP/src/api/netdb.c ****   }
 254              		.loc 1 179 0
 255 008c 4FF0FF30 		mov	r0, #-1
 256              	.LVL21:
 257 0090 F5E7     		b	.L8
 258              	.LVL22:
 259              	.L12:
 185:Middlewares/Third_Party/LwIP/src/api/netdb.c ****     return -1;
 260              		.loc 1 185 0
 261 0092 1623     		movs	r3, #22
 262              	.LVL23:
 263 0094 3360     		str	r3, [r6]
 186:Middlewares/Third_Party/LwIP/src/api/netdb.c ****   }
 264              		.loc 1 186 0
 265 0096 4FF0FF30 		mov	r0, #-1
 266              	.LVL24:
 267 009a F0E7     		b	.L8
 268              	.LVL25:
 269              	.L20:
 192:Middlewares/Third_Party/LwIP/src/api/netdb.c ****     return -1;
 270              		.loc 1 192 0
 271 009c 2223     		movs	r3, #34
 272 009e 3360     		str	r3, [r6]
 193:Middlewares/Third_Party/LwIP/src/api/netdb.c ****   }
 273              		.loc 1 193 0
 274 00a0 4FF0FF30 		mov	r0, #-1
 275              	.LVL26:
 276 00a4 EBE7     		b	.L8
 277              	.LVL27:
 278              	.L21:
 203:Middlewares/Third_Party/LwIP/src/api/netdb.c ****     return -1;
 279              		.loc 1 203 0
 280 00a6 D223     		movs	r3, #210
ARM GAS  /var/folders/0d/93p3r6493yg7p0rvl_4r983m0000gn/T//ccsXwaRU.s 			page 10


 281 00a8 3360     		str	r3, [r6]
 204:Middlewares/Third_Party/LwIP/src/api/netdb.c ****   }
 282              		.loc 1 204 0
 283 00aa 4FF0FF30 		mov	r0, #-1
 284              	.LVL28:
 285 00ae E6E7     		b	.L8
 286              		.cfi_endproc
 287              	.LFE148:
 289              		.section	.text.lwip_freeaddrinfo,"ax",%progbits
 290              		.align	1
 291              		.global	lwip_freeaddrinfo
 292              		.syntax unified
 293              		.thumb
 294              		.thumb_func
 295              		.fpu fpv4-sp-d16
 297              	lwip_freeaddrinfo:
 298              	.LFB149:
 227:Middlewares/Third_Party/LwIP/src/api/netdb.c **** 
 228:Middlewares/Third_Party/LwIP/src/api/netdb.c **** /**
 229:Middlewares/Third_Party/LwIP/src/api/netdb.c ****  * Frees one or more addrinfo structures returned by getaddrinfo(), along with
 230:Middlewares/Third_Party/LwIP/src/api/netdb.c ****  * any additional storage associated with those structures. If the ai_next field
 231:Middlewares/Third_Party/LwIP/src/api/netdb.c ****  * of the structure is not null, the entire list of structures is freed.
 232:Middlewares/Third_Party/LwIP/src/api/netdb.c ****  *
 233:Middlewares/Third_Party/LwIP/src/api/netdb.c ****  * @param ai struct addrinfo to free
 234:Middlewares/Third_Party/LwIP/src/api/netdb.c ****  */
 235:Middlewares/Third_Party/LwIP/src/api/netdb.c **** void
 236:Middlewares/Third_Party/LwIP/src/api/netdb.c **** lwip_freeaddrinfo(struct addrinfo *ai)
 237:Middlewares/Third_Party/LwIP/src/api/netdb.c **** {
 299              		.loc 1 237 0
 300              		.cfi_startproc
 301              		@ args = 0, pretend = 0, frame = 0
 302              		@ frame_needed = 0, uses_anonymous_args = 0
 303              	.LVL29:
 304 0000 0146     		mov	r1, r0
 238:Middlewares/Third_Party/LwIP/src/api/netdb.c ****   struct addrinfo *next;
 239:Middlewares/Third_Party/LwIP/src/api/netdb.c **** 
 240:Middlewares/Third_Party/LwIP/src/api/netdb.c ****   while (ai != NULL) {
 305              		.loc 1 240 0
 306 0002 40B1     		cbz	r0, .L28
 237:Middlewares/Third_Party/LwIP/src/api/netdb.c ****   struct addrinfo *next;
 307              		.loc 1 237 0
 308 0004 10B5     		push	{r4, lr}
 309              	.LCFI8:
 310              		.cfi_def_cfa_offset 8
 311              		.cfi_offset 4, -8
 312              		.cfi_offset 14, -4
 313              	.LVL30:
 314              	.L24:
 241:Middlewares/Third_Party/LwIP/src/api/netdb.c ****     next = ai->ai_next;
 315              		.loc 1 241 0
 316 0006 CC69     		ldr	r4, [r1, #28]
 317              	.LVL31:
 242:Middlewares/Third_Party/LwIP/src/api/netdb.c ****     memp_free(MEMP_NETDB, ai);
 318              		.loc 1 242 0
 319 0008 0B20     		movs	r0, #11
 320 000a FFF7FEFF 		bl	memp_free
 321              	.LVL32:
ARM GAS  /var/folders/0d/93p3r6493yg7p0rvl_4r983m0000gn/T//ccsXwaRU.s 			page 11


 243:Middlewares/Third_Party/LwIP/src/api/netdb.c ****     ai = next;
 322              		.loc 1 243 0
 323 000e 2146     		mov	r1, r4
 240:Middlewares/Third_Party/LwIP/src/api/netdb.c ****     next = ai->ai_next;
 324              		.loc 1 240 0
 325 0010 002C     		cmp	r4, #0
 326 0012 F8D1     		bne	.L24
 244:Middlewares/Third_Party/LwIP/src/api/netdb.c ****   }
 245:Middlewares/Third_Party/LwIP/src/api/netdb.c **** }
 327              		.loc 1 245 0
 328 0014 10BD     		pop	{r4, pc}
 329              	.LVL33:
 330              	.L28:
 331              	.LCFI9:
 332              		.cfi_def_cfa_offset 0
 333              		.cfi_restore 4
 334              		.cfi_restore 14
 335 0016 7047     		bx	lr
 336              		.cfi_endproc
 337              	.LFE149:
 339              		.section	.text.lwip_getaddrinfo,"ax",%progbits
 340              		.align	1
 341              		.global	lwip_getaddrinfo
 342              		.syntax unified
 343              		.thumb
 344              		.thumb_func
 345              		.fpu fpv4-sp-d16
 347              	lwip_getaddrinfo:
 348              	.LFB150:
 246:Middlewares/Third_Party/LwIP/src/api/netdb.c **** 
 247:Middlewares/Third_Party/LwIP/src/api/netdb.c **** /**
 248:Middlewares/Third_Party/LwIP/src/api/netdb.c ****  * Translates the name of a service location (for example, a host name) and/or
 249:Middlewares/Third_Party/LwIP/src/api/netdb.c ****  * a service name and returns a set of socket addresses and associated
 250:Middlewares/Third_Party/LwIP/src/api/netdb.c ****  * information to be used in creating a socket with which to address the
 251:Middlewares/Third_Party/LwIP/src/api/netdb.c ****  * specified service.
 252:Middlewares/Third_Party/LwIP/src/api/netdb.c ****  * Memory for the result is allocated internally and must be freed by calling
 253:Middlewares/Third_Party/LwIP/src/api/netdb.c ****  * lwip_freeaddrinfo()!
 254:Middlewares/Third_Party/LwIP/src/api/netdb.c ****  *
 255:Middlewares/Third_Party/LwIP/src/api/netdb.c ****  * Due to a limitation in dns_gethostbyname, only the first address of a
 256:Middlewares/Third_Party/LwIP/src/api/netdb.c ****  * host is returned.
 257:Middlewares/Third_Party/LwIP/src/api/netdb.c ****  * Also, service names are not supported (only port numbers)!
 258:Middlewares/Third_Party/LwIP/src/api/netdb.c ****  *
 259:Middlewares/Third_Party/LwIP/src/api/netdb.c ****  * @param nodename descriptive name or address string of the host
 260:Middlewares/Third_Party/LwIP/src/api/netdb.c ****  *                 (may be NULL -> local address)
 261:Middlewares/Third_Party/LwIP/src/api/netdb.c ****  * @param servname port number as string of NULL
 262:Middlewares/Third_Party/LwIP/src/api/netdb.c ****  * @param hints structure containing input values that set socktype and protocol
 263:Middlewares/Third_Party/LwIP/src/api/netdb.c ****  * @param res pointer to a pointer where to store the result (set to NULL on failure)
 264:Middlewares/Third_Party/LwIP/src/api/netdb.c ****  * @return 0 on success, non-zero on failure
 265:Middlewares/Third_Party/LwIP/src/api/netdb.c ****  *
 266:Middlewares/Third_Party/LwIP/src/api/netdb.c ****  * @todo: implement AI_V4MAPPED, AI_ADDRCONFIG
 267:Middlewares/Third_Party/LwIP/src/api/netdb.c ****  */
 268:Middlewares/Third_Party/LwIP/src/api/netdb.c **** int
 269:Middlewares/Third_Party/LwIP/src/api/netdb.c **** lwip_getaddrinfo(const char *nodename, const char *servname,
 270:Middlewares/Third_Party/LwIP/src/api/netdb.c ****        const struct addrinfo *hints, struct addrinfo **res)
 271:Middlewares/Third_Party/LwIP/src/api/netdb.c **** {
 349              		.loc 1 271 0
 350              		.cfi_startproc
ARM GAS  /var/folders/0d/93p3r6493yg7p0rvl_4r983m0000gn/T//ccsXwaRU.s 			page 12


 351              		@ args = 0, pretend = 0, frame = 8
 352              		@ frame_needed = 0, uses_anonymous_args = 0
 353              	.LVL34:
 272:Middlewares/Third_Party/LwIP/src/api/netdb.c ****   err_t err;
 273:Middlewares/Third_Party/LwIP/src/api/netdb.c ****   ip_addr_t addr;
 274:Middlewares/Third_Party/LwIP/src/api/netdb.c ****   struct addrinfo *ai;
 275:Middlewares/Third_Party/LwIP/src/api/netdb.c ****   struct sockaddr_storage *sa = NULL;
 276:Middlewares/Third_Party/LwIP/src/api/netdb.c ****   int port_nr = 0;
 277:Middlewares/Third_Party/LwIP/src/api/netdb.c ****   size_t total_size;
 278:Middlewares/Third_Party/LwIP/src/api/netdb.c ****   size_t namelen = 0;
 279:Middlewares/Third_Party/LwIP/src/api/netdb.c ****   int ai_family;
 280:Middlewares/Third_Party/LwIP/src/api/netdb.c **** 
 281:Middlewares/Third_Party/LwIP/src/api/netdb.c ****   if (res == NULL) {
 354              		.loc 1 281 0
 355 0000 002B     		cmp	r3, #0
 356 0002 00F09B80 		beq	.L42
 271:Middlewares/Third_Party/LwIP/src/api/netdb.c ****   err_t err;
 357              		.loc 1 271 0
 358 0006 2DE9F04F 		push	{r4, r5, r6, r7, r8, r9, r10, fp, lr}
 359              	.LCFI10:
 360              		.cfi_def_cfa_offset 36
 361              		.cfi_offset 4, -36
 362              		.cfi_offset 5, -32
 363              		.cfi_offset 6, -28
 364              		.cfi_offset 7, -24
 365              		.cfi_offset 8, -20
 366              		.cfi_offset 9, -16
 367              		.cfi_offset 10, -12
 368              		.cfi_offset 11, -8
 369              		.cfi_offset 14, -4
 370 000a 83B0     		sub	sp, sp, #12
 371              	.LCFI11:
 372              		.cfi_def_cfa_offset 48
 373 000c 1F46     		mov	r7, r3
 282:Middlewares/Third_Party/LwIP/src/api/netdb.c ****     return EAI_FAIL;
 283:Middlewares/Third_Party/LwIP/src/api/netdb.c ****   }
 284:Middlewares/Third_Party/LwIP/src/api/netdb.c ****   *res = NULL;
 374              		.loc 1 284 0
 375 000e 0023     		movs	r3, #0
 376              	.LVL35:
 377 0010 3B60     		str	r3, [r7]
 285:Middlewares/Third_Party/LwIP/src/api/netdb.c ****   if ((nodename == NULL) && (servname == NULL)) {
 378              		.loc 1 285 0
 379 0012 98B1     		cbz	r0, .L56
 380              	.L31:
 286:Middlewares/Third_Party/LwIP/src/api/netdb.c ****     return EAI_NONAME;
 287:Middlewares/Third_Party/LwIP/src/api/netdb.c ****   }
 288:Middlewares/Third_Party/LwIP/src/api/netdb.c **** 
 289:Middlewares/Third_Party/LwIP/src/api/netdb.c ****   if (hints != NULL) {
 381              		.loc 1 289 0
 382 0014 22B1     		cbz	r2, .L32
 290:Middlewares/Third_Party/LwIP/src/api/netdb.c ****     ai_family = hints->ai_family;
 383              		.loc 1 290 0
 384 0016 5368     		ldr	r3, [r2, #4]
 385              	.LVL36:
 291:Middlewares/Third_Party/LwIP/src/api/netdb.c ****     if ((ai_family != AF_UNSPEC)
 386              		.loc 1 291 0
ARM GAS  /var/folders/0d/93p3r6493yg7p0rvl_4r983m0000gn/T//ccsXwaRU.s 			page 13


 387 0018 13B1     		cbz	r3, .L32
 292:Middlewares/Third_Party/LwIP/src/api/netdb.c **** #if LWIP_IPV4
 293:Middlewares/Third_Party/LwIP/src/api/netdb.c ****       && (ai_family != AF_INET)
 388              		.loc 1 293 0
 389 001a 022B     		cmp	r3, #2
 390 001c 40F09080 		bne	.L44
 391              	.LVL37:
 392              	.L32:
 393 0020 1646     		mov	r6, r2
 394 0022 0446     		mov	r4, r0
 294:Middlewares/Third_Party/LwIP/src/api/netdb.c **** #endif /* LWIP_IPV4 */
 295:Middlewares/Third_Party/LwIP/src/api/netdb.c **** #if LWIP_IPV6
 296:Middlewares/Third_Party/LwIP/src/api/netdb.c ****       && (ai_family != AF_INET6)
 297:Middlewares/Third_Party/LwIP/src/api/netdb.c **** #endif /* LWIP_IPV6 */
 298:Middlewares/Third_Party/LwIP/src/api/netdb.c ****       ) {
 299:Middlewares/Third_Party/LwIP/src/api/netdb.c ****       return EAI_FAMILY;
 300:Middlewares/Third_Party/LwIP/src/api/netdb.c ****     }
 301:Middlewares/Third_Party/LwIP/src/api/netdb.c ****   } else {
 302:Middlewares/Third_Party/LwIP/src/api/netdb.c ****     ai_family = AF_UNSPEC;
 303:Middlewares/Third_Party/LwIP/src/api/netdb.c ****   }
 304:Middlewares/Third_Party/LwIP/src/api/netdb.c **** 
 305:Middlewares/Third_Party/LwIP/src/api/netdb.c ****   if (servname != NULL) {
 395              		.loc 1 305 0
 396 0024 71B1     		cbz	r1, .L45
 306:Middlewares/Third_Party/LwIP/src/api/netdb.c ****     /* service name specified: convert to port number
 307:Middlewares/Third_Party/LwIP/src/api/netdb.c ****      * @todo?: currently, only ASCII integers (port numbers) are supported (AI_NUMERICSERV)! */
 308:Middlewares/Third_Party/LwIP/src/api/netdb.c ****     port_nr = atoi(servname);
 397              		.loc 1 308 0
 398 0026 0846     		mov	r0, r1
 399              	.LVL38:
 400 0028 FFF7FEFF 		bl	atoi
 401              	.LVL39:
 402 002c 8146     		mov	r9, r0
 403              	.LVL40:
 309:Middlewares/Third_Party/LwIP/src/api/netdb.c ****     if ((port_nr <= 0) || (port_nr > 0xffff)) {
 404              		.loc 1 309 0
 405 002e 421E     		subs	r2, r0, #1
 406 0030 4FF6FE73 		movw	r3, #65534
 407 0034 9A42     		cmp	r2, r3
 408 0036 07D9     		bls	.L33
 310:Middlewares/Third_Party/LwIP/src/api/netdb.c ****       return EAI_SERVICE;
 409              		.loc 1 310 0
 410 0038 C920     		movs	r0, #201
 411              	.LVL41:
 412 003a 54E0     		b	.L29
 413              	.LVL42:
 414              	.L56:
 285:Middlewares/Third_Party/LwIP/src/api/netdb.c ****     return EAI_NONAME;
 415              		.loc 1 285 0 discriminator 1
 416 003c 0029     		cmp	r1, #0
 417 003e E9D1     		bne	.L31
 286:Middlewares/Third_Party/LwIP/src/api/netdb.c ****   }
 418              		.loc 1 286 0
 419 0040 C820     		movs	r0, #200
 420              	.LVL43:
 421 0042 50E0     		b	.L29
 422              	.LVL44:
ARM GAS  /var/folders/0d/93p3r6493yg7p0rvl_4r983m0000gn/T//ccsXwaRU.s 			page 14


 423              	.L45:
 276:Middlewares/Third_Party/LwIP/src/api/netdb.c ****   size_t total_size;
 424              		.loc 1 276 0
 425 0044 4FF00009 		mov	r9, #0
 426              	.LVL45:
 427              	.L33:
 311:Middlewares/Third_Party/LwIP/src/api/netdb.c ****     }
 312:Middlewares/Third_Party/LwIP/src/api/netdb.c ****   }
 313:Middlewares/Third_Party/LwIP/src/api/netdb.c **** 
 314:Middlewares/Third_Party/LwIP/src/api/netdb.c ****   if (nodename != NULL) {
 428              		.loc 1 314 0
 429 0048 002C     		cmp	r4, #0
 430 004a 57D0     		beq	.L34
 315:Middlewares/Third_Party/LwIP/src/api/netdb.c ****     /* service location specified, try to resolve */
 316:Middlewares/Third_Party/LwIP/src/api/netdb.c ****     if ((hints != NULL) && (hints->ai_flags & AI_NUMERICHOST)) {
 431              		.loc 1 316 0
 432 004c 1EB1     		cbz	r6, .L35
 433              		.loc 1 316 0 is_stmt 0 discriminator 1
 434 004e 3368     		ldr	r3, [r6]
 435 0050 13F0040F 		tst	r3, #4
 436 0054 4AD1     		bne	.L57
 437              	.L35:
 317:Middlewares/Third_Party/LwIP/src/api/netdb.c ****       /* no DNS lookup, just parse for an address string */
 318:Middlewares/Third_Party/LwIP/src/api/netdb.c ****       if (!ipaddr_aton(nodename, &addr)) {
 319:Middlewares/Third_Party/LwIP/src/api/netdb.c ****         return EAI_NONAME;
 320:Middlewares/Third_Party/LwIP/src/api/netdb.c ****       }
 321:Middlewares/Third_Party/LwIP/src/api/netdb.c **** #if LWIP_IPV4 && LWIP_IPV6
 322:Middlewares/Third_Party/LwIP/src/api/netdb.c ****       if ((IP_IS_V6_VAL(addr) && ai_family == AF_INET) ||
 323:Middlewares/Third_Party/LwIP/src/api/netdb.c ****           (IP_IS_V4_VAL(addr) && ai_family == AF_INET6)) {
 324:Middlewares/Third_Party/LwIP/src/api/netdb.c ****         return EAI_NONAME;
 325:Middlewares/Third_Party/LwIP/src/api/netdb.c ****       }
 326:Middlewares/Third_Party/LwIP/src/api/netdb.c **** #endif /* LWIP_IPV4 && LWIP_IPV6 */
 327:Middlewares/Third_Party/LwIP/src/api/netdb.c ****     } else {
 328:Middlewares/Third_Party/LwIP/src/api/netdb.c **** #if LWIP_IPV4 && LWIP_IPV6
 329:Middlewares/Third_Party/LwIP/src/api/netdb.c ****       /* AF_UNSPEC: prefer IPv4 */
 330:Middlewares/Third_Party/LwIP/src/api/netdb.c ****       u8_t type = NETCONN_DNS_IPV4_IPV6;
 331:Middlewares/Third_Party/LwIP/src/api/netdb.c ****       if (ai_family == AF_INET) {
 332:Middlewares/Third_Party/LwIP/src/api/netdb.c ****         type = NETCONN_DNS_IPV4;
 333:Middlewares/Third_Party/LwIP/src/api/netdb.c ****       } else if (ai_family == AF_INET6) {
 334:Middlewares/Third_Party/LwIP/src/api/netdb.c ****         type = NETCONN_DNS_IPV6;
 335:Middlewares/Third_Party/LwIP/src/api/netdb.c ****       }
 336:Middlewares/Third_Party/LwIP/src/api/netdb.c **** #endif /* LWIP_IPV4 && LWIP_IPV6 */
 337:Middlewares/Third_Party/LwIP/src/api/netdb.c ****       err = netconn_gethostbyname_addrtype(nodename, &addr, type);
 438              		.loc 1 337 0 is_stmt 1
 439 0056 01A9     		add	r1, sp, #4
 440 0058 2046     		mov	r0, r4
 441 005a FFF7FEFF 		bl	netconn_gethostbyname
 442              	.LVL46:
 338:Middlewares/Third_Party/LwIP/src/api/netdb.c ****       if (err != ERR_OK) {
 443              		.loc 1 338 0
 444 005e 0028     		cmp	r0, #0
 445 0060 70D1     		bne	.L58
 446              	.LVL47:
 447              	.L36:
 339:Middlewares/Third_Party/LwIP/src/api/netdb.c ****         return EAI_FAIL;
 340:Middlewares/Third_Party/LwIP/src/api/netdb.c ****       }
 341:Middlewares/Third_Party/LwIP/src/api/netdb.c ****     }
ARM GAS  /var/folders/0d/93p3r6493yg7p0rvl_4r983m0000gn/T//ccsXwaRU.s 			page 15


 342:Middlewares/Third_Party/LwIP/src/api/netdb.c ****   } else {
 343:Middlewares/Third_Party/LwIP/src/api/netdb.c ****     /* service location specified, use loopback address */
 344:Middlewares/Third_Party/LwIP/src/api/netdb.c ****     if ((hints != NULL) && (hints->ai_flags & AI_PASSIVE)) {
 345:Middlewares/Third_Party/LwIP/src/api/netdb.c ****       ip_addr_set_any(ai_family == AF_INET6, &addr);
 346:Middlewares/Third_Party/LwIP/src/api/netdb.c ****     } else {
 347:Middlewares/Third_Party/LwIP/src/api/netdb.c ****       ip_addr_set_loopback(ai_family == AF_INET6, &addr);
 348:Middlewares/Third_Party/LwIP/src/api/netdb.c ****     }
 349:Middlewares/Third_Party/LwIP/src/api/netdb.c ****   }
 350:Middlewares/Third_Party/LwIP/src/api/netdb.c **** 
 351:Middlewares/Third_Party/LwIP/src/api/netdb.c ****   total_size = sizeof(struct addrinfo) + sizeof(struct sockaddr_storage);
 352:Middlewares/Third_Party/LwIP/src/api/netdb.c ****   if (nodename != NULL) {
 448              		.loc 1 352 0
 449 0062 002C     		cmp	r4, #0
 450 0064 65D0     		beq	.L49
 353:Middlewares/Third_Party/LwIP/src/api/netdb.c ****     namelen = strlen(nodename);
 451              		.loc 1 353 0
 452 0066 2046     		mov	r0, r4
 453 0068 FFF7FEFF 		bl	strlen
 454              	.LVL48:
 455 006c 8046     		mov	r8, r0
 456              	.LVL49:
 354:Middlewares/Third_Party/LwIP/src/api/netdb.c ****     if (namelen > DNS_MAX_NAME_LENGTH) {
 457              		.loc 1 354 0
 458 006e B0F5807F 		cmp	r0, #256
 459 0072 69D8     		bhi	.L50
 355:Middlewares/Third_Party/LwIP/src/api/netdb.c ****       /* invalid name length */
 356:Middlewares/Third_Party/LwIP/src/api/netdb.c ****       return EAI_FAIL;
 357:Middlewares/Third_Party/LwIP/src/api/netdb.c ****     }
 358:Middlewares/Third_Party/LwIP/src/api/netdb.c ****     LWIP_ASSERT("namelen is too long", total_size + namelen + 1 > total_size);
 460              		.loc 1 358 0
 461 0074 10F1310A 		adds	r10, r0, #49
 462 0078 4BD2     		bcs	.L59
 463              	.LVL50:
 464              	.L39:
 359:Middlewares/Third_Party/LwIP/src/api/netdb.c ****     total_size += namelen + 1;
 360:Middlewares/Third_Party/LwIP/src/api/netdb.c ****   }
 361:Middlewares/Third_Party/LwIP/src/api/netdb.c ****   /* If this fails, please report to lwip-devel! :-) */
 362:Middlewares/Third_Party/LwIP/src/api/netdb.c ****   LWIP_ASSERT("total_size <= NETDB_ELEM_SIZE: please report this!",
 465              		.loc 1 362 0
 466 007a BAF5997F 		cmp	r10, #306
 467 007e 50D2     		bcs	.L60
 468              	.LVL51:
 469              	.L38:
 363:Middlewares/Third_Party/LwIP/src/api/netdb.c ****     total_size <= NETDB_ELEM_SIZE);
 364:Middlewares/Third_Party/LwIP/src/api/netdb.c ****   ai = (struct addrinfo *)memp_malloc(MEMP_NETDB);
 470              		.loc 1 364 0
 471 0080 0B20     		movs	r0, #11
 472 0082 FFF7FEFF 		bl	memp_malloc
 473              	.LVL52:
 365:Middlewares/Third_Party/LwIP/src/api/netdb.c ****   if (ai == NULL) {
 474              		.loc 1 365 0
 475 0086 0546     		mov	r5, r0
 476 0088 0028     		cmp	r0, #0
 477 008a 5FD0     		beq	.L51
 366:Middlewares/Third_Party/LwIP/src/api/netdb.c ****     return EAI_MEMORY;
 367:Middlewares/Third_Party/LwIP/src/api/netdb.c ****   }
 368:Middlewares/Third_Party/LwIP/src/api/netdb.c ****   memset(ai, 0, total_size);
ARM GAS  /var/folders/0d/93p3r6493yg7p0rvl_4r983m0000gn/T//ccsXwaRU.s 			page 16


 478              		.loc 1 368 0
 479 008c 5246     		mov	r2, r10
 480 008e 0021     		movs	r1, #0
 481 0090 FFF7FEFF 		bl	memset
 482              	.LVL53:
 369:Middlewares/Third_Party/LwIP/src/api/netdb.c ****   /* cast through void* to get rid of alignment warnings */
 370:Middlewares/Third_Party/LwIP/src/api/netdb.c ****   sa = (struct sockaddr_storage *)(void*)((u8_t*)ai + sizeof(struct addrinfo));
 483              		.loc 1 370 0
 484 0094 05F1200B 		add	fp, r5, #32
 485              	.LVL54:
 486              	.LBB2:
 371:Middlewares/Third_Party/LwIP/src/api/netdb.c ****   if (IP_IS_V6_VAL(addr)) {
 372:Middlewares/Third_Party/LwIP/src/api/netdb.c **** #if LWIP_IPV6
 373:Middlewares/Third_Party/LwIP/src/api/netdb.c ****     struct sockaddr_in6 *sa6 = (struct sockaddr_in6*)sa;
 374:Middlewares/Third_Party/LwIP/src/api/netdb.c ****     /* set up sockaddr */
 375:Middlewares/Third_Party/LwIP/src/api/netdb.c ****     inet6_addr_from_ip6addr(&sa6->sin6_addr, ip_2_ip6(&addr));
 376:Middlewares/Third_Party/LwIP/src/api/netdb.c ****     sa6->sin6_family = AF_INET6;
 377:Middlewares/Third_Party/LwIP/src/api/netdb.c ****     sa6->sin6_len = sizeof(struct sockaddr_in6);
 378:Middlewares/Third_Party/LwIP/src/api/netdb.c ****     sa6->sin6_port = lwip_htons((u16_t)port_nr);
 379:Middlewares/Third_Party/LwIP/src/api/netdb.c ****     ai->ai_family = AF_INET6;
 380:Middlewares/Third_Party/LwIP/src/api/netdb.c **** #endif /* LWIP_IPV6 */
 381:Middlewares/Third_Party/LwIP/src/api/netdb.c ****   } else {
 382:Middlewares/Third_Party/LwIP/src/api/netdb.c **** #if LWIP_IPV4
 383:Middlewares/Third_Party/LwIP/src/api/netdb.c ****     struct sockaddr_in *sa4 = (struct sockaddr_in*)sa;
 384:Middlewares/Third_Party/LwIP/src/api/netdb.c ****     /* set up sockaddr */
 385:Middlewares/Third_Party/LwIP/src/api/netdb.c ****     inet_addr_from_ip4addr(&sa4->sin_addr, ip_2_ip4(&addr));
 487              		.loc 1 385 0
 488 0098 019B     		ldr	r3, [sp, #4]
 489 009a 6B62     		str	r3, [r5, #36]
 386:Middlewares/Third_Party/LwIP/src/api/netdb.c ****     sa4->sin_family = AF_INET;
 490              		.loc 1 386 0
 491 009c 4FF0020A 		mov	r10, #2
 492 00a0 85F821A0 		strb	r10, [r5, #33]
 387:Middlewares/Third_Party/LwIP/src/api/netdb.c ****     sa4->sin_len = sizeof(struct sockaddr_in);
 493              		.loc 1 387 0
 494 00a4 1023     		movs	r3, #16
 495 00a6 85F82030 		strb	r3, [r5, #32]
 388:Middlewares/Third_Party/LwIP/src/api/netdb.c ****     sa4->sin_port = lwip_htons((u16_t)port_nr);
 496              		.loc 1 388 0
 497 00aa 1FFA89F0 		uxth	r0, r9
 498 00ae FFF7FEFF 		bl	lwip_htons
 499              	.LVL55:
 500 00b2 6884     		strh	r0, [r5, #34]	@ movhi
 389:Middlewares/Third_Party/LwIP/src/api/netdb.c ****     ai->ai_family = AF_INET;
 501              		.loc 1 389 0
 502 00b4 C5F804A0 		str	r10, [r5, #4]
 503              	.LBE2:
 390:Middlewares/Third_Party/LwIP/src/api/netdb.c **** #endif /* LWIP_IPV4 */
 391:Middlewares/Third_Party/LwIP/src/api/netdb.c ****   }
 392:Middlewares/Third_Party/LwIP/src/api/netdb.c **** 
 393:Middlewares/Third_Party/LwIP/src/api/netdb.c ****   /* set up addrinfo */
 394:Middlewares/Third_Party/LwIP/src/api/netdb.c ****   if (hints != NULL) {
 504              		.loc 1 394 0
 505 00b8 1EB1     		cbz	r6, .L40
 395:Middlewares/Third_Party/LwIP/src/api/netdb.c ****     /* copy socktype & protocol from hints if specified */
 396:Middlewares/Third_Party/LwIP/src/api/netdb.c ****     ai->ai_socktype = hints->ai_socktype;
 506              		.loc 1 396 0
ARM GAS  /var/folders/0d/93p3r6493yg7p0rvl_4r983m0000gn/T//ccsXwaRU.s 			page 17


 507 00ba B368     		ldr	r3, [r6, #8]
 508 00bc AB60     		str	r3, [r5, #8]
 397:Middlewares/Third_Party/LwIP/src/api/netdb.c ****     ai->ai_protocol = hints->ai_protocol;
 509              		.loc 1 397 0
 510 00be F368     		ldr	r3, [r6, #12]
 511 00c0 EB60     		str	r3, [r5, #12]
 512              	.L40:
 398:Middlewares/Third_Party/LwIP/src/api/netdb.c ****   }
 399:Middlewares/Third_Party/LwIP/src/api/netdb.c ****   if (nodename != NULL) {
 513              		.loc 1 399 0
 514 00c2 54B1     		cbz	r4, .L41
 400:Middlewares/Third_Party/LwIP/src/api/netdb.c ****     /* copy nodename to canonname if specified */
 401:Middlewares/Third_Party/LwIP/src/api/netdb.c ****     ai->ai_canonname = ((char*)ai + sizeof(struct addrinfo) + sizeof(struct sockaddr_storage));
 515              		.loc 1 401 0
 516 00c4 05F13006 		add	r6, r5, #48
 517              	.LVL56:
 518 00c8 AE61     		str	r6, [r5, #24]
 402:Middlewares/Third_Party/LwIP/src/api/netdb.c ****     MEMCPY(ai->ai_canonname, nodename, namelen);
 519              		.loc 1 402 0
 520 00ca 4246     		mov	r2, r8
 521 00cc 2146     		mov	r1, r4
 522 00ce 3046     		mov	r0, r6
 523 00d0 FFF7FEFF 		bl	memcpy
 524              	.LVL57:
 403:Middlewares/Third_Party/LwIP/src/api/netdb.c ****     ai->ai_canonname[namelen] = 0;
 525              		.loc 1 403 0
 526 00d4 0023     		movs	r3, #0
 527 00d6 06F80830 		strb	r3, [r6, r8]
 528              	.L41:
 404:Middlewares/Third_Party/LwIP/src/api/netdb.c ****   }
 405:Middlewares/Third_Party/LwIP/src/api/netdb.c ****   ai->ai_addrlen = sizeof(struct sockaddr_storage);
 529              		.loc 1 405 0
 530 00da 1023     		movs	r3, #16
 531 00dc 2B61     		str	r3, [r5, #16]
 406:Middlewares/Third_Party/LwIP/src/api/netdb.c ****   ai->ai_addr = (struct sockaddr*)sa;
 532              		.loc 1 406 0
 533 00de C5F814B0 		str	fp, [r5, #20]
 407:Middlewares/Third_Party/LwIP/src/api/netdb.c **** 
 408:Middlewares/Third_Party/LwIP/src/api/netdb.c ****   *res = ai;
 534              		.loc 1 408 0
 535 00e2 3D60     		str	r5, [r7]
 409:Middlewares/Third_Party/LwIP/src/api/netdb.c **** 
 410:Middlewares/Third_Party/LwIP/src/api/netdb.c ****   return 0;
 536              		.loc 1 410 0
 537 00e4 0020     		movs	r0, #0
 538              	.LVL58:
 539              	.L29:
 411:Middlewares/Third_Party/LwIP/src/api/netdb.c **** }
 540              		.loc 1 411 0
 541 00e6 03B0     		add	sp, sp, #12
 542              	.LCFI12:
 543              		.cfi_remember_state
 544              		.cfi_def_cfa_offset 36
 545              		@ sp needed
 546 00e8 BDE8F08F 		pop	{r4, r5, r6, r7, r8, r9, r10, fp, pc}
 547              	.LVL59:
 548              	.L57:
ARM GAS  /var/folders/0d/93p3r6493yg7p0rvl_4r983m0000gn/T//ccsXwaRU.s 			page 18


 549              	.LCFI13:
 550              		.cfi_restore_state
 318:Middlewares/Third_Party/LwIP/src/api/netdb.c ****         return EAI_NONAME;
 551              		.loc 1 318 0
 552 00ec 01A9     		add	r1, sp, #4
 553 00ee 2046     		mov	r0, r4
 554 00f0 FFF7FEFF 		bl	ip4addr_aton
 555              	.LVL60:
 556 00f4 0028     		cmp	r0, #0
 557 00f6 B4D1     		bne	.L36
 319:Middlewares/Third_Party/LwIP/src/api/netdb.c ****       }
 558              		.loc 1 319 0
 559 00f8 C820     		movs	r0, #200
 560 00fa F4E7     		b	.L29
 561              	.L34:
 344:Middlewares/Third_Party/LwIP/src/api/netdb.c ****       ip_addr_set_any(ai_family == AF_INET6, &addr);
 562              		.loc 1 344 0
 563 00fc 36B1     		cbz	r6, .L37
 344:Middlewares/Third_Party/LwIP/src/api/netdb.c ****       ip_addr_set_any(ai_family == AF_INET6, &addr);
 564              		.loc 1 344 0 is_stmt 0 discriminator 1
 565 00fe 3368     		ldr	r3, [r6]
 566 0100 13F0010F 		tst	r3, #1
 567 0104 02D0     		beq	.L37
 345:Middlewares/Third_Party/LwIP/src/api/netdb.c ****     } else {
 568              		.loc 1 345 0 is_stmt 1
 569 0106 0023     		movs	r3, #0
 570 0108 0193     		str	r3, [sp, #4]
 571 010a AAE7     		b	.L36
 572              	.L37:
 347:Middlewares/Third_Party/LwIP/src/api/netdb.c ****     }
 573              		.loc 1 347 0
 574 010c 104B     		ldr	r3, .L61
 575 010e 0193     		str	r3, [sp, #4]
 576 0110 A7E7     		b	.L36
 577              	.LVL61:
 578              	.L59:
 358:Middlewares/Third_Party/LwIP/src/api/netdb.c ****     total_size += namelen + 1;
 579              		.loc 1 358 0 discriminator 1
 580 0112 104B     		ldr	r3, .L61+4
 581 0114 4FF4B372 		mov	r2, #358
 582 0118 0F49     		ldr	r1, .L61+8
 583 011a 1048     		ldr	r0, .L61+12
 584              	.LVL62:
 585 011c FFF7FEFF 		bl	printf
 586              	.LVL63:
 587 0120 ABE7     		b	.L39
 588              	.LVL64:
 589              	.L60:
 362:Middlewares/Third_Party/LwIP/src/api/netdb.c ****     total_size <= NETDB_ELEM_SIZE);
 590              		.loc 1 362 0 discriminator 1
 591 0122 0C4B     		ldr	r3, .L61+4
 592 0124 40F26B12 		movw	r2, #363
 593 0128 0D49     		ldr	r1, .L61+16
 594 012a 0C48     		ldr	r0, .L61+12
 595 012c FFF7FEFF 		bl	printf
 596              	.LVL65:
 597 0130 A6E7     		b	.L38
ARM GAS  /var/folders/0d/93p3r6493yg7p0rvl_4r983m0000gn/T//ccsXwaRU.s 			page 19


 598              	.LVL66:
 599              	.L49:
 278:Middlewares/Third_Party/LwIP/src/api/netdb.c ****   int ai_family;
 600              		.loc 1 278 0
 601 0132 4FF00008 		mov	r8, #0
 351:Middlewares/Third_Party/LwIP/src/api/netdb.c ****   if (nodename != NULL) {
 602              		.loc 1 351 0
 603 0136 4FF0300A 		mov	r10, #48
 604 013a A1E7     		b	.L38
 605              	.LVL67:
 606              	.L42:
 607              	.LCFI14:
 608              		.cfi_def_cfa_offset 0
 609              		.cfi_restore 4
 610              		.cfi_restore 5
 611              		.cfi_restore 6
 612              		.cfi_restore 7
 613              		.cfi_restore 8
 614              		.cfi_restore 9
 615              		.cfi_restore 10
 616              		.cfi_restore 11
 617              		.cfi_restore 14
 282:Middlewares/Third_Party/LwIP/src/api/netdb.c ****   }
 618              		.loc 1 282 0
 619 013c CA20     		movs	r0, #202
 620              	.LVL68:
 621              		.loc 1 411 0
 622 013e 7047     		bx	lr
 623              	.LVL69:
 624              	.L44:
 625              	.LCFI15:
 626              		.cfi_def_cfa_offset 48
 627              		.cfi_offset 4, -36
 628              		.cfi_offset 5, -32
 629              		.cfi_offset 6, -28
 630              		.cfi_offset 7, -24
 631              		.cfi_offset 8, -20
 632              		.cfi_offset 9, -16
 633              		.cfi_offset 10, -12
 634              		.cfi_offset 11, -8
 635              		.cfi_offset 14, -4
 299:Middlewares/Third_Party/LwIP/src/api/netdb.c ****     }
 636              		.loc 1 299 0
 637 0140 CC20     		movs	r0, #204
 638              	.LVL70:
 639 0142 D0E7     		b	.L29
 640              	.LVL71:
 641              	.L58:
 339:Middlewares/Third_Party/LwIP/src/api/netdb.c ****       }
 642              		.loc 1 339 0
 643 0144 CA20     		movs	r0, #202
 644              	.LVL72:
 645 0146 CEE7     		b	.L29
 646              	.LVL73:
 647              	.L50:
 356:Middlewares/Third_Party/LwIP/src/api/netdb.c ****     }
 648              		.loc 1 356 0
ARM GAS  /var/folders/0d/93p3r6493yg7p0rvl_4r983m0000gn/T//ccsXwaRU.s 			page 20


 649 0148 CA20     		movs	r0, #202
 650              	.LVL74:
 651 014a CCE7     		b	.L29
 652              	.LVL75:
 653              	.L51:
 366:Middlewares/Third_Party/LwIP/src/api/netdb.c ****   }
 654              		.loc 1 366 0
 655 014c CB20     		movs	r0, #203
 656              	.LVL76:
 657 014e CAE7     		b	.L29
 658              	.L62:
 659              		.align	2
 660              	.L61:
 661 0150 7F000001 		.word	16777343
 662 0154 00000000 		.word	.LC0
 663 0158 30000000 		.word	.LC1
 664 015c 44000000 		.word	.LC2
 665 0160 6C000000 		.word	.LC3
 666              		.cfi_endproc
 667              	.LFE150:
 669              		.comm	h_errno,4,4
 670              		.section	.bss.s_aliases.11718,"aw",%nobits
 671              		.align	2
 672              		.set	.LANCHOR4,. + 0
 675              	s_aliases.11718:
 676 0000 00000000 		.space	4
 677              		.section	.bss.s_hostent.11717,"aw",%nobits
 678              		.align	2
 679              		.set	.LANCHOR0,. + 0
 682              	s_hostent.11717:
 683 0000 00000000 		.space	20
 683      00000000 
 683      00000000 
 683      00000000 
 683      00000000 
 684              		.section	.bss.s_hostent_addr.11719,"aw",%nobits
 685              		.align	2
 686              		.set	.LANCHOR1,. + 0
 689              	s_hostent_addr.11719:
 690 0000 00000000 		.space	4
 691              		.section	.bss.s_hostname.11721,"aw",%nobits
 692              		.align	2
 693              		.set	.LANCHOR3,. + 0
 696              	s_hostname.11721:
 697 0000 00000000 		.space	257
 697      00000000 
 697      00000000 
 697      00000000 
 697      00000000 
 698              		.section	.bss.s_phostent_addr.11720,"aw",%nobits
 699              		.align	2
 700              		.set	.LANCHOR2,. + 0
 703              	s_phostent_addr.11720:
 704 0000 00000000 		.space	8
 704      00000000 
 705              		.section	.rodata.lwip_getaddrinfo.str1.4,"aMS",%progbits,1
 706              		.align	2
ARM GAS  /var/folders/0d/93p3r6493yg7p0rvl_4r983m0000gn/T//ccsXwaRU.s 			page 21


 707              	.LC0:
 708 0000 4D696464 		.ascii	"Middlewares/Third_Party/LwIP/src/api/netdb.c\000"
 708      6C657761 
 708      7265732F 
 708      54686972 
 708      645F5061 
 709 002d 000000   		.space	3
 710              	.LC1:
 711 0030 6E616D65 		.ascii	"namelen is too long\000"
 711      6C656E20 
 711      69732074 
 711      6F6F206C 
 711      6F6E6700 
 712              	.LC2:
 713 0044 41737365 		.ascii	"Assertion \"%s\" failed at line %d in %s\012\000"
 713      7274696F 
 713      6E202225 
 713      73222066 
 713      61696C65 
 714              	.LC3:
 715 006c 746F7461 		.ascii	"total_size <= NETDB_ELEM_SIZE: please report this!\000"
 715      6C5F7369 
 715      7A65203C 
 715      3D204E45 
 715      5444425F 
 716              		.text
 717              	.Letext0:
 718              		.file 2 "/usr/local/gcc_arm/gcc-arm-none-eabi-7-2017-q4-major/arm-none-eabi/include/machine/_defau
 719              		.file 3 "/usr/local/gcc_arm/gcc-arm-none-eabi-7-2017-q4-major/arm-none-eabi/include/sys/_stdint.h"
 720              		.file 4 "Drivers/CMSIS/Include/core_cm4.h"
 721              		.file 5 "Drivers/CMSIS/Device/ST/STM32F4xx/Include/system_stm32f4xx.h"
 722              		.file 6 "/usr/local/gcc_arm/gcc-arm-none-eabi-7-2017-q4-major/lib/gcc/arm-none-eabi/7.2.1/include/
 723              		.file 7 "/usr/local/gcc_arm/gcc-arm-none-eabi-7-2017-q4-major/arm-none-eabi/include/sys/lock.h"
 724              		.file 8 "/usr/local/gcc_arm/gcc-arm-none-eabi-7-2017-q4-major/arm-none-eabi/include/sys/_types.h"
 725              		.file 9 "/usr/local/gcc_arm/gcc-arm-none-eabi-7-2017-q4-major/arm-none-eabi/include/sys/reent.h"
 726              		.file 10 "/usr/local/gcc_arm/gcc-arm-none-eabi-7-2017-q4-major/arm-none-eabi/include/sys/types.h"
 727              		.file 11 "/usr/local/gcc_arm/gcc-arm-none-eabi-7-2017-q4-major/arm-none-eabi/include/stdlib.h"
 728              		.file 12 "/usr/local/gcc_arm/gcc-arm-none-eabi-7-2017-q4-major/arm-none-eabi/include/time.h"
 729              		.file 13 "Middlewares/Third_Party/LwIP/src/include/lwip/arch.h"
 730              		.file 14 "Middlewares/Third_Party/LwIP/src/include/lwip/ip4_addr.h"
 731              		.file 15 "Middlewares/Third_Party/LwIP/src/include/lwip/ip_addr.h"
 732              		.file 16 "Middlewares/Third_Party/LwIP/src/include/lwip/inet.h"
 733              		.file 17 "Middlewares/Third_Party/LwIP/src/include/lwip/err.h"
 734              		.file 18 "Middlewares/Third_Party/LwIP/src/include/lwip/errno.h"
 735              		.file 19 "Middlewares/Third_Party/LwIP/src/include/lwip/sockets.h"
 736              		.file 20 "Middlewares/Third_Party/LwIP/src/include/lwip/netdb.h"
 737              		.file 21 "Middlewares/Third_Party/LwIP/src/include/lwip/memp.h"
 738              		.file 22 "Middlewares/Third_Party/LwIP/src/include/lwip/priv/memp_priv.h"
 739              		.file 23 "Middlewares/Third_Party/LwIP/src/include/lwip/dns.h"
 740              		.file 24 "Middlewares/Third_Party/LwIP/src/include/lwip/def.h"
 741              		.file 25 "Middlewares/Third_Party/LwIP/src/include/lwip/api.h"
 742              		.file 26 "/usr/local/gcc_arm/gcc-arm-none-eabi-7-2017-q4-major/arm-none-eabi/include/string.h"
 743              		.file 27 "<built-in>"
 744              		.file 28 "/usr/local/gcc_arm/gcc-arm-none-eabi-7-2017-q4-major/arm-none-eabi/include/stdio.h"
ARM GAS  /var/folders/0d/93p3r6493yg7p0rvl_4r983m0000gn/T//ccsXwaRU.s 			page 22


DEFINED SYMBOLS
                            *ABS*:0000000000000000 netdb.c
/var/folders/0d/93p3r6493yg7p0rvl_4r983m0000gn/T//ccsXwaRU.s:18     .text.lwip_gethostbyname:0000000000000000 $t
/var/folders/0d/93p3r6493yg7p0rvl_4r983m0000gn/T//ccsXwaRU.s:25     .text.lwip_gethostbyname:0000000000000000 lwip_gethostbyname
/var/folders/0d/93p3r6493yg7p0rvl_4r983m0000gn/T//ccsXwaRU.s:110    .text.lwip_gethostbyname:0000000000000050 $d
                            *COM*:0000000000000004 h_errno
/var/folders/0d/93p3r6493yg7p0rvl_4r983m0000gn/T//ccsXwaRU.s:120    .text.lwip_gethostbyname_r:0000000000000000 $t
/var/folders/0d/93p3r6493yg7p0rvl_4r983m0000gn/T//ccsXwaRU.s:127    .text.lwip_gethostbyname_r:0000000000000000 lwip_gethostbyname_r
/var/folders/0d/93p3r6493yg7p0rvl_4r983m0000gn/T//ccsXwaRU.s:290    .text.lwip_freeaddrinfo:0000000000000000 $t
/var/folders/0d/93p3r6493yg7p0rvl_4r983m0000gn/T//ccsXwaRU.s:297    .text.lwip_freeaddrinfo:0000000000000000 lwip_freeaddrinfo
/var/folders/0d/93p3r6493yg7p0rvl_4r983m0000gn/T//ccsXwaRU.s:340    .text.lwip_getaddrinfo:0000000000000000 $t
/var/folders/0d/93p3r6493yg7p0rvl_4r983m0000gn/T//ccsXwaRU.s:347    .text.lwip_getaddrinfo:0000000000000000 lwip_getaddrinfo
/var/folders/0d/93p3r6493yg7p0rvl_4r983m0000gn/T//ccsXwaRU.s:661    .text.lwip_getaddrinfo:0000000000000150 $d
/var/folders/0d/93p3r6493yg7p0rvl_4r983m0000gn/T//ccsXwaRU.s:671    .bss.s_aliases.11718:0000000000000000 $d
/var/folders/0d/93p3r6493yg7p0rvl_4r983m0000gn/T//ccsXwaRU.s:675    .bss.s_aliases.11718:0000000000000000 s_aliases.11718
/var/folders/0d/93p3r6493yg7p0rvl_4r983m0000gn/T//ccsXwaRU.s:678    .bss.s_hostent.11717:0000000000000000 $d
/var/folders/0d/93p3r6493yg7p0rvl_4r983m0000gn/T//ccsXwaRU.s:682    .bss.s_hostent.11717:0000000000000000 s_hostent.11717
/var/folders/0d/93p3r6493yg7p0rvl_4r983m0000gn/T//ccsXwaRU.s:685    .bss.s_hostent_addr.11719:0000000000000000 $d
/var/folders/0d/93p3r6493yg7p0rvl_4r983m0000gn/T//ccsXwaRU.s:689    .bss.s_hostent_addr.11719:0000000000000000 s_hostent_addr.11719
/var/folders/0d/93p3r6493yg7p0rvl_4r983m0000gn/T//ccsXwaRU.s:692    .bss.s_hostname.11721:0000000000000000 $d
/var/folders/0d/93p3r6493yg7p0rvl_4r983m0000gn/T//ccsXwaRU.s:696    .bss.s_hostname.11721:0000000000000000 s_hostname.11721
/var/folders/0d/93p3r6493yg7p0rvl_4r983m0000gn/T//ccsXwaRU.s:699    .bss.s_phostent_addr.11720:0000000000000000 $d
/var/folders/0d/93p3r6493yg7p0rvl_4r983m0000gn/T//ccsXwaRU.s:703    .bss.s_phostent_addr.11720:0000000000000000 s_phostent_addr.11720
/var/folders/0d/93p3r6493yg7p0rvl_4r983m0000gn/T//ccsXwaRU.s:706    .rodata.lwip_getaddrinfo.str1.4:0000000000000000 $d

UNDEFINED SYMBOLS
netconn_gethostbyname
strncpy
strlen
memcpy
memp_free
atoi
memp_malloc
memset
lwip_htons
ip4addr_aton
printf
