ARM GAS  /var/folders/0d/93p3r6493yg7p0rvl_4r983m0000gn/T//ccCxpIXy.s 			page 1


   1              		.cpu cortex-m4
   2              		.eabi_attribute 27, 1
   3              		.eabi_attribute 28, 1
   4              		.eabi_attribute 20, 1
   5              		.eabi_attribute 21, 1
   6              		.eabi_attribute 23, 3
   7              		.eabi_attribute 24, 1
   8              		.eabi_attribute 25, 1
   9              		.eabi_attribute 26, 1
  10              		.eabi_attribute 30, 1
  11              		.eabi_attribute 34, 1
  12              		.eabi_attribute 18, 4
  13              		.file	"stm32f4xx_hal_timebase_TIM.c"
  14              		.text
  15              	.Ltext0:
  16              		.cfi_sections	.debug_frame
  17              		.section	.text.HAL_InitTick,"ax",%progbits
  18              		.align	1
  19              		.global	HAL_InitTick
  20              		.syntax unified
  21              		.thumb
  22              		.thumb_func
  23              		.fpu fpv4-sp-d16
  25              	HAL_InitTick:
  26              	.LFB126:
  27              		.file 1 "Src/stm32f4xx_hal_timebase_TIM.c"
   1:Src/stm32f4xx_hal_timebase_TIM.c **** /**
   2:Src/stm32f4xx_hal_timebase_TIM.c ****   ******************************************************************************
   3:Src/stm32f4xx_hal_timebase_TIM.c ****   * @file    stm32f4xx_hal_timebase_TIM.c 
   4:Src/stm32f4xx_hal_timebase_TIM.c ****   * @brief   HAL time base based on the hardware TIM.
   5:Src/stm32f4xx_hal_timebase_TIM.c ****   ******************************************************************************
   6:Src/stm32f4xx_hal_timebase_TIM.c ****   * This notice applies to any and all portions of this file
   7:Src/stm32f4xx_hal_timebase_TIM.c ****   * that are not between comment pairs USER CODE BEGIN and
   8:Src/stm32f4xx_hal_timebase_TIM.c ****   * USER CODE END. Other portions of this file, whether 
   9:Src/stm32f4xx_hal_timebase_TIM.c ****   * inserted by the user or by software development tools
  10:Src/stm32f4xx_hal_timebase_TIM.c ****   * are owned by their respective copyright owners.
  11:Src/stm32f4xx_hal_timebase_TIM.c ****   *
  12:Src/stm32f4xx_hal_timebase_TIM.c ****   * Copyright (c) 2018 STMicroelectronics International N.V. 
  13:Src/stm32f4xx_hal_timebase_TIM.c ****   * All rights reserved.
  14:Src/stm32f4xx_hal_timebase_TIM.c ****   *
  15:Src/stm32f4xx_hal_timebase_TIM.c ****   * Redistribution and use in source and binary forms, with or without 
  16:Src/stm32f4xx_hal_timebase_TIM.c ****   * modification, are permitted, provided that the following conditions are met:
  17:Src/stm32f4xx_hal_timebase_TIM.c ****   *
  18:Src/stm32f4xx_hal_timebase_TIM.c ****   * 1. Redistribution of source code must retain the above copyright notice, 
  19:Src/stm32f4xx_hal_timebase_TIM.c ****   *    this list of conditions and the following disclaimer.
  20:Src/stm32f4xx_hal_timebase_TIM.c ****   * 2. Redistributions in binary form must reproduce the above copyright notice,
  21:Src/stm32f4xx_hal_timebase_TIM.c ****   *    this list of conditions and the following disclaimer in the documentation
  22:Src/stm32f4xx_hal_timebase_TIM.c ****   *    and/or other materials provided with the distribution.
  23:Src/stm32f4xx_hal_timebase_TIM.c ****   * 3. Neither the name of STMicroelectronics nor the names of other 
  24:Src/stm32f4xx_hal_timebase_TIM.c ****   *    contributors to this software may be used to endorse or promote products 
  25:Src/stm32f4xx_hal_timebase_TIM.c ****   *    derived from this software without specific written permission.
  26:Src/stm32f4xx_hal_timebase_TIM.c ****   * 4. This software, including modifications and/or derivative works of this 
  27:Src/stm32f4xx_hal_timebase_TIM.c ****   *    software, must execute solely and exclusively on microcontroller or
  28:Src/stm32f4xx_hal_timebase_TIM.c ****   *    microprocessor devices manufactured by or for STMicroelectronics.
  29:Src/stm32f4xx_hal_timebase_TIM.c ****   * 5. Redistribution and use of this software other than as permitted under 
  30:Src/stm32f4xx_hal_timebase_TIM.c ****   *    this license is void and will automatically terminate your rights under 
  31:Src/stm32f4xx_hal_timebase_TIM.c ****   *    this license. 
ARM GAS  /var/folders/0d/93p3r6493yg7p0rvl_4r983m0000gn/T//ccCxpIXy.s 			page 2


  32:Src/stm32f4xx_hal_timebase_TIM.c ****   *
  33:Src/stm32f4xx_hal_timebase_TIM.c ****   * THIS SOFTWARE IS PROVIDED BY STMICROELECTRONICS AND CONTRIBUTORS "AS IS" 
  34:Src/stm32f4xx_hal_timebase_TIM.c ****   * AND ANY EXPRESS, IMPLIED OR STATUTORY WARRANTIES, INCLUDING, BUT NOT 
  35:Src/stm32f4xx_hal_timebase_TIM.c ****   * LIMITED TO, THE IMPLIED WARRANTIES OF MERCHANTABILITY, FITNESS FOR A 
  36:Src/stm32f4xx_hal_timebase_TIM.c ****   * PARTICULAR PURPOSE AND NON-INFRINGEMENT OF THIRD PARTY INTELLECTUAL PROPERTY
  37:Src/stm32f4xx_hal_timebase_TIM.c ****   * RIGHTS ARE DISCLAIMED TO THE FULLEST EXTENT PERMITTED BY LAW. IN NO EVENT 
  38:Src/stm32f4xx_hal_timebase_TIM.c ****   * SHALL STMICROELECTRONICS OR CONTRIBUTORS BE LIABLE FOR ANY DIRECT, INDIRECT,
  39:Src/stm32f4xx_hal_timebase_TIM.c ****   * INCIDENTAL, SPECIAL, EXEMPLARY, OR CONSEQUENTIAL DAMAGES (INCLUDING, BUT NOT
  40:Src/stm32f4xx_hal_timebase_TIM.c ****   * LIMITED TO, PROCUREMENT OF SUBSTITUTE GOODS OR SERVICES; LOSS OF USE, DATA, 
  41:Src/stm32f4xx_hal_timebase_TIM.c ****   * OR PROFITS; OR BUSINESS INTERRUPTION) HOWEVER CAUSED AND ON ANY THEORY OF 
  42:Src/stm32f4xx_hal_timebase_TIM.c ****   * LIABILITY, WHETHER IN CONTRACT, STRICT LIABILITY, OR TORT (INCLUDING 
  43:Src/stm32f4xx_hal_timebase_TIM.c ****   * NEGLIGENCE OR OTHERWISE) ARISING IN ANY WAY OUT OF THE USE OF THIS SOFTWARE,
  44:Src/stm32f4xx_hal_timebase_TIM.c ****   * EVEN IF ADVISED OF THE POSSIBILITY OF SUCH DAMAGE.
  45:Src/stm32f4xx_hal_timebase_TIM.c ****   *
  46:Src/stm32f4xx_hal_timebase_TIM.c ****   ******************************************************************************
  47:Src/stm32f4xx_hal_timebase_TIM.c ****   */
  48:Src/stm32f4xx_hal_timebase_TIM.c **** 
  49:Src/stm32f4xx_hal_timebase_TIM.c **** /* Includes ------------------------------------------------------------------*/
  50:Src/stm32f4xx_hal_timebase_TIM.c **** #include "stm32f4xx_hal.h"
  51:Src/stm32f4xx_hal_timebase_TIM.c **** #include "stm32f4xx_hal_tim.h"
  52:Src/stm32f4xx_hal_timebase_TIM.c **** /** @addtogroup STM32F7xx_HAL_Examples
  53:Src/stm32f4xx_hal_timebase_TIM.c ****   * @{
  54:Src/stm32f4xx_hal_timebase_TIM.c ****   */
  55:Src/stm32f4xx_hal_timebase_TIM.c **** 
  56:Src/stm32f4xx_hal_timebase_TIM.c **** /** @addtogroup HAL_TimeBase
  57:Src/stm32f4xx_hal_timebase_TIM.c ****   * @{
  58:Src/stm32f4xx_hal_timebase_TIM.c ****   */ 
  59:Src/stm32f4xx_hal_timebase_TIM.c **** 
  60:Src/stm32f4xx_hal_timebase_TIM.c **** /* Private typedef -----------------------------------------------------------*/
  61:Src/stm32f4xx_hal_timebase_TIM.c **** /* Private define ------------------------------------------------------------*/
  62:Src/stm32f4xx_hal_timebase_TIM.c **** /* Private macro -------------------------------------------------------------*/
  63:Src/stm32f4xx_hal_timebase_TIM.c **** /* Private variables ---------------------------------------------------------*/
  64:Src/stm32f4xx_hal_timebase_TIM.c **** TIM_HandleTypeDef        htim6; 
  65:Src/stm32f4xx_hal_timebase_TIM.c **** uint32_t                 uwIncrementState = 0;
  66:Src/stm32f4xx_hal_timebase_TIM.c **** /* Private function prototypes -----------------------------------------------*/
  67:Src/stm32f4xx_hal_timebase_TIM.c **** /* Private functions ---------------------------------------------------------*/
  68:Src/stm32f4xx_hal_timebase_TIM.c **** 
  69:Src/stm32f4xx_hal_timebase_TIM.c **** /**
  70:Src/stm32f4xx_hal_timebase_TIM.c ****   * @brief  This function configures the TIM6 as a time base source. 
  71:Src/stm32f4xx_hal_timebase_TIM.c ****   *         The time source is configured  to have 1ms time base with a dedicated 
  72:Src/stm32f4xx_hal_timebase_TIM.c ****   *         Tick interrupt priority. 
  73:Src/stm32f4xx_hal_timebase_TIM.c ****   * @note   This function is called  automatically at the beginning of program after
  74:Src/stm32f4xx_hal_timebase_TIM.c ****   *         reset by HAL_Init() or at any time when clock is configured, by HAL_RCC_ClockConfig(). 
  75:Src/stm32f4xx_hal_timebase_TIM.c ****   * @param  TickPriority: Tick interrupt priorty.
  76:Src/stm32f4xx_hal_timebase_TIM.c ****   * @retval HAL status
  77:Src/stm32f4xx_hal_timebase_TIM.c ****   */
  78:Src/stm32f4xx_hal_timebase_TIM.c **** HAL_StatusTypeDef HAL_InitTick(uint32_t TickPriority)
  79:Src/stm32f4xx_hal_timebase_TIM.c **** {
  28              		.loc 1 79 0
  29              		.cfi_startproc
  30              		@ args = 0, pretend = 0, frame = 32
  31              		@ frame_needed = 0, uses_anonymous_args = 0
  32              	.LVL0:
  33 0000 10B5     		push	{r4, lr}
  34              	.LCFI0:
  35              		.cfi_def_cfa_offset 8
  36              		.cfi_offset 4, -8
ARM GAS  /var/folders/0d/93p3r6493yg7p0rvl_4r983m0000gn/T//ccCxpIXy.s 			page 3


  37              		.cfi_offset 14, -4
  38 0002 88B0     		sub	sp, sp, #32
  39              	.LCFI1:
  40              		.cfi_def_cfa_offset 40
  41              	.LVL1:
  80:Src/stm32f4xx_hal_timebase_TIM.c ****   RCC_ClkInitTypeDef    clkconfig;
  81:Src/stm32f4xx_hal_timebase_TIM.c ****   uint32_t              uwTimclock = 0;
  82:Src/stm32f4xx_hal_timebase_TIM.c ****   uint32_t              uwPrescalerValue = 0;
  83:Src/stm32f4xx_hal_timebase_TIM.c ****   uint32_t              pFLatency;
  84:Src/stm32f4xx_hal_timebase_TIM.c ****   
  85:Src/stm32f4xx_hal_timebase_TIM.c ****   /*Configure the TIM6 IRQ priority */
  86:Src/stm32f4xx_hal_timebase_TIM.c ****   HAL_NVIC_SetPriority(TIM6_DAC_IRQn, TickPriority ,0); 
  42              		.loc 1 86 0
  43 0004 0022     		movs	r2, #0
  44 0006 0146     		mov	r1, r0
  45 0008 3620     		movs	r0, #54
  46              	.LVL2:
  47 000a FFF7FEFF 		bl	HAL_NVIC_SetPriority
  48              	.LVL3:
  87:Src/stm32f4xx_hal_timebase_TIM.c ****   
  88:Src/stm32f4xx_hal_timebase_TIM.c ****   /* Enable the TIM6 global Interrupt */
  89:Src/stm32f4xx_hal_timebase_TIM.c ****   HAL_NVIC_EnableIRQ(TIM6_DAC_IRQn); 
  49              		.loc 1 89 0
  50 000e 3620     		movs	r0, #54
  51 0010 FFF7FEFF 		bl	HAL_NVIC_EnableIRQ
  52              	.LVL4:
  53              	.LBB2:
  90:Src/stm32f4xx_hal_timebase_TIM.c ****   
  91:Src/stm32f4xx_hal_timebase_TIM.c ****   /* Enable TIM6 clock */
  92:Src/stm32f4xx_hal_timebase_TIM.c ****   __HAL_RCC_TIM6_CLK_ENABLE();
  54              		.loc 1 92 0
  55 0014 0024     		movs	r4, #0
  56 0016 0194     		str	r4, [sp, #4]
  57 0018 144B     		ldr	r3, .L6
  58 001a 1A6C     		ldr	r2, [r3, #64]
  59 001c 42F01002 		orr	r2, r2, #16
  60 0020 1A64     		str	r2, [r3, #64]
  61 0022 1B6C     		ldr	r3, [r3, #64]
  62 0024 03F01003 		and	r3, r3, #16
  63 0028 0193     		str	r3, [sp, #4]
  64 002a 019B     		ldr	r3, [sp, #4]
  65              	.LBE2:
  93:Src/stm32f4xx_hal_timebase_TIM.c ****   
  94:Src/stm32f4xx_hal_timebase_TIM.c ****   /* Get clock configuration */
  95:Src/stm32f4xx_hal_timebase_TIM.c ****   HAL_RCC_GetClockConfig(&clkconfig, &pFLatency);
  66              		.loc 1 95 0
  67 002c 02A9     		add	r1, sp, #8
  68 002e 03A8     		add	r0, sp, #12
  69 0030 FFF7FEFF 		bl	HAL_RCC_GetClockConfig
  70              	.LVL5:
  96:Src/stm32f4xx_hal_timebase_TIM.c ****   
  97:Src/stm32f4xx_hal_timebase_TIM.c ****   /* Compute TIM6 clock */
  98:Src/stm32f4xx_hal_timebase_TIM.c ****   uwTimclock = 2*HAL_RCC_GetPCLK1Freq();
  71              		.loc 1 98 0
  72 0034 FFF7FEFF 		bl	HAL_RCC_GetPCLK1Freq
  73              	.LVL6:
  74 0038 4300     		lsls	r3, r0, #1
ARM GAS  /var/folders/0d/93p3r6493yg7p0rvl_4r983m0000gn/T//ccCxpIXy.s 			page 4


  75              	.LVL7:
  99:Src/stm32f4xx_hal_timebase_TIM.c ****    
 100:Src/stm32f4xx_hal_timebase_TIM.c ****   /* Compute the prescaler value to have TIM6 counter clock equal to 1MHz */
 101:Src/stm32f4xx_hal_timebase_TIM.c ****   uwPrescalerValue = (uint32_t) ((uwTimclock / 1000000) - 1);
  76              		.loc 1 101 0
  77 003a 0D48     		ldr	r0, .L6+4
  78 003c A0FB0323 		umull	r2, r3, r0, r3
  79              	.LVL8:
  80 0040 9B0C     		lsrs	r3, r3, #18
  81 0042 013B     		subs	r3, r3, #1
  82              	.LVL9:
 102:Src/stm32f4xx_hal_timebase_TIM.c ****   
 103:Src/stm32f4xx_hal_timebase_TIM.c ****   /* Initialize TIM6 */
 104:Src/stm32f4xx_hal_timebase_TIM.c ****   htim6.Instance = TIM6;
  83              		.loc 1 104 0
  84 0044 0B48     		ldr	r0, .L6+8
  85 0046 0C4A     		ldr	r2, .L6+12
  86 0048 0260     		str	r2, [r0]
 105:Src/stm32f4xx_hal_timebase_TIM.c ****   
 106:Src/stm32f4xx_hal_timebase_TIM.c ****   /* Initialize TIMx peripheral as follow:
 107:Src/stm32f4xx_hal_timebase_TIM.c ****   + Period = [(TIM6CLK/1000) - 1]. to have a (1/1000) s time base.
 108:Src/stm32f4xx_hal_timebase_TIM.c ****   + Prescaler = (uwTimclock/1000000 - 1) to have a 1MHz counter clock.
 109:Src/stm32f4xx_hal_timebase_TIM.c ****   + ClockDivision = 0
 110:Src/stm32f4xx_hal_timebase_TIM.c ****   + Counter direction = Up
 111:Src/stm32f4xx_hal_timebase_TIM.c ****   */
 112:Src/stm32f4xx_hal_timebase_TIM.c ****   htim6.Init.Period = (1000000 / 1000) - 1;
  87              		.loc 1 112 0
  88 004a 40F2E732 		movw	r2, #999
  89 004e C260     		str	r2, [r0, #12]
 113:Src/stm32f4xx_hal_timebase_TIM.c ****   htim6.Init.Prescaler = uwPrescalerValue;
  90              		.loc 1 113 0
  91 0050 4360     		str	r3, [r0, #4]
 114:Src/stm32f4xx_hal_timebase_TIM.c ****   htim6.Init.ClockDivision = 0;
  92              		.loc 1 114 0
  93 0052 0461     		str	r4, [r0, #16]
 115:Src/stm32f4xx_hal_timebase_TIM.c ****   htim6.Init.CounterMode = TIM_COUNTERMODE_UP;
  94              		.loc 1 115 0
  95 0054 8460     		str	r4, [r0, #8]
 116:Src/stm32f4xx_hal_timebase_TIM.c ****   if(HAL_TIM_Base_Init(&htim6) == HAL_OK)
  96              		.loc 1 116 0
  97 0056 FFF7FEFF 		bl	HAL_TIM_Base_Init
  98              	.LVL10:
  99 005a 10B1     		cbz	r0, .L5
 117:Src/stm32f4xx_hal_timebase_TIM.c ****   {
 118:Src/stm32f4xx_hal_timebase_TIM.c ****     /* Start the TIM time Base generation in interrupt mode */
 119:Src/stm32f4xx_hal_timebase_TIM.c ****     return HAL_TIM_Base_Start_IT(&htim6);
 120:Src/stm32f4xx_hal_timebase_TIM.c ****   }
 121:Src/stm32f4xx_hal_timebase_TIM.c ****   
 122:Src/stm32f4xx_hal_timebase_TIM.c ****   /* Return function status */
 123:Src/stm32f4xx_hal_timebase_TIM.c ****   return HAL_ERROR;
 100              		.loc 1 123 0
 101 005c 0120     		movs	r0, #1
 102              	.L2:
 124:Src/stm32f4xx_hal_timebase_TIM.c **** }
 103              		.loc 1 124 0
 104 005e 08B0     		add	sp, sp, #32
 105              	.LCFI2:
ARM GAS  /var/folders/0d/93p3r6493yg7p0rvl_4r983m0000gn/T//ccCxpIXy.s 			page 5


 106              		.cfi_remember_state
 107              		.cfi_def_cfa_offset 8
 108              		@ sp needed
 109 0060 10BD     		pop	{r4, pc}
 110              	.L5:
 111              	.LCFI3:
 112              		.cfi_restore_state
 119:Src/stm32f4xx_hal_timebase_TIM.c ****   }
 113              		.loc 1 119 0
 114 0062 0448     		ldr	r0, .L6+8
 115 0064 FFF7FEFF 		bl	HAL_TIM_Base_Start_IT
 116              	.LVL11:
 117 0068 F9E7     		b	.L2
 118              	.L7:
 119 006a 00BF     		.align	2
 120              	.L6:
 121 006c 00380240 		.word	1073887232
 122 0070 83DE1B43 		.word	1125899907
 123 0074 00000000 		.word	htim6
 124 0078 00100040 		.word	1073745920
 125              		.cfi_endproc
 126              	.LFE126:
 128              		.section	.text.HAL_SuspendTick,"ax",%progbits
 129              		.align	1
 130              		.global	HAL_SuspendTick
 131              		.syntax unified
 132              		.thumb
 133              		.thumb_func
 134              		.fpu fpv4-sp-d16
 136              	HAL_SuspendTick:
 137              	.LFB127:
 125:Src/stm32f4xx_hal_timebase_TIM.c **** 
 126:Src/stm32f4xx_hal_timebase_TIM.c **** /**
 127:Src/stm32f4xx_hal_timebase_TIM.c ****   * @brief  Suspend Tick increment.
 128:Src/stm32f4xx_hal_timebase_TIM.c ****   * @note   Disable the tick increment by disabling TIM6 update interrupt.
 129:Src/stm32f4xx_hal_timebase_TIM.c ****   * @param  None
 130:Src/stm32f4xx_hal_timebase_TIM.c ****   * @retval None
 131:Src/stm32f4xx_hal_timebase_TIM.c ****   */
 132:Src/stm32f4xx_hal_timebase_TIM.c **** void HAL_SuspendTick(void)
 133:Src/stm32f4xx_hal_timebase_TIM.c **** {
 138              		.loc 1 133 0
 139              		.cfi_startproc
 140              		@ args = 0, pretend = 0, frame = 0
 141              		@ frame_needed = 0, uses_anonymous_args = 0
 142              		@ link register save eliminated.
 134:Src/stm32f4xx_hal_timebase_TIM.c ****   /* Disable TIM6 update Interrupt */
 135:Src/stm32f4xx_hal_timebase_TIM.c ****   __HAL_TIM_DISABLE_IT(&htim6, TIM_IT_UPDATE);                                                  
 143              		.loc 1 135 0
 144 0000 034B     		ldr	r3, .L9
 145 0002 1A68     		ldr	r2, [r3]
 146 0004 D368     		ldr	r3, [r2, #12]
 147 0006 23F00103 		bic	r3, r3, #1
 148 000a D360     		str	r3, [r2, #12]
 136:Src/stm32f4xx_hal_timebase_TIM.c **** }
 149              		.loc 1 136 0
 150 000c 7047     		bx	lr
 151              	.L10:
ARM GAS  /var/folders/0d/93p3r6493yg7p0rvl_4r983m0000gn/T//ccCxpIXy.s 			page 6


 152 000e 00BF     		.align	2
 153              	.L9:
 154 0010 00000000 		.word	htim6
 155              		.cfi_endproc
 156              	.LFE127:
 158              		.section	.text.HAL_ResumeTick,"ax",%progbits
 159              		.align	1
 160              		.global	HAL_ResumeTick
 161              		.syntax unified
 162              		.thumb
 163              		.thumb_func
 164              		.fpu fpv4-sp-d16
 166              	HAL_ResumeTick:
 167              	.LFB128:
 137:Src/stm32f4xx_hal_timebase_TIM.c **** 
 138:Src/stm32f4xx_hal_timebase_TIM.c **** /**
 139:Src/stm32f4xx_hal_timebase_TIM.c ****   * @brief  Resume Tick increment.
 140:Src/stm32f4xx_hal_timebase_TIM.c ****   * @note   Enable the tick increment by Enabling TIM6 update interrupt.
 141:Src/stm32f4xx_hal_timebase_TIM.c ****   * @param  None
 142:Src/stm32f4xx_hal_timebase_TIM.c ****   * @retval None
 143:Src/stm32f4xx_hal_timebase_TIM.c ****   */
 144:Src/stm32f4xx_hal_timebase_TIM.c **** void HAL_ResumeTick(void)
 145:Src/stm32f4xx_hal_timebase_TIM.c **** {
 168              		.loc 1 145 0
 169              		.cfi_startproc
 170              		@ args = 0, pretend = 0, frame = 0
 171              		@ frame_needed = 0, uses_anonymous_args = 0
 172              		@ link register save eliminated.
 146:Src/stm32f4xx_hal_timebase_TIM.c ****   /* Enable TIM6 Update interrupt */
 147:Src/stm32f4xx_hal_timebase_TIM.c ****   __HAL_TIM_ENABLE_IT(&htim6, TIM_IT_UPDATE);
 173              		.loc 1 147 0
 174 0000 034B     		ldr	r3, .L12
 175 0002 1A68     		ldr	r2, [r3]
 176 0004 D368     		ldr	r3, [r2, #12]
 177 0006 43F00103 		orr	r3, r3, #1
 178 000a D360     		str	r3, [r2, #12]
 148:Src/stm32f4xx_hal_timebase_TIM.c **** }
 179              		.loc 1 148 0
 180 000c 7047     		bx	lr
 181              	.L13:
 182 000e 00BF     		.align	2
 183              	.L12:
 184 0010 00000000 		.word	htim6
 185              		.cfi_endproc
 186              	.LFE128:
 188              		.global	uwIncrementState
 189              		.comm	htim6,60,4
 190              		.section	.bss.uwIncrementState,"aw",%nobits
 191              		.align	2
 194              	uwIncrementState:
 195 0000 00000000 		.space	4
 196              		.text
 197              	.Letext0:
 198              		.file 2 "/usr/local/gcc_arm/gcc-arm-none-eabi-7-2017-q4-major/arm-none-eabi/include/machine/_defau
 199              		.file 3 "/usr/local/gcc_arm/gcc-arm-none-eabi-7-2017-q4-major/arm-none-eabi/include/sys/_stdint.h"
 200              		.file 4 "Drivers/CMSIS/Include/core_cm4.h"
 201              		.file 5 "Drivers/CMSIS/Device/ST/STM32F4xx/Include/system_stm32f4xx.h"
ARM GAS  /var/folders/0d/93p3r6493yg7p0rvl_4r983m0000gn/T//ccCxpIXy.s 			page 7


 202              		.file 6 "Drivers/CMSIS/Device/ST/STM32F4xx/Include/stm32f429xx.h"
 203              		.file 7 "/usr/local/gcc_arm/gcc-arm-none-eabi-7-2017-q4-major/arm-none-eabi/include/sys/lock.h"
 204              		.file 8 "/usr/local/gcc_arm/gcc-arm-none-eabi-7-2017-q4-major/arm-none-eabi/include/sys/_types.h"
 205              		.file 9 "/usr/local/gcc_arm/gcc-arm-none-eabi-7-2017-q4-major/lib/gcc/arm-none-eabi/7.2.1/include/
 206              		.file 10 "/usr/local/gcc_arm/gcc-arm-none-eabi-7-2017-q4-major/arm-none-eabi/include/sys/reent.h"
 207              		.file 11 "Drivers/STM32F4xx_HAL_Driver/Inc/stm32f4xx_hal_def.h"
 208              		.file 12 "Drivers/STM32F4xx_HAL_Driver/Inc/stm32f4xx_hal_rcc.h"
 209              		.file 13 "Drivers/STM32F4xx_HAL_Driver/Inc/stm32f4xx_hal_dma.h"
 210              		.file 14 "Drivers/STM32F4xx_HAL_Driver/Inc/stm32f4xx_hal_tim.h"
 211              		.file 15 "Drivers/STM32F4xx_HAL_Driver/Inc/stm32f4xx_hal_cortex.h"
ARM GAS  /var/folders/0d/93p3r6493yg7p0rvl_4r983m0000gn/T//ccCxpIXy.s 			page 8


DEFINED SYMBOLS
                            *ABS*:0000000000000000 stm32f4xx_hal_timebase_TIM.c
/var/folders/0d/93p3r6493yg7p0rvl_4r983m0000gn/T//ccCxpIXy.s:18     .text.HAL_InitTick:0000000000000000 $t
/var/folders/0d/93p3r6493yg7p0rvl_4r983m0000gn/T//ccCxpIXy.s:25     .text.HAL_InitTick:0000000000000000 HAL_InitTick
/var/folders/0d/93p3r6493yg7p0rvl_4r983m0000gn/T//ccCxpIXy.s:121    .text.HAL_InitTick:000000000000006c $d
                            *COM*:000000000000003c htim6
/var/folders/0d/93p3r6493yg7p0rvl_4r983m0000gn/T//ccCxpIXy.s:129    .text.HAL_SuspendTick:0000000000000000 $t
/var/folders/0d/93p3r6493yg7p0rvl_4r983m0000gn/T//ccCxpIXy.s:136    .text.HAL_SuspendTick:0000000000000000 HAL_SuspendTick
/var/folders/0d/93p3r6493yg7p0rvl_4r983m0000gn/T//ccCxpIXy.s:154    .text.HAL_SuspendTick:0000000000000010 $d
/var/folders/0d/93p3r6493yg7p0rvl_4r983m0000gn/T//ccCxpIXy.s:159    .text.HAL_ResumeTick:0000000000000000 $t
/var/folders/0d/93p3r6493yg7p0rvl_4r983m0000gn/T//ccCxpIXy.s:166    .text.HAL_ResumeTick:0000000000000000 HAL_ResumeTick
/var/folders/0d/93p3r6493yg7p0rvl_4r983m0000gn/T//ccCxpIXy.s:184    .text.HAL_ResumeTick:0000000000000010 $d
/var/folders/0d/93p3r6493yg7p0rvl_4r983m0000gn/T//ccCxpIXy.s:194    .bss.uwIncrementState:0000000000000000 uwIncrementState
/var/folders/0d/93p3r6493yg7p0rvl_4r983m0000gn/T//ccCxpIXy.s:191    .bss.uwIncrementState:0000000000000000 $d

UNDEFINED SYMBOLS
HAL_NVIC_SetPriority
HAL_NVIC_EnableIRQ
HAL_RCC_GetClockConfig
HAL_RCC_GetPCLK1Freq
HAL_TIM_Base_Init
HAL_TIM_Base_Start_IT
