ARM GAS  /var/folders/0d/93p3r6493yg7p0rvl_4r983m0000gn/T//ccbhBpvd.s 			page 1


   1              		.cpu cortex-m4
   2              		.eabi_attribute 27, 1
   3              		.eabi_attribute 28, 1
   4              		.eabi_attribute 20, 1
   5              		.eabi_attribute 21, 1
   6              		.eabi_attribute 23, 3
   7              		.eabi_attribute 24, 1
   8              		.eabi_attribute 25, 1
   9              		.eabi_attribute 26, 1
  10              		.eabi_attribute 30, 1
  11              		.eabi_attribute 34, 1
  12              		.eabi_attribute 18, 4
  13              		.file	"stm32f4xx_it.c"
  14              		.text
  15              	.Ltext0:
  16              		.cfi_sections	.debug_frame
  17              		.section	.text.NMI_Handler,"ax",%progbits
  18              		.align	1
  19              		.global	NMI_Handler
  20              		.syntax unified
  21              		.thumb
  22              		.thumb_func
  23              		.fpu fpv4-sp-d16
  25              	NMI_Handler:
  26              	.LFB131:
  27              		.file 1 "Src/stm32f4xx_it.c"
   1:Src/stm32f4xx_it.c **** /**
   2:Src/stm32f4xx_it.c ****   ******************************************************************************
   3:Src/stm32f4xx_it.c ****   * @file    stm32f4xx_it.c
   4:Src/stm32f4xx_it.c ****   * @brief   Interrupt Service Routines.
   5:Src/stm32f4xx_it.c ****   ******************************************************************************
   6:Src/stm32f4xx_it.c ****   *
   7:Src/stm32f4xx_it.c ****   * COPYRIGHT(c) 2018 STMicroelectronics
   8:Src/stm32f4xx_it.c ****   *
   9:Src/stm32f4xx_it.c ****   * Redistribution and use in source and binary forms, with or without modification,
  10:Src/stm32f4xx_it.c ****   * are permitted provided that the following conditions are met:
  11:Src/stm32f4xx_it.c ****   *   1. Redistributions of source code must retain the above copyright notice,
  12:Src/stm32f4xx_it.c ****   *      this list of conditions and the following disclaimer.
  13:Src/stm32f4xx_it.c ****   *   2. Redistributions in binary form must reproduce the above copyright notice,
  14:Src/stm32f4xx_it.c ****   *      this list of conditions and the following disclaimer in the documentation
  15:Src/stm32f4xx_it.c ****   *      and/or other materials provided with the distribution.
  16:Src/stm32f4xx_it.c ****   *   3. Neither the name of STMicroelectronics nor the names of its contributors
  17:Src/stm32f4xx_it.c ****   *      may be used to endorse or promote products derived from this software
  18:Src/stm32f4xx_it.c ****   *      without specific prior written permission.
  19:Src/stm32f4xx_it.c ****   *
  20:Src/stm32f4xx_it.c ****   * THIS SOFTWARE IS PROVIDED BY THE COPYRIGHT HOLDERS AND CONTRIBUTORS "AS IS"
  21:Src/stm32f4xx_it.c ****   * AND ANY EXPRESS OR IMPLIED WARRANTIES, INCLUDING, BUT NOT LIMITED TO, THE
  22:Src/stm32f4xx_it.c ****   * IMPLIED WARRANTIES OF MERCHANTABILITY AND FITNESS FOR A PARTICULAR PURPOSE ARE
  23:Src/stm32f4xx_it.c ****   * DISCLAIMED. IN NO EVENT SHALL THE COPYRIGHT HOLDER OR CONTRIBUTORS BE LIABLE
  24:Src/stm32f4xx_it.c ****   * FOR ANY DIRECT, INDIRECT, INCIDENTAL, SPECIAL, EXEMPLARY, OR CONSEQUENTIAL
  25:Src/stm32f4xx_it.c ****   * DAMAGES (INCLUDING, BUT NOT LIMITED TO, PROCUREMENT OF SUBSTITUTE GOODS OR
  26:Src/stm32f4xx_it.c ****   * SERVICES; LOSS OF USE, DATA, OR PROFITS; OR BUSINESS INTERRUPTION) HOWEVER
  27:Src/stm32f4xx_it.c ****   * CAUSED AND ON ANY THEORY OF LIABILITY, WHETHER IN CONTRACT, STRICT LIABILITY,
  28:Src/stm32f4xx_it.c ****   * OR TORT (INCLUDING NEGLIGENCE OR OTHERWISE) ARISING IN ANY WAY OUT OF THE USE
  29:Src/stm32f4xx_it.c ****   * OF THIS SOFTWARE, EVEN IF ADVISED OF THE POSSIBILITY OF SUCH DAMAGE.
  30:Src/stm32f4xx_it.c ****   *
  31:Src/stm32f4xx_it.c ****   ******************************************************************************
ARM GAS  /var/folders/0d/93p3r6493yg7p0rvl_4r983m0000gn/T//ccbhBpvd.s 			page 2


  32:Src/stm32f4xx_it.c ****   */
  33:Src/stm32f4xx_it.c **** /* Includes ------------------------------------------------------------------*/
  34:Src/stm32f4xx_it.c **** #include "stm32f4xx_hal.h"
  35:Src/stm32f4xx_it.c **** #include "stm32f4xx.h"
  36:Src/stm32f4xx_it.c **** #include "stm32f4xx_it.h"
  37:Src/stm32f4xx_it.c **** #include "cmsis_os.h"
  38:Src/stm32f4xx_it.c **** 
  39:Src/stm32f4xx_it.c **** /* USER CODE BEGIN 0 */
  40:Src/stm32f4xx_it.c **** 
  41:Src/stm32f4xx_it.c **** /* USER CODE END 0 */
  42:Src/stm32f4xx_it.c **** 
  43:Src/stm32f4xx_it.c **** /* External variables --------------------------------------------------------*/
  44:Src/stm32f4xx_it.c **** extern ETH_HandleTypeDef heth;
  45:Src/stm32f4xx_it.c **** extern HCD_HandleTypeDef hhcd_USB_OTG_FS;
  46:Src/stm32f4xx_it.c **** 
  47:Src/stm32f4xx_it.c **** extern TIM_HandleTypeDef htim6;
  48:Src/stm32f4xx_it.c **** 
  49:Src/stm32f4xx_it.c **** /******************************************************************************/
  50:Src/stm32f4xx_it.c **** /*            Cortex-M4 Processor Interruption and Exception Handlers         */ 
  51:Src/stm32f4xx_it.c **** /******************************************************************************/
  52:Src/stm32f4xx_it.c **** 
  53:Src/stm32f4xx_it.c **** /**
  54:Src/stm32f4xx_it.c **** * @brief This function handles Non maskable interrupt.
  55:Src/stm32f4xx_it.c **** */
  56:Src/stm32f4xx_it.c **** void NMI_Handler(void)
  57:Src/stm32f4xx_it.c **** {
  28              		.loc 1 57 0
  29              		.cfi_startproc
  30              		@ args = 0, pretend = 0, frame = 0
  31              		@ frame_needed = 0, uses_anonymous_args = 0
  32              		@ link register save eliminated.
  58:Src/stm32f4xx_it.c ****   /* USER CODE BEGIN NonMaskableInt_IRQn 0 */
  59:Src/stm32f4xx_it.c **** 
  60:Src/stm32f4xx_it.c ****   /* USER CODE END NonMaskableInt_IRQn 0 */
  61:Src/stm32f4xx_it.c ****   /* USER CODE BEGIN NonMaskableInt_IRQn 1 */
  62:Src/stm32f4xx_it.c **** 
  63:Src/stm32f4xx_it.c ****   /* USER CODE END NonMaskableInt_IRQn 1 */
  64:Src/stm32f4xx_it.c **** }
  33              		.loc 1 64 0
  34 0000 7047     		bx	lr
  35              		.cfi_endproc
  36              	.LFE131:
  38              		.section	.text.HardFault_Handler,"ax",%progbits
  39              		.align	1
  40              		.global	HardFault_Handler
  41              		.syntax unified
  42              		.thumb
  43              		.thumb_func
  44              		.fpu fpv4-sp-d16
  46              	HardFault_Handler:
  47              	.LFB132:
  65:Src/stm32f4xx_it.c **** 
  66:Src/stm32f4xx_it.c **** /**
  67:Src/stm32f4xx_it.c **** * @brief This function handles Hard fault interrupt.
  68:Src/stm32f4xx_it.c **** */
  69:Src/stm32f4xx_it.c **** void HardFault_Handler(void)
  70:Src/stm32f4xx_it.c **** {
ARM GAS  /var/folders/0d/93p3r6493yg7p0rvl_4r983m0000gn/T//ccbhBpvd.s 			page 3


  48              		.loc 1 70 0
  49              		.cfi_startproc
  50              		@ Volatile: function does not return.
  51              		@ args = 0, pretend = 0, frame = 0
  52              		@ frame_needed = 0, uses_anonymous_args = 0
  53              		@ link register save eliminated.
  54              	.L3:
  55 0000 FEE7     		b	.L3
  56              		.cfi_endproc
  57              	.LFE132:
  59              		.section	.text.MemManage_Handler,"ax",%progbits
  60              		.align	1
  61              		.global	MemManage_Handler
  62              		.syntax unified
  63              		.thumb
  64              		.thumb_func
  65              		.fpu fpv4-sp-d16
  67              	MemManage_Handler:
  68              	.LFB133:
  71:Src/stm32f4xx_it.c ****   /* USER CODE BEGIN HardFault_IRQn 0 */
  72:Src/stm32f4xx_it.c **** 
  73:Src/stm32f4xx_it.c ****   /* USER CODE END HardFault_IRQn 0 */
  74:Src/stm32f4xx_it.c ****   while (1)
  75:Src/stm32f4xx_it.c ****   {
  76:Src/stm32f4xx_it.c ****     /* USER CODE BEGIN W1_HardFault_IRQn 0 */
  77:Src/stm32f4xx_it.c ****     /* USER CODE END W1_HardFault_IRQn 0 */
  78:Src/stm32f4xx_it.c ****   }
  79:Src/stm32f4xx_it.c ****   /* USER CODE BEGIN HardFault_IRQn 1 */
  80:Src/stm32f4xx_it.c **** 
  81:Src/stm32f4xx_it.c ****   /* USER CODE END HardFault_IRQn 1 */
  82:Src/stm32f4xx_it.c **** }
  83:Src/stm32f4xx_it.c **** 
  84:Src/stm32f4xx_it.c **** /**
  85:Src/stm32f4xx_it.c **** * @brief This function handles Memory management fault.
  86:Src/stm32f4xx_it.c **** */
  87:Src/stm32f4xx_it.c **** void MemManage_Handler(void)
  88:Src/stm32f4xx_it.c **** {
  69              		.loc 1 88 0
  70              		.cfi_startproc
  71              		@ Volatile: function does not return.
  72              		@ args = 0, pretend = 0, frame = 0
  73              		@ frame_needed = 0, uses_anonymous_args = 0
  74              		@ link register save eliminated.
  75              	.L5:
  76 0000 FEE7     		b	.L5
  77              		.cfi_endproc
  78              	.LFE133:
  80              		.section	.text.BusFault_Handler,"ax",%progbits
  81              		.align	1
  82              		.global	BusFault_Handler
  83              		.syntax unified
  84              		.thumb
  85              		.thumb_func
  86              		.fpu fpv4-sp-d16
  88              	BusFault_Handler:
  89              	.LFB134:
  89:Src/stm32f4xx_it.c ****   /* USER CODE BEGIN MemoryManagement_IRQn 0 */
ARM GAS  /var/folders/0d/93p3r6493yg7p0rvl_4r983m0000gn/T//ccbhBpvd.s 			page 4


  90:Src/stm32f4xx_it.c **** 
  91:Src/stm32f4xx_it.c ****   /* USER CODE END MemoryManagement_IRQn 0 */
  92:Src/stm32f4xx_it.c ****   while (1)
  93:Src/stm32f4xx_it.c ****   {
  94:Src/stm32f4xx_it.c ****     /* USER CODE BEGIN W1_MemoryManagement_IRQn 0 */
  95:Src/stm32f4xx_it.c ****     /* USER CODE END W1_MemoryManagement_IRQn 0 */
  96:Src/stm32f4xx_it.c ****   }
  97:Src/stm32f4xx_it.c ****   /* USER CODE BEGIN MemoryManagement_IRQn 1 */
  98:Src/stm32f4xx_it.c **** 
  99:Src/stm32f4xx_it.c ****   /* USER CODE END MemoryManagement_IRQn 1 */
 100:Src/stm32f4xx_it.c **** }
 101:Src/stm32f4xx_it.c **** 
 102:Src/stm32f4xx_it.c **** /**
 103:Src/stm32f4xx_it.c **** * @brief This function handles Pre-fetch fault, memory access fault.
 104:Src/stm32f4xx_it.c **** */
 105:Src/stm32f4xx_it.c **** void BusFault_Handler(void)
 106:Src/stm32f4xx_it.c **** {
  90              		.loc 1 106 0
  91              		.cfi_startproc
  92              		@ Volatile: function does not return.
  93              		@ args = 0, pretend = 0, frame = 0
  94              		@ frame_needed = 0, uses_anonymous_args = 0
  95              		@ link register save eliminated.
  96              	.L7:
  97 0000 FEE7     		b	.L7
  98              		.cfi_endproc
  99              	.LFE134:
 101              		.section	.text.UsageFault_Handler,"ax",%progbits
 102              		.align	1
 103              		.global	UsageFault_Handler
 104              		.syntax unified
 105              		.thumb
 106              		.thumb_func
 107              		.fpu fpv4-sp-d16
 109              	UsageFault_Handler:
 110              	.LFB135:
 107:Src/stm32f4xx_it.c ****   /* USER CODE BEGIN BusFault_IRQn 0 */
 108:Src/stm32f4xx_it.c **** 
 109:Src/stm32f4xx_it.c ****   /* USER CODE END BusFault_IRQn 0 */
 110:Src/stm32f4xx_it.c ****   while (1)
 111:Src/stm32f4xx_it.c ****   {
 112:Src/stm32f4xx_it.c ****     /* USER CODE BEGIN W1_BusFault_IRQn 0 */
 113:Src/stm32f4xx_it.c ****     /* USER CODE END W1_BusFault_IRQn 0 */
 114:Src/stm32f4xx_it.c ****   }
 115:Src/stm32f4xx_it.c ****   /* USER CODE BEGIN BusFault_IRQn 1 */
 116:Src/stm32f4xx_it.c **** 
 117:Src/stm32f4xx_it.c ****   /* USER CODE END BusFault_IRQn 1 */
 118:Src/stm32f4xx_it.c **** }
 119:Src/stm32f4xx_it.c **** 
 120:Src/stm32f4xx_it.c **** /**
 121:Src/stm32f4xx_it.c **** * @brief This function handles Undefined instruction or illegal state.
 122:Src/stm32f4xx_it.c **** */
 123:Src/stm32f4xx_it.c **** void UsageFault_Handler(void)
 124:Src/stm32f4xx_it.c **** {
 111              		.loc 1 124 0
 112              		.cfi_startproc
 113              		@ Volatile: function does not return.
ARM GAS  /var/folders/0d/93p3r6493yg7p0rvl_4r983m0000gn/T//ccbhBpvd.s 			page 5


 114              		@ args = 0, pretend = 0, frame = 0
 115              		@ frame_needed = 0, uses_anonymous_args = 0
 116              		@ link register save eliminated.
 117              	.L9:
 118 0000 FEE7     		b	.L9
 119              		.cfi_endproc
 120              	.LFE135:
 122              		.section	.text.DebugMon_Handler,"ax",%progbits
 123              		.align	1
 124              		.global	DebugMon_Handler
 125              		.syntax unified
 126              		.thumb
 127              		.thumb_func
 128              		.fpu fpv4-sp-d16
 130              	DebugMon_Handler:
 131              	.LFB136:
 125:Src/stm32f4xx_it.c ****   /* USER CODE BEGIN UsageFault_IRQn 0 */
 126:Src/stm32f4xx_it.c **** 
 127:Src/stm32f4xx_it.c ****   /* USER CODE END UsageFault_IRQn 0 */
 128:Src/stm32f4xx_it.c ****   while (1)
 129:Src/stm32f4xx_it.c ****   {
 130:Src/stm32f4xx_it.c ****     /* USER CODE BEGIN W1_UsageFault_IRQn 0 */
 131:Src/stm32f4xx_it.c ****     /* USER CODE END W1_UsageFault_IRQn 0 */
 132:Src/stm32f4xx_it.c ****   }
 133:Src/stm32f4xx_it.c ****   /* USER CODE BEGIN UsageFault_IRQn 1 */
 134:Src/stm32f4xx_it.c **** 
 135:Src/stm32f4xx_it.c ****   /* USER CODE END UsageFault_IRQn 1 */
 136:Src/stm32f4xx_it.c **** }
 137:Src/stm32f4xx_it.c **** 
 138:Src/stm32f4xx_it.c **** /**
 139:Src/stm32f4xx_it.c **** * @brief This function handles Debug monitor.
 140:Src/stm32f4xx_it.c **** */
 141:Src/stm32f4xx_it.c **** void DebugMon_Handler(void)
 142:Src/stm32f4xx_it.c **** {
 132              		.loc 1 142 0
 133              		.cfi_startproc
 134              		@ args = 0, pretend = 0, frame = 0
 135              		@ frame_needed = 0, uses_anonymous_args = 0
 136              		@ link register save eliminated.
 143:Src/stm32f4xx_it.c ****   /* USER CODE BEGIN DebugMonitor_IRQn 0 */
 144:Src/stm32f4xx_it.c **** 
 145:Src/stm32f4xx_it.c ****   /* USER CODE END DebugMonitor_IRQn 0 */
 146:Src/stm32f4xx_it.c ****   /* USER CODE BEGIN DebugMonitor_IRQn 1 */
 147:Src/stm32f4xx_it.c **** 
 148:Src/stm32f4xx_it.c ****   /* USER CODE END DebugMonitor_IRQn 1 */
 149:Src/stm32f4xx_it.c **** }
 137              		.loc 1 149 0
 138 0000 7047     		bx	lr
 139              		.cfi_endproc
 140              	.LFE136:
 142              		.section	.text.SysTick_Handler,"ax",%progbits
 143              		.align	1
 144              		.global	SysTick_Handler
 145              		.syntax unified
 146              		.thumb
 147              		.thumb_func
 148              		.fpu fpv4-sp-d16
ARM GAS  /var/folders/0d/93p3r6493yg7p0rvl_4r983m0000gn/T//ccbhBpvd.s 			page 6


 150              	SysTick_Handler:
 151              	.LFB137:
 150:Src/stm32f4xx_it.c **** 
 151:Src/stm32f4xx_it.c **** /**
 152:Src/stm32f4xx_it.c **** * @brief This function handles System tick timer.
 153:Src/stm32f4xx_it.c **** */
 154:Src/stm32f4xx_it.c **** void SysTick_Handler(void)
 155:Src/stm32f4xx_it.c **** {
 152              		.loc 1 155 0
 153              		.cfi_startproc
 154              		@ args = 0, pretend = 0, frame = 0
 155              		@ frame_needed = 0, uses_anonymous_args = 0
 156 0000 08B5     		push	{r3, lr}
 157              	.LCFI0:
 158              		.cfi_def_cfa_offset 8
 159              		.cfi_offset 3, -8
 160              		.cfi_offset 14, -4
 156:Src/stm32f4xx_it.c ****   /* USER CODE BEGIN SysTick_IRQn 0 */
 157:Src/stm32f4xx_it.c **** 
 158:Src/stm32f4xx_it.c ****   /* USER CODE END SysTick_IRQn 0 */
 159:Src/stm32f4xx_it.c ****   osSystickHandler();
 161              		.loc 1 159 0
 162 0002 FFF7FEFF 		bl	osSystickHandler
 163              	.LVL0:
 160:Src/stm32f4xx_it.c ****   /* USER CODE BEGIN SysTick_IRQn 1 */
 161:Src/stm32f4xx_it.c **** 
 162:Src/stm32f4xx_it.c ****   /* USER CODE END SysTick_IRQn 1 */
 163:Src/stm32f4xx_it.c **** }
 164              		.loc 1 163 0
 165 0006 08BD     		pop	{r3, pc}
 166              		.cfi_endproc
 167              	.LFE137:
 169              		.section	.text.TIM6_DAC_IRQHandler,"ax",%progbits
 170              		.align	1
 171              		.global	TIM6_DAC_IRQHandler
 172              		.syntax unified
 173              		.thumb
 174              		.thumb_func
 175              		.fpu fpv4-sp-d16
 177              	TIM6_DAC_IRQHandler:
 178              	.LFB138:
 164:Src/stm32f4xx_it.c **** 
 165:Src/stm32f4xx_it.c **** /******************************************************************************/
 166:Src/stm32f4xx_it.c **** /* STM32F4xx Peripheral Interrupt Handlers                                    */
 167:Src/stm32f4xx_it.c **** /* Add here the Interrupt Handlers for the used peripherals.                  */
 168:Src/stm32f4xx_it.c **** /* For the available peripheral interrupt handler names,                      */
 169:Src/stm32f4xx_it.c **** /* please refer to the startup file (startup_stm32f4xx.s).                    */
 170:Src/stm32f4xx_it.c **** /******************************************************************************/
 171:Src/stm32f4xx_it.c **** 
 172:Src/stm32f4xx_it.c **** /**
 173:Src/stm32f4xx_it.c **** * @brief This function handles TIM6 global interrupt, DAC1 and DAC2 underrun error interrupts.
 174:Src/stm32f4xx_it.c **** */
 175:Src/stm32f4xx_it.c **** void TIM6_DAC_IRQHandler(void)
 176:Src/stm32f4xx_it.c **** {
 179              		.loc 1 176 0
 180              		.cfi_startproc
 181              		@ args = 0, pretend = 0, frame = 0
ARM GAS  /var/folders/0d/93p3r6493yg7p0rvl_4r983m0000gn/T//ccbhBpvd.s 			page 7


 182              		@ frame_needed = 0, uses_anonymous_args = 0
 183 0000 08B5     		push	{r3, lr}
 184              	.LCFI1:
 185              		.cfi_def_cfa_offset 8
 186              		.cfi_offset 3, -8
 187              		.cfi_offset 14, -4
 177:Src/stm32f4xx_it.c ****   /* USER CODE BEGIN TIM6_DAC_IRQn 0 */
 178:Src/stm32f4xx_it.c **** 
 179:Src/stm32f4xx_it.c ****   /* USER CODE END TIM6_DAC_IRQn 0 */
 180:Src/stm32f4xx_it.c ****   HAL_TIM_IRQHandler(&htim6);
 188              		.loc 1 180 0
 189 0002 0248     		ldr	r0, .L15
 190 0004 FFF7FEFF 		bl	HAL_TIM_IRQHandler
 191              	.LVL1:
 181:Src/stm32f4xx_it.c ****   /* USER CODE BEGIN TIM6_DAC_IRQn 1 */
 182:Src/stm32f4xx_it.c **** 
 183:Src/stm32f4xx_it.c ****   /* USER CODE END TIM6_DAC_IRQn 1 */
 184:Src/stm32f4xx_it.c **** }
 192              		.loc 1 184 0
 193 0008 08BD     		pop	{r3, pc}
 194              	.L16:
 195 000a 00BF     		.align	2
 196              	.L15:
 197 000c 00000000 		.word	htim6
 198              		.cfi_endproc
 199              	.LFE138:
 201              		.section	.text.ETH_IRQHandler,"ax",%progbits
 202              		.align	1
 203              		.global	ETH_IRQHandler
 204              		.syntax unified
 205              		.thumb
 206              		.thumb_func
 207              		.fpu fpv4-sp-d16
 209              	ETH_IRQHandler:
 210              	.LFB139:
 185:Src/stm32f4xx_it.c **** 
 186:Src/stm32f4xx_it.c **** /**
 187:Src/stm32f4xx_it.c **** * @brief This function handles Ethernet global interrupt.
 188:Src/stm32f4xx_it.c **** */
 189:Src/stm32f4xx_it.c **** void ETH_IRQHandler(void)
 190:Src/stm32f4xx_it.c **** {
 211              		.loc 1 190 0
 212              		.cfi_startproc
 213              		@ args = 0, pretend = 0, frame = 0
 214              		@ frame_needed = 0, uses_anonymous_args = 0
 215 0000 08B5     		push	{r3, lr}
 216              	.LCFI2:
 217              		.cfi_def_cfa_offset 8
 218              		.cfi_offset 3, -8
 219              		.cfi_offset 14, -4
 191:Src/stm32f4xx_it.c ****   /* USER CODE BEGIN ETH_IRQn 0 */
 192:Src/stm32f4xx_it.c **** 
 193:Src/stm32f4xx_it.c ****   /* USER CODE END ETH_IRQn 0 */
 194:Src/stm32f4xx_it.c ****   HAL_ETH_IRQHandler(&heth);
 220              		.loc 1 194 0
 221 0002 0248     		ldr	r0, .L19
 222 0004 FFF7FEFF 		bl	HAL_ETH_IRQHandler
ARM GAS  /var/folders/0d/93p3r6493yg7p0rvl_4r983m0000gn/T//ccbhBpvd.s 			page 8


 223              	.LVL2:
 195:Src/stm32f4xx_it.c ****   /* USER CODE BEGIN ETH_IRQn 1 */
 196:Src/stm32f4xx_it.c **** 
 197:Src/stm32f4xx_it.c ****   /* USER CODE END ETH_IRQn 1 */
 198:Src/stm32f4xx_it.c **** }
 224              		.loc 1 198 0
 225 0008 08BD     		pop	{r3, pc}
 226              	.L20:
 227 000a 00BF     		.align	2
 228              	.L19:
 229 000c 00000000 		.word	heth
 230              		.cfi_endproc
 231              	.LFE139:
 233              		.section	.text.OTG_FS_IRQHandler,"ax",%progbits
 234              		.align	1
 235              		.global	OTG_FS_IRQHandler
 236              		.syntax unified
 237              		.thumb
 238              		.thumb_func
 239              		.fpu fpv4-sp-d16
 241              	OTG_FS_IRQHandler:
 242              	.LFB140:
 199:Src/stm32f4xx_it.c **** 
 200:Src/stm32f4xx_it.c **** /**
 201:Src/stm32f4xx_it.c **** * @brief This function handles USB On The Go FS global interrupt.
 202:Src/stm32f4xx_it.c **** */
 203:Src/stm32f4xx_it.c **** void OTG_FS_IRQHandler(void)
 204:Src/stm32f4xx_it.c **** {
 243              		.loc 1 204 0
 244              		.cfi_startproc
 245              		@ args = 0, pretend = 0, frame = 0
 246              		@ frame_needed = 0, uses_anonymous_args = 0
 247 0000 08B5     		push	{r3, lr}
 248              	.LCFI3:
 249              		.cfi_def_cfa_offset 8
 250              		.cfi_offset 3, -8
 251              		.cfi_offset 14, -4
 205:Src/stm32f4xx_it.c ****   /* USER CODE BEGIN OTG_FS_IRQn 0 */
 206:Src/stm32f4xx_it.c **** 
 207:Src/stm32f4xx_it.c ****   /* USER CODE END OTG_FS_IRQn 0 */
 208:Src/stm32f4xx_it.c ****   HAL_HCD_IRQHandler(&hhcd_USB_OTG_FS);
 252              		.loc 1 208 0
 253 0002 0248     		ldr	r0, .L23
 254 0004 FFF7FEFF 		bl	HAL_HCD_IRQHandler
 255              	.LVL3:
 209:Src/stm32f4xx_it.c ****   /* USER CODE BEGIN OTG_FS_IRQn 1 */
 210:Src/stm32f4xx_it.c **** 
 211:Src/stm32f4xx_it.c ****   /* USER CODE END OTG_FS_IRQn 1 */
 212:Src/stm32f4xx_it.c **** }
 256              		.loc 1 212 0
 257 0008 08BD     		pop	{r3, pc}
 258              	.L24:
 259 000a 00BF     		.align	2
 260              	.L23:
 261 000c 00000000 		.word	hhcd_USB_OTG_FS
 262              		.cfi_endproc
 263              	.LFE140:
ARM GAS  /var/folders/0d/93p3r6493yg7p0rvl_4r983m0000gn/T//ccbhBpvd.s 			page 9


 265              		.text
 266              	.Letext0:
 267              		.file 2 "/usr/local/gcc_arm/gcc-arm-none-eabi-7-2017-q4-major/arm-none-eabi/include/machine/_defau
 268              		.file 3 "/usr/local/gcc_arm/gcc-arm-none-eabi-7-2017-q4-major/arm-none-eabi/include/sys/_stdint.h"
 269              		.file 4 "Drivers/CMSIS/Include/core_cm4.h"
 270              		.file 5 "Drivers/CMSIS/Device/ST/STM32F4xx/Include/system_stm32f4xx.h"
 271              		.file 6 "Drivers/CMSIS/Device/ST/STM32F4xx/Include/stm32f429xx.h"
 272              		.file 7 "/usr/local/gcc_arm/gcc-arm-none-eabi-7-2017-q4-major/arm-none-eabi/include/sys/lock.h"
 273              		.file 8 "/usr/local/gcc_arm/gcc-arm-none-eabi-7-2017-q4-major/arm-none-eabi/include/sys/_types.h"
 274              		.file 9 "/usr/local/gcc_arm/gcc-arm-none-eabi-7-2017-q4-major/lib/gcc/arm-none-eabi/7.2.1/include/
 275              		.file 10 "/usr/local/gcc_arm/gcc-arm-none-eabi-7-2017-q4-major/arm-none-eabi/include/sys/reent.h"
 276              		.file 11 "Drivers/STM32F4xx_HAL_Driver/Inc/stm32f4xx_hal_def.h"
 277              		.file 12 "Drivers/STM32F4xx_HAL_Driver/Inc/stm32f4xx_hal_dma.h"
 278              		.file 13 "Drivers/STM32F4xx_HAL_Driver/Inc/stm32f4xx_hal_eth.h"
 279              		.file 14 "Drivers/STM32F4xx_HAL_Driver/Inc/stm32f4xx_hal_tim.h"
 280              		.file 15 "Drivers/STM32F4xx_HAL_Driver/Inc/stm32f4xx_ll_usb.h"
 281              		.file 16 "Drivers/STM32F4xx_HAL_Driver/Inc/stm32f4xx_hal_hcd.h"
 282              		.file 17 "Middlewares/Third_Party/FreeRTOS/Source/CMSIS_RTOS/cmsis_os.h"
ARM GAS  /var/folders/0d/93p3r6493yg7p0rvl_4r983m0000gn/T//ccbhBpvd.s 			page 10


DEFINED SYMBOLS
                            *ABS*:0000000000000000 stm32f4xx_it.c
/var/folders/0d/93p3r6493yg7p0rvl_4r983m0000gn/T//ccbhBpvd.s:18     .text.NMI_Handler:0000000000000000 $t
/var/folders/0d/93p3r6493yg7p0rvl_4r983m0000gn/T//ccbhBpvd.s:25     .text.NMI_Handler:0000000000000000 NMI_Handler
/var/folders/0d/93p3r6493yg7p0rvl_4r983m0000gn/T//ccbhBpvd.s:39     .text.HardFault_Handler:0000000000000000 $t
/var/folders/0d/93p3r6493yg7p0rvl_4r983m0000gn/T//ccbhBpvd.s:46     .text.HardFault_Handler:0000000000000000 HardFault_Handler
/var/folders/0d/93p3r6493yg7p0rvl_4r983m0000gn/T//ccbhBpvd.s:60     .text.MemManage_Handler:0000000000000000 $t
/var/folders/0d/93p3r6493yg7p0rvl_4r983m0000gn/T//ccbhBpvd.s:67     .text.MemManage_Handler:0000000000000000 MemManage_Handler
/var/folders/0d/93p3r6493yg7p0rvl_4r983m0000gn/T//ccbhBpvd.s:81     .text.BusFault_Handler:0000000000000000 $t
/var/folders/0d/93p3r6493yg7p0rvl_4r983m0000gn/T//ccbhBpvd.s:88     .text.BusFault_Handler:0000000000000000 BusFault_Handler
/var/folders/0d/93p3r6493yg7p0rvl_4r983m0000gn/T//ccbhBpvd.s:102    .text.UsageFault_Handler:0000000000000000 $t
/var/folders/0d/93p3r6493yg7p0rvl_4r983m0000gn/T//ccbhBpvd.s:109    .text.UsageFault_Handler:0000000000000000 UsageFault_Handler
/var/folders/0d/93p3r6493yg7p0rvl_4r983m0000gn/T//ccbhBpvd.s:123    .text.DebugMon_Handler:0000000000000000 $t
/var/folders/0d/93p3r6493yg7p0rvl_4r983m0000gn/T//ccbhBpvd.s:130    .text.DebugMon_Handler:0000000000000000 DebugMon_Handler
/var/folders/0d/93p3r6493yg7p0rvl_4r983m0000gn/T//ccbhBpvd.s:143    .text.SysTick_Handler:0000000000000000 $t
/var/folders/0d/93p3r6493yg7p0rvl_4r983m0000gn/T//ccbhBpvd.s:150    .text.SysTick_Handler:0000000000000000 SysTick_Handler
/var/folders/0d/93p3r6493yg7p0rvl_4r983m0000gn/T//ccbhBpvd.s:170    .text.TIM6_DAC_IRQHandler:0000000000000000 $t
/var/folders/0d/93p3r6493yg7p0rvl_4r983m0000gn/T//ccbhBpvd.s:177    .text.TIM6_DAC_IRQHandler:0000000000000000 TIM6_DAC_IRQHandler
/var/folders/0d/93p3r6493yg7p0rvl_4r983m0000gn/T//ccbhBpvd.s:197    .text.TIM6_DAC_IRQHandler:000000000000000c $d
/var/folders/0d/93p3r6493yg7p0rvl_4r983m0000gn/T//ccbhBpvd.s:202    .text.ETH_IRQHandler:0000000000000000 $t
/var/folders/0d/93p3r6493yg7p0rvl_4r983m0000gn/T//ccbhBpvd.s:209    .text.ETH_IRQHandler:0000000000000000 ETH_IRQHandler
/var/folders/0d/93p3r6493yg7p0rvl_4r983m0000gn/T//ccbhBpvd.s:229    .text.ETH_IRQHandler:000000000000000c $d
/var/folders/0d/93p3r6493yg7p0rvl_4r983m0000gn/T//ccbhBpvd.s:234    .text.OTG_FS_IRQHandler:0000000000000000 $t
/var/folders/0d/93p3r6493yg7p0rvl_4r983m0000gn/T//ccbhBpvd.s:241    .text.OTG_FS_IRQHandler:0000000000000000 OTG_FS_IRQHandler
/var/folders/0d/93p3r6493yg7p0rvl_4r983m0000gn/T//ccbhBpvd.s:261    .text.OTG_FS_IRQHandler:000000000000000c $d

UNDEFINED SYMBOLS
osSystickHandler
HAL_TIM_IRQHandler
htim6
HAL_ETH_IRQHandler
heth
HAL_HCD_IRQHandler
hhcd_USB_OTG_FS
