ARM GAS  /var/folders/0d/93p3r6493yg7p0rvl_4r983m0000gn/T//ccjgf4mH.s 			page 1


   1              		.cpu cortex-m4
   2              		.eabi_attribute 27, 1
   3              		.eabi_attribute 28, 1
   4              		.eabi_attribute 20, 1
   5              		.eabi_attribute 21, 1
   6              		.eabi_attribute 23, 3
   7              		.eabi_attribute 24, 1
   8              		.eabi_attribute 25, 1
   9              		.eabi_attribute 26, 1
  10              		.eabi_attribute 30, 1
  11              		.eabi_attribute 34, 1
  12              		.eabi_attribute 18, 4
  13              		.file	"stm32f4xx_hal_msp.c"
  14              		.text
  15              	.Ltext0:
  16              		.cfi_sections	.debug_frame
  17              		.section	.text.HAL_MspInit,"ax",%progbits
  18              		.align	1
  19              		.global	HAL_MspInit
  20              		.syntax unified
  21              		.thumb
  22              		.thumb_func
  23              		.fpu fpv4-sp-d16
  25              	HAL_MspInit:
  26              	.LFB126:
  27              		.file 1 "Src/stm32f4xx_hal_msp.c"
   1:Src/stm32f4xx_hal_msp.c **** /**
   2:Src/stm32f4xx_hal_msp.c ****   ******************************************************************************
   3:Src/stm32f4xx_hal_msp.c ****   * File Name          : stm32f4xx_hal_msp.c
   4:Src/stm32f4xx_hal_msp.c ****   * Description        : This file provides code for the MSP Initialization 
   5:Src/stm32f4xx_hal_msp.c ****   *                      and de-Initialization codes.
   6:Src/stm32f4xx_hal_msp.c ****   ******************************************************************************
   7:Src/stm32f4xx_hal_msp.c ****   * This notice applies to any and all portions of this file
   8:Src/stm32f4xx_hal_msp.c ****   * that are not between comment pairs USER CODE BEGIN and
   9:Src/stm32f4xx_hal_msp.c ****   * USER CODE END. Other portions of this file, whether 
  10:Src/stm32f4xx_hal_msp.c ****   * inserted by the user or by software development tools
  11:Src/stm32f4xx_hal_msp.c ****   * are owned by their respective copyright owners.
  12:Src/stm32f4xx_hal_msp.c ****   *
  13:Src/stm32f4xx_hal_msp.c ****   * Copyright (c) 2018 STMicroelectronics International N.V. 
  14:Src/stm32f4xx_hal_msp.c ****   * All rights reserved.
  15:Src/stm32f4xx_hal_msp.c ****   *
  16:Src/stm32f4xx_hal_msp.c ****   * Redistribution and use in source and binary forms, with or without 
  17:Src/stm32f4xx_hal_msp.c ****   * modification, are permitted, provided that the following conditions are met:
  18:Src/stm32f4xx_hal_msp.c ****   *
  19:Src/stm32f4xx_hal_msp.c ****   * 1. Redistribution of source code must retain the above copyright notice, 
  20:Src/stm32f4xx_hal_msp.c ****   *    this list of conditions and the following disclaimer.
  21:Src/stm32f4xx_hal_msp.c ****   * 2. Redistributions in binary form must reproduce the above copyright notice,
  22:Src/stm32f4xx_hal_msp.c ****   *    this list of conditions and the following disclaimer in the documentation
  23:Src/stm32f4xx_hal_msp.c ****   *    and/or other materials provided with the distribution.
  24:Src/stm32f4xx_hal_msp.c ****   * 3. Neither the name of STMicroelectronics nor the names of other 
  25:Src/stm32f4xx_hal_msp.c ****   *    contributors to this software may be used to endorse or promote products 
  26:Src/stm32f4xx_hal_msp.c ****   *    derived from this software without specific written permission.
  27:Src/stm32f4xx_hal_msp.c ****   * 4. This software, including modifications and/or derivative works of this 
  28:Src/stm32f4xx_hal_msp.c ****   *    software, must execute solely and exclusively on microcontroller or
  29:Src/stm32f4xx_hal_msp.c ****   *    microprocessor devices manufactured by or for STMicroelectronics.
  30:Src/stm32f4xx_hal_msp.c ****   * 5. Redistribution and use of this software other than as permitted under 
  31:Src/stm32f4xx_hal_msp.c ****   *    this license is void and will automatically terminate your rights under 
ARM GAS  /var/folders/0d/93p3r6493yg7p0rvl_4r983m0000gn/T//ccjgf4mH.s 			page 2


  32:Src/stm32f4xx_hal_msp.c ****   *    this license. 
  33:Src/stm32f4xx_hal_msp.c ****   *
  34:Src/stm32f4xx_hal_msp.c ****   * THIS SOFTWARE IS PROVIDED BY STMICROELECTRONICS AND CONTRIBUTORS "AS IS" 
  35:Src/stm32f4xx_hal_msp.c ****   * AND ANY EXPRESS, IMPLIED OR STATUTORY WARRANTIES, INCLUDING, BUT NOT 
  36:Src/stm32f4xx_hal_msp.c ****   * LIMITED TO, THE IMPLIED WARRANTIES OF MERCHANTABILITY, FITNESS FOR A 
  37:Src/stm32f4xx_hal_msp.c ****   * PARTICULAR PURPOSE AND NON-INFRINGEMENT OF THIRD PARTY INTELLECTUAL PROPERTY
  38:Src/stm32f4xx_hal_msp.c ****   * RIGHTS ARE DISCLAIMED TO THE FULLEST EXTENT PERMITTED BY LAW. IN NO EVENT 
  39:Src/stm32f4xx_hal_msp.c ****   * SHALL STMICROELECTRONICS OR CONTRIBUTORS BE LIABLE FOR ANY DIRECT, INDIRECT,
  40:Src/stm32f4xx_hal_msp.c ****   * INCIDENTAL, SPECIAL, EXEMPLARY, OR CONSEQUENTIAL DAMAGES (INCLUDING, BUT NOT
  41:Src/stm32f4xx_hal_msp.c ****   * LIMITED TO, PROCUREMENT OF SUBSTITUTE GOODS OR SERVICES; LOSS OF USE, DATA, 
  42:Src/stm32f4xx_hal_msp.c ****   * OR PROFITS; OR BUSINESS INTERRUPTION) HOWEVER CAUSED AND ON ANY THEORY OF 
  43:Src/stm32f4xx_hal_msp.c ****   * LIABILITY, WHETHER IN CONTRACT, STRICT LIABILITY, OR TORT (INCLUDING 
  44:Src/stm32f4xx_hal_msp.c ****   * NEGLIGENCE OR OTHERWISE) ARISING IN ANY WAY OUT OF THE USE OF THIS SOFTWARE,
  45:Src/stm32f4xx_hal_msp.c ****   * EVEN IF ADVISED OF THE POSSIBILITY OF SUCH DAMAGE.
  46:Src/stm32f4xx_hal_msp.c ****   *
  47:Src/stm32f4xx_hal_msp.c ****   ******************************************************************************
  48:Src/stm32f4xx_hal_msp.c ****   */
  49:Src/stm32f4xx_hal_msp.c **** /* Includes ------------------------------------------------------------------*/
  50:Src/stm32f4xx_hal_msp.c **** #include "stm32f4xx_hal.h"
  51:Src/stm32f4xx_hal_msp.c **** extern void _Error_Handler(char *, int);
  52:Src/stm32f4xx_hal_msp.c **** /* USER CODE BEGIN 0 */
  53:Src/stm32f4xx_hal_msp.c **** 
  54:Src/stm32f4xx_hal_msp.c **** /* USER CODE END 0 */
  55:Src/stm32f4xx_hal_msp.c **** /**
  56:Src/stm32f4xx_hal_msp.c ****   * Initializes the Global MSP.
  57:Src/stm32f4xx_hal_msp.c ****   */
  58:Src/stm32f4xx_hal_msp.c **** void HAL_MspInit(void)
  59:Src/stm32f4xx_hal_msp.c **** {
  28              		.loc 1 59 0
  29              		.cfi_startproc
  30              		@ args = 0, pretend = 0, frame = 8
  31              		@ frame_needed = 0, uses_anonymous_args = 0
  32 0000 10B5     		push	{r4, lr}
  33              	.LCFI0:
  34              		.cfi_def_cfa_offset 8
  35              		.cfi_offset 4, -8
  36              		.cfi_offset 14, -4
  37 0002 82B0     		sub	sp, sp, #8
  38              	.LCFI1:
  39              		.cfi_def_cfa_offset 16
  40              	.LBB2:
  60:Src/stm32f4xx_hal_msp.c ****   /* USER CODE BEGIN MspInit 0 */
  61:Src/stm32f4xx_hal_msp.c **** 
  62:Src/stm32f4xx_hal_msp.c ****   /* USER CODE END MspInit 0 */
  63:Src/stm32f4xx_hal_msp.c **** 
  64:Src/stm32f4xx_hal_msp.c ****   __HAL_RCC_SYSCFG_CLK_ENABLE();
  41              		.loc 1 64 0
  42 0004 0024     		movs	r4, #0
  43 0006 0094     		str	r4, [sp]
  44 0008 214B     		ldr	r3, .L3
  45 000a 5A6C     		ldr	r2, [r3, #68]
  46 000c 42F48042 		orr	r2, r2, #16384
  47 0010 5A64     		str	r2, [r3, #68]
  48 0012 5A6C     		ldr	r2, [r3, #68]
  49 0014 02F48042 		and	r2, r2, #16384
  50 0018 0092     		str	r2, [sp]
  51 001a 009A     		ldr	r2, [sp]
ARM GAS  /var/folders/0d/93p3r6493yg7p0rvl_4r983m0000gn/T//ccjgf4mH.s 			page 3


  52              	.LBE2:
  53              	.LBB3:
  65:Src/stm32f4xx_hal_msp.c ****   __HAL_RCC_PWR_CLK_ENABLE();
  54              		.loc 1 65 0
  55 001c 0194     		str	r4, [sp, #4]
  56 001e 1A6C     		ldr	r2, [r3, #64]
  57 0020 42F08052 		orr	r2, r2, #268435456
  58 0024 1A64     		str	r2, [r3, #64]
  59 0026 1B6C     		ldr	r3, [r3, #64]
  60 0028 03F08053 		and	r3, r3, #268435456
  61 002c 0193     		str	r3, [sp, #4]
  62 002e 019B     		ldr	r3, [sp, #4]
  63              	.LBE3:
  66:Src/stm32f4xx_hal_msp.c **** 
  67:Src/stm32f4xx_hal_msp.c ****   HAL_NVIC_SetPriorityGrouping(NVIC_PRIORITYGROUP_4);
  64              		.loc 1 67 0
  65 0030 0320     		movs	r0, #3
  66 0032 FFF7FEFF 		bl	HAL_NVIC_SetPriorityGrouping
  67              	.LVL0:
  68:Src/stm32f4xx_hal_msp.c **** 
  69:Src/stm32f4xx_hal_msp.c ****   /* System interrupt init*/
  70:Src/stm32f4xx_hal_msp.c ****   /* MemoryManagement_IRQn interrupt configuration */
  71:Src/stm32f4xx_hal_msp.c ****   HAL_NVIC_SetPriority(MemoryManagement_IRQn, 0, 0);
  68              		.loc 1 71 0
  69 0036 2246     		mov	r2, r4
  70 0038 2146     		mov	r1, r4
  71 003a 6FF00B00 		mvn	r0, #11
  72 003e FFF7FEFF 		bl	HAL_NVIC_SetPriority
  73              	.LVL1:
  72:Src/stm32f4xx_hal_msp.c ****   /* BusFault_IRQn interrupt configuration */
  73:Src/stm32f4xx_hal_msp.c ****   HAL_NVIC_SetPriority(BusFault_IRQn, 0, 0);
  74              		.loc 1 73 0
  75 0042 2246     		mov	r2, r4
  76 0044 2146     		mov	r1, r4
  77 0046 6FF00A00 		mvn	r0, #10
  78 004a FFF7FEFF 		bl	HAL_NVIC_SetPriority
  79              	.LVL2:
  74:Src/stm32f4xx_hal_msp.c ****   /* UsageFault_IRQn interrupt configuration */
  75:Src/stm32f4xx_hal_msp.c ****   HAL_NVIC_SetPriority(UsageFault_IRQn, 0, 0);
  80              		.loc 1 75 0
  81 004e 2246     		mov	r2, r4
  82 0050 2146     		mov	r1, r4
  83 0052 6FF00900 		mvn	r0, #9
  84 0056 FFF7FEFF 		bl	HAL_NVIC_SetPriority
  85              	.LVL3:
  76:Src/stm32f4xx_hal_msp.c ****   /* SVCall_IRQn interrupt configuration */
  77:Src/stm32f4xx_hal_msp.c ****   HAL_NVIC_SetPriority(SVCall_IRQn, 0, 0);
  86              		.loc 1 77 0
  87 005a 2246     		mov	r2, r4
  88 005c 2146     		mov	r1, r4
  89 005e 6FF00400 		mvn	r0, #4
  90 0062 FFF7FEFF 		bl	HAL_NVIC_SetPriority
  91              	.LVL4:
  78:Src/stm32f4xx_hal_msp.c ****   /* DebugMonitor_IRQn interrupt configuration */
  79:Src/stm32f4xx_hal_msp.c ****   HAL_NVIC_SetPriority(DebugMonitor_IRQn, 0, 0);
  92              		.loc 1 79 0
  93 0066 2246     		mov	r2, r4
ARM GAS  /var/folders/0d/93p3r6493yg7p0rvl_4r983m0000gn/T//ccjgf4mH.s 			page 4


  94 0068 2146     		mov	r1, r4
  95 006a 6FF00300 		mvn	r0, #3
  96 006e FFF7FEFF 		bl	HAL_NVIC_SetPriority
  97              	.LVL5:
  80:Src/stm32f4xx_hal_msp.c ****   /* PendSV_IRQn interrupt configuration */
  81:Src/stm32f4xx_hal_msp.c ****   HAL_NVIC_SetPriority(PendSV_IRQn, 15, 0);
  98              		.loc 1 81 0
  99 0072 2246     		mov	r2, r4
 100 0074 0F21     		movs	r1, #15
 101 0076 6FF00100 		mvn	r0, #1
 102 007a FFF7FEFF 		bl	HAL_NVIC_SetPriority
 103              	.LVL6:
  82:Src/stm32f4xx_hal_msp.c ****   /* SysTick_IRQn interrupt configuration */
  83:Src/stm32f4xx_hal_msp.c ****   HAL_NVIC_SetPriority(SysTick_IRQn, 15, 0);
 104              		.loc 1 83 0
 105 007e 2246     		mov	r2, r4
 106 0080 0F21     		movs	r1, #15
 107 0082 4FF0FF30 		mov	r0, #-1
 108 0086 FFF7FEFF 		bl	HAL_NVIC_SetPriority
 109              	.LVL7:
  84:Src/stm32f4xx_hal_msp.c **** 
  85:Src/stm32f4xx_hal_msp.c ****   /* USER CODE BEGIN MspInit 1 */
  86:Src/stm32f4xx_hal_msp.c **** 
  87:Src/stm32f4xx_hal_msp.c ****   /* USER CODE END MspInit 1 */
  88:Src/stm32f4xx_hal_msp.c **** }
 110              		.loc 1 88 0
 111 008a 02B0     		add	sp, sp, #8
 112              	.LCFI2:
 113              		.cfi_def_cfa_offset 8
 114              		@ sp needed
 115 008c 10BD     		pop	{r4, pc}
 116              	.L4:
 117 008e 00BF     		.align	2
 118              	.L3:
 119 0090 00380240 		.word	1073887232
 120              		.cfi_endproc
 121              	.LFE126:
 123              		.section	.text.HAL_UART_MspInit,"ax",%progbits
 124              		.align	1
 125              		.global	HAL_UART_MspInit
 126              		.syntax unified
 127              		.thumb
 128              		.thumb_func
 129              		.fpu fpv4-sp-d16
 131              	HAL_UART_MspInit:
 132              	.LFB127:
  89:Src/stm32f4xx_hal_msp.c **** 
  90:Src/stm32f4xx_hal_msp.c **** void HAL_UART_MspInit(UART_HandleTypeDef* huart)
  91:Src/stm32f4xx_hal_msp.c **** {
 133              		.loc 1 91 0
 134              		.cfi_startproc
 135              		@ args = 0, pretend = 0, frame = 24
 136              		@ frame_needed = 0, uses_anonymous_args = 0
 137              	.LVL8:
  92:Src/stm32f4xx_hal_msp.c **** 
  93:Src/stm32f4xx_hal_msp.c ****   GPIO_InitTypeDef GPIO_InitStruct;
  94:Src/stm32f4xx_hal_msp.c ****   if(huart->Instance==USART3)
ARM GAS  /var/folders/0d/93p3r6493yg7p0rvl_4r983m0000gn/T//ccjgf4mH.s 			page 5


 138              		.loc 1 94 0
 139 0000 0268     		ldr	r2, [r0]
 140 0002 124B     		ldr	r3, .L12
 141 0004 9A42     		cmp	r2, r3
 142 0006 00D0     		beq	.L11
 143 0008 7047     		bx	lr
 144              	.L11:
  91:Src/stm32f4xx_hal_msp.c **** 
 145              		.loc 1 91 0
 146 000a 00B5     		push	{lr}
 147              	.LCFI3:
 148              		.cfi_def_cfa_offset 4
 149              		.cfi_offset 14, -4
 150 000c 87B0     		sub	sp, sp, #28
 151              	.LCFI4:
 152              		.cfi_def_cfa_offset 32
 153              	.LBB4:
  95:Src/stm32f4xx_hal_msp.c ****   {
  96:Src/stm32f4xx_hal_msp.c ****   /* USER CODE BEGIN USART3_MspInit 0 */
  97:Src/stm32f4xx_hal_msp.c **** 
  98:Src/stm32f4xx_hal_msp.c ****   /* USER CODE END USART3_MspInit 0 */
  99:Src/stm32f4xx_hal_msp.c ****     /* Peripheral clock enable */
 100:Src/stm32f4xx_hal_msp.c ****     __HAL_RCC_USART3_CLK_ENABLE();
 154              		.loc 1 100 0
 155 000e 0023     		movs	r3, #0
 156 0010 0093     		str	r3, [sp]
 157 0012 0F4B     		ldr	r3, .L12+4
 158 0014 1A6C     		ldr	r2, [r3, #64]
 159 0016 42F48022 		orr	r2, r2, #262144
 160 001a 1A64     		str	r2, [r3, #64]
 161 001c 1B6C     		ldr	r3, [r3, #64]
 162 001e 03F48023 		and	r3, r3, #262144
 163 0022 0093     		str	r3, [sp]
 164 0024 009B     		ldr	r3, [sp]
 165              	.LBE4:
 101:Src/stm32f4xx_hal_msp.c ****   
 102:Src/stm32f4xx_hal_msp.c ****     /**USART3 GPIO Configuration    
 103:Src/stm32f4xx_hal_msp.c ****     PD8     ------> USART3_TX
 104:Src/stm32f4xx_hal_msp.c ****     PD9     ------> USART3_RX 
 105:Src/stm32f4xx_hal_msp.c ****     */
 106:Src/stm32f4xx_hal_msp.c ****     GPIO_InitStruct.Pin = GPIO_PIN_8|GPIO_PIN_9;
 166              		.loc 1 106 0
 167 0026 4FF44073 		mov	r3, #768
 168 002a 0193     		str	r3, [sp, #4]
 107:Src/stm32f4xx_hal_msp.c ****     GPIO_InitStruct.Mode = GPIO_MODE_AF_PP;
 169              		.loc 1 107 0
 170 002c 0223     		movs	r3, #2
 171 002e 0293     		str	r3, [sp, #8]
 108:Src/stm32f4xx_hal_msp.c ****     GPIO_InitStruct.Pull = GPIO_PULLUP;
 172              		.loc 1 108 0
 173 0030 0123     		movs	r3, #1
 174 0032 0393     		str	r3, [sp, #12]
 109:Src/stm32f4xx_hal_msp.c ****     GPIO_InitStruct.Speed = GPIO_SPEED_FREQ_VERY_HIGH;
 175              		.loc 1 109 0
 176 0034 0323     		movs	r3, #3
 177 0036 0493     		str	r3, [sp, #16]
 110:Src/stm32f4xx_hal_msp.c ****     GPIO_InitStruct.Alternate = GPIO_AF7_USART3;
ARM GAS  /var/folders/0d/93p3r6493yg7p0rvl_4r983m0000gn/T//ccjgf4mH.s 			page 6


 178              		.loc 1 110 0
 179 0038 0723     		movs	r3, #7
 180 003a 0593     		str	r3, [sp, #20]
 111:Src/stm32f4xx_hal_msp.c ****     HAL_GPIO_Init(GPIOD, &GPIO_InitStruct);
 181              		.loc 1 111 0
 182 003c 01A9     		add	r1, sp, #4
 183 003e 0548     		ldr	r0, .L12+8
 184              	.LVL9:
 185 0040 FFF7FEFF 		bl	HAL_GPIO_Init
 186              	.LVL10:
 112:Src/stm32f4xx_hal_msp.c **** 
 113:Src/stm32f4xx_hal_msp.c ****   /* USER CODE BEGIN USART3_MspInit 1 */
 114:Src/stm32f4xx_hal_msp.c **** 
 115:Src/stm32f4xx_hal_msp.c ****   /* USER CODE END USART3_MspInit 1 */
 116:Src/stm32f4xx_hal_msp.c ****   }
 117:Src/stm32f4xx_hal_msp.c **** 
 118:Src/stm32f4xx_hal_msp.c **** }
 187              		.loc 1 118 0
 188 0044 07B0     		add	sp, sp, #28
 189              	.LCFI5:
 190              		.cfi_def_cfa_offset 4
 191              		@ sp needed
 192 0046 5DF804FB 		ldr	pc, [sp], #4
 193              	.L13:
 194 004a 00BF     		.align	2
 195              	.L12:
 196 004c 00480040 		.word	1073760256
 197 0050 00380240 		.word	1073887232
 198 0054 000C0240 		.word	1073875968
 199              		.cfi_endproc
 200              	.LFE127:
 202              		.section	.text.HAL_UART_MspDeInit,"ax",%progbits
 203              		.align	1
 204              		.global	HAL_UART_MspDeInit
 205              		.syntax unified
 206              		.thumb
 207              		.thumb_func
 208              		.fpu fpv4-sp-d16
 210              	HAL_UART_MspDeInit:
 211              	.LFB128:
 119:Src/stm32f4xx_hal_msp.c **** 
 120:Src/stm32f4xx_hal_msp.c **** void HAL_UART_MspDeInit(UART_HandleTypeDef* huart)
 121:Src/stm32f4xx_hal_msp.c **** {
 212              		.loc 1 121 0
 213              		.cfi_startproc
 214              		@ args = 0, pretend = 0, frame = 0
 215              		@ frame_needed = 0, uses_anonymous_args = 0
 216              	.LVL11:
 217 0000 08B5     		push	{r3, lr}
 218              	.LCFI6:
 219              		.cfi_def_cfa_offset 8
 220              		.cfi_offset 3, -8
 221              		.cfi_offset 14, -4
 122:Src/stm32f4xx_hal_msp.c **** 
 123:Src/stm32f4xx_hal_msp.c ****   if(huart->Instance==USART3)
 222              		.loc 1 123 0
 223 0002 0268     		ldr	r2, [r0]
ARM GAS  /var/folders/0d/93p3r6493yg7p0rvl_4r983m0000gn/T//ccjgf4mH.s 			page 7


 224 0004 074B     		ldr	r3, .L18
 225 0006 9A42     		cmp	r2, r3
 226 0008 00D0     		beq	.L17
 227              	.LVL12:
 228              	.L14:
 124:Src/stm32f4xx_hal_msp.c ****   {
 125:Src/stm32f4xx_hal_msp.c ****   /* USER CODE BEGIN USART3_MspDeInit 0 */
 126:Src/stm32f4xx_hal_msp.c **** 
 127:Src/stm32f4xx_hal_msp.c ****   /* USER CODE END USART3_MspDeInit 0 */
 128:Src/stm32f4xx_hal_msp.c ****     /* Peripheral clock disable */
 129:Src/stm32f4xx_hal_msp.c ****     __HAL_RCC_USART3_CLK_DISABLE();
 130:Src/stm32f4xx_hal_msp.c ****   
 131:Src/stm32f4xx_hal_msp.c ****     /**USART3 GPIO Configuration    
 132:Src/stm32f4xx_hal_msp.c ****     PD8     ------> USART3_TX
 133:Src/stm32f4xx_hal_msp.c ****     PD9     ------> USART3_RX 
 134:Src/stm32f4xx_hal_msp.c ****     */
 135:Src/stm32f4xx_hal_msp.c ****     HAL_GPIO_DeInit(GPIOD, GPIO_PIN_8|GPIO_PIN_9);
 136:Src/stm32f4xx_hal_msp.c **** 
 137:Src/stm32f4xx_hal_msp.c ****   /* USER CODE BEGIN USART3_MspDeInit 1 */
 138:Src/stm32f4xx_hal_msp.c **** 
 139:Src/stm32f4xx_hal_msp.c ****   /* USER CODE END USART3_MspDeInit 1 */
 140:Src/stm32f4xx_hal_msp.c ****   }
 141:Src/stm32f4xx_hal_msp.c **** 
 142:Src/stm32f4xx_hal_msp.c **** }
 229              		.loc 1 142 0
 230 000a 08BD     		pop	{r3, pc}
 231              	.LVL13:
 232              	.L17:
 129:Src/stm32f4xx_hal_msp.c ****   
 233              		.loc 1 129 0
 234 000c 064A     		ldr	r2, .L18+4
 235 000e 136C     		ldr	r3, [r2, #64]
 236 0010 23F48023 		bic	r3, r3, #262144
 237 0014 1364     		str	r3, [r2, #64]
 135:Src/stm32f4xx_hal_msp.c **** 
 238              		.loc 1 135 0
 239 0016 4FF44071 		mov	r1, #768
 240 001a 0448     		ldr	r0, .L18+8
 241              	.LVL14:
 242 001c FFF7FEFF 		bl	HAL_GPIO_DeInit
 243              	.LVL15:
 244              		.loc 1 142 0
 245 0020 F3E7     		b	.L14
 246              	.L19:
 247 0022 00BF     		.align	2
 248              	.L18:
 249 0024 00480040 		.word	1073760256
 250 0028 00380240 		.word	1073887232
 251 002c 000C0240 		.word	1073875968
 252              		.cfi_endproc
 253              	.LFE128:
 255              		.text
 256              	.Letext0:
 257              		.file 2 "/usr/local/gcc_arm/gcc-arm-none-eabi-7-2017-q4-major/arm-none-eabi/include/machine/_defau
 258              		.file 3 "/usr/local/gcc_arm/gcc-arm-none-eabi-7-2017-q4-major/arm-none-eabi/include/sys/_stdint.h"
 259              		.file 4 "Drivers/CMSIS/Include/core_cm4.h"
 260              		.file 5 "Drivers/CMSIS/Device/ST/STM32F4xx/Include/system_stm32f4xx.h"
ARM GAS  /var/folders/0d/93p3r6493yg7p0rvl_4r983m0000gn/T//ccjgf4mH.s 			page 8


 261              		.file 6 "Drivers/CMSIS/Device/ST/STM32F4xx/Include/stm32f429xx.h"
 262              		.file 7 "/usr/local/gcc_arm/gcc-arm-none-eabi-7-2017-q4-major/arm-none-eabi/include/sys/lock.h"
 263              		.file 8 "/usr/local/gcc_arm/gcc-arm-none-eabi-7-2017-q4-major/arm-none-eabi/include/sys/_types.h"
 264              		.file 9 "/usr/local/gcc_arm/gcc-arm-none-eabi-7-2017-q4-major/lib/gcc/arm-none-eabi/7.2.1/include/
 265              		.file 10 "/usr/local/gcc_arm/gcc-arm-none-eabi-7-2017-q4-major/arm-none-eabi/include/sys/reent.h"
 266              		.file 11 "Drivers/STM32F4xx_HAL_Driver/Inc/stm32f4xx_hal_def.h"
 267              		.file 12 "Drivers/STM32F4xx_HAL_Driver/Inc/stm32f4xx_hal_gpio.h"
 268              		.file 13 "Drivers/STM32F4xx_HAL_Driver/Inc/stm32f4xx_hal_dma.h"
 269              		.file 14 "Drivers/STM32F4xx_HAL_Driver/Inc/stm32f4xx_hal_uart.h"
 270              		.file 15 "Drivers/STM32F4xx_HAL_Driver/Inc/stm32f4xx_hal_cortex.h"
ARM GAS  /var/folders/0d/93p3r6493yg7p0rvl_4r983m0000gn/T//ccjgf4mH.s 			page 9


DEFINED SYMBOLS
                            *ABS*:0000000000000000 stm32f4xx_hal_msp.c
/var/folders/0d/93p3r6493yg7p0rvl_4r983m0000gn/T//ccjgf4mH.s:18     .text.HAL_MspInit:0000000000000000 $t
/var/folders/0d/93p3r6493yg7p0rvl_4r983m0000gn/T//ccjgf4mH.s:25     .text.HAL_MspInit:0000000000000000 HAL_MspInit
/var/folders/0d/93p3r6493yg7p0rvl_4r983m0000gn/T//ccjgf4mH.s:119    .text.HAL_MspInit:0000000000000090 $d
/var/folders/0d/93p3r6493yg7p0rvl_4r983m0000gn/T//ccjgf4mH.s:124    .text.HAL_UART_MspInit:0000000000000000 $t
/var/folders/0d/93p3r6493yg7p0rvl_4r983m0000gn/T//ccjgf4mH.s:131    .text.HAL_UART_MspInit:0000000000000000 HAL_UART_MspInit
/var/folders/0d/93p3r6493yg7p0rvl_4r983m0000gn/T//ccjgf4mH.s:196    .text.HAL_UART_MspInit:000000000000004c $d
/var/folders/0d/93p3r6493yg7p0rvl_4r983m0000gn/T//ccjgf4mH.s:203    .text.HAL_UART_MspDeInit:0000000000000000 $t
/var/folders/0d/93p3r6493yg7p0rvl_4r983m0000gn/T//ccjgf4mH.s:210    .text.HAL_UART_MspDeInit:0000000000000000 HAL_UART_MspDeInit
/var/folders/0d/93p3r6493yg7p0rvl_4r983m0000gn/T//ccjgf4mH.s:249    .text.HAL_UART_MspDeInit:0000000000000024 $d

UNDEFINED SYMBOLS
HAL_NVIC_SetPriorityGrouping
HAL_NVIC_SetPriority
HAL_GPIO_Init
HAL_GPIO_DeInit
