ARM GAS  /var/folders/0d/93p3r6493yg7p0rvl_4r983m0000gn/T//cciseWiN.s 			page 1


   1              		.cpu cortex-m4
   2              		.eabi_attribute 27, 1
   3              		.eabi_attribute 28, 1
   4              		.eabi_attribute 20, 1
   5              		.eabi_attribute 21, 1
   6              		.eabi_attribute 23, 3
   7              		.eabi_attribute 24, 1
   8              		.eabi_attribute 25, 1
   9              		.eabi_attribute 26, 1
  10              		.eabi_attribute 30, 1
  11              		.eabi_attribute 34, 1
  12              		.eabi_attribute 18, 4
  13              		.file	"usbh_ioreq.c"
  14              		.text
  15              	.Ltext0:
  16              		.cfi_sections	.debug_frame
  17              		.section	.text.USBH_CtlSendSetup,"ax",%progbits
  18              		.align	1
  19              		.global	USBH_CtlSendSetup
  20              		.syntax unified
  21              		.thumb
  22              		.thumb_func
  23              		.fpu fpv4-sp-d16
  25              	USBH_CtlSendSetup:
  26              	.LFB131:
  27              		.file 1 "Middlewares/ST/STM32_USB_Host_Library/Core/Src/usbh_ioreq.c"
   1:Middlewares/ST/STM32_USB_Host_Library/Core/Src/usbh_ioreq.c **** /** 
   2:Middlewares/ST/STM32_USB_Host_Library/Core/Src/usbh_ioreq.c ****   ******************************************************************************
   3:Middlewares/ST/STM32_USB_Host_Library/Core/Src/usbh_ioreq.c ****   * @file    usbh_ioreq.c 
   4:Middlewares/ST/STM32_USB_Host_Library/Core/Src/usbh_ioreq.c ****   * @author  MCD Application Team
   5:Middlewares/ST/STM32_USB_Host_Library/Core/Src/usbh_ioreq.c ****   * @version V3.2.2
   6:Middlewares/ST/STM32_USB_Host_Library/Core/Src/usbh_ioreq.c ****   * @date    07-July-2015
   7:Middlewares/ST/STM32_USB_Host_Library/Core/Src/usbh_ioreq.c ****   * @brief   This file handles the issuing of the USB transactions
   8:Middlewares/ST/STM32_USB_Host_Library/Core/Src/usbh_ioreq.c ****   ******************************************************************************
   9:Middlewares/ST/STM32_USB_Host_Library/Core/Src/usbh_ioreq.c ****   * @attention
  10:Middlewares/ST/STM32_USB_Host_Library/Core/Src/usbh_ioreq.c ****   *
  11:Middlewares/ST/STM32_USB_Host_Library/Core/Src/usbh_ioreq.c ****   * <h2><center>&copy; COPYRIGHT 2015 STMicroelectronics</center></h2>
  12:Middlewares/ST/STM32_USB_Host_Library/Core/Src/usbh_ioreq.c ****   *
  13:Middlewares/ST/STM32_USB_Host_Library/Core/Src/usbh_ioreq.c ****   * Licensed under MCD-ST Liberty SW License Agreement V2, (the "License");
  14:Middlewares/ST/STM32_USB_Host_Library/Core/Src/usbh_ioreq.c ****   * You may not use this file except in compliance with the License.
  15:Middlewares/ST/STM32_USB_Host_Library/Core/Src/usbh_ioreq.c ****   * You may obtain a copy of the License at:
  16:Middlewares/ST/STM32_USB_Host_Library/Core/Src/usbh_ioreq.c ****   *
  17:Middlewares/ST/STM32_USB_Host_Library/Core/Src/usbh_ioreq.c ****   *        http://www.st.com/software_license_agreement_liberty_v2
  18:Middlewares/ST/STM32_USB_Host_Library/Core/Src/usbh_ioreq.c ****   *
  19:Middlewares/ST/STM32_USB_Host_Library/Core/Src/usbh_ioreq.c ****   * Unless required by applicable law or agreed to in writing, software 
  20:Middlewares/ST/STM32_USB_Host_Library/Core/Src/usbh_ioreq.c ****   * distributed under the License is distributed on an "AS IS" BASIS, 
  21:Middlewares/ST/STM32_USB_Host_Library/Core/Src/usbh_ioreq.c ****   * WITHOUT WARRANTIES OR CONDITIONS OF ANY KIND, either express or implied.
  22:Middlewares/ST/STM32_USB_Host_Library/Core/Src/usbh_ioreq.c ****   * See the License for the specific language governing permissions and
  23:Middlewares/ST/STM32_USB_Host_Library/Core/Src/usbh_ioreq.c ****   * limitations under the License.
  24:Middlewares/ST/STM32_USB_Host_Library/Core/Src/usbh_ioreq.c ****   *
  25:Middlewares/ST/STM32_USB_Host_Library/Core/Src/usbh_ioreq.c ****   ******************************************************************************
  26:Middlewares/ST/STM32_USB_Host_Library/Core/Src/usbh_ioreq.c ****   */ 
  27:Middlewares/ST/STM32_USB_Host_Library/Core/Src/usbh_ioreq.c **** /* Includes ------------------------------------------------------------------*/
  28:Middlewares/ST/STM32_USB_Host_Library/Core/Src/usbh_ioreq.c **** 
  29:Middlewares/ST/STM32_USB_Host_Library/Core/Src/usbh_ioreq.c **** #include "usbh_ioreq.h"
  30:Middlewares/ST/STM32_USB_Host_Library/Core/Src/usbh_ioreq.c **** 
  31:Middlewares/ST/STM32_USB_Host_Library/Core/Src/usbh_ioreq.c **** /** @addtogroup USBH_LIB
ARM GAS  /var/folders/0d/93p3r6493yg7p0rvl_4r983m0000gn/T//cciseWiN.s 			page 2


  32:Middlewares/ST/STM32_USB_Host_Library/Core/Src/usbh_ioreq.c ****   * @{
  33:Middlewares/ST/STM32_USB_Host_Library/Core/Src/usbh_ioreq.c ****   */
  34:Middlewares/ST/STM32_USB_Host_Library/Core/Src/usbh_ioreq.c **** 
  35:Middlewares/ST/STM32_USB_Host_Library/Core/Src/usbh_ioreq.c **** /** @addtogroup USBH_LIB_CORE
  36:Middlewares/ST/STM32_USB_Host_Library/Core/Src/usbh_ioreq.c **** * @{
  37:Middlewares/ST/STM32_USB_Host_Library/Core/Src/usbh_ioreq.c **** */
  38:Middlewares/ST/STM32_USB_Host_Library/Core/Src/usbh_ioreq.c ****   
  39:Middlewares/ST/STM32_USB_Host_Library/Core/Src/usbh_ioreq.c **** /** @defgroup USBH_IOREQ 
  40:Middlewares/ST/STM32_USB_Host_Library/Core/Src/usbh_ioreq.c ****   * @brief This file handles the standard protocol processing (USB v2.0)
  41:Middlewares/ST/STM32_USB_Host_Library/Core/Src/usbh_ioreq.c ****   * @{
  42:Middlewares/ST/STM32_USB_Host_Library/Core/Src/usbh_ioreq.c ****   */
  43:Middlewares/ST/STM32_USB_Host_Library/Core/Src/usbh_ioreq.c **** 
  44:Middlewares/ST/STM32_USB_Host_Library/Core/Src/usbh_ioreq.c **** 
  45:Middlewares/ST/STM32_USB_Host_Library/Core/Src/usbh_ioreq.c **** /** @defgroup USBH_IOREQ_Private_Defines
  46:Middlewares/ST/STM32_USB_Host_Library/Core/Src/usbh_ioreq.c ****   * @{
  47:Middlewares/ST/STM32_USB_Host_Library/Core/Src/usbh_ioreq.c ****   */ 
  48:Middlewares/ST/STM32_USB_Host_Library/Core/Src/usbh_ioreq.c **** 
  49:Middlewares/ST/STM32_USB_Host_Library/Core/Src/usbh_ioreq.c **** /**
  50:Middlewares/ST/STM32_USB_Host_Library/Core/Src/usbh_ioreq.c ****   * @}
  51:Middlewares/ST/STM32_USB_Host_Library/Core/Src/usbh_ioreq.c ****   */ 
  52:Middlewares/ST/STM32_USB_Host_Library/Core/Src/usbh_ioreq.c ****  
  53:Middlewares/ST/STM32_USB_Host_Library/Core/Src/usbh_ioreq.c **** 
  54:Middlewares/ST/STM32_USB_Host_Library/Core/Src/usbh_ioreq.c **** /** @defgroup USBH_IOREQ_Private_TypesDefinitions
  55:Middlewares/ST/STM32_USB_Host_Library/Core/Src/usbh_ioreq.c ****   * @{
  56:Middlewares/ST/STM32_USB_Host_Library/Core/Src/usbh_ioreq.c ****   */ 
  57:Middlewares/ST/STM32_USB_Host_Library/Core/Src/usbh_ioreq.c **** /**
  58:Middlewares/ST/STM32_USB_Host_Library/Core/Src/usbh_ioreq.c ****   * @}
  59:Middlewares/ST/STM32_USB_Host_Library/Core/Src/usbh_ioreq.c ****   */ 
  60:Middlewares/ST/STM32_USB_Host_Library/Core/Src/usbh_ioreq.c **** 
  61:Middlewares/ST/STM32_USB_Host_Library/Core/Src/usbh_ioreq.c **** 
  62:Middlewares/ST/STM32_USB_Host_Library/Core/Src/usbh_ioreq.c **** 
  63:Middlewares/ST/STM32_USB_Host_Library/Core/Src/usbh_ioreq.c **** /** @defgroup USBH_IOREQ_Private_Macros
  64:Middlewares/ST/STM32_USB_Host_Library/Core/Src/usbh_ioreq.c ****   * @{
  65:Middlewares/ST/STM32_USB_Host_Library/Core/Src/usbh_ioreq.c ****   */ 
  66:Middlewares/ST/STM32_USB_Host_Library/Core/Src/usbh_ioreq.c **** /**
  67:Middlewares/ST/STM32_USB_Host_Library/Core/Src/usbh_ioreq.c ****   * @}
  68:Middlewares/ST/STM32_USB_Host_Library/Core/Src/usbh_ioreq.c ****   */ 
  69:Middlewares/ST/STM32_USB_Host_Library/Core/Src/usbh_ioreq.c **** 
  70:Middlewares/ST/STM32_USB_Host_Library/Core/Src/usbh_ioreq.c **** 
  71:Middlewares/ST/STM32_USB_Host_Library/Core/Src/usbh_ioreq.c **** /** @defgroup USBH_IOREQ_Private_Variables
  72:Middlewares/ST/STM32_USB_Host_Library/Core/Src/usbh_ioreq.c ****   * @{
  73:Middlewares/ST/STM32_USB_Host_Library/Core/Src/usbh_ioreq.c ****   */ 
  74:Middlewares/ST/STM32_USB_Host_Library/Core/Src/usbh_ioreq.c **** /**
  75:Middlewares/ST/STM32_USB_Host_Library/Core/Src/usbh_ioreq.c ****   * @}
  76:Middlewares/ST/STM32_USB_Host_Library/Core/Src/usbh_ioreq.c ****   */ 
  77:Middlewares/ST/STM32_USB_Host_Library/Core/Src/usbh_ioreq.c **** /** @defgroup USBH_IOREQ_Private_FunctionPrototypes
  78:Middlewares/ST/STM32_USB_Host_Library/Core/Src/usbh_ioreq.c ****   * @{
  79:Middlewares/ST/STM32_USB_Host_Library/Core/Src/usbh_ioreq.c ****   */ 
  80:Middlewares/ST/STM32_USB_Host_Library/Core/Src/usbh_ioreq.c **** 
  81:Middlewares/ST/STM32_USB_Host_Library/Core/Src/usbh_ioreq.c **** /**
  82:Middlewares/ST/STM32_USB_Host_Library/Core/Src/usbh_ioreq.c ****   * @}
  83:Middlewares/ST/STM32_USB_Host_Library/Core/Src/usbh_ioreq.c ****   */ 
  84:Middlewares/ST/STM32_USB_Host_Library/Core/Src/usbh_ioreq.c **** 
  85:Middlewares/ST/STM32_USB_Host_Library/Core/Src/usbh_ioreq.c **** 
  86:Middlewares/ST/STM32_USB_Host_Library/Core/Src/usbh_ioreq.c **** /** @defgroup USBH_IOREQ_Private_Functions
  87:Middlewares/ST/STM32_USB_Host_Library/Core/Src/usbh_ioreq.c ****   * @{
  88:Middlewares/ST/STM32_USB_Host_Library/Core/Src/usbh_ioreq.c ****   */ 
ARM GAS  /var/folders/0d/93p3r6493yg7p0rvl_4r983m0000gn/T//cciseWiN.s 			page 3


  89:Middlewares/ST/STM32_USB_Host_Library/Core/Src/usbh_ioreq.c **** 
  90:Middlewares/ST/STM32_USB_Host_Library/Core/Src/usbh_ioreq.c **** 
  91:Middlewares/ST/STM32_USB_Host_Library/Core/Src/usbh_ioreq.c **** 
  92:Middlewares/ST/STM32_USB_Host_Library/Core/Src/usbh_ioreq.c **** /**
  93:Middlewares/ST/STM32_USB_Host_Library/Core/Src/usbh_ioreq.c ****   * @brief  USBH_CtlSendSetup
  94:Middlewares/ST/STM32_USB_Host_Library/Core/Src/usbh_ioreq.c ****   *         Sends the Setup Packet to the Device
  95:Middlewares/ST/STM32_USB_Host_Library/Core/Src/usbh_ioreq.c ****   * @param  phost: Host Handle
  96:Middlewares/ST/STM32_USB_Host_Library/Core/Src/usbh_ioreq.c ****   * @param  buff: Buffer pointer from which the Data will be send to Device
  97:Middlewares/ST/STM32_USB_Host_Library/Core/Src/usbh_ioreq.c ****   * @param  pipe_num: Pipe Number
  98:Middlewares/ST/STM32_USB_Host_Library/Core/Src/usbh_ioreq.c ****   * @retval USBH Status
  99:Middlewares/ST/STM32_USB_Host_Library/Core/Src/usbh_ioreq.c ****   */
 100:Middlewares/ST/STM32_USB_Host_Library/Core/Src/usbh_ioreq.c **** USBH_StatusTypeDef USBH_CtlSendSetup (USBH_HandleTypeDef *phost, 
 101:Middlewares/ST/STM32_USB_Host_Library/Core/Src/usbh_ioreq.c ****                                 uint8_t *buff, 
 102:Middlewares/ST/STM32_USB_Host_Library/Core/Src/usbh_ioreq.c ****                                 uint8_t pipe_num)
 103:Middlewares/ST/STM32_USB_Host_Library/Core/Src/usbh_ioreq.c **** {
  28              		.loc 1 103 0
  29              		.cfi_startproc
  30              		@ args = 0, pretend = 0, frame = 0
  31              		@ frame_needed = 0, uses_anonymous_args = 0
  32              	.LVL0:
  33 0000 30B5     		push	{r4, r5, lr}
  34              	.LCFI0:
  35              		.cfi_def_cfa_offset 12
  36              		.cfi_offset 4, -12
  37              		.cfi_offset 5, -8
  38              		.cfi_offset 14, -4
  39 0002 85B0     		sub	sp, sp, #20
  40              	.LCFI1:
  41              		.cfi_def_cfa_offset 32
  42 0004 1546     		mov	r5, r2
 104:Middlewares/ST/STM32_USB_Host_Library/Core/Src/usbh_ioreq.c **** 
 105:Middlewares/ST/STM32_USB_Host_Library/Core/Src/usbh_ioreq.c ****   USBH_LL_SubmitURB (phost,                     /* Driver handle    */
  43              		.loc 1 105 0
  44 0006 0024     		movs	r4, #0
  45 0008 0394     		str	r4, [sp, #12]
  46 000a 0823     		movs	r3, #8
  47 000c 0293     		str	r3, [sp, #8]
  48 000e 0191     		str	r1, [sp, #4]
  49 0010 0094     		str	r4, [sp]
  50 0012 2346     		mov	r3, r4
  51 0014 2246     		mov	r2, r4
  52              	.LVL1:
  53 0016 2946     		mov	r1, r5
  54              	.LVL2:
  55 0018 FFF7FEFF 		bl	USBH_LL_SubmitURB
  56              	.LVL3:
 106:Middlewares/ST/STM32_USB_Host_Library/Core/Src/usbh_ioreq.c ****                           pipe_num,             /* Pipe index       */
 107:Middlewares/ST/STM32_USB_Host_Library/Core/Src/usbh_ioreq.c ****                           0,                    /* Direction : OUT  */
 108:Middlewares/ST/STM32_USB_Host_Library/Core/Src/usbh_ioreq.c ****                           USBH_EP_CONTROL,      /* EP type          */
 109:Middlewares/ST/STM32_USB_Host_Library/Core/Src/usbh_ioreq.c ****                           USBH_PID_SETUP,       /* Type setup       */
 110:Middlewares/ST/STM32_USB_Host_Library/Core/Src/usbh_ioreq.c ****                           buff,                 /* data buffer      */
 111:Middlewares/ST/STM32_USB_Host_Library/Core/Src/usbh_ioreq.c ****                           USBH_SETUP_PKT_SIZE,  /* data length      */ 
 112:Middlewares/ST/STM32_USB_Host_Library/Core/Src/usbh_ioreq.c ****                           0);
 113:Middlewares/ST/STM32_USB_Host_Library/Core/Src/usbh_ioreq.c ****   return USBH_OK;  
 114:Middlewares/ST/STM32_USB_Host_Library/Core/Src/usbh_ioreq.c **** }
  57              		.loc 1 114 0
  58 001c 2046     		mov	r0, r4
ARM GAS  /var/folders/0d/93p3r6493yg7p0rvl_4r983m0000gn/T//cciseWiN.s 			page 4


  59 001e 05B0     		add	sp, sp, #20
  60              	.LCFI2:
  61              		.cfi_def_cfa_offset 12
  62              		@ sp needed
  63 0020 30BD     		pop	{r4, r5, pc}
  64              		.cfi_endproc
  65              	.LFE131:
  67              		.section	.text.USBH_CtlSendData,"ax",%progbits
  68              		.align	1
  69              		.global	USBH_CtlSendData
  70              		.syntax unified
  71              		.thumb
  72              		.thumb_func
  73              		.fpu fpv4-sp-d16
  75              	USBH_CtlSendData:
  76              	.LFB132:
 115:Middlewares/ST/STM32_USB_Host_Library/Core/Src/usbh_ioreq.c **** 
 116:Middlewares/ST/STM32_USB_Host_Library/Core/Src/usbh_ioreq.c **** 
 117:Middlewares/ST/STM32_USB_Host_Library/Core/Src/usbh_ioreq.c **** /**
 118:Middlewares/ST/STM32_USB_Host_Library/Core/Src/usbh_ioreq.c ****   * @brief  USBH_CtlSendData
 119:Middlewares/ST/STM32_USB_Host_Library/Core/Src/usbh_ioreq.c ****   *         Sends a data Packet to the Device
 120:Middlewares/ST/STM32_USB_Host_Library/Core/Src/usbh_ioreq.c ****   * @param  phost: Host Handle
 121:Middlewares/ST/STM32_USB_Host_Library/Core/Src/usbh_ioreq.c ****   * @param  buff: Buffer pointer from which the Data will be sent to Device
 122:Middlewares/ST/STM32_USB_Host_Library/Core/Src/usbh_ioreq.c ****   * @param  length: Length of the data to be sent
 123:Middlewares/ST/STM32_USB_Host_Library/Core/Src/usbh_ioreq.c ****   * @param  pipe_num: Pipe Number
 124:Middlewares/ST/STM32_USB_Host_Library/Core/Src/usbh_ioreq.c ****   * @retval USBH Status
 125:Middlewares/ST/STM32_USB_Host_Library/Core/Src/usbh_ioreq.c ****   */
 126:Middlewares/ST/STM32_USB_Host_Library/Core/Src/usbh_ioreq.c **** USBH_StatusTypeDef USBH_CtlSendData (USBH_HandleTypeDef *phost, 
 127:Middlewares/ST/STM32_USB_Host_Library/Core/Src/usbh_ioreq.c ****                                 uint8_t *buff, 
 128:Middlewares/ST/STM32_USB_Host_Library/Core/Src/usbh_ioreq.c ****                                 uint16_t length,
 129:Middlewares/ST/STM32_USB_Host_Library/Core/Src/usbh_ioreq.c ****                                 uint8_t pipe_num,
 130:Middlewares/ST/STM32_USB_Host_Library/Core/Src/usbh_ioreq.c ****                                 uint8_t do_ping )
 131:Middlewares/ST/STM32_USB_Host_Library/Core/Src/usbh_ioreq.c **** {
  77              		.loc 1 131 0
  78              		.cfi_startproc
  79              		@ args = 4, pretend = 0, frame = 0
  80              		@ frame_needed = 0, uses_anonymous_args = 0
  81              	.LVL4:
  82 0000 30B5     		push	{r4, r5, lr}
  83              	.LCFI3:
  84              		.cfi_def_cfa_offset 12
  85              		.cfi_offset 4, -12
  86              		.cfi_offset 5, -8
  87              		.cfi_offset 14, -4
  88 0002 85B0     		sub	sp, sp, #20
  89              	.LCFI4:
  90              		.cfi_def_cfa_offset 32
  91 0004 0C46     		mov	r4, r1
  92 0006 1946     		mov	r1, r3
  93              	.LVL5:
  94 0008 9DF82030 		ldrb	r3, [sp, #32]	@ zero_extendqisi2
  95              	.LVL6:
 132:Middlewares/ST/STM32_USB_Host_Library/Core/Src/usbh_ioreq.c ****   if(phost->device.speed != USBH_SPEED_HIGH)
  96              		.loc 1 132 0
  97 000c 90F81D53 		ldrb	r5, [r0, #797]	@ zero_extendqisi2
  98 0010 05B1     		cbz	r5, .L4
 133:Middlewares/ST/STM32_USB_Host_Library/Core/Src/usbh_ioreq.c ****   {
ARM GAS  /var/folders/0d/93p3r6493yg7p0rvl_4r983m0000gn/T//cciseWiN.s 			page 5


 134:Middlewares/ST/STM32_USB_Host_Library/Core/Src/usbh_ioreq.c ****     do_ping = 0;
  99              		.loc 1 134 0
 100 0012 0023     		movs	r3, #0
 101              	.L4:
 102              	.LVL7:
 135:Middlewares/ST/STM32_USB_Host_Library/Core/Src/usbh_ioreq.c ****   }
 136:Middlewares/ST/STM32_USB_Host_Library/Core/Src/usbh_ioreq.c ****   
 137:Middlewares/ST/STM32_USB_Host_Library/Core/Src/usbh_ioreq.c ****   USBH_LL_SubmitURB (phost,                     /* Driver handle    */
 103              		.loc 1 137 0
 104 0014 0393     		str	r3, [sp, #12]
 105 0016 0292     		str	r2, [sp, #8]
 106 0018 0194     		str	r4, [sp, #4]
 107 001a 0123     		movs	r3, #1
 108              	.LVL8:
 109 001c 0093     		str	r3, [sp]
 110 001e 0023     		movs	r3, #0
 111 0020 1A46     		mov	r2, r3
 112              	.LVL9:
 113 0022 FFF7FEFF 		bl	USBH_LL_SubmitURB
 114              	.LVL10:
 138:Middlewares/ST/STM32_USB_Host_Library/Core/Src/usbh_ioreq.c ****                           pipe_num,             /* Pipe index       */
 139:Middlewares/ST/STM32_USB_Host_Library/Core/Src/usbh_ioreq.c ****                           0,                    /* Direction : OUT  */
 140:Middlewares/ST/STM32_USB_Host_Library/Core/Src/usbh_ioreq.c ****                           USBH_EP_CONTROL,      /* EP type          */                          
 141:Middlewares/ST/STM32_USB_Host_Library/Core/Src/usbh_ioreq.c ****                           USBH_PID_DATA,        /* Type Data        */
 142:Middlewares/ST/STM32_USB_Host_Library/Core/Src/usbh_ioreq.c ****                           buff,                 /* data buffer      */
 143:Middlewares/ST/STM32_USB_Host_Library/Core/Src/usbh_ioreq.c ****                           length,               /* data length      */ 
 144:Middlewares/ST/STM32_USB_Host_Library/Core/Src/usbh_ioreq.c ****                           do_ping);             /* do ping (HS Only)*/
 145:Middlewares/ST/STM32_USB_Host_Library/Core/Src/usbh_ioreq.c ****   
 146:Middlewares/ST/STM32_USB_Host_Library/Core/Src/usbh_ioreq.c ****   return USBH_OK;
 147:Middlewares/ST/STM32_USB_Host_Library/Core/Src/usbh_ioreq.c **** }
 115              		.loc 1 147 0
 116 0026 0020     		movs	r0, #0
 117 0028 05B0     		add	sp, sp, #20
 118              	.LCFI5:
 119              		.cfi_def_cfa_offset 12
 120              		@ sp needed
 121 002a 30BD     		pop	{r4, r5, pc}
 122              		.cfi_endproc
 123              	.LFE132:
 125              		.section	.text.USBH_CtlReceiveData,"ax",%progbits
 126              		.align	1
 127              		.global	USBH_CtlReceiveData
 128              		.syntax unified
 129              		.thumb
 130              		.thumb_func
 131              		.fpu fpv4-sp-d16
 133              	USBH_CtlReceiveData:
 134              	.LFB133:
 148:Middlewares/ST/STM32_USB_Host_Library/Core/Src/usbh_ioreq.c **** 
 149:Middlewares/ST/STM32_USB_Host_Library/Core/Src/usbh_ioreq.c **** 
 150:Middlewares/ST/STM32_USB_Host_Library/Core/Src/usbh_ioreq.c **** /**
 151:Middlewares/ST/STM32_USB_Host_Library/Core/Src/usbh_ioreq.c ****   * @brief  USBH_CtlReceiveData
 152:Middlewares/ST/STM32_USB_Host_Library/Core/Src/usbh_ioreq.c ****   *         Receives the Device Response to the Setup Packet
 153:Middlewares/ST/STM32_USB_Host_Library/Core/Src/usbh_ioreq.c ****   * @param  phost: Host Handle
 154:Middlewares/ST/STM32_USB_Host_Library/Core/Src/usbh_ioreq.c ****   * @param  buff: Buffer pointer in which the response needs to be copied
 155:Middlewares/ST/STM32_USB_Host_Library/Core/Src/usbh_ioreq.c ****   * @param  length: Length of the data to be received
 156:Middlewares/ST/STM32_USB_Host_Library/Core/Src/usbh_ioreq.c ****   * @param  pipe_num: Pipe Number
ARM GAS  /var/folders/0d/93p3r6493yg7p0rvl_4r983m0000gn/T//cciseWiN.s 			page 6


 157:Middlewares/ST/STM32_USB_Host_Library/Core/Src/usbh_ioreq.c ****   * @retval USBH Status. 
 158:Middlewares/ST/STM32_USB_Host_Library/Core/Src/usbh_ioreq.c ****   */
 159:Middlewares/ST/STM32_USB_Host_Library/Core/Src/usbh_ioreq.c **** USBH_StatusTypeDef USBH_CtlReceiveData(USBH_HandleTypeDef *phost, 
 160:Middlewares/ST/STM32_USB_Host_Library/Core/Src/usbh_ioreq.c ****                                 uint8_t* buff, 
 161:Middlewares/ST/STM32_USB_Host_Library/Core/Src/usbh_ioreq.c ****                                 uint16_t length,
 162:Middlewares/ST/STM32_USB_Host_Library/Core/Src/usbh_ioreq.c ****                                 uint8_t pipe_num)
 163:Middlewares/ST/STM32_USB_Host_Library/Core/Src/usbh_ioreq.c **** {
 135              		.loc 1 163 0
 136              		.cfi_startproc
 137              		@ args = 0, pretend = 0, frame = 0
 138              		@ frame_needed = 0, uses_anonymous_args = 0
 139              	.LVL11:
 140 0000 30B5     		push	{r4, r5, lr}
 141              	.LCFI6:
 142              		.cfi_def_cfa_offset 12
 143              		.cfi_offset 4, -12
 144              		.cfi_offset 5, -8
 145              		.cfi_offset 14, -4
 146 0002 85B0     		sub	sp, sp, #20
 147              	.LCFI7:
 148              		.cfi_def_cfa_offset 32
 149 0004 1D46     		mov	r5, r3
 164:Middlewares/ST/STM32_USB_Host_Library/Core/Src/usbh_ioreq.c ****   USBH_LL_SubmitURB (phost,                     /* Driver handle    */
 150              		.loc 1 164 0
 151 0006 0024     		movs	r4, #0
 152 0008 0394     		str	r4, [sp, #12]
 153 000a 0292     		str	r2, [sp, #8]
 154 000c 0191     		str	r1, [sp, #4]
 155 000e 0122     		movs	r2, #1
 156              	.LVL12:
 157 0010 0092     		str	r2, [sp]
 158 0012 2346     		mov	r3, r4
 159              	.LVL13:
 160 0014 2946     		mov	r1, r5
 161              	.LVL14:
 162 0016 FFF7FEFF 		bl	USBH_LL_SubmitURB
 163              	.LVL15:
 165:Middlewares/ST/STM32_USB_Host_Library/Core/Src/usbh_ioreq.c ****                           pipe_num,             /* Pipe index       */
 166:Middlewares/ST/STM32_USB_Host_Library/Core/Src/usbh_ioreq.c ****                           1,                    /* Direction : IN   */
 167:Middlewares/ST/STM32_USB_Host_Library/Core/Src/usbh_ioreq.c ****                           USBH_EP_CONTROL,      /* EP type          */                          
 168:Middlewares/ST/STM32_USB_Host_Library/Core/Src/usbh_ioreq.c ****                           USBH_PID_DATA,        /* Type Data        */
 169:Middlewares/ST/STM32_USB_Host_Library/Core/Src/usbh_ioreq.c ****                           buff,                 /* data buffer      */
 170:Middlewares/ST/STM32_USB_Host_Library/Core/Src/usbh_ioreq.c ****                           length,               /* data length      */ 
 171:Middlewares/ST/STM32_USB_Host_Library/Core/Src/usbh_ioreq.c ****                           0);
 172:Middlewares/ST/STM32_USB_Host_Library/Core/Src/usbh_ioreq.c ****   return USBH_OK;
 173:Middlewares/ST/STM32_USB_Host_Library/Core/Src/usbh_ioreq.c ****   
 174:Middlewares/ST/STM32_USB_Host_Library/Core/Src/usbh_ioreq.c **** }
 164              		.loc 1 174 0
 165 001a 2046     		mov	r0, r4
 166 001c 05B0     		add	sp, sp, #20
 167              	.LCFI8:
 168              		.cfi_def_cfa_offset 12
 169              		@ sp needed
 170 001e 30BD     		pop	{r4, r5, pc}
 171              		.cfi_endproc
 172              	.LFE133:
 174              		.section	.text.USBH_BulkSendData,"ax",%progbits
ARM GAS  /var/folders/0d/93p3r6493yg7p0rvl_4r983m0000gn/T//cciseWiN.s 			page 7


 175              		.align	1
 176              		.global	USBH_BulkSendData
 177              		.syntax unified
 178              		.thumb
 179              		.thumb_func
 180              		.fpu fpv4-sp-d16
 182              	USBH_BulkSendData:
 183              	.LFB134:
 175:Middlewares/ST/STM32_USB_Host_Library/Core/Src/usbh_ioreq.c **** 
 176:Middlewares/ST/STM32_USB_Host_Library/Core/Src/usbh_ioreq.c **** 
 177:Middlewares/ST/STM32_USB_Host_Library/Core/Src/usbh_ioreq.c **** /**
 178:Middlewares/ST/STM32_USB_Host_Library/Core/Src/usbh_ioreq.c ****   * @brief  USBH_BulkSendData
 179:Middlewares/ST/STM32_USB_Host_Library/Core/Src/usbh_ioreq.c ****   *         Sends the Bulk Packet to the device
 180:Middlewares/ST/STM32_USB_Host_Library/Core/Src/usbh_ioreq.c ****   * @param  phost: Host Handle
 181:Middlewares/ST/STM32_USB_Host_Library/Core/Src/usbh_ioreq.c ****   * @param  buff: Buffer pointer from which the Data will be sent to Device
 182:Middlewares/ST/STM32_USB_Host_Library/Core/Src/usbh_ioreq.c ****   * @param  length: Length of the data to be sent
 183:Middlewares/ST/STM32_USB_Host_Library/Core/Src/usbh_ioreq.c ****   * @param  pipe_num: Pipe Number
 184:Middlewares/ST/STM32_USB_Host_Library/Core/Src/usbh_ioreq.c ****   * @retval USBH Status
 185:Middlewares/ST/STM32_USB_Host_Library/Core/Src/usbh_ioreq.c ****   */
 186:Middlewares/ST/STM32_USB_Host_Library/Core/Src/usbh_ioreq.c **** USBH_StatusTypeDef USBH_BulkSendData (USBH_HandleTypeDef *phost, 
 187:Middlewares/ST/STM32_USB_Host_Library/Core/Src/usbh_ioreq.c ****                                 uint8_t *buff, 
 188:Middlewares/ST/STM32_USB_Host_Library/Core/Src/usbh_ioreq.c ****                                 uint16_t length,
 189:Middlewares/ST/STM32_USB_Host_Library/Core/Src/usbh_ioreq.c ****                                 uint8_t pipe_num,
 190:Middlewares/ST/STM32_USB_Host_Library/Core/Src/usbh_ioreq.c ****                                 uint8_t do_ping )
 191:Middlewares/ST/STM32_USB_Host_Library/Core/Src/usbh_ioreq.c **** { 
 184              		.loc 1 191 0
 185              		.cfi_startproc
 186              		@ args = 4, pretend = 0, frame = 0
 187              		@ frame_needed = 0, uses_anonymous_args = 0
 188              	.LVL16:
 189 0000 30B5     		push	{r4, r5, lr}
 190              	.LCFI9:
 191              		.cfi_def_cfa_offset 12
 192              		.cfi_offset 4, -12
 193              		.cfi_offset 5, -8
 194              		.cfi_offset 14, -4
 195 0002 85B0     		sub	sp, sp, #20
 196              	.LCFI10:
 197              		.cfi_def_cfa_offset 32
 198 0004 0C46     		mov	r4, r1
 199 0006 1946     		mov	r1, r3
 200              	.LVL17:
 201 0008 9DF82030 		ldrb	r3, [sp, #32]	@ zero_extendqisi2
 202              	.LVL18:
 192:Middlewares/ST/STM32_USB_Host_Library/Core/Src/usbh_ioreq.c ****   if(phost->device.speed != USBH_SPEED_HIGH)
 203              		.loc 1 192 0
 204 000c 90F81D53 		ldrb	r5, [r0, #797]	@ zero_extendqisi2
 205 0010 05B1     		cbz	r5, .L10
 193:Middlewares/ST/STM32_USB_Host_Library/Core/Src/usbh_ioreq.c ****   {
 194:Middlewares/ST/STM32_USB_Host_Library/Core/Src/usbh_ioreq.c ****     do_ping = 0;
 206              		.loc 1 194 0
 207 0012 0023     		movs	r3, #0
 208              	.L10:
 209              	.LVL19:
 195:Middlewares/ST/STM32_USB_Host_Library/Core/Src/usbh_ioreq.c ****   }
 196:Middlewares/ST/STM32_USB_Host_Library/Core/Src/usbh_ioreq.c ****   
 197:Middlewares/ST/STM32_USB_Host_Library/Core/Src/usbh_ioreq.c ****   USBH_LL_SubmitURB (phost,                     /* Driver handle    */
ARM GAS  /var/folders/0d/93p3r6493yg7p0rvl_4r983m0000gn/T//cciseWiN.s 			page 8


 210              		.loc 1 197 0
 211 0014 0393     		str	r3, [sp, #12]
 212 0016 0292     		str	r2, [sp, #8]
 213 0018 0194     		str	r4, [sp, #4]
 214 001a 0123     		movs	r3, #1
 215              	.LVL20:
 216 001c 0093     		str	r3, [sp]
 217 001e 0223     		movs	r3, #2
 218 0020 0022     		movs	r2, #0
 219              	.LVL21:
 220 0022 FFF7FEFF 		bl	USBH_LL_SubmitURB
 221              	.LVL22:
 198:Middlewares/ST/STM32_USB_Host_Library/Core/Src/usbh_ioreq.c ****                           pipe_num,             /* Pipe index       */
 199:Middlewares/ST/STM32_USB_Host_Library/Core/Src/usbh_ioreq.c ****                           0,                    /* Direction : IN   */
 200:Middlewares/ST/STM32_USB_Host_Library/Core/Src/usbh_ioreq.c ****                           USBH_EP_BULK,         /* EP type          */                          
 201:Middlewares/ST/STM32_USB_Host_Library/Core/Src/usbh_ioreq.c ****                           USBH_PID_DATA,        /* Type Data        */
 202:Middlewares/ST/STM32_USB_Host_Library/Core/Src/usbh_ioreq.c ****                           buff,                 /* data buffer      */
 203:Middlewares/ST/STM32_USB_Host_Library/Core/Src/usbh_ioreq.c ****                           length,               /* data length      */  
 204:Middlewares/ST/STM32_USB_Host_Library/Core/Src/usbh_ioreq.c ****                           do_ping);             /* do ping (HS Only)*/
 205:Middlewares/ST/STM32_USB_Host_Library/Core/Src/usbh_ioreq.c ****   return USBH_OK;
 206:Middlewares/ST/STM32_USB_Host_Library/Core/Src/usbh_ioreq.c **** }
 222              		.loc 1 206 0
 223 0026 0020     		movs	r0, #0
 224 0028 05B0     		add	sp, sp, #20
 225              	.LCFI11:
 226              		.cfi_def_cfa_offset 12
 227              		@ sp needed
 228 002a 30BD     		pop	{r4, r5, pc}
 229              		.cfi_endproc
 230              	.LFE134:
 232              		.section	.text.USBH_BulkReceiveData,"ax",%progbits
 233              		.align	1
 234              		.global	USBH_BulkReceiveData
 235              		.syntax unified
 236              		.thumb
 237              		.thumb_func
 238              		.fpu fpv4-sp-d16
 240              	USBH_BulkReceiveData:
 241              	.LFB135:
 207:Middlewares/ST/STM32_USB_Host_Library/Core/Src/usbh_ioreq.c **** 
 208:Middlewares/ST/STM32_USB_Host_Library/Core/Src/usbh_ioreq.c **** 
 209:Middlewares/ST/STM32_USB_Host_Library/Core/Src/usbh_ioreq.c **** /**
 210:Middlewares/ST/STM32_USB_Host_Library/Core/Src/usbh_ioreq.c ****   * @brief  USBH_BulkReceiveData
 211:Middlewares/ST/STM32_USB_Host_Library/Core/Src/usbh_ioreq.c ****   *         Receives IN bulk packet from device
 212:Middlewares/ST/STM32_USB_Host_Library/Core/Src/usbh_ioreq.c ****   * @param  phost: Host Handle
 213:Middlewares/ST/STM32_USB_Host_Library/Core/Src/usbh_ioreq.c ****   * @param  buff: Buffer pointer in which the received data packet to be copied
 214:Middlewares/ST/STM32_USB_Host_Library/Core/Src/usbh_ioreq.c ****   * @param  length: Length of the data to be received
 215:Middlewares/ST/STM32_USB_Host_Library/Core/Src/usbh_ioreq.c ****   * @param  pipe_num: Pipe Number
 216:Middlewares/ST/STM32_USB_Host_Library/Core/Src/usbh_ioreq.c ****   * @retval USBH Status. 
 217:Middlewares/ST/STM32_USB_Host_Library/Core/Src/usbh_ioreq.c ****   */
 218:Middlewares/ST/STM32_USB_Host_Library/Core/Src/usbh_ioreq.c **** USBH_StatusTypeDef USBH_BulkReceiveData(USBH_HandleTypeDef *phost, 
 219:Middlewares/ST/STM32_USB_Host_Library/Core/Src/usbh_ioreq.c ****                                 uint8_t *buff, 
 220:Middlewares/ST/STM32_USB_Host_Library/Core/Src/usbh_ioreq.c ****                                 uint16_t length,
 221:Middlewares/ST/STM32_USB_Host_Library/Core/Src/usbh_ioreq.c ****                                 uint8_t pipe_num)
 222:Middlewares/ST/STM32_USB_Host_Library/Core/Src/usbh_ioreq.c **** {
 242              		.loc 1 222 0
 243              		.cfi_startproc
ARM GAS  /var/folders/0d/93p3r6493yg7p0rvl_4r983m0000gn/T//cciseWiN.s 			page 9


 244              		@ args = 0, pretend = 0, frame = 0
 245              		@ frame_needed = 0, uses_anonymous_args = 0
 246              	.LVL23:
 247 0000 30B5     		push	{r4, r5, lr}
 248              	.LCFI12:
 249              		.cfi_def_cfa_offset 12
 250              		.cfi_offset 4, -12
 251              		.cfi_offset 5, -8
 252              		.cfi_offset 14, -4
 253 0002 85B0     		sub	sp, sp, #20
 254              	.LCFI13:
 255              		.cfi_def_cfa_offset 32
 256 0004 1D46     		mov	r5, r3
 223:Middlewares/ST/STM32_USB_Host_Library/Core/Src/usbh_ioreq.c ****   USBH_LL_SubmitURB (phost,                     /* Driver handle    */
 257              		.loc 1 223 0
 258 0006 0024     		movs	r4, #0
 259 0008 0394     		str	r4, [sp, #12]
 260 000a 0292     		str	r2, [sp, #8]
 261 000c 0191     		str	r1, [sp, #4]
 262 000e 0122     		movs	r2, #1
 263              	.LVL24:
 264 0010 0092     		str	r2, [sp]
 265 0012 0223     		movs	r3, #2
 266              	.LVL25:
 267 0014 2946     		mov	r1, r5
 268              	.LVL26:
 269 0016 FFF7FEFF 		bl	USBH_LL_SubmitURB
 270              	.LVL27:
 224:Middlewares/ST/STM32_USB_Host_Library/Core/Src/usbh_ioreq.c ****                           pipe_num,             /* Pipe index       */
 225:Middlewares/ST/STM32_USB_Host_Library/Core/Src/usbh_ioreq.c ****                           1,                    /* Direction : IN   */
 226:Middlewares/ST/STM32_USB_Host_Library/Core/Src/usbh_ioreq.c ****                           USBH_EP_BULK,         /* EP type          */                          
 227:Middlewares/ST/STM32_USB_Host_Library/Core/Src/usbh_ioreq.c ****                           USBH_PID_DATA,        /* Type Data        */
 228:Middlewares/ST/STM32_USB_Host_Library/Core/Src/usbh_ioreq.c ****                           buff,                 /* data buffer      */
 229:Middlewares/ST/STM32_USB_Host_Library/Core/Src/usbh_ioreq.c ****                           length,               /* data length      */  
 230:Middlewares/ST/STM32_USB_Host_Library/Core/Src/usbh_ioreq.c ****                           0);
 231:Middlewares/ST/STM32_USB_Host_Library/Core/Src/usbh_ioreq.c ****   return USBH_OK;
 232:Middlewares/ST/STM32_USB_Host_Library/Core/Src/usbh_ioreq.c **** }
 271              		.loc 1 232 0
 272 001a 2046     		mov	r0, r4
 273 001c 05B0     		add	sp, sp, #20
 274              	.LCFI14:
 275              		.cfi_def_cfa_offset 12
 276              		@ sp needed
 277 001e 30BD     		pop	{r4, r5, pc}
 278              		.cfi_endproc
 279              	.LFE135:
 281              		.section	.text.USBH_InterruptReceiveData,"ax",%progbits
 282              		.align	1
 283              		.global	USBH_InterruptReceiveData
 284              		.syntax unified
 285              		.thumb
 286              		.thumb_func
 287              		.fpu fpv4-sp-d16
 289              	USBH_InterruptReceiveData:
 290              	.LFB136:
 233:Middlewares/ST/STM32_USB_Host_Library/Core/Src/usbh_ioreq.c **** 
 234:Middlewares/ST/STM32_USB_Host_Library/Core/Src/usbh_ioreq.c **** 
ARM GAS  /var/folders/0d/93p3r6493yg7p0rvl_4r983m0000gn/T//cciseWiN.s 			page 10


 235:Middlewares/ST/STM32_USB_Host_Library/Core/Src/usbh_ioreq.c **** /**
 236:Middlewares/ST/STM32_USB_Host_Library/Core/Src/usbh_ioreq.c ****   * @brief  USBH_InterruptReceiveData
 237:Middlewares/ST/STM32_USB_Host_Library/Core/Src/usbh_ioreq.c ****   *         Receives the Device Response to the Interrupt IN token
 238:Middlewares/ST/STM32_USB_Host_Library/Core/Src/usbh_ioreq.c ****   * @param  phost: Host Handle
 239:Middlewares/ST/STM32_USB_Host_Library/Core/Src/usbh_ioreq.c ****   * @param  buff: Buffer pointer in which the response needs to be copied
 240:Middlewares/ST/STM32_USB_Host_Library/Core/Src/usbh_ioreq.c ****   * @param  length: Length of the data to be received
 241:Middlewares/ST/STM32_USB_Host_Library/Core/Src/usbh_ioreq.c ****   * @param  pipe_num: Pipe Number
 242:Middlewares/ST/STM32_USB_Host_Library/Core/Src/usbh_ioreq.c ****   * @retval USBH Status. 
 243:Middlewares/ST/STM32_USB_Host_Library/Core/Src/usbh_ioreq.c ****   */
 244:Middlewares/ST/STM32_USB_Host_Library/Core/Src/usbh_ioreq.c **** USBH_StatusTypeDef USBH_InterruptReceiveData(USBH_HandleTypeDef *phost, 
 245:Middlewares/ST/STM32_USB_Host_Library/Core/Src/usbh_ioreq.c ****                                 uint8_t *buff, 
 246:Middlewares/ST/STM32_USB_Host_Library/Core/Src/usbh_ioreq.c ****                                 uint8_t length,
 247:Middlewares/ST/STM32_USB_Host_Library/Core/Src/usbh_ioreq.c ****                                 uint8_t pipe_num)
 248:Middlewares/ST/STM32_USB_Host_Library/Core/Src/usbh_ioreq.c **** {
 291              		.loc 1 248 0
 292              		.cfi_startproc
 293              		@ args = 0, pretend = 0, frame = 0
 294              		@ frame_needed = 0, uses_anonymous_args = 0
 295              	.LVL28:
 296 0000 30B5     		push	{r4, r5, lr}
 297              	.LCFI15:
 298              		.cfi_def_cfa_offset 12
 299              		.cfi_offset 4, -12
 300              		.cfi_offset 5, -8
 301              		.cfi_offset 14, -4
 302 0002 85B0     		sub	sp, sp, #20
 303              	.LCFI16:
 304              		.cfi_def_cfa_offset 32
 305 0004 1D46     		mov	r5, r3
 249:Middlewares/ST/STM32_USB_Host_Library/Core/Src/usbh_ioreq.c ****   USBH_LL_SubmitURB (phost,                     /* Driver handle    */
 306              		.loc 1 249 0
 307 0006 0024     		movs	r4, #0
 308 0008 0394     		str	r4, [sp, #12]
 309 000a 0292     		str	r2, [sp, #8]
 310 000c 0191     		str	r1, [sp, #4]
 311 000e 0122     		movs	r2, #1
 312              	.LVL29:
 313 0010 0092     		str	r2, [sp]
 314 0012 0323     		movs	r3, #3
 315              	.LVL30:
 316 0014 2946     		mov	r1, r5
 317              	.LVL31:
 318 0016 FFF7FEFF 		bl	USBH_LL_SubmitURB
 319              	.LVL32:
 250:Middlewares/ST/STM32_USB_Host_Library/Core/Src/usbh_ioreq.c ****                           pipe_num,             /* Pipe index       */
 251:Middlewares/ST/STM32_USB_Host_Library/Core/Src/usbh_ioreq.c ****                           1,                    /* Direction : IN   */
 252:Middlewares/ST/STM32_USB_Host_Library/Core/Src/usbh_ioreq.c ****                           USBH_EP_INTERRUPT,    /* EP type          */                          
 253:Middlewares/ST/STM32_USB_Host_Library/Core/Src/usbh_ioreq.c ****                           USBH_PID_DATA,        /* Type Data        */
 254:Middlewares/ST/STM32_USB_Host_Library/Core/Src/usbh_ioreq.c ****                           buff,                 /* data buffer      */
 255:Middlewares/ST/STM32_USB_Host_Library/Core/Src/usbh_ioreq.c ****                           length,               /* data length      */  
 256:Middlewares/ST/STM32_USB_Host_Library/Core/Src/usbh_ioreq.c ****                           0); 
 257:Middlewares/ST/STM32_USB_Host_Library/Core/Src/usbh_ioreq.c ****   
 258:Middlewares/ST/STM32_USB_Host_Library/Core/Src/usbh_ioreq.c ****   return USBH_OK;
 259:Middlewares/ST/STM32_USB_Host_Library/Core/Src/usbh_ioreq.c **** }
 320              		.loc 1 259 0
 321 001a 2046     		mov	r0, r4
 322 001c 05B0     		add	sp, sp, #20
ARM GAS  /var/folders/0d/93p3r6493yg7p0rvl_4r983m0000gn/T//cciseWiN.s 			page 11


 323              	.LCFI17:
 324              		.cfi_def_cfa_offset 12
 325              		@ sp needed
 326 001e 30BD     		pop	{r4, r5, pc}
 327              		.cfi_endproc
 328              	.LFE136:
 330              		.section	.text.USBH_InterruptSendData,"ax",%progbits
 331              		.align	1
 332              		.global	USBH_InterruptSendData
 333              		.syntax unified
 334              		.thumb
 335              		.thumb_func
 336              		.fpu fpv4-sp-d16
 338              	USBH_InterruptSendData:
 339              	.LFB137:
 260:Middlewares/ST/STM32_USB_Host_Library/Core/Src/usbh_ioreq.c **** 
 261:Middlewares/ST/STM32_USB_Host_Library/Core/Src/usbh_ioreq.c **** /**
 262:Middlewares/ST/STM32_USB_Host_Library/Core/Src/usbh_ioreq.c ****   * @brief  USBH_InterruptSendData
 263:Middlewares/ST/STM32_USB_Host_Library/Core/Src/usbh_ioreq.c ****   *         Sends the data on Interrupt OUT Endpoint
 264:Middlewares/ST/STM32_USB_Host_Library/Core/Src/usbh_ioreq.c ****   * @param  phost: Host Handle
 265:Middlewares/ST/STM32_USB_Host_Library/Core/Src/usbh_ioreq.c ****   * @param  buff: Buffer pointer from where the data needs to be copied
 266:Middlewares/ST/STM32_USB_Host_Library/Core/Src/usbh_ioreq.c ****   * @param  length: Length of the data to be sent
 267:Middlewares/ST/STM32_USB_Host_Library/Core/Src/usbh_ioreq.c ****   * @param  pipe_num: Pipe Number
 268:Middlewares/ST/STM32_USB_Host_Library/Core/Src/usbh_ioreq.c ****   * @retval USBH Status. 
 269:Middlewares/ST/STM32_USB_Host_Library/Core/Src/usbh_ioreq.c ****   */
 270:Middlewares/ST/STM32_USB_Host_Library/Core/Src/usbh_ioreq.c **** USBH_StatusTypeDef USBH_InterruptSendData(USBH_HandleTypeDef *phost, 
 271:Middlewares/ST/STM32_USB_Host_Library/Core/Src/usbh_ioreq.c ****                                 uint8_t *buff, 
 272:Middlewares/ST/STM32_USB_Host_Library/Core/Src/usbh_ioreq.c ****                                 uint8_t length,
 273:Middlewares/ST/STM32_USB_Host_Library/Core/Src/usbh_ioreq.c ****                                 uint8_t pipe_num)
 274:Middlewares/ST/STM32_USB_Host_Library/Core/Src/usbh_ioreq.c **** {
 340              		.loc 1 274 0
 341              		.cfi_startproc
 342              		@ args = 0, pretend = 0, frame = 0
 343              		@ frame_needed = 0, uses_anonymous_args = 0
 344              	.LVL33:
 345 0000 30B5     		push	{r4, r5, lr}
 346              	.LCFI18:
 347              		.cfi_def_cfa_offset 12
 348              		.cfi_offset 4, -12
 349              		.cfi_offset 5, -8
 350              		.cfi_offset 14, -4
 351 0002 85B0     		sub	sp, sp, #20
 352              	.LCFI19:
 353              		.cfi_def_cfa_offset 32
 354 0004 1D46     		mov	r5, r3
 275:Middlewares/ST/STM32_USB_Host_Library/Core/Src/usbh_ioreq.c ****   USBH_LL_SubmitURB (phost,                     /* Driver handle    */
 355              		.loc 1 275 0
 356 0006 0024     		movs	r4, #0
 357 0008 0394     		str	r4, [sp, #12]
 358 000a 0292     		str	r2, [sp, #8]
 359 000c 0191     		str	r1, [sp, #4]
 360 000e 0123     		movs	r3, #1
 361              	.LVL34:
 362 0010 0093     		str	r3, [sp]
 363 0012 0323     		movs	r3, #3
 364 0014 2246     		mov	r2, r4
 365              	.LVL35:
ARM GAS  /var/folders/0d/93p3r6493yg7p0rvl_4r983m0000gn/T//cciseWiN.s 			page 12


 366 0016 2946     		mov	r1, r5
 367              	.LVL36:
 368 0018 FFF7FEFF 		bl	USBH_LL_SubmitURB
 369              	.LVL37:
 276:Middlewares/ST/STM32_USB_Host_Library/Core/Src/usbh_ioreq.c ****                           pipe_num,             /* Pipe index       */
 277:Middlewares/ST/STM32_USB_Host_Library/Core/Src/usbh_ioreq.c ****                           0,                    /* Direction : OUT   */
 278:Middlewares/ST/STM32_USB_Host_Library/Core/Src/usbh_ioreq.c ****                           USBH_EP_INTERRUPT,    /* EP type          */                          
 279:Middlewares/ST/STM32_USB_Host_Library/Core/Src/usbh_ioreq.c ****                           USBH_PID_DATA,        /* Type Data        */
 280:Middlewares/ST/STM32_USB_Host_Library/Core/Src/usbh_ioreq.c ****                           buff,                 /* data buffer      */
 281:Middlewares/ST/STM32_USB_Host_Library/Core/Src/usbh_ioreq.c ****                           length,               /* data length      */  
 282:Middlewares/ST/STM32_USB_Host_Library/Core/Src/usbh_ioreq.c ****                           0);  
 283:Middlewares/ST/STM32_USB_Host_Library/Core/Src/usbh_ioreq.c ****   
 284:Middlewares/ST/STM32_USB_Host_Library/Core/Src/usbh_ioreq.c ****   return USBH_OK;
 285:Middlewares/ST/STM32_USB_Host_Library/Core/Src/usbh_ioreq.c **** }
 370              		.loc 1 285 0
 371 001c 2046     		mov	r0, r4
 372 001e 05B0     		add	sp, sp, #20
 373              	.LCFI20:
 374              		.cfi_def_cfa_offset 12
 375              		@ sp needed
 376 0020 30BD     		pop	{r4, r5, pc}
 377              		.cfi_endproc
 378              	.LFE137:
 380              		.section	.text.USBH_IsocReceiveData,"ax",%progbits
 381              		.align	1
 382              		.global	USBH_IsocReceiveData
 383              		.syntax unified
 384              		.thumb
 385              		.thumb_func
 386              		.fpu fpv4-sp-d16
 388              	USBH_IsocReceiveData:
 389              	.LFB138:
 286:Middlewares/ST/STM32_USB_Host_Library/Core/Src/usbh_ioreq.c **** 
 287:Middlewares/ST/STM32_USB_Host_Library/Core/Src/usbh_ioreq.c **** /**
 288:Middlewares/ST/STM32_USB_Host_Library/Core/Src/usbh_ioreq.c ****   * @brief  USBH_IsocReceiveData
 289:Middlewares/ST/STM32_USB_Host_Library/Core/Src/usbh_ioreq.c ****   *         Receives the Device Response to the Isochronous IN token
 290:Middlewares/ST/STM32_USB_Host_Library/Core/Src/usbh_ioreq.c ****   * @param  phost: Host Handle
 291:Middlewares/ST/STM32_USB_Host_Library/Core/Src/usbh_ioreq.c ****   * @param  buff: Buffer pointer in which the response needs to be copied
 292:Middlewares/ST/STM32_USB_Host_Library/Core/Src/usbh_ioreq.c ****   * @param  length: Length of the data to be received
 293:Middlewares/ST/STM32_USB_Host_Library/Core/Src/usbh_ioreq.c ****   * @param  pipe_num: Pipe Number
 294:Middlewares/ST/STM32_USB_Host_Library/Core/Src/usbh_ioreq.c ****   * @retval USBH Status. 
 295:Middlewares/ST/STM32_USB_Host_Library/Core/Src/usbh_ioreq.c ****   */
 296:Middlewares/ST/STM32_USB_Host_Library/Core/Src/usbh_ioreq.c **** USBH_StatusTypeDef USBH_IsocReceiveData(USBH_HandleTypeDef *phost, 
 297:Middlewares/ST/STM32_USB_Host_Library/Core/Src/usbh_ioreq.c ****                                 uint8_t *buff, 
 298:Middlewares/ST/STM32_USB_Host_Library/Core/Src/usbh_ioreq.c ****                                 uint32_t length,
 299:Middlewares/ST/STM32_USB_Host_Library/Core/Src/usbh_ioreq.c ****                                 uint8_t pipe_num)
 300:Middlewares/ST/STM32_USB_Host_Library/Core/Src/usbh_ioreq.c **** {    
 390              		.loc 1 300 0
 391              		.cfi_startproc
 392              		@ args = 0, pretend = 0, frame = 0
 393              		@ frame_needed = 0, uses_anonymous_args = 0
 394              	.LVL38:
 395 0000 30B5     		push	{r4, r5, lr}
 396              	.LCFI21:
 397              		.cfi_def_cfa_offset 12
 398              		.cfi_offset 4, -12
 399              		.cfi_offset 5, -8
ARM GAS  /var/folders/0d/93p3r6493yg7p0rvl_4r983m0000gn/T//cciseWiN.s 			page 13


 400              		.cfi_offset 14, -4
 401 0002 85B0     		sub	sp, sp, #20
 402              	.LCFI22:
 403              		.cfi_def_cfa_offset 32
 404 0004 1D46     		mov	r5, r3
 301:Middlewares/ST/STM32_USB_Host_Library/Core/Src/usbh_ioreq.c ****   USBH_LL_SubmitURB (phost,                     /* Driver handle    */
 405              		.loc 1 301 0
 406 0006 0024     		movs	r4, #0
 407 0008 0394     		str	r4, [sp, #12]
 408 000a 92B2     		uxth	r2, r2
 409              	.LVL39:
 410 000c 0292     		str	r2, [sp, #8]
 411 000e 0191     		str	r1, [sp, #4]
 412 0010 0122     		movs	r2, #1
 413 0012 0092     		str	r2, [sp]
 414 0014 1346     		mov	r3, r2
 415              	.LVL40:
 416 0016 2946     		mov	r1, r5
 417              	.LVL41:
 418 0018 FFF7FEFF 		bl	USBH_LL_SubmitURB
 419              	.LVL42:
 302:Middlewares/ST/STM32_USB_Host_Library/Core/Src/usbh_ioreq.c ****                           pipe_num,             /* Pipe index       */
 303:Middlewares/ST/STM32_USB_Host_Library/Core/Src/usbh_ioreq.c ****                           1,                    /* Direction : IN   */
 304:Middlewares/ST/STM32_USB_Host_Library/Core/Src/usbh_ioreq.c ****                           USBH_EP_ISO,          /* EP type          */                          
 305:Middlewares/ST/STM32_USB_Host_Library/Core/Src/usbh_ioreq.c ****                           USBH_PID_DATA,        /* Type Data        */
 306:Middlewares/ST/STM32_USB_Host_Library/Core/Src/usbh_ioreq.c ****                           buff,                 /* data buffer      */
 307:Middlewares/ST/STM32_USB_Host_Library/Core/Src/usbh_ioreq.c ****                           length,               /* data length      */
 308:Middlewares/ST/STM32_USB_Host_Library/Core/Src/usbh_ioreq.c ****                           0);
 309:Middlewares/ST/STM32_USB_Host_Library/Core/Src/usbh_ioreq.c **** 
 310:Middlewares/ST/STM32_USB_Host_Library/Core/Src/usbh_ioreq.c ****   
 311:Middlewares/ST/STM32_USB_Host_Library/Core/Src/usbh_ioreq.c ****   return USBH_OK;
 312:Middlewares/ST/STM32_USB_Host_Library/Core/Src/usbh_ioreq.c **** }
 420              		.loc 1 312 0
 421 001c 2046     		mov	r0, r4
 422 001e 05B0     		add	sp, sp, #20
 423              	.LCFI23:
 424              		.cfi_def_cfa_offset 12
 425              		@ sp needed
 426 0020 30BD     		pop	{r4, r5, pc}
 427              		.cfi_endproc
 428              	.LFE138:
 430              		.section	.text.USBH_IsocSendData,"ax",%progbits
 431              		.align	1
 432              		.global	USBH_IsocSendData
 433              		.syntax unified
 434              		.thumb
 435              		.thumb_func
 436              		.fpu fpv4-sp-d16
 438              	USBH_IsocSendData:
 439              	.LFB139:
 313:Middlewares/ST/STM32_USB_Host_Library/Core/Src/usbh_ioreq.c **** 
 314:Middlewares/ST/STM32_USB_Host_Library/Core/Src/usbh_ioreq.c **** /**
 315:Middlewares/ST/STM32_USB_Host_Library/Core/Src/usbh_ioreq.c ****   * @brief  USBH_IsocSendData
 316:Middlewares/ST/STM32_USB_Host_Library/Core/Src/usbh_ioreq.c ****   *         Sends the data on Isochronous OUT Endpoint
 317:Middlewares/ST/STM32_USB_Host_Library/Core/Src/usbh_ioreq.c ****   * @param  phost: Host Handle
 318:Middlewares/ST/STM32_USB_Host_Library/Core/Src/usbh_ioreq.c ****   * @param  buff: Buffer pointer from where the data needs to be copied
 319:Middlewares/ST/STM32_USB_Host_Library/Core/Src/usbh_ioreq.c ****   * @param  length: Length of the data to be sent
ARM GAS  /var/folders/0d/93p3r6493yg7p0rvl_4r983m0000gn/T//cciseWiN.s 			page 14


 320:Middlewares/ST/STM32_USB_Host_Library/Core/Src/usbh_ioreq.c ****   * @param  pipe_num: Pipe Number
 321:Middlewares/ST/STM32_USB_Host_Library/Core/Src/usbh_ioreq.c ****   * @retval USBH Status. 
 322:Middlewares/ST/STM32_USB_Host_Library/Core/Src/usbh_ioreq.c ****   */
 323:Middlewares/ST/STM32_USB_Host_Library/Core/Src/usbh_ioreq.c **** USBH_StatusTypeDef USBH_IsocSendData(USBH_HandleTypeDef *phost, 
 324:Middlewares/ST/STM32_USB_Host_Library/Core/Src/usbh_ioreq.c ****                                 uint8_t *buff, 
 325:Middlewares/ST/STM32_USB_Host_Library/Core/Src/usbh_ioreq.c ****                                 uint32_t length,
 326:Middlewares/ST/STM32_USB_Host_Library/Core/Src/usbh_ioreq.c ****                                 uint8_t pipe_num)
 327:Middlewares/ST/STM32_USB_Host_Library/Core/Src/usbh_ioreq.c **** {
 440              		.loc 1 327 0
 441              		.cfi_startproc
 442              		@ args = 0, pretend = 0, frame = 0
 443              		@ frame_needed = 0, uses_anonymous_args = 0
 444              	.LVL43:
 445 0000 30B5     		push	{r4, r5, lr}
 446              	.LCFI24:
 447              		.cfi_def_cfa_offset 12
 448              		.cfi_offset 4, -12
 449              		.cfi_offset 5, -8
 450              		.cfi_offset 14, -4
 451 0002 85B0     		sub	sp, sp, #20
 452              	.LCFI25:
 453              		.cfi_def_cfa_offset 32
 454 0004 1D46     		mov	r5, r3
 328:Middlewares/ST/STM32_USB_Host_Library/Core/Src/usbh_ioreq.c ****   USBH_LL_SubmitURB (phost,                     /* Driver handle    */
 455              		.loc 1 328 0
 456 0006 0024     		movs	r4, #0
 457 0008 0394     		str	r4, [sp, #12]
 458 000a 92B2     		uxth	r2, r2
 459              	.LVL44:
 460 000c 0292     		str	r2, [sp, #8]
 461 000e 0191     		str	r1, [sp, #4]
 462 0010 0123     		movs	r3, #1
 463              	.LVL45:
 464 0012 0093     		str	r3, [sp]
 465 0014 2246     		mov	r2, r4
 466 0016 2946     		mov	r1, r5
 467              	.LVL46:
 468 0018 FFF7FEFF 		bl	USBH_LL_SubmitURB
 469              	.LVL47:
 329:Middlewares/ST/STM32_USB_Host_Library/Core/Src/usbh_ioreq.c ****                           pipe_num,             /* Pipe index       */
 330:Middlewares/ST/STM32_USB_Host_Library/Core/Src/usbh_ioreq.c ****                           0,                    /* Direction : OUT   */
 331:Middlewares/ST/STM32_USB_Host_Library/Core/Src/usbh_ioreq.c ****                           USBH_EP_ISO,          /* EP type          */                          
 332:Middlewares/ST/STM32_USB_Host_Library/Core/Src/usbh_ioreq.c ****                           USBH_PID_DATA,        /* Type Data        */
 333:Middlewares/ST/STM32_USB_Host_Library/Core/Src/usbh_ioreq.c ****                           buff,                 /* data buffer      */
 334:Middlewares/ST/STM32_USB_Host_Library/Core/Src/usbh_ioreq.c ****                           length,               /* data length      */ 
 335:Middlewares/ST/STM32_USB_Host_Library/Core/Src/usbh_ioreq.c ****                           0);
 336:Middlewares/ST/STM32_USB_Host_Library/Core/Src/usbh_ioreq.c ****   
 337:Middlewares/ST/STM32_USB_Host_Library/Core/Src/usbh_ioreq.c ****   return USBH_OK;
 338:Middlewares/ST/STM32_USB_Host_Library/Core/Src/usbh_ioreq.c **** }
 470              		.loc 1 338 0
 471 001c 2046     		mov	r0, r4
 472 001e 05B0     		add	sp, sp, #20
 473              	.LCFI26:
 474              		.cfi_def_cfa_offset 12
 475              		@ sp needed
 476 0020 30BD     		pop	{r4, r5, pc}
 477              		.cfi_endproc
ARM GAS  /var/folders/0d/93p3r6493yg7p0rvl_4r983m0000gn/T//cciseWiN.s 			page 15


 478              	.LFE139:
 480              		.text
 481              	.Letext0:
 482              		.file 2 "/usr/local/gcc_arm/gcc-arm-none-eabi-7-2017-q4-major/arm-none-eabi/include/machine/_defau
 483              		.file 3 "/usr/local/gcc_arm/gcc-arm-none-eabi-7-2017-q4-major/arm-none-eabi/include/sys/lock.h"
 484              		.file 4 "/usr/local/gcc_arm/gcc-arm-none-eabi-7-2017-q4-major/arm-none-eabi/include/sys/_types.h"
 485              		.file 5 "/usr/local/gcc_arm/gcc-arm-none-eabi-7-2017-q4-major/lib/gcc/arm-none-eabi/7.2.1/include/
 486              		.file 6 "/usr/local/gcc_arm/gcc-arm-none-eabi-7-2017-q4-major/arm-none-eabi/include/sys/reent.h"
 487              		.file 7 "/usr/local/gcc_arm/gcc-arm-none-eabi-7-2017-q4-major/arm-none-eabi/include/sys/_stdint.h"
 488              		.file 8 "/usr/local/gcc_arm/gcc-arm-none-eabi-7-2017-q4-major/arm-none-eabi/include/stdlib.h"
 489              		.file 9 "Drivers/CMSIS/Include/core_cm4.h"
 490              		.file 10 "Drivers/CMSIS/Device/ST/STM32F4xx/Include/system_stm32f4xx.h"
 491              		.file 11 "Middlewares/Third_Party/FreeRTOS/Source/include/task.h"
 492              		.file 12 "Middlewares/Third_Party/FreeRTOS/Source/include/queue.h"
 493              		.file 13 "Middlewares/Third_Party/FreeRTOS/Source/CMSIS_RTOS/cmsis_os.h"
 494              		.file 14 "Middlewares/ST/STM32_USB_Host_Library/Core/Inc/usbh_def.h"
 495              		.file 15 "Middlewares/ST/STM32_USB_Host_Library/Core/Inc/usbh_ctlreq.h"
 496              		.file 16 "Middlewares/ST/STM32_USB_Host_Library/Core/Inc/usbh_core.h"
ARM GAS  /var/folders/0d/93p3r6493yg7p0rvl_4r983m0000gn/T//cciseWiN.s 			page 16


DEFINED SYMBOLS
                            *ABS*:0000000000000000 usbh_ioreq.c
/var/folders/0d/93p3r6493yg7p0rvl_4r983m0000gn/T//cciseWiN.s:18     .text.USBH_CtlSendSetup:0000000000000000 $t
/var/folders/0d/93p3r6493yg7p0rvl_4r983m0000gn/T//cciseWiN.s:25     .text.USBH_CtlSendSetup:0000000000000000 USBH_CtlSendSetup
/var/folders/0d/93p3r6493yg7p0rvl_4r983m0000gn/T//cciseWiN.s:68     .text.USBH_CtlSendData:0000000000000000 $t
/var/folders/0d/93p3r6493yg7p0rvl_4r983m0000gn/T//cciseWiN.s:75     .text.USBH_CtlSendData:0000000000000000 USBH_CtlSendData
/var/folders/0d/93p3r6493yg7p0rvl_4r983m0000gn/T//cciseWiN.s:126    .text.USBH_CtlReceiveData:0000000000000000 $t
/var/folders/0d/93p3r6493yg7p0rvl_4r983m0000gn/T//cciseWiN.s:133    .text.USBH_CtlReceiveData:0000000000000000 USBH_CtlReceiveData
/var/folders/0d/93p3r6493yg7p0rvl_4r983m0000gn/T//cciseWiN.s:175    .text.USBH_BulkSendData:0000000000000000 $t
/var/folders/0d/93p3r6493yg7p0rvl_4r983m0000gn/T//cciseWiN.s:182    .text.USBH_BulkSendData:0000000000000000 USBH_BulkSendData
/var/folders/0d/93p3r6493yg7p0rvl_4r983m0000gn/T//cciseWiN.s:233    .text.USBH_BulkReceiveData:0000000000000000 $t
/var/folders/0d/93p3r6493yg7p0rvl_4r983m0000gn/T//cciseWiN.s:240    .text.USBH_BulkReceiveData:0000000000000000 USBH_BulkReceiveData
/var/folders/0d/93p3r6493yg7p0rvl_4r983m0000gn/T//cciseWiN.s:282    .text.USBH_InterruptReceiveData:0000000000000000 $t
/var/folders/0d/93p3r6493yg7p0rvl_4r983m0000gn/T//cciseWiN.s:289    .text.USBH_InterruptReceiveData:0000000000000000 USBH_InterruptReceiveData
/var/folders/0d/93p3r6493yg7p0rvl_4r983m0000gn/T//cciseWiN.s:331    .text.USBH_InterruptSendData:0000000000000000 $t
/var/folders/0d/93p3r6493yg7p0rvl_4r983m0000gn/T//cciseWiN.s:338    .text.USBH_InterruptSendData:0000000000000000 USBH_InterruptSendData
/var/folders/0d/93p3r6493yg7p0rvl_4r983m0000gn/T//cciseWiN.s:381    .text.USBH_IsocReceiveData:0000000000000000 $t
/var/folders/0d/93p3r6493yg7p0rvl_4r983m0000gn/T//cciseWiN.s:388    .text.USBH_IsocReceiveData:0000000000000000 USBH_IsocReceiveData
/var/folders/0d/93p3r6493yg7p0rvl_4r983m0000gn/T//cciseWiN.s:431    .text.USBH_IsocSendData:0000000000000000 $t
/var/folders/0d/93p3r6493yg7p0rvl_4r983m0000gn/T//cciseWiN.s:438    .text.USBH_IsocSendData:0000000000000000 USBH_IsocSendData

UNDEFINED SYMBOLS
USBH_LL_SubmitURB
