ARM GAS  /var/folders/0d/93p3r6493yg7p0rvl_4r983m0000gn/T//ccfo8BNy.s 			page 1


   1              		.cpu cortex-m4
   2              		.eabi_attribute 27, 1
   3              		.eabi_attribute 28, 1
   4              		.eabi_attribute 20, 1
   5              		.eabi_attribute 21, 1
   6              		.eabi_attribute 23, 3
   7              		.eabi_attribute 24, 1
   8              		.eabi_attribute 25, 1
   9              		.eabi_attribute 26, 1
  10              		.eabi_attribute 30, 1
  11              		.eabi_attribute 34, 1
  12              		.eabi_attribute 18, 4
  13              		.file	"wakaama_list.c"
  14              		.text
  15              	.Ltext0:
  16              		.cfi_sections	.debug_frame
  17              		.section	.text.lwm2m_list_add,"ax",%progbits
  18              		.align	1
  19              		.global	lwm2m_list_add
  20              		.syntax unified
  21              		.thumb
  22              		.thumb_func
  23              		.fpu fpv4-sp-d16
  25              	lwm2m_list_add:
  26              	.LFB3:
  27              		.file 1 "Middlewares/Third_Party/wakaama/wakaama_list.c"
   1:Middlewares/Third_Party/wakaama/wakaama_list.c **** /*******************************************************************************
   2:Middlewares/Third_Party/wakaama/wakaama_list.c ****  *
   3:Middlewares/Third_Party/wakaama/wakaama_list.c ****  * Copyright (c) 2013 Intel Corporation and others.
   4:Middlewares/Third_Party/wakaama/wakaama_list.c ****  * All rights reserved. This program and the accompanying materials
   5:Middlewares/Third_Party/wakaama/wakaama_list.c ****  * are made available under the terms of the Eclipse Public License v1.0
   6:Middlewares/Third_Party/wakaama/wakaama_list.c ****  * and Eclipse Distribution License v1.0 which accompany this distribution.
   7:Middlewares/Third_Party/wakaama/wakaama_list.c ****  *
   8:Middlewares/Third_Party/wakaama/wakaama_list.c ****  * The Eclipse Public License is available at
   9:Middlewares/Third_Party/wakaama/wakaama_list.c ****  *    http://www.eclipse.org/legal/epl-v10.html
  10:Middlewares/Third_Party/wakaama/wakaama_list.c ****  * The Eclipse Distribution License is available at
  11:Middlewares/Third_Party/wakaama/wakaama_list.c ****  *    http://www.eclipse.org/org/documents/edl-v10.php.
  12:Middlewares/Third_Party/wakaama/wakaama_list.c ****  *
  13:Middlewares/Third_Party/wakaama/wakaama_list.c ****  * Contributors:
  14:Middlewares/Third_Party/wakaama/wakaama_list.c ****  *    David Navarro, Intel Corporation - initial API and implementation
  15:Middlewares/Third_Party/wakaama/wakaama_list.c ****  *    
  16:Middlewares/Third_Party/wakaama/wakaama_list.c ****  *******************************************************************************/
  17:Middlewares/Third_Party/wakaama/wakaama_list.c **** 
  18:Middlewares/Third_Party/wakaama/wakaama_list.c **** #include "internals.h"
  19:Middlewares/Third_Party/wakaama/wakaama_list.c **** 
  20:Middlewares/Third_Party/wakaama/wakaama_list.c **** 
  21:Middlewares/Third_Party/wakaama/wakaama_list.c **** lwm2m_list_t * lwm2m_list_add(lwm2m_list_t * head,
  22:Middlewares/Third_Party/wakaama/wakaama_list.c ****                               lwm2m_list_t * node)
  23:Middlewares/Third_Party/wakaama/wakaama_list.c **** {
  28              		.loc 1 23 0
  29              		.cfi_startproc
  30              		@ args = 0, pretend = 0, frame = 0
  31              		@ frame_needed = 0, uses_anonymous_args = 0
  32              		@ link register save eliminated.
  33              	.LVL0:
  24:Middlewares/Third_Party/wakaama/wakaama_list.c ****     lwm2m_list_t * target;
  25:Middlewares/Third_Party/wakaama/wakaama_list.c **** 
ARM GAS  /var/folders/0d/93p3r6493yg7p0rvl_4r983m0000gn/T//ccfo8BNy.s 			page 2


  26:Middlewares/Third_Party/wakaama/wakaama_list.c ****     if (NULL == head) return node;
  34              		.loc 1 26 0
  35 0000 A8B1     		cbz	r0, .L5
  23:Middlewares/Third_Party/wakaama/wakaama_list.c ****     lwm2m_list_t * target;
  36              		.loc 1 23 0
  37 0002 30B4     		push	{r4, r5}
  38              	.LCFI0:
  39              		.cfi_def_cfa_offset 8
  40              		.cfi_offset 4, -8
  41              		.cfi_offset 5, -4
  42 0004 0546     		mov	r5, r0
  27:Middlewares/Third_Party/wakaama/wakaama_list.c **** 
  28:Middlewares/Third_Party/wakaama/wakaama_list.c ****     if (head->id > node->id)
  43              		.loc 1 28 0
  44 0006 8388     		ldrh	r3, [r0, #4]
  45 0008 8888     		ldrh	r0, [r1, #4]
  46              	.LVL1:
  47 000a 8342     		cmp	r3, r0
  48 000c 01D8     		bhi	.L12
  29:Middlewares/Third_Party/wakaama/wakaama_list.c ****     {
  30:Middlewares/Third_Party/wakaama/wakaama_list.c ****         node->next = head;
  31:Middlewares/Third_Party/wakaama/wakaama_list.c ****         return node;
  32:Middlewares/Third_Party/wakaama/wakaama_list.c ****     }
  33:Middlewares/Third_Party/wakaama/wakaama_list.c **** 
  34:Middlewares/Third_Party/wakaama/wakaama_list.c ****     target = head;
  49              		.loc 1 34 0
  50 000e 2A46     		mov	r2, r5
  51 0010 03E0     		b	.L3
  52              	.L12:
  30:Middlewares/Third_Party/wakaama/wakaama_list.c ****         return node;
  53              		.loc 1 30 0
  54 0012 0D60     		str	r5, [r1]
  31:Middlewares/Third_Party/wakaama/wakaama_list.c ****     }
  55              		.loc 1 31 0
  56 0014 0846     		mov	r0, r1
  57 0016 08E0     		b	.L1
  58              	.LVL2:
  59              	.L7:
  35:Middlewares/Third_Party/wakaama/wakaama_list.c ****     while (NULL != target->next && target->next->id < node->id)
  36:Middlewares/Third_Party/wakaama/wakaama_list.c ****     {
  37:Middlewares/Third_Party/wakaama/wakaama_list.c ****         target = target->next;
  60              		.loc 1 37 0
  61 0018 1A46     		mov	r2, r3
  62              	.LVL3:
  63              	.L3:
  35:Middlewares/Third_Party/wakaama/wakaama_list.c ****     while (NULL != target->next && target->next->id < node->id)
  64              		.loc 1 35 0
  65 001a 1368     		ldr	r3, [r2]
  66 001c 13B1     		cbz	r3, .L4
  35:Middlewares/Third_Party/wakaama/wakaama_list.c ****     while (NULL != target->next && target->next->id < node->id)
  67              		.loc 1 35 0 is_stmt 0 discriminator 1
  68 001e 9C88     		ldrh	r4, [r3, #4]
  69 0020 A042     		cmp	r0, r4
  70 0022 F9D8     		bhi	.L7
  71              	.L4:
  38:Middlewares/Third_Party/wakaama/wakaama_list.c ****     }
  39:Middlewares/Third_Party/wakaama/wakaama_list.c **** 
ARM GAS  /var/folders/0d/93p3r6493yg7p0rvl_4r983m0000gn/T//ccfo8BNy.s 			page 3


  40:Middlewares/Third_Party/wakaama/wakaama_list.c ****     node->next = target->next;
  72              		.loc 1 40 0 is_stmt 1
  73 0024 0B60     		str	r3, [r1]
  41:Middlewares/Third_Party/wakaama/wakaama_list.c ****     target->next = node;
  74              		.loc 1 41 0
  75 0026 1160     		str	r1, [r2]
  42:Middlewares/Third_Party/wakaama/wakaama_list.c **** 
  43:Middlewares/Third_Party/wakaama/wakaama_list.c ****     return head;
  76              		.loc 1 43 0
  77 0028 2846     		mov	r0, r5
  78              	.LVL4:
  79              	.L1:
  44:Middlewares/Third_Party/wakaama/wakaama_list.c **** }
  80              		.loc 1 44 0
  81 002a 30BC     		pop	{r4, r5}
  82              	.LCFI1:
  83              		.cfi_restore 5
  84              		.cfi_restore 4
  85              		.cfi_def_cfa_offset 0
  86              	.LVL5:
  87 002c 7047     		bx	lr
  88              	.LVL6:
  89              	.L5:
  26:Middlewares/Third_Party/wakaama/wakaama_list.c **** 
  90              		.loc 1 26 0
  91 002e 0846     		mov	r0, r1
  92              	.LVL7:
  93              		.loc 1 44 0
  94 0030 7047     		bx	lr
  95              		.cfi_endproc
  96              	.LFE3:
  98              		.section	.text.lwm2m_list_find,"ax",%progbits
  99              		.align	1
 100              		.global	lwm2m_list_find
 101              		.syntax unified
 102              		.thumb
 103              		.thumb_func
 104              		.fpu fpv4-sp-d16
 106              	lwm2m_list_find:
 107              	.LFB4:
  45:Middlewares/Third_Party/wakaama/wakaama_list.c **** 
  46:Middlewares/Third_Party/wakaama/wakaama_list.c **** 
  47:Middlewares/Third_Party/wakaama/wakaama_list.c **** lwm2m_list_t * lwm2m_list_find(lwm2m_list_t * head,
  48:Middlewares/Third_Party/wakaama/wakaama_list.c ****                                uint16_t id)
  49:Middlewares/Third_Party/wakaama/wakaama_list.c **** {
 108              		.loc 1 49 0
 109              		.cfi_startproc
 110              		@ args = 0, pretend = 0, frame = 0
 111              		@ frame_needed = 0, uses_anonymous_args = 0
 112              		@ link register save eliminated.
 113              	.LVL8:
  50:Middlewares/Third_Party/wakaama/wakaama_list.c ****     while (NULL != head && head->id < id)
 114              		.loc 1 50 0
 115 0000 00E0     		b	.L14
 116              	.L16:
  51:Middlewares/Third_Party/wakaama/wakaama_list.c ****     {
  52:Middlewares/Third_Party/wakaama/wakaama_list.c ****         head = head->next;
ARM GAS  /var/folders/0d/93p3r6493yg7p0rvl_4r983m0000gn/T//ccfo8BNy.s 			page 4


 117              		.loc 1 52 0
 118 0002 0068     		ldr	r0, [r0]
 119              	.LVL9:
 120              	.L14:
  50:Middlewares/Third_Party/wakaama/wakaama_list.c ****     while (NULL != head && head->id < id)
 121              		.loc 1 50 0
 122 0004 10B1     		cbz	r0, .L15
  50:Middlewares/Third_Party/wakaama/wakaama_list.c ****     while (NULL != head && head->id < id)
 123              		.loc 1 50 0 is_stmt 0 discriminator 1
 124 0006 8388     		ldrh	r3, [r0, #4]
 125 0008 8B42     		cmp	r3, r1
 126 000a FAD3     		bcc	.L16
 127              	.L15:
  53:Middlewares/Third_Party/wakaama/wakaama_list.c ****     }
  54:Middlewares/Third_Party/wakaama/wakaama_list.c **** 
  55:Middlewares/Third_Party/wakaama/wakaama_list.c ****     if (NULL != head && head->id == id) return head;
 128              		.loc 1 55 0 is_stmt 1
 129 000c 10B1     		cbz	r0, .L17
 130              		.loc 1 55 0 is_stmt 0 discriminator 1
 131 000e 8388     		ldrh	r3, [r0, #4]
 132 0010 8B42     		cmp	r3, r1
 133 0012 00D1     		bne	.L18
 134              	.LVL10:
 135              	.L17:
  56:Middlewares/Third_Party/wakaama/wakaama_list.c **** 
  57:Middlewares/Third_Party/wakaama/wakaama_list.c ****     return NULL;
  58:Middlewares/Third_Party/wakaama/wakaama_list.c **** }
 136              		.loc 1 58 0 is_stmt 1
 137 0014 7047     		bx	lr
 138              	.LVL11:
 139              	.L18:
  57:Middlewares/Third_Party/wakaama/wakaama_list.c **** }
 140              		.loc 1 57 0
 141 0016 0020     		movs	r0, #0
 142              	.LVL12:
 143 0018 FCE7     		b	.L17
 144              		.cfi_endproc
 145              	.LFE4:
 147              		.section	.text.lwm2m_list_remove,"ax",%progbits
 148              		.align	1
 149              		.global	lwm2m_list_remove
 150              		.syntax unified
 151              		.thumb
 152              		.thumb_func
 153              		.fpu fpv4-sp-d16
 155              	lwm2m_list_remove:
 156              	.LFB5:
  59:Middlewares/Third_Party/wakaama/wakaama_list.c **** 
  60:Middlewares/Third_Party/wakaama/wakaama_list.c **** 
  61:Middlewares/Third_Party/wakaama/wakaama_list.c **** lwm2m_list_t * lwm2m_list_remove(lwm2m_list_t * head,
  62:Middlewares/Third_Party/wakaama/wakaama_list.c ****                                  uint16_t id,
  63:Middlewares/Third_Party/wakaama/wakaama_list.c ****                                  lwm2m_list_t ** nodeP)
  64:Middlewares/Third_Party/wakaama/wakaama_list.c **** {
 157              		.loc 1 64 0
 158              		.cfi_startproc
 159              		@ args = 0, pretend = 0, frame = 0
 160              		@ frame_needed = 0, uses_anonymous_args = 0
ARM GAS  /var/folders/0d/93p3r6493yg7p0rvl_4r983m0000gn/T//ccfo8BNy.s 			page 5


 161              		@ link register save eliminated.
 162              	.LVL13:
 163 0000 70B4     		push	{r4, r5, r6}
 164              	.LCFI2:
 165              		.cfi_def_cfa_offset 12
 166              		.cfi_offset 4, -12
 167              		.cfi_offset 5, -8
 168              		.cfi_offset 6, -4
  65:Middlewares/Third_Party/wakaama/wakaama_list.c ****     lwm2m_list_t * target;
  66:Middlewares/Third_Party/wakaama/wakaama_list.c **** 
  67:Middlewares/Third_Party/wakaama/wakaama_list.c ****     if (head == NULL)
 169              		.loc 1 67 0
 170 0002 0646     		mov	r6, r0
 171 0004 20B1     		cbz	r0, .L32
  68:Middlewares/Third_Party/wakaama/wakaama_list.c ****     {
  69:Middlewares/Third_Party/wakaama/wakaama_list.c ****         if (nodeP) *nodeP = NULL;
  70:Middlewares/Third_Party/wakaama/wakaama_list.c ****         return NULL;
  71:Middlewares/Third_Party/wakaama/wakaama_list.c ****     }
  72:Middlewares/Third_Party/wakaama/wakaama_list.c **** 
  73:Middlewares/Third_Party/wakaama/wakaama_list.c ****     if (head->id == id)
 172              		.loc 1 73 0
 173 0006 8388     		ldrh	r3, [r0, #4]
 174 0008 8B42     		cmp	r3, r1
 175 000a 05D0     		beq	.L33
  74:Middlewares/Third_Party/wakaama/wakaama_list.c ****     {
  75:Middlewares/Third_Party/wakaama/wakaama_list.c ****         if (nodeP) *nodeP = head;
  76:Middlewares/Third_Party/wakaama/wakaama_list.c ****         return head->next;
  77:Middlewares/Third_Party/wakaama/wakaama_list.c ****     }
  78:Middlewares/Third_Party/wakaama/wakaama_list.c **** 
  79:Middlewares/Third_Party/wakaama/wakaama_list.c ****     target = head;
 176              		.loc 1 79 0
 177 000c 0446     		mov	r4, r0
 178 000e 08E0     		b	.L22
 179              	.L32:
  69:Middlewares/Third_Party/wakaama/wakaama_list.c ****         return NULL;
 180              		.loc 1 69 0
 181 0010 A2B1     		cbz	r2, .L19
  69:Middlewares/Third_Party/wakaama/wakaama_list.c ****         return NULL;
 182              		.loc 1 69 0 is_stmt 0 discriminator 1
 183 0012 0023     		movs	r3, #0
 184 0014 1360     		str	r3, [r2]
 185 0016 11E0     		b	.L19
 186              	.L33:
  75:Middlewares/Third_Party/wakaama/wakaama_list.c ****         return head->next;
 187              		.loc 1 75 0 is_stmt 1
 188 0018 02B1     		cbz	r2, .L23
  75:Middlewares/Third_Party/wakaama/wakaama_list.c ****         return head->next;
 189              		.loc 1 75 0 is_stmt 0 discriminator 1
 190 001a 1060     		str	r0, [r2]
 191              	.L23:
  76:Middlewares/Third_Party/wakaama/wakaama_list.c ****     }
 192              		.loc 1 76 0 is_stmt 1
 193 001c 3068     		ldr	r0, [r6]
 194              	.LVL14:
 195 001e 0DE0     		b	.L19
 196              	.LVL15:
 197              	.L29:
ARM GAS  /var/folders/0d/93p3r6493yg7p0rvl_4r983m0000gn/T//ccfo8BNy.s 			page 6


  80:Middlewares/Third_Party/wakaama/wakaama_list.c ****     while (NULL != target->next && target->next->id < id)
  81:Middlewares/Third_Party/wakaama/wakaama_list.c ****     {
  82:Middlewares/Third_Party/wakaama/wakaama_list.c ****         target = target->next;
 198              		.loc 1 82 0
 199 0020 1C46     		mov	r4, r3
 200              	.LVL16:
 201              	.L22:
  80:Middlewares/Third_Party/wakaama/wakaama_list.c ****     while (NULL != target->next && target->next->id < id)
 202              		.loc 1 80 0
 203 0022 2368     		ldr	r3, [r4]
 204 0024 13B1     		cbz	r3, .L24
  80:Middlewares/Third_Party/wakaama/wakaama_list.c ****     while (NULL != target->next && target->next->id < id)
 205              		.loc 1 80 0 is_stmt 0 discriminator 1
 206 0026 9D88     		ldrh	r5, [r3, #4]
 207 0028 8D42     		cmp	r5, r1
 208 002a F9D3     		bcc	.L29
 209              	.L24:
  83:Middlewares/Third_Party/wakaama/wakaama_list.c ****     }
  84:Middlewares/Third_Party/wakaama/wakaama_list.c **** 
  85:Middlewares/Third_Party/wakaama/wakaama_list.c ****     if (NULL != target->next && target->next->id == id)
 210              		.loc 1 85 0 is_stmt 1
 211 002c 13B1     		cbz	r3, .L25
 212              		.loc 1 85 0 is_stmt 0 discriminator 1
 213 002e 9888     		ldrh	r0, [r3, #4]
 214              	.LVL17:
 215 0030 8842     		cmp	r0, r1
 216 0032 05D0     		beq	.L34
 217              	.L25:
  86:Middlewares/Third_Party/wakaama/wakaama_list.c ****     {
  87:Middlewares/Third_Party/wakaama/wakaama_list.c ****         if (nodeP) *nodeP = target->next;
  88:Middlewares/Third_Party/wakaama/wakaama_list.c ****         target->next = target->next->next;
  89:Middlewares/Third_Party/wakaama/wakaama_list.c ****     }
  90:Middlewares/Third_Party/wakaama/wakaama_list.c ****     else
  91:Middlewares/Third_Party/wakaama/wakaama_list.c ****     {
  92:Middlewares/Third_Party/wakaama/wakaama_list.c ****         if (nodeP) *nodeP = NULL;
 218              		.loc 1 92 0 is_stmt 1
 219 0034 5AB1     		cbz	r2, .L30
 220              		.loc 1 92 0 is_stmt 0 discriminator 1
 221 0036 0023     		movs	r3, #0
 222 0038 1360     		str	r3, [r2]
  93:Middlewares/Third_Party/wakaama/wakaama_list.c ****     }
  94:Middlewares/Third_Party/wakaama/wakaama_list.c **** 
  95:Middlewares/Third_Party/wakaama/wakaama_list.c ****     return head;
 223              		.loc 1 95 0 is_stmt 1 discriminator 1
 224 003a 3046     		mov	r0, r6
 225              	.LVL18:
 226              	.L19:
  96:Middlewares/Third_Party/wakaama/wakaama_list.c **** }
 227              		.loc 1 96 0
 228 003c 70BC     		pop	{r4, r5, r6}
 229              	.LCFI3:
 230              		.cfi_remember_state
 231              		.cfi_restore 6
 232              		.cfi_restore 5
 233              		.cfi_restore 4
 234              		.cfi_def_cfa_offset 0
 235              	.LVL19:
ARM GAS  /var/folders/0d/93p3r6493yg7p0rvl_4r983m0000gn/T//ccfo8BNy.s 			page 7


 236 003e 7047     		bx	lr
 237              	.LVL20:
 238              	.L34:
 239              	.LCFI4:
 240              		.cfi_restore_state
  87:Middlewares/Third_Party/wakaama/wakaama_list.c ****         target->next = target->next->next;
 241              		.loc 1 87 0
 242 0040 02B1     		cbz	r2, .L26
  87:Middlewares/Third_Party/wakaama/wakaama_list.c ****         target->next = target->next->next;
 243              		.loc 1 87 0 is_stmt 0 discriminator 1
 244 0042 1360     		str	r3, [r2]
 245              	.L26:
  88:Middlewares/Third_Party/wakaama/wakaama_list.c ****     }
 246              		.loc 1 88 0 is_stmt 1
 247 0044 2368     		ldr	r3, [r4]
 248 0046 1B68     		ldr	r3, [r3]
 249 0048 2360     		str	r3, [r4]
  95:Middlewares/Third_Party/wakaama/wakaama_list.c **** }
 250              		.loc 1 95 0
 251 004a 3046     		mov	r0, r6
  88:Middlewares/Third_Party/wakaama/wakaama_list.c ****     }
 252              		.loc 1 88 0
 253 004c F6E7     		b	.L19
 254              	.L30:
  95:Middlewares/Third_Party/wakaama/wakaama_list.c **** }
 255              		.loc 1 95 0
 256 004e 3046     		mov	r0, r6
 257 0050 F4E7     		b	.L19
 258              		.cfi_endproc
 259              	.LFE5:
 261              		.section	.text.lwm2m_list_newId,"ax",%progbits
 262              		.align	1
 263              		.global	lwm2m_list_newId
 264              		.syntax unified
 265              		.thumb
 266              		.thumb_func
 267              		.fpu fpv4-sp-d16
 269              	lwm2m_list_newId:
 270              	.LFB6:
  97:Middlewares/Third_Party/wakaama/wakaama_list.c **** 
  98:Middlewares/Third_Party/wakaama/wakaama_list.c **** uint16_t lwm2m_list_newId(lwm2m_list_t * head)
  99:Middlewares/Third_Party/wakaama/wakaama_list.c **** {
 271              		.loc 1 99 0
 272              		.cfi_startproc
 273              		@ args = 0, pretend = 0, frame = 0
 274              		@ frame_needed = 0, uses_anonymous_args = 0
 275              		@ link register save eliminated.
 276              	.LVL21:
 277 0000 0246     		mov	r2, r0
 278              	.LVL22:
 100:Middlewares/Third_Party/wakaama/wakaama_list.c ****     uint16_t id;
 101:Middlewares/Third_Party/wakaama/wakaama_list.c ****     lwm2m_list_t * target;
 102:Middlewares/Third_Party/wakaama/wakaama_list.c **** 
 103:Middlewares/Third_Party/wakaama/wakaama_list.c ****     id = 0;
 279              		.loc 1 103 0
 280 0002 0020     		movs	r0, #0
 281              	.LVL23:
ARM GAS  /var/folders/0d/93p3r6493yg7p0rvl_4r983m0000gn/T//ccfo8BNy.s 			page 8


 104:Middlewares/Third_Party/wakaama/wakaama_list.c ****     target = head;
 105:Middlewares/Third_Party/wakaama/wakaama_list.c **** 
 106:Middlewares/Third_Party/wakaama/wakaama_list.c ****     while (target != NULL && id == target->id)
 282              		.loc 1 106 0
 283 0004 02E0     		b	.L36
 284              	.LVL24:
 285              	.L38:
 107:Middlewares/Third_Party/wakaama/wakaama_list.c ****     {
 108:Middlewares/Third_Party/wakaama/wakaama_list.c ****         id = target->id + 1;
 286              		.loc 1 108 0
 287 0006 0133     		adds	r3, r3, #1
 288 0008 98B2     		uxth	r0, r3
 289              	.LVL25:
 109:Middlewares/Third_Party/wakaama/wakaama_list.c ****         target = target->next;
 290              		.loc 1 109 0
 291 000a 1268     		ldr	r2, [r2]
 292              	.LVL26:
 293              	.L36:
 106:Middlewares/Third_Party/wakaama/wakaama_list.c ****     {
 294              		.loc 1 106 0
 295 000c 12B1     		cbz	r2, .L37
 106:Middlewares/Third_Party/wakaama/wakaama_list.c ****     {
 296              		.loc 1 106 0 is_stmt 0 discriminator 1
 297 000e 9388     		ldrh	r3, [r2, #4]
 298 0010 8342     		cmp	r3, r0
 299 0012 F8D0     		beq	.L38
 300              	.L37:
 110:Middlewares/Third_Party/wakaama/wakaama_list.c ****     }
 111:Middlewares/Third_Party/wakaama/wakaama_list.c **** 
 112:Middlewares/Third_Party/wakaama/wakaama_list.c ****     return id;
 113:Middlewares/Third_Party/wakaama/wakaama_list.c **** }
 301              		.loc 1 113 0 is_stmt 1
 302 0014 7047     		bx	lr
 303              		.cfi_endproc
 304              	.LFE6:
 306              		.section	.text.lwm2m_list_free,"ax",%progbits
 307              		.align	1
 308              		.global	lwm2m_list_free
 309              		.syntax unified
 310              		.thumb
 311              		.thumb_func
 312              		.fpu fpv4-sp-d16
 314              	lwm2m_list_free:
 315              	.LFB7:
 114:Middlewares/Third_Party/wakaama/wakaama_list.c **** 
 115:Middlewares/Third_Party/wakaama/wakaama_list.c **** void lwm2m_list_free(lwm2m_list_t * head)
 116:Middlewares/Third_Party/wakaama/wakaama_list.c **** {
 316              		.loc 1 116 0
 317              		.cfi_startproc
 318              		@ args = 0, pretend = 0, frame = 0
 319              		@ frame_needed = 0, uses_anonymous_args = 0
 320              	.LVL27:
 117:Middlewares/Third_Party/wakaama/wakaama_list.c ****     if (head != NULL)
 321              		.loc 1 117 0
 322 0000 00B9     		cbnz	r0, .L45
 323 0002 7047     		bx	lr
 324              	.L45:
ARM GAS  /var/folders/0d/93p3r6493yg7p0rvl_4r983m0000gn/T//ccfo8BNy.s 			page 9


 116:Middlewares/Third_Party/wakaama/wakaama_list.c ****     if (head != NULL)
 325              		.loc 1 116 0
 326 0004 10B5     		push	{r4, lr}
 327              	.LCFI5:
 328              		.cfi_def_cfa_offset 8
 329              		.cfi_offset 4, -8
 330              		.cfi_offset 14, -4
 331              	.LBB2:
 118:Middlewares/Third_Party/wakaama/wakaama_list.c ****     {
 119:Middlewares/Third_Party/wakaama/wakaama_list.c ****         lwm2m_list_t * nextP;
 120:Middlewares/Third_Party/wakaama/wakaama_list.c **** 
 121:Middlewares/Third_Party/wakaama/wakaama_list.c ****         nextP = head->next;
 332              		.loc 1 121 0
 333 0006 0468     		ldr	r4, [r0]
 334              	.LVL28:
 122:Middlewares/Third_Party/wakaama/wakaama_list.c ****         lwm2m_free(head);
 335              		.loc 1 122 0
 336 0008 FFF7FEFF 		bl	lwm2m_free
 337              	.LVL29:
 123:Middlewares/Third_Party/wakaama/wakaama_list.c ****         lwm2m_list_free(nextP);
 338              		.loc 1 123 0
 339 000c 2046     		mov	r0, r4
 340 000e FFF7FEFF 		bl	lwm2m_list_free
 341              	.LVL30:
 342              	.LBE2:
 124:Middlewares/Third_Party/wakaama/wakaama_list.c ****     }
 125:Middlewares/Third_Party/wakaama/wakaama_list.c **** }
 343              		.loc 1 125 0
 344 0012 10BD     		pop	{r4, pc}
 345              		.cfi_endproc
 346              	.LFE7:
 348              		.text
 349              	.Letext0:
 350              		.file 2 "/usr/local/gcc_arm/gcc-arm-none-eabi-7-2017-q4-major/arm-none-eabi/include/machine/_defau
 351              		.file 3 "/usr/local/gcc_arm/gcc-arm-none-eabi-7-2017-q4-major/arm-none-eabi/include/sys/_stdint.h"
 352              		.file 4 "/usr/local/gcc_arm/gcc-arm-none-eabi-7-2017-q4-major/arm-none-eabi/include/sys/lock.h"
 353              		.file 5 "/usr/local/gcc_arm/gcc-arm-none-eabi-7-2017-q4-major/arm-none-eabi/include/sys/_types.h"
 354              		.file 6 "/usr/local/gcc_arm/gcc-arm-none-eabi-7-2017-q4-major/lib/gcc/arm-none-eabi/7.2.1/include/
 355              		.file 7 "/usr/local/gcc_arm/gcc-arm-none-eabi-7-2017-q4-major/arm-none-eabi/include/sys/reent.h"
 356              		.file 8 "/usr/local/gcc_arm/gcc-arm-none-eabi-7-2017-q4-major/arm-none-eabi/include/time.h"
 357              		.file 9 "Middlewares/Third_Party/wakaama/liblwm2m.h"
 358              		.file 10 "/usr/local/gcc_arm/gcc-arm-none-eabi-7-2017-q4-major/arm-none-eabi/include/stdlib.h"
 359              		.file 11 "Middlewares/Third_Party/wakaama/er-coap-13/er-coap-13.h"
ARM GAS  /var/folders/0d/93p3r6493yg7p0rvl_4r983m0000gn/T//ccfo8BNy.s 			page 10


DEFINED SYMBOLS
                            *ABS*:0000000000000000 wakaama_list.c
/var/folders/0d/93p3r6493yg7p0rvl_4r983m0000gn/T//ccfo8BNy.s:18     .text.lwm2m_list_add:0000000000000000 $t
/var/folders/0d/93p3r6493yg7p0rvl_4r983m0000gn/T//ccfo8BNy.s:25     .text.lwm2m_list_add:0000000000000000 lwm2m_list_add
/var/folders/0d/93p3r6493yg7p0rvl_4r983m0000gn/T//ccfo8BNy.s:99     .text.lwm2m_list_find:0000000000000000 $t
/var/folders/0d/93p3r6493yg7p0rvl_4r983m0000gn/T//ccfo8BNy.s:106    .text.lwm2m_list_find:0000000000000000 lwm2m_list_find
/var/folders/0d/93p3r6493yg7p0rvl_4r983m0000gn/T//ccfo8BNy.s:148    .text.lwm2m_list_remove:0000000000000000 $t
/var/folders/0d/93p3r6493yg7p0rvl_4r983m0000gn/T//ccfo8BNy.s:155    .text.lwm2m_list_remove:0000000000000000 lwm2m_list_remove
/var/folders/0d/93p3r6493yg7p0rvl_4r983m0000gn/T//ccfo8BNy.s:262    .text.lwm2m_list_newId:0000000000000000 $t
/var/folders/0d/93p3r6493yg7p0rvl_4r983m0000gn/T//ccfo8BNy.s:269    .text.lwm2m_list_newId:0000000000000000 lwm2m_list_newId
/var/folders/0d/93p3r6493yg7p0rvl_4r983m0000gn/T//ccfo8BNy.s:307    .text.lwm2m_list_free:0000000000000000 $t
/var/folders/0d/93p3r6493yg7p0rvl_4r983m0000gn/T//ccfo8BNy.s:314    .text.lwm2m_list_free:0000000000000000 lwm2m_list_free

UNDEFINED SYMBOLS
lwm2m_free
